[1.924s] Invoking command in '/home/shdh/enpm663_ws/build/ariac_human': AMENT_PREFIX_PATH=/home/shdh/enpm663_ws/install/ariac_msgs:${AMENT_PREFIX_PATH} CMAKE_PREFIX_PATH=/home/shdh/enpm663_ws/install/ariac_msgs:/opt/ros/galactic LD_LIBRARY_PATH=/home/shdh/enpm663_ws/install/ariac_msgs/lib:${LD_LIBRARY_PATH} PYTHONPATH=/home/shdh/enpm663_ws/install/ariac_msgs/lib/python3.8/site-packages:${PYTHONPATH} /usr/bin/cmake /home/shdh/enpm663_ws/src/ariac/ariac_human -DCMAKE_INSTALL_PREFIX=/home/shdh/enpm663_ws/install/ariac_human
[1.982s] -- The C compiler identification is GNU 10.5.0
[2.039s] -- The CXX compiler identification is GNU 10.5.0
[2.043s] -- Check for working C compiler: /usr/bin/cc
[2.115s] -- Check for working C compiler: /usr/bin/cc -- works
[2.116s] -- Detecting C compiler ABI info
[2.198s] -- Detecting C compiler ABI info - done
[2.212s] -- Detecting C compile features
[2.212s] -- Detecting C compile features - done
[2.217s] -- Check for working CXX compiler: /usr/bin/c++
[2.314s] -- Check for working CXX compiler: /usr/bin/c++ -- works
[2.316s] -- Detecting CXX compiler ABI info
[2.419s] -- Detecting CXX compiler ABI info - done
[2.447s] -- Detecting CXX compile features
[2.448s] -- Detecting CXX compile features - done
[2.453s] -- Found ament_cmake: 1.1.6 (/opt/ros/galactic/share/ament_cmake/cmake)
[2.487s] -- Found PythonInterp: /usr/bin/python3 (found suitable version "3.8.10", minimum required is "3") 
[2.488s] -- Using PYTHON_EXECUTABLE: /usr/bin/python3
[2.597s] -- Found PkgConfig: /usr/bin/pkg-config (found version "0.29.1") 
[2.604s] -- Checking for module 'bullet>=2.82'
[2.625s] --   Found bullet, version 2.88
[2.794s] -- Found ccd: /usr/include (found suitable version "2.0", minimum required is "2.0") 
[2.878s] -- Found fcl: /usr/include (found suitable version "0.6.1", minimum required is "0.3.2") 
[2.958s] -- Found assimp: /usr/include (found version "5.0.0") 
[2.988s] -- Found DART: /usr/include (Required is at least version "6.6") found components: dart 
[3.381s] -- Found Boost: /usr/lib/x86_64-linux-gnu/cmake/Boost-1.71.0/BoostConfig.cmake (found suitable version "1.71.0", minimum required is "1.40.0") found components: thread system filesystem program_options regex iostreams date_time 
[3.410s] -- Found Protobuf: /usr/lib/x86_64-linux-gnu/libprotobuf.so;-lpthread (found version "3.6.1") 
[3.417s] -- Looking for ignition-math6 -- found version 6.15.1
[3.427s] -- Searching for dependencies of ignition-math6
[3.430s] -- Looking for OGRE...
[3.431s] -- OGRE_PREFIX_WATCH changed.
[3.439s] -- Checking for module 'OGRE'
[3.464s] --   Found OGRE, version 1.9.0
[3.524s] -- Found Ogre Ghadamon (1.9.0)
[3.537s] -- Found OGRE: optimized;/usr/lib/x86_64-linux-gnu/libOgreMain.so;debug;/usr/lib/x86_64-linux-gnu/libOgreMain.so
[3.550s] -- Looking for OGRE_Paging...
[3.559s] -- Found OGRE_Paging: optimized;/usr/lib/x86_64-linux-gnu/libOgrePaging.so;debug;/usr/lib/x86_64-linux-gnu/libOgrePaging.so
[3.559s] -- Looking for OGRE_Terrain...
[3.567s] -- Found OGRE_Terrain: optimized;/usr/lib/x86_64-linux-gnu/libOgreTerrain.so;debug;/usr/lib/x86_64-linux-gnu/libOgreTerrain.so
[3.568s] -- Looking for OGRE_Property...
[3.576s] -- Found OGRE_Property: optimized;/usr/lib/x86_64-linux-gnu/libOgreProperty.so;debug;/usr/lib/x86_64-linux-gnu/libOgreProperty.so
[3.578s] -- Looking for OGRE_RTShaderSystem...
[3.582s] -- Found OGRE_RTShaderSystem: optimized;/usr/lib/x86_64-linux-gnu/libOgreRTShaderSystem.so;debug;/usr/lib/x86_64-linux-gnu/libOgreRTShaderSystem.so
[3.583s] -- Looking for OGRE_Volume...
[3.591s] -- Found OGRE_Volume: optimized;/usr/lib/x86_64-linux-gnu/libOgreVolume.so;debug;/usr/lib/x86_64-linux-gnu/libOgreVolume.so
[3.592s] -- Looking for OGRE_Overlay...
[3.598s] -- Found OGRE_Overlay: optimized;/usr/lib/x86_64-linux-gnu/libOgreOverlay.so;debug;/usr/lib/x86_64-linux-gnu/libOgreOverlay.so
[3.768s] -- Looking for ignition-math6 -- found version 6.15.1
[3.771s] -- Looking for ignition-transport8 -- found version 8.3.0
[3.771s] -- Searching for dependencies of ignition-transport8
[3.794s] -- Found Protobuf: /usr/lib/x86_64-linux-gnu/libprotobuf.so;-lpthread (found suitable version "3.6.1", minimum required is "3") 
[3.810s] -- Config-file not installed for ZeroMQ -- checking for pkg-config
[3.815s] -- Checking for module 'libzmq >= 4'
[3.836s] --   Found libzmq , version 4.3.2
[3.891s] -- Found ZeroMQ: TRUE (Required is at least version "4") 
[3.897s] -- Checking for module 'uuid'
[3.917s] --   Found uuid, version 2.34.0
[3.968s] -- Found UUID: TRUE  
[3.971s] -- Looking for ignition-msgs5 -- found version 5.10.0
[3.971s] -- Searching for dependencies of ignition-msgs5
[3.996s] -- Looking for ignition-math6 -- found version 6.15.1
[4.002s] -- Checking for module 'tinyxml2'
[4.021s] --   Found tinyxml2, version 6.2.0
[4.074s] -- Looking for ignition-msgs5 -- found version 5.10.0
[4.077s] -- Looking for ignition-common3 -- found version 3.14.2
[4.078s] -- Searching for dependencies of ignition-common3
[4.078s] -- Looking for dlfcn.h - found
[4.079s] -- Looking for libdl - found
[4.081s] -- Found DL: TRUE  
[4.090s] -- Searching for <ignition-common3> component [graphics]
[4.093s] -- Looking for ignition-common3-graphics -- found version 3.14.2
[4.093s] -- Searching for dependencies of ignition-common3-graphics
[4.094s] -- Looking for ignition-math6 -- found version 6.15.1
[4.097s] -- Looking for ignition-fuel_tools4 -- found version 4.6.0
[4.098s] -- Searching for dependencies of ignition-fuel_tools4
[4.197s] -- Found CURL: /usr/lib/x86_64-linux-gnu/libcurl.so (found version "7.68.0")  
[4.207s] -- Checking for module 'jsoncpp'
[4.225s] --   Found jsoncpp, version 1.7.4
[4.278s] -- Found JSONCPP: TRUE  
[4.286s] -- Checking for module 'libzip'
[4.305s] --   Found libzip, version 1.5.1
[4.358s] -- Found ZIP: TRUE  
[4.359s] -- Looking for ignition-common3 -- found version 3.14.2
[4.360s] -- Looking for ignition-math6 -- found version 6.15.1
[4.360s] -- Looking for ignition-msgs5 -- found version 5.10.0
[4.364s] -- Found gazebo_ros_pkgs: 3.5.2 (/opt/ros/galactic/share/gazebo_ros_pkgs/cmake)
[4.366s] -- Found nav2_bringup: 1.0.12 (/opt/ros/galactic/share/nav2_bringup/cmake)
[4.368s] -- Found nav2_controller: 1.0.12 (/opt/ros/galactic/share/nav2_controller/cmake)
[4.445s] -- Using all available rosidl_typesupport_c: rosidl_typesupport_fastrtps_c;rosidl_typesupport_introspection_c
[4.454s] -- Found rosidl_adapter: 2.2.3 (/opt/ros/galactic/share/rosidl_adapter/cmake)
[4.561s] -- Found OpenSSL: /usr/lib/x86_64-linux-gnu/libcrypto.so (found version "1.1.1f")  
[4.598s] -- Found FastRTPS: /opt/ros/galactic/include  
[4.712s] -- Using all available rosidl_typesupport_cpp: rosidl_typesupport_fastrtps_cpp;rosidl_typesupport_introspection_cpp
[4.799s] -- Found rmw_implementation_cmake: 3.3.1 (/opt/ros/galactic/share/rmw_implementation_cmake/cmake)
[4.804s] -- Found rmw_cyclonedds_cpp: 0.22.6 (/opt/ros/galactic/share/rmw_cyclonedds_cpp/cmake)
[4.833s] -- Using RMW implementation 'rmw_cyclonedds_cpp' as default
[4.835s] -- Found Threads: TRUE  
[6.010s] -- Found eigen3_cmake_module: 0.1.1 (/opt/ros/galactic/share/eigen3_cmake_module/cmake)
[6.012s] -- Found Eigen3: TRUE (found version "3.3.7") 
[19.273s] -- Found rosbridge_server: 1.3.1 (/opt/ros/galactic/share/rosbridge_server/cmake)
[19.806s] -- Configuring done
[19.820s] -- Generating done
[19.828s] -- Build files have been written to: /home/shdh/enpm663_ws/build/ariac_human
[19.866s] Invoked command in '/home/shdh/enpm663_ws/build/ariac_human' returned '0': AMENT_PREFIX_PATH=/home/shdh/enpm663_ws/install/ariac_msgs:${AMENT_PREFIX_PATH} CMAKE_PREFIX_PATH=/home/shdh/enpm663_ws/install/ariac_msgs:/opt/ros/galactic LD_LIBRARY_PATH=/home/shdh/enpm663_ws/install/ariac_msgs/lib:${LD_LIBRARY_PATH} PYTHONPATH=/home/shdh/enpm663_ws/install/ariac_msgs/lib/python3.8/site-packages:${PYTHONPATH} /usr/bin/cmake /home/shdh/enpm663_ws/src/ariac/ariac_human -DCMAKE_INSTALL_PREFIX=/home/shdh/enpm663_ws/install/ariac_human
[19.868s] Invoking command in '/home/shdh/enpm663_ws/build/ariac_human': AMENT_PREFIX_PATH=/home/shdh/enpm663_ws/install/ariac_msgs:${AMENT_PREFIX_PATH} CMAKE_PREFIX_PATH=/home/shdh/enpm663_ws/install/ariac_msgs:/opt/ros/galactic LD_LIBRARY_PATH=/home/shdh/enpm663_ws/install/ariac_msgs/lib:${LD_LIBRARY_PATH} PYTHONPATH=/home/shdh/enpm663_ws/install/ariac_msgs/lib/python3.8/site-packages:${PYTHONPATH} /usr/bin/cmake --build /home/shdh/enpm663_ws/build/ariac_human -- -j12 -l12
[20.160s] [35m[1mScanning dependencies of target ament_cmake_python_copy_ariac_human[0m
[20.168s] [35m[1mScanning dependencies of target ament_cmake_python_copy_ariac_human_setup[0m
[20.263s] Built target ament_cmake_python_copy_ariac_human
[20.298s] Built target ament_cmake_python_copy_ariac_human_setup
[20.391s] [35m[1mScanning dependencies of target ament_cmake_python_build_ariac_human_scripts[0m
[20.408s] [35m[1mScanning dependencies of target ament_cmake_python_build_ariac_human_egg[0m
[21.512s] running install_scripts
[21.592s] running egg_info
[21.594s] creating ariac_human.egg-info
[21.594s] writing ariac_human.egg-info/PKG-INFO
[21.595s] writing dependency_links to ariac_human.egg-info/dependency_links.txt
[21.595s] writing top-level names to ariac_human.egg-info/top_level.txt
[21.598s] writing manifest file 'ariac_human.egg-info/SOURCES.txt'
[21.616s] running egg_info
[21.634s] writing ariac_human.egg-info/PKG-INFO
[21.635s] writing dependency_links to ariac_human.egg-info/dependency_links.txt
[21.635s] writing top-level names to ariac_human.egg-info/top_level.txt
[21.733s] reading manifest file 'ariac_human.egg-info/SOURCES.txt'
[21.734s] writing manifest file 'ariac_human.egg-info/SOURCES.txt'
[21.796s] reading manifest file 'ariac_human.egg-info/SOURCES.txt'
[21.798s] writing manifest file 'ariac_human.egg-info/SOURCES.txt'
[21.862s] Built target ament_cmake_python_build_ariac_human_egg
[21.959s] Built target ament_cmake_python_build_ariac_human_scripts
[22.018s] Invoked command in '/home/shdh/enpm663_ws/build/ariac_human' returned '0': AMENT_PREFIX_PATH=/home/shdh/enpm663_ws/install/ariac_msgs:${AMENT_PREFIX_PATH} CMAKE_PREFIX_PATH=/home/shdh/enpm663_ws/install/ariac_msgs:/opt/ros/galactic LD_LIBRARY_PATH=/home/shdh/enpm663_ws/install/ariac_msgs/lib:${LD_LIBRARY_PATH} PYTHONPATH=/home/shdh/enpm663_ws/install/ariac_msgs/lib/python3.8/site-packages:${PYTHONPATH} /usr/bin/cmake --build /home/shdh/enpm663_ws/build/ariac_human -- -j12 -l12
[22.389s] Invoking command in '/home/shdh/enpm663_ws/build/ariac_human': AMENT_PREFIX_PATH=/home/shdh/enpm663_ws/install/ariac_msgs:${AMENT_PREFIX_PATH} CMAKE_PREFIX_PATH=/home/shdh/enpm663_ws/install/ariac_msgs:/opt/ros/galactic LD_LIBRARY_PATH=/home/shdh/enpm663_ws/install/ariac_msgs/lib:${LD_LIBRARY_PATH} PYTHONPATH=/home/shdh/enpm663_ws/install/ariac_msgs/lib/python3.8/site-packages:${PYTHONPATH} /usr/bin/cmake --install /home/shdh/enpm663_ws/build/ariac_human
[22.444s] -- Install configuration: ""
[22.444s] -- Installing: /home/shdh/enpm663_ws/install/ariac_human/share/ariac_human//agent
[22.444s] -- Installing: /home/shdh/enpm663_ws/install/ariac_human/share/ariac_human//agent/helpful.mas2j
[22.452s] -- Installing: /home/shdh/enpm663_ws/install/ariac_human/share/ariac_human//agent/build.gradle
[22.453s] -- Installing: /home/shdh/enpm663_ws/install/ariac_human/share/ariac_human//agent/gradlew.bat
[22.453s] -- Installing: /home/shdh/enpm663_ws/install/ariac_human/share/ariac_human//agent/gradle
[22.453s] -- Installing: /home/shdh/enpm663_ws/install/ariac_human/share/ariac_human//agent/gradle/wrapper
[22.454s] -- Installing: /home/shdh/enpm663_ws/install/ariac_human/share/ariac_human//agent/gradle/wrapper/gradle-wrapper.properties
[22.454s] -- Installing: /home/shdh/enpm663_ws/install/ariac_human/share/ariac_human//agent/gradle/wrapper/gradle-wrapper.jar
[22.455s] -- Installing: /home/shdh/enpm663_ws/install/ariac_human/share/ariac_human//agent/runAriac_Human.sh
[22.455s] -- Installing: /home/shdh/enpm663_ws/install/ariac_human/share/ariac_human//agent/lib
[22.455s] -- Installing: /home/shdh/enpm663_ws/install/ariac_human/share/ariac_human//agent/lib/java_rosbridge_all.jar
[22.463s] -- Installing: /home/shdh/enpm663_ws/install/ariac_human/share/ariac_human//agent/logging.properties
[22.471s] -- Installing: /home/shdh/enpm663_ws/install/ariac_human/share/ariac_human//agent/indifferent.mas2j
[22.471s] -- Installing: /home/shdh/enpm663_ws/install/ariac_human/share/ariac_human//agent/src
[22.471s] -- Installing: /home/shdh/enpm663_ws/install/ariac_human/share/ariac_human//agent/src/asl
[22.471s] -- Installing: /home/shdh/enpm663_ws/install/ariac_human/share/ariac_human//agent/src/asl/human.asl
[22.472s] -- Installing: /home/shdh/enpm663_ws/install/ariac_human/share/ariac_human//agent/src/asl/antagonistic.asl
[22.472s] -- Installing: /home/shdh/enpm663_ws/install/ariac_human/share/ariac_human//agent/src/asl/indifferent.asl
[22.472s] -- Installing: /home/shdh/enpm663_ws/install/ariac_human/share/ariac_human//agent/src/asl/helpful.asl
[22.473s] -- Installing: /home/shdh/enpm663_ws/install/ariac_human/share/ariac_human//agent/src/java
[22.473s] -- Installing: /home/shdh/enpm663_ws/install/ariac_human/share/ariac_human//agent/src/java/RosEnv.java
[22.474s] -- Installing: /home/shdh/enpm663_ws/install/ariac_human/share/ariac_human//agent/gradlew
[22.474s] -- Installing: /home/shdh/enpm663_ws/install/ariac_human/share/ariac_human//agent/antagonistic.mas2j
[22.474s] -- Installing: /home/shdh/enpm663_ws/install/ariac_human/share/ariac_human//launch
[22.475s] -- Installing: /home/shdh/enpm663_ws/install/ariac_human/share/ariac_human//launch/human.launch.py
[22.475s] -- Installing: /home/shdh/enpm663_ws/install/ariac_human/share/ariac_human//config
[22.475s] -- Installing: /home/shdh/enpm663_ws/install/ariac_human/share/ariac_human//config/human_params.yaml
[22.476s] -- Installing: /home/shdh/enpm663_ws/install/ariac_human/share/ariac_human//map
[22.476s] -- Installing: /home/shdh/enpm663_ws/install/ariac_human/share/ariac_human//map/ariac_map.pgm
[22.477s] -- Installing: /home/shdh/enpm663_ws/install/ariac_human/share/ariac_human//map/ariac_map.yaml
[22.477s] -- Installing: /home/shdh/enpm663_ws/install/ariac_human/share/ariac_human//rviz
[22.478s] -- Installing: /home/shdh/enpm663_ws/install/ariac_human/share/ariac_human//rviz/navigation.rviz
[22.478s] -- Up-to-date: /home/shdh/enpm663_ws/install/ariac_human/share/ariac_human/agent/gradlew
[22.479s] -- Installing: /home/shdh/enpm663_ws/install/ariac_human/share/ariac_human/environment/pythonpath.sh
[22.479s] -- Installing: /home/shdh/enpm663_ws/install/ariac_human/share/ariac_human/environment/pythonpath.dsv
[22.479s] -- Installing: /home/shdh/enpm663_ws/install/ariac_human/lib/python3.8/site-packages//ariac_human.egg-info
[22.480s] -- Installing: /home/shdh/enpm663_ws/install/ariac_human/lib/python3.8/site-packages//ariac_human.egg-info/PKG-INFO
[22.480s] -- Installing: /home/shdh/enpm663_ws/install/ariac_human/lib/python3.8/site-packages//ariac_human.egg-info/top_level.txt
[22.480s] -- Installing: /home/shdh/enpm663_ws/install/ariac_human/lib/python3.8/site-packages//ariac_human.egg-info/SOURCES.txt
[22.480s] -- Installing: /home/shdh/enpm663_ws/install/ariac_human/lib/python3.8/site-packages//ariac_human.egg-info/dependency_links.txt
[22.481s] -- Installing: /home/shdh/enpm663_ws/install/ariac_human/lib/ariac_human/
[22.481s] -- Installing: /home/shdh/enpm663_ws/install/ariac_human/lib/python3.8/site-packages/ariac_human
[22.481s] -- Installing: /home/shdh/enpm663_ws/install/ariac_human/lib/python3.8/site-packages/ariac_human/__init__.py
[22.482s] -- Installing: /home/shdh/enpm663_ws/install/ariac_human/lib/python3.8/site-packages/ariac_human/human_control.py
[22.601s] Listing '/home/shdh/enpm663_ws/install/ariac_human/lib/python3.8/site-packages/ariac_human'...
[22.601s] Compiling '/home/shdh/enpm663_ws/install/ariac_human/lib/python3.8/site-packages/ariac_human/__init__.py'...
[22.601s] Compiling '/home/shdh/enpm663_ws/install/ariac_human/lib/python3.8/site-packages/ariac_human/human_control.py'...
[22.610s] -- Installing: /home/shdh/enpm663_ws/install/ariac_human/lib/ariac_human/human_control_node.py
[22.620s] -- Installing: /home/shdh/enpm663_ws/install/ariac_human/share/ament_index/resource_index/package_run_dependencies/ariac_human
[22.621s] -- Installing: /home/shdh/enpm663_ws/install/ariac_human/share/ament_index/resource_index/parent_prefix_path/ariac_human
[22.621s] -- Installing: /home/shdh/enpm663_ws/install/ariac_human/share/ariac_human/environment/ament_prefix_path.sh
[22.622s] -- Installing: /home/shdh/enpm663_ws/install/ariac_human/share/ariac_human/environment/ament_prefix_path.dsv
[22.623s] -- Installing: /home/shdh/enpm663_ws/install/ariac_human/share/ariac_human/environment/path.sh
[22.623s] -- Installing: /home/shdh/enpm663_ws/install/ariac_human/share/ariac_human/environment/path.dsv
[22.624s] -- Installing: /home/shdh/enpm663_ws/install/ariac_human/share/ariac_human/local_setup.bash
[22.625s] -- Installing: /home/shdh/enpm663_ws/install/ariac_human/share/ariac_human/local_setup.sh
[22.626s] -- Installing: /home/shdh/enpm663_ws/install/ariac_human/share/ariac_human/local_setup.zsh
[22.627s] -- Installing: /home/shdh/enpm663_ws/install/ariac_human/share/ariac_human/local_setup.dsv
[22.627s] -- Installing: /home/shdh/enpm663_ws/install/ariac_human/share/ariac_human/package.dsv
[22.628s] -- Installing: /home/shdh/enpm663_ws/install/ariac_human/share/ament_index/resource_index/packages/ariac_human
[22.629s] -- Installing: /home/shdh/enpm663_ws/install/ariac_human/share/ariac_human/cmake/ariac_humanConfig.cmake
[22.629s] -- Installing: /home/shdh/enpm663_ws/install/ariac_human/share/ariac_human/cmake/ariac_humanConfig-version.cmake
[22.630s] -- Installing: /home/shdh/enpm663_ws/install/ariac_human/share/ariac_human/package.xml
[22.635s] Invoked command in '/home/shdh/enpm663_ws/build/ariac_human' returned '0': AMENT_PREFIX_PATH=/home/shdh/enpm663_ws/install/ariac_msgs:${AMENT_PREFIX_PATH} CMAKE_PREFIX_PATH=/home/shdh/enpm663_ws/install/ariac_msgs:/opt/ros/galactic LD_LIBRARY_PATH=/home/shdh/enpm663_ws/install/ariac_msgs/lib:${LD_LIBRARY_PATH} PYTHONPATH=/home/shdh/enpm663_ws/install/ariac_msgs/lib/python3.8/site-packages:${PYTHONPATH} /usr/bin/cmake --install /home/shdh/enpm663_ws/build/ariac_human
