[4.415s] Invoking command in '/home/shdh/enpm663_ws/src/rwa1_sharma/exercise3': PYTHONPATH=/home/shdh/enpm663_ws/build/exercise3/prefix_override:/home/shdh/enpm663_ws/install/exercise3/lib/python3.8/site-packages:${PYTHONPATH} /usr/bin/python3 setup.py egg_info --egg-base ../../../build/exercise3 build --build-base /home/shdh/enpm663_ws/build/exercise3/build install --record /home/shdh/enpm663_ws/build/exercise3/install.log --single-version-externally-managed
[4.807s] running egg_info
[4.809s] writing ../../../build/exercise3/exercise3.egg-info/PKG-INFO
[4.814s] writing dependency_links to ../../../build/exercise3/exercise3.egg-info/dependency_links.txt
[4.814s] writing entry points to ../../../build/exercise3/exercise3.egg-info/entry_points.txt
[4.814s] writing requirements to ../../../build/exercise3/exercise3.egg-info/requires.txt
[4.815s] writing top-level names to ../../../build/exercise3/exercise3.egg-info/top_level.txt
[4.876s] reading manifest file '../../../build/exercise3/exercise3.egg-info/SOURCES.txt'
[4.876s] writing manifest file '../../../build/exercise3/exercise3.egg-info/SOURCES.txt'
[4.877s] running build
[4.877s] running build_py
[4.877s] copying exercise3/ex3_pub_demo.py -> /home/shdh/enpm663_ws/build/exercise3/build/lib/exercise3
[4.877s] copying exercise3/ex3_sub_interface.py -> /home/shdh/enpm663_ws/build/exercise3/build/lib/exercise3
[4.877s] copying exercise3/ex3_pub_interface.py -> /home/shdh/enpm663_ws/build/exercise3/build/lib/exercise3
[4.878s] copying exercise3/ex3_sub_demo.py -> /home/shdh/enpm663_ws/build/exercise3/build/lib/exercise3
[4.878s] running install
[4.878s] running install_lib
[4.879s] copying /home/shdh/enpm663_ws/build/exercise3/build/lib/exercise3/ex3_pub_demo.py -> /home/shdh/enpm663_ws/install/exercise3/lib/python3.8/site-packages/exercise3
[4.880s] copying /home/shdh/enpm663_ws/build/exercise3/build/lib/exercise3/ex3_sub_interface.py -> /home/shdh/enpm663_ws/install/exercise3/lib/python3.8/site-packages/exercise3
[4.880s] copying /home/shdh/enpm663_ws/build/exercise3/build/lib/exercise3/ex3_pub_interface.py -> /home/shdh/enpm663_ws/install/exercise3/lib/python3.8/site-packages/exercise3
[4.882s] copying /home/shdh/enpm663_ws/build/exercise3/build/lib/exercise3/ex3_sub_demo.py -> /home/shdh/enpm663_ws/install/exercise3/lib/python3.8/site-packages/exercise3
[4.882s] byte-compiling /home/shdh/enpm663_ws/install/exercise3/lib/python3.8/site-packages/exercise3/ex3_pub_demo.py to ex3_pub_demo.cpython-38.pyc
[4.883s] byte-compiling /home/shdh/enpm663_ws/install/exercise3/lib/python3.8/site-packages/exercise3/ex3_sub_interface.py to ex3_sub_interface.cpython-38.pyc
[4.884s] byte-compiling /home/shdh/enpm663_ws/install/exercise3/lib/python3.8/site-packages/exercise3/ex3_pub_interface.py to ex3_pub_interface.cpython-38.pyc
[4.885s] byte-compiling /home/shdh/enpm663_ws/install/exercise3/lib/python3.8/site-packages/exercise3/ex3_sub_demo.py to ex3_sub_demo.cpython-38.pyc
[4.885s] running install_data
[4.885s] running install_egg_info
[4.889s] removing '/home/shdh/enpm663_ws/install/exercise3/lib/python3.8/site-packages/exercise3-0.0.0-py3.8.egg-info' (and everything under it)
[4.890s] Copying ../../../build/exercise3/exercise3.egg-info to /home/shdh/enpm663_ws/install/exercise3/lib/python3.8/site-packages/exercise3-0.0.0-py3.8.egg-info
[4.891s] running install_scripts
[4.915s] Installing ex3_pub_demo script to /home/shdh/enpm663_ws/install/exercise3/lib/exercise3
[4.915s] Installing ex3_sub_demo script to /home/shdh/enpm663_ws/install/exercise3/lib/exercise3
[4.915s] writing list of installed files to '/home/shdh/enpm663_ws/build/exercise3/install.log'
[7.011s] Invoked command in '/home/shdh/enpm663_ws/src/rwa1_sharma/exercise3' returned '0': PYTHONPATH=/home/shdh/enpm663_ws/build/exercise3/prefix_override:/home/shdh/enpm663_ws/install/exercise3/lib/python3.8/site-packages:${PYTHONPATH} /usr/bin/python3 setup.py egg_info --egg-base ../../../build/exercise3 build --build-base /home/shdh/enpm663_ws/build/exercise3/build install --record /home/shdh/enpm663_ws/build/exercise3/install.log --single-version-externally-managed
