/home/shdh/enpm663_ws/install/exercise3/lib/python3.8/site-packages/exercise3/ex3_pub_demo.py
/home/shdh/enpm663_ws/install/exercise3/lib/python3.8/site-packages/exercise3/__init__.py
/home/shdh/enpm663_ws/install/exercise3/lib/python3.8/site-packages/exercise3/ex3_sub_interface.py
/home/shdh/enpm663_ws/install/exercise3/lib/python3.8/site-packages/exercise3/ex3_pub_interface.py
/home/shdh/enpm663_ws/install/exercise3/lib/python3.8/site-packages/exercise3/ex3_sub_demo.py
/home/shdh/enpm663_ws/install/exercise3/lib/python3.8/site-packages/exercise3/__pycache__/ex3_pub_demo.cpython-38.pyc
/home/shdh/enpm663_ws/install/exercise3/lib/python3.8/site-packages/exercise3/__pycache__/__init__.cpython-38.pyc
/home/shdh/enpm663_ws/install/exercise3/lib/python3.8/site-packages/exercise3/__pycache__/ex3_sub_interface.cpython-38.pyc
/home/shdh/enpm663_ws/install/exercise3/lib/python3.8/site-packages/exercise3/__pycache__/ex3_pub_interface.cpython-38.pyc
/home/shdh/enpm663_ws/install/exercise3/lib/python3.8/site-packages/exercise3/__pycache__/ex3_sub_demo.cpython-38.pyc
/home/shdh/enpm663_ws/install/exercise3/share/ament_index/resource_index/packages/exercise3
/home/shdh/enpm663_ws/install/exercise3/share/exercise3/package.xml
/home/shdh/enpm663_ws/install/exercise3/lib/python3.8/site-packages/exercise3-0.0.0-py3.8.egg-info/requires.txt
/home/shdh/enpm663_ws/install/exercise3/lib/python3.8/site-packages/exercise3-0.0.0-py3.8.egg-info/PKG-INFO
/home/shdh/enpm663_ws/install/exercise3/lib/python3.8/site-packages/exercise3-0.0.0-py3.8.egg-info/zip-safe
/home/shdh/enpm663_ws/install/exercise3/lib/python3.8/site-packages/exercise3-0.0.0-py3.8.egg-info/entry_points.txt
/home/shdh/enpm663_ws/install/exercise3/lib/python3.8/site-packages/exercise3-0.0.0-py3.8.egg-info/top_level.txt
/home/shdh/enpm663_ws/install/exercise3/lib/python3.8/site-packages/exercise3-0.0.0-py3.8.egg-info/SOURCES.txt
/home/shdh/enpm663_ws/install/exercise3/lib/python3.8/site-packages/exercise3-0.0.0-py3.8.egg-info/dependency_links.txt
/home/shdh/enpm663_ws/install/exercise3/lib/exercise3/ex3_pub_demo
/home/shdh/enpm663_ws/install/exercise3/lib/exercise3/ex3_sub_demo
