[3.713s] Invoking command in '/home/shdh/enpm663_ws/build/ariac_description': CMAKE_PREFIX_PATH=${CMAKE_PREFIX_PATH}:/home/shdh/enpm663_ws/install/exercise3:/home/shdh/enpm663_ws/install/exercise2:/home/shdh/enpm663_ws/install/exercise1:/home/shdh/enpm663_ws/install/ariac_gui:/opt/ros/galactic /usr/bin/cmake --build /home/shdh/enpm663_ws/build/ariac_description -- -j12 -l12
[5.994s] Invoked command in '/home/shdh/enpm663_ws/build/ariac_description' returned '0': CMAKE_PREFIX_PATH=${CMAKE_PREFIX_PATH}:/home/shdh/enpm663_ws/install/exercise3:/home/shdh/enpm663_ws/install/exercise2:/home/shdh/enpm663_ws/install/exercise1:/home/shdh/enpm663_ws/install/ariac_gui:/opt/ros/galactic /usr/bin/cmake --build /home/shdh/enpm663_ws/build/ariac_description -- -j12 -l12
[6.020s] Invoking command in '/home/shdh/enpm663_ws/build/ariac_description': CMAKE_PREFIX_PATH=${CMAKE_PREFIX_PATH}:/home/shdh/enpm663_ws/install/exercise3:/home/shdh/enpm663_ws/install/exercise2:/home/shdh/enpm663_ws/install/exercise1:/home/shdh/enpm663_ws/install/ariac_gui:/opt/ros/galactic /usr/bin/cmake --install /home/shdh/enpm663_ws/build/ariac_description
[6.040s] -- Install configuration: ""
[6.040s] -- Up-to-date: /home/shdh/enpm663_ws/install/ariac_description/share/ariac_description/config
[6.040s] -- Up-to-date: /home/shdh/enpm663_ws/install/ariac_description/share/ariac_description/config/ceiling_robot_initial_positions.yaml
[6.041s] -- Up-to-date: /home/shdh/enpm663_ws/install/ariac_description/share/ariac_description/config/floor_robot_initial_positions.yaml
[6.041s] -- Up-to-date: /home/shdh/enpm663_ws/install/ariac_description/share/ariac_description/config/robot_controllers.yaml
[6.041s] -- Up-to-date: /home/shdh/enpm663_ws/install/ariac_description/share/ariac_description/meshes
[6.041s] -- Up-to-date: /home/shdh/enpm663_ws/install/ariac_description/share/ariac_description/meshes/agv
[6.041s] -- Up-to-date: /home/shdh/enpm663_ws/install/ariac_description/share/ariac_description/meshes/agv/tray.stl
[6.041s] -- Up-to-date: /home/shdh/enpm663_ws/install/ariac_description/share/ariac_description/meshes/agv/robot.png
[6.042s] -- Up-to-date: /home/shdh/enpm663_ws/install/ariac_description/share/ariac_description/meshes/agv/robot.dae
[6.042s] -- Up-to-date: /home/shdh/enpm663_ws/install/ariac_description/share/ariac_description/meshes/agv/contact_sensor.stl
[6.042s] -- Up-to-date: /home/shdh/enpm663_ws/install/ariac_description/share/ariac_description/meshes/gantry
[6.042s] -- Up-to-date: /home/shdh/enpm663_ws/install/ariac_description/share/ariac_description/meshes/gantry/torso_fixed_normals.dae
[6.042s] -- Up-to-date: /home/shdh/enpm663_ws/install/ariac_description/share/ariac_description/meshes/gantry/green_metal_rust_diff_4k.jpg
[6.042s] -- Up-to-date: /home/shdh/enpm663_ws/install/ariac_description/share/ariac_description/meshes/gantry/torso_base.dae
[6.043s] -- Up-to-date: /home/shdh/enpm663_ws/install/ariac_description/share/ariac_description/meshes/gantry/rusty_metal_02_diff_2k.jpg
[6.043s] -- Up-to-date: /home/shdh/enpm663_ws/install/ariac_description/share/ariac_description/meshes/gantry/ARIAC_GRN_Logo.png
[6.043s] -- Up-to-date: /home/shdh/enpm663_ws/install/ariac_description/share/ariac_description/meshes/gantry/gantry_tray.dae
[6.043s] -- Up-to-date: /home/shdh/enpm663_ws/install/ariac_description/share/ariac_description/meshes/gantry/NIST_Green_bake.png
[6.043s] -- Up-to-date: /home/shdh/enpm663_ws/install/ariac_description/share/ariac_description/meshes/gantry/Metal024_2K_Color.jpg
[6.043s] -- Up-to-date: /home/shdh/enpm663_ws/install/ariac_description/share/ariac_description/meshes/vacuum_gripper
[6.043s] -- Up-to-date: /home/shdh/enpm663_ws/install/ariac_description/share/ariac_description/meshes/vacuum_gripper/vacuum_gripper.stl
[6.043s] -- Up-to-date: /home/shdh/enpm663_ws/install/ariac_description/share/ariac_description/urdf
[6.044s] -- Up-to-date: /home/shdh/enpm663_ws/install/ariac_description/share/ariac_description/urdf/floor_robot
[6.044s] -- Up-to-date: /home/shdh/enpm663_ws/install/ariac_description/share/ariac_description/urdf/floor_robot/linear_actuator.ros2_control.xacro
[6.044s] -- Up-to-date: /home/shdh/enpm663_ws/install/ariac_description/share/ariac_description/urdf/floor_robot/floor_robot_macro.xacro
[6.044s] -- Up-to-date: /home/shdh/enpm663_ws/install/ariac_description/share/ariac_description/urdf/floor_robot/linear_actuator_macro.xacro
[6.044s] -- Up-to-date: /home/shdh/enpm663_ws/install/ariac_description/share/ariac_description/urdf/agv
[6.044s] -- Up-to-date: /home/shdh/enpm663_ws/install/ariac_description/share/ariac_description/urdf/agv/agv.ros2_control.xacro
[6.044s] -- Up-to-date: /home/shdh/enpm663_ws/install/ariac_description/share/ariac_description/urdf/agv/agv_macro.xacro
[6.045s] -- Up-to-date: /home/shdh/enpm663_ws/install/ariac_description/share/ariac_description/urdf/human
[6.047s] -- Up-to-date: /home/shdh/enpm663_ws/install/ariac_description/share/ariac_description/urdf/human/human.urdf.xacro
[6.048s] -- Up-to-date: /home/shdh/enpm663_ws/install/ariac_description/share/ariac_description/urdf/vacuum_gripper
[6.049s] -- Up-to-date: /home/shdh/enpm663_ws/install/ariac_description/share/ariac_description/urdf/vacuum_gripper/vacuum_gripper_macro.xacro
[6.051s] -- Up-to-date: /home/shdh/enpm663_ws/install/ariac_description/share/ariac_description/urdf/ceiling_robot
[6.051s] -- Up-to-date: /home/shdh/enpm663_ws/install/ariac_description/share/ariac_description/urdf/ceiling_robot/gantry_macro.xacro
[6.052s] -- Up-to-date: /home/shdh/enpm663_ws/install/ariac_description/share/ariac_description/urdf/ceiling_robot/ceiling_robot_macro.xacro
[6.052s] -- Up-to-date: /home/shdh/enpm663_ws/install/ariac_description/share/ariac_description/urdf/ceiling_robot/gantry.ros2_control.xacro
[6.053s] -- Up-to-date: /home/shdh/enpm663_ws/install/ariac_description/share/ariac_description/urdf/ariac_robots
[6.053s] -- Up-to-date: /home/shdh/enpm663_ws/install/ariac_description/share/ariac_description/urdf/ariac_robots/ariac_robots.urdf.xacro
[6.054s] -- Up-to-date: /home/shdh/enpm663_ws/install/ariac_description/share/ament_index/resource_index/package_run_dependencies/ariac_description
[6.055s] -- Up-to-date: /home/shdh/enpm663_ws/install/ariac_description/share/ament_index/resource_index/parent_prefix_path/ariac_description
[6.055s] -- Up-to-date: /home/shdh/enpm663_ws/install/ariac_description/share/ariac_description/environment/ament_prefix_path.sh
[6.056s] -- Up-to-date: /home/shdh/enpm663_ws/install/ariac_description/share/ariac_description/environment/ament_prefix_path.dsv
[6.056s] -- Up-to-date: /home/shdh/enpm663_ws/install/ariac_description/share/ariac_description/environment/path.sh
[6.057s] -- Up-to-date: /home/shdh/enpm663_ws/install/ariac_description/share/ariac_description/environment/path.dsv
[6.057s] -- Up-to-date: /home/shdh/enpm663_ws/install/ariac_description/share/ariac_description/local_setup.bash
[6.057s] -- Up-to-date: /home/shdh/enpm663_ws/install/ariac_description/share/ariac_description/local_setup.sh
[6.057s] -- Up-to-date: /home/shdh/enpm663_ws/install/ariac_description/share/ariac_description/local_setup.zsh
[6.058s] -- Up-to-date: /home/shdh/enpm663_ws/install/ariac_description/share/ariac_description/local_setup.dsv
[6.058s] -- Installing: /home/shdh/enpm663_ws/install/ariac_description/share/ariac_description/package.dsv
[6.058s] -- Up-to-date: /home/shdh/enpm663_ws/install/ariac_description/share/ament_index/resource_index/packages/ariac_description
[6.059s] -- Up-to-date: /home/shdh/enpm663_ws/install/ariac_description/share/ariac_description/cmake/ariac_descriptionConfig.cmake
[6.059s] -- Up-to-date: /home/shdh/enpm663_ws/install/ariac_description/share/ariac_description/cmake/ariac_descriptionConfig-version.cmake
[6.059s] -- Up-to-date: /home/shdh/enpm663_ws/install/ariac_description/share/ariac_description/package.xml
[6.095s] Invoked command in '/home/shdh/enpm663_ws/build/ariac_description' returned '0': CMAKE_PREFIX_PATH=${CMAKE_PREFIX_PATH}:/home/shdh/enpm663_ws/install/exercise3:/home/shdh/enpm663_ws/install/exercise2:/home/shdh/enpm663_ws/install/exercise1:/home/shdh/enpm663_ws/install/ariac_gui:/opt/ros/galactic /usr/bin/cmake --install /home/shdh/enpm663_ws/build/ariac_description
