-- The C compiler identification is GNU 10.5.0
-- The CXX compiler identification is GNU 10.5.0
-- Check for working C compiler: /usr/bin/cc
-- Check for working C compiler: /usr/bin/cc -- works
-- Detecting C compiler ABI info
-- Detecting C compiler ABI info - done
-- Detecting C compile features
-- Detecting C compile features - done
-- Check for working CXX compiler: /usr/bin/c++
-- Check for working CXX compiler: /usr/bin/c++ -- works
-- Detecting CXX compiler ABI info
-- Detecting CXX compiler ABI info - done
-- Detecting CXX compile features
-- Detecting CXX compile features - done
-- Found ament_cmake: 1.1.6 (/opt/ros/galactic/share/ament_cmake/cmake)
-- Found PythonInterp: /usr/bin/python3 (found suitable version "3.8.10", minimum required is "3") 
-- Using PYTHON_EXECUTABLE: /usr/bin/python3
-- Found gazebo_msgs: 3.5.2 (/opt/ros/galactic/share/gazebo_msgs/cmake)
-- Using all available rosidl_typesupport_c: rosidl_typesupport_fastrtps_c;rosidl_typesupport_introspection_c
-- Found rosidl_adapter: 2.2.3 (/opt/ros/galactic/share/rosidl_adapter/cmake)
-- Found OpenSSL: /usr/lib/x86_64-linux-gnu/libcrypto.so (found version "1.1.1f")  
-- Found FastRTPS: /opt/ros/galactic/include  
-- Using all available rosidl_typesupport_cpp: rosidl_typesupport_fastrtps_cpp;rosidl_typesupport_introspection_cpp
-- Found gazebo_ros: 3.5.2 (/opt/ros/galactic/share/gazebo_ros/cmake)
-- Found rmw_implementation_cmake: 3.3.1 (/opt/ros/galactic/share/rmw_implementation_cmake/cmake)
-- Found rmw_cyclonedds_cpp: 0.22.6 (/opt/ros/galactic/share/rmw_cyclonedds_cpp/cmake)
-- Using RMW implementation 'rmw_cyclonedds_cpp' as default
-- Looking for pthread.h
-- Looking for pthread.h - found
-- Performing Test CMAKE_HAVE_LIBC_PTHREAD
-- Performing Test CMAKE_HAVE_LIBC_PTHREAD - Failed
-- Looking for pthread_create in pthreads
-- Looking for pthread_create in pthreads - not found
-- Looking for pthread_create in pthread
-- Looking for pthread_create in pthread - found
-- Found Threads: TRUE  
-- Found PkgConfig: /usr/bin/pkg-config (found version "0.29.1") 
-- Checking for module 'bullet>=2.82'
--   Found bullet, version 2.88
-- Found ccd: /usr/include (found suitable version "2.0", minimum required is "2.0") 
-- Found fcl: /usr/include (found suitable version "0.6.1", minimum required is "0.3.2") 
-- Found assimp: /usr/include (found version "5.0.0") 
-- Found DART: /usr/include (Required is at least version "6.6") found components: dart 
-- Found Boost: /usr/lib/x86_64-linux-gnu/cmake/Boost-1.71.0/BoostConfig.cmake (found suitable version "1.71.0", minimum required is "1.40.0") found components: thread system filesystem program_options regex iostreams date_time 
-- Found Protobuf: /usr/lib/x86_64-linux-gnu/libprotobuf.so;-lpthread (found version "3.6.1") 
-- Looking for ignition-math6 -- found version 6.15.1
-- Searching for dependencies of ignition-math6
-- Looking for OGRE...
-- OGRE_PREFIX_WATCH changed.
-- Checking for module 'OGRE'
--   Found OGRE, version 1.9.0
-- Found Ogre Ghadamon (1.9.0)
-- Found OGRE: optimized;/usr/lib/x86_64-linux-gnu/libOgreMain.so;debug;/usr/lib/x86_64-linux-gnu/libOgreMain.so
-- Looking for OGRE_Paging...
-- Found OGRE_Paging: optimized;/usr/lib/x86_64-linux-gnu/libOgrePaging.so;debug;/usr/lib/x86_64-linux-gnu/libOgrePaging.so
-- Looking for OGRE_Terrain...
-- Found OGRE_Terrain: optimized;/usr/lib/x86_64-linux-gnu/libOgreTerrain.so;debug;/usr/lib/x86_64-linux-gnu/libOgreTerrain.so
-- Looking for OGRE_Property...
-- Found OGRE_Property: optimized;/usr/lib/x86_64-linux-gnu/libOgreProperty.so;debug;/usr/lib/x86_64-linux-gnu/libOgreProperty.so
-- Looking for OGRE_RTShaderSystem...
-- Found OGRE_RTShaderSystem: optimized;/usr/lib/x86_64-linux-gnu/libOgreRTShaderSystem.so;debug;/usr/lib/x86_64-linux-gnu/libOgreRTShaderSystem.so
-- Looking for OGRE_Volume...
-- Found OGRE_Volume: optimized;/usr/lib/x86_64-linux-gnu/libOgreVolume.so;debug;/usr/lib/x86_64-linux-gnu/libOgreVolume.so
-- Looking for OGRE_Overlay...
-- Found OGRE_Overlay: optimized;/usr/lib/x86_64-linux-gnu/libOgreOverlay.so;debug;/usr/lib/x86_64-linux-gnu/libOgreOverlay.so
-- Looking for ignition-math6 -- found version 6.15.1
-- Looking for ignition-transport8 -- found version 8.3.0
-- Searching for dependencies of ignition-transport8
-- Found Protobuf: /usr/lib/x86_64-linux-gnu/libprotobuf.so;-lpthread (found suitable version "3.6.1", minimum required is "3") 
-- Config-file not installed for ZeroMQ -- checking for pkg-config
-- Checking for module 'libzmq >= 4'
--   Found libzmq , version 4.3.2
-- Found ZeroMQ: TRUE (Required is at least version "4") 
-- Checking for module 'uuid'
--   Found uuid, version 2.34.0
-- Found UUID: TRUE  
-- Looking for ignition-msgs5 -- found version 5.10.0
-- Searching for dependencies of ignition-msgs5
-- Looking for ignition-math6 -- found version 6.15.1
-- Checking for module 'tinyxml2'
--   Found tinyxml2, version 6.2.0
-- Looking for ignition-msgs5 -- found version 5.10.0
-- Looking for ignition-common3 -- found version 3.14.2
-- Searching for dependencies of ignition-common3
-- Looking for dlfcn.h - found
-- Looking for libdl - found
-- Found DL: TRUE  
-- Searching for <ignition-common3> component [graphics]
-- Looking for ignition-common3-graphics -- found version 3.14.2
-- Searching for dependencies of ignition-common3-graphics
-- Looking for ignition-math6 -- found version 6.15.1
-- Looking for ignition-fuel_tools4 -- found version 4.6.0
-- Searching for dependencies of ignition-fuel_tools4
-- Found CURL: /usr/lib/x86_64-linux-gnu/libcurl.so (found version "7.68.0")  
-- Checking for module 'jsoncpp'
--   Found jsoncpp, version 1.7.4
-- Found JSONCPP: TRUE  
-- Checking for module 'libzip'
--   Found libzip, version 1.5.1
-- Found ZIP: TRUE  
-- Looking for ignition-common3 -- found version 3.14.2
-- Looking for ignition-math6 -- found version 6.15.1
-- Looking for ignition-msgs5 -- found version 5.10.0
-- Gazebo version: 11.11
-- Found ariac_msgs: 0.0.0 (/home/shdh/enpm663_ws/install/ariac_msgs/share/ariac_msgs/cmake)
-- Found controller_manager_msgs: 1.6.0 (/opt/ros/galactic/share/controller_manager_msgs/cmake)
-- Found sensor_msgs: 2.2.4 (/opt/ros/galactic/share/sensor_msgs/cmake)
-- Found tf2: 0.17.5 (/opt/ros/galactic/share/tf2/cmake)
-- Found tf2_geometry_msgs: 0.17.5 (/opt/ros/galactic/share/tf2_geometry_msgs/cmake)
-- Found eigen3_cmake_module: 0.1.1 (/opt/ros/galactic/share/eigen3_cmake_module/cmake)
-- Found Eigen3: TRUE (found version "3.3.7") 
-- Configuring done
-- Generating done
-- Build files have been written to: /home/shdh/enpm663_ws/build/ariac_plugins
[35m[1mScanning dependencies of target agv_plugin[0m
[35m[1mScanning dependencies of target assembly_state_publisher[0m
[35m[1mScanning dependencies of target AGVTrayPlugin[0m
[35m[1mScanning dependencies of target conveyor_belt_plugin[0m
[35m[1mScanning dependencies of target ObjectDisposalPlugin[0m
[35m[1mScanning dependencies of target VacuumGripperPlugin[0m
[35m[1mScanning dependencies of target disable_shadows_plugin[0m
[35m[1mScanning dependencies of target assembly_lock_plugin[0m
[35m[1mScanning dependencies of target GripperColorPlugin[0m
[35m[1mScanning dependencies of target HumanTeleportPlugin[0m
[35m[1mScanning dependencies of target TaskManagerPlugin[0m
[  4%] [32mBuilding CXX object CMakeFiles/disable_shadows_plugin.dir/src/disable_shadows_plugin.cpp.o[0m
[  9%] [32mBuilding CXX object CMakeFiles/agv_plugin.dir/src/agv_plugin.cpp.o[0m
[ 13%] [32mBuilding CXX object CMakeFiles/GripperColorPlugin.dir/src/gripper_color_plugin.cpp.o[0m
[ 18%] [32mBuilding CXX object CMakeFiles/conveyor_belt_plugin.dir/src/conveyor_belt_plugin.cpp.o[0m
[ 22%] [32mBuilding CXX object CMakeFiles/VacuumGripperPlugin.dir/src/vacuum_gripper_plugin.cpp.o[0m
[ 27%] [32mBuilding CXX object CMakeFiles/ObjectDisposalPlugin.dir/src/object_disposal_plugin.cpp.o[0m
[ 31%] [32mBuilding CXX object CMakeFiles/assembly_lock_plugin.dir/src/assembly_lock_plugin.cpp.o[0m
[ 36%] [32mBuilding CXX object CMakeFiles/assembly_state_publisher.dir/src/assembly_state_publisher.cpp.o[0m
[ 40%] [32mBuilding CXX object CMakeFiles/HumanTeleportPlugin.dir/src/human_teleport_plugin.cpp.o[0m
[ 45%] [32mBuilding CXX object CMakeFiles/AGVTrayPlugin.dir/src/agv_tray_plugin.cpp.o[0m
[ 50%] [32mBuilding CXX object CMakeFiles/TaskManagerPlugin.dir/src/task_manager_plugin.cpp.o[0m
[ 54%] [32m[1mLinking CXX shared library libdisable_shadows_plugin.so[0m
[ 54%] Built target disable_shadows_plugin
[ 59%] [32m[1mLinking CXX shared library libassembly_lock_plugin.so[0m
[ 63%] [32m[1mLinking CXX shared library libHumanTeleportPlugin.so[0m
[ 63%] Built target assembly_lock_plugin
[ 63%] Built target HumanTeleportPlugin
[ 68%] [32m[1mLinking CXX shared library libObjectDisposalPlugin.so[0m
[ 72%] [32m[1mLinking CXX shared library libAGVTrayPlugin.so[0m
[ 72%] Built target ObjectDisposalPlugin
[ 72%] Built target AGVTrayPlugin
[ 77%] [32m[1mLinking CXX shared library libassembly_state_publisher.so[0m
[ 81%] [32m[1mLinking CXX shared library libagv_plugin.so[0m
[ 86%] [32m[1mLinking CXX shared library libGripperColorPlugin.so[0m
[ 86%] Built target agv_plugin
[ 86%] Built target assembly_state_publisher
[ 86%] Built target GripperColorPlugin
[ 90%] [32m[1mLinking CXX shared library libconveyor_belt_plugin.so[0m
[ 90%] Built target conveyor_belt_plugin
[ 95%] [32m[1mLinking CXX shared library libVacuumGripperPlugin.so[0m
[ 95%] Built target VacuumGripperPlugin
[100%] [32m[1mLinking CXX shared library libTaskManagerPlugin.so[0m
[100%] Built target TaskManagerPlugin
-- Install configuration: ""
-- Installing: /home/shdh/enpm663_ws/install/ariac_plugins/share/ariac_plugins/environment/library_path.sh
-- Installing: /home/shdh/enpm663_ws/install/ariac_plugins/share/ariac_plugins/environment/library_path.dsv
-- Installing: /home/shdh/enpm663_ws/install/ariac_plugins/share/ament_index/resource_index/package_run_dependencies/ariac_plugins
-- Installing: /home/shdh/enpm663_ws/install/ariac_plugins/share/ament_index/resource_index/parent_prefix_path/ariac_plugins
-- Installing: /home/shdh/enpm663_ws/install/ariac_plugins/share/ariac_plugins/environment/ament_prefix_path.sh
-- Installing: /home/shdh/enpm663_ws/install/ariac_plugins/share/ariac_plugins/environment/ament_prefix_path.dsv
-- Installing: /home/shdh/enpm663_ws/install/ariac_plugins/share/ariac_plugins/environment/path.sh
-- Installing: /home/shdh/enpm663_ws/install/ariac_plugins/share/ariac_plugins/environment/path.dsv
-- Installing: /home/shdh/enpm663_ws/install/ariac_plugins/share/ariac_plugins/local_setup.bash
-- Installing: /home/shdh/enpm663_ws/install/ariac_plugins/share/ariac_plugins/local_setup.sh
-- Installing: /home/shdh/enpm663_ws/install/ariac_plugins/share/ariac_plugins/local_setup.zsh
-- Installing: /home/shdh/enpm663_ws/install/ariac_plugins/share/ariac_plugins/local_setup.dsv
-- Installing: /home/shdh/enpm663_ws/install/ariac_plugins/share/ariac_plugins/package.dsv
-- Installing: /home/shdh/enpm663_ws/install/ariac_plugins/share/ament_index/resource_index/packages/ariac_plugins
-- Installing: /home/shdh/enpm663_ws/install/ariac_plugins/share/ariac_plugins/cmake/ament_cmake_export_libraries-extras.cmake
-- Installing: /home/shdh/enpm663_ws/install/ariac_plugins/share/ariac_plugins/cmake/ariac_pluginsConfig.cmake
-- Installing: /home/shdh/enpm663_ws/install/ariac_plugins/share/ariac_plugins/cmake/ariac_pluginsConfig-version.cmake
-- Installing: /home/shdh/enpm663_ws/install/ariac_plugins/share/ariac_plugins/package.xml
-- Installing: /home/shdh/enpm663_ws/install/ariac_plugins/include
-- Installing: /home/shdh/enpm663_ws/install/ariac_plugins/include/ariac_plugins
-- Installing: /home/shdh/enpm663_ws/install/ariac_plugins/include/ariac_plugins/human_teleport_plugin.hpp
-- Installing: /home/shdh/enpm663_ws/install/ariac_plugins/include/ariac_plugins/disable_shadows_plugin.hpp
-- Installing: /home/shdh/enpm663_ws/install/ariac_plugins/include/ariac_plugins/vacuum_gripper_plugin.hpp
-- Installing: /home/shdh/enpm663_ws/install/ariac_plugins/include/ariac_plugins/agv_tray_plugin.hpp
-- Installing: /home/shdh/enpm663_ws/install/ariac_plugins/include/ariac_plugins/object_disposal_plugin.hpp
-- Installing: /home/shdh/enpm663_ws/install/ariac_plugins/include/ariac_plugins/ariac_plugin_template.hpp
-- Installing: /home/shdh/enpm663_ws/install/ariac_plugins/include/ariac_plugins/task_manager_plugin.hpp
-- Installing: /home/shdh/enpm663_ws/install/ariac_plugins/include/ariac_plugins/gripper_color_plugin.hpp
-- Installing: /home/shdh/enpm663_ws/install/ariac_plugins/include/ariac_plugins/agv_plugin.hpp
-- Installing: /home/shdh/enpm663_ws/install/ariac_plugins/include/ariac_plugins/ariac_common.hpp
-- Installing: /home/shdh/enpm663_ws/install/ariac_plugins/include/ariac_plugins/assembly_lock_plugin.hpp
-- Installing: /home/shdh/enpm663_ws/install/ariac_plugins/include/ariac_plugins/conveyor_belt_plugin.hpp
-- Installing: /home/shdh/enpm663_ws/install/ariac_plugins/include/ariac_plugins/assembly_state_publisher.hpp
-- Installing: /home/shdh/enpm663_ws/install/ariac_plugins/lib/libVacuumGripperPlugin.so
-- Set runtime path of "/home/shdh/enpm663_ws/install/ariac_plugins/lib/libVacuumGripperPlugin.so" to ""
-- Installing: /home/shdh/enpm663_ws/install/ariac_plugins/lib/libconveyor_belt_plugin.so
-- Set runtime path of "/home/shdh/enpm663_ws/install/ariac_plugins/lib/libconveyor_belt_plugin.so" to ""
-- Installing: /home/shdh/enpm663_ws/install/ariac_plugins/lib/libagv_plugin.so
-- Set runtime path of "/home/shdh/enpm663_ws/install/ariac_plugins/lib/libagv_plugin.so" to ""
-- Installing: /home/shdh/enpm663_ws/install/ariac_plugins/lib/libassembly_lock_plugin.so
-- Set runtime path of "/home/shdh/enpm663_ws/install/ariac_plugins/lib/libassembly_lock_plugin.so" to ""
-- Installing: /home/shdh/enpm663_ws/install/ariac_plugins/lib/libassembly_state_publisher.so
-- Set runtime path of "/home/shdh/enpm663_ws/install/ariac_plugins/lib/libassembly_state_publisher.so" to ""
-- Installing: /home/shdh/enpm663_ws/install/ariac_plugins/lib/libGripperColorPlugin.so
-- Set runtime path of "/home/shdh/enpm663_ws/install/ariac_plugins/lib/libGripperColorPlugin.so" to ""
-- Installing: /home/shdh/enpm663_ws/install/ariac_plugins/lib/libdisable_shadows_plugin.so
-- Set runtime path of "/home/shdh/enpm663_ws/install/ariac_plugins/lib/libdisable_shadows_plugin.so" to ""
-- Installing: /home/shdh/enpm663_ws/install/ariac_plugins/lib/libObjectDisposalPlugin.so
-- Set runtime path of "/home/shdh/enpm663_ws/install/ariac_plugins/lib/libObjectDisposalPlugin.so" to ""
-- Installing: /home/shdh/enpm663_ws/install/ariac_plugins/lib/libAGVTrayPlugin.so
-- Set runtime path of "/home/shdh/enpm663_ws/install/ariac_plugins/lib/libAGVTrayPlugin.so" to ""
-- Installing: /home/shdh/enpm663_ws/install/ariac_plugins/lib/libTaskManagerPlugin.so
-- Set runtime path of "/home/shdh/enpm663_ws/install/ariac_plugins/lib/libTaskManagerPlugin.so" to ""
-- Installing: /home/shdh/enpm663_ws/install/ariac_plugins/lib/libHumanTeleportPlugin.so
-- Set runtime path of "/home/shdh/enpm663_ws/install/ariac_plugins/lib/libHumanTeleportPlugin.so" to ""
