[1.585s] Invoking command in '/home/shdh/enpm663_ws/build/ariac_plugins': AMENT_PREFIX_PATH=/home/shdh/enpm663_ws/install/ariac_msgs:${AMENT_PREFIX_PATH} CMAKE_PREFIX_PATH=/home/shdh/enpm663_ws/install/ariac_msgs:/opt/ros/galactic LD_LIBRARY_PATH=/home/shdh/enpm663_ws/install/ariac_msgs/lib:${LD_LIBRARY_PATH} PYTHONPATH=/home/shdh/enpm663_ws/install/ariac_msgs/lib/python3.8/site-packages:${PYTHONPATH} /usr/bin/cmake /home/shdh/enpm663_ws/src/ariac/ariac_plugins -DCMAKE_INSTALL_PREFIX=/home/shdh/enpm663_ws/install/ariac_plugins
[1.640s] -- The C compiler identification is GNU 10.5.0
[1.696s] -- The CXX compiler identification is GNU 10.5.0
[1.703s] -- Check for working C compiler: /usr/bin/cc
[1.776s] -- Check for working C compiler: /usr/bin/cc -- works
[1.778s] -- Detecting C compiler ABI info
[1.857s] -- Detecting C compiler ABI info - done
[1.885s] -- Detecting C compile features
[1.886s] -- Detecting C compile features - done
[1.891s] -- Check for working CXX compiler: /usr/bin/c++
[1.989s] -- Check for working CXX compiler: /usr/bin/c++ -- works
[1.991s] -- Detecting CXX compiler ABI info
[2.096s] -- Detecting CXX compiler ABI info - done
[2.124s] -- Detecting CXX compile features
[2.125s] -- Detecting CXX compile features - done
[2.128s] -- Found ament_cmake: 1.1.6 (/opt/ros/galactic/share/ament_cmake/cmake)
[2.160s] -- Found PythonInterp: /usr/bin/python3 (found suitable version "3.8.10", minimum required is "3") 
[2.161s] -- Using PYTHON_EXECUTABLE: /usr/bin/python3
[2.296s] -- Found gazebo_msgs: 3.5.2 (/opt/ros/galactic/share/gazebo_msgs/cmake)
[2.346s] -- Using all available rosidl_typesupport_c: rosidl_typesupport_fastrtps_c;rosidl_typesupport_introspection_c
[2.356s] -- Found rosidl_adapter: 2.2.3 (/opt/ros/galactic/share/rosidl_adapter/cmake)
[2.476s] -- Found OpenSSL: /usr/lib/x86_64-linux-gnu/libcrypto.so (found version "1.1.1f")  
[2.529s] -- Found FastRTPS: /opt/ros/galactic/include  
[2.655s] -- Using all available rosidl_typesupport_cpp: rosidl_typesupport_fastrtps_cpp;rosidl_typesupport_introspection_cpp
[3.083s] -- Found gazebo_ros: 3.5.2 (/opt/ros/galactic/share/gazebo_ros/cmake)
[3.164s] -- Found rmw_implementation_cmake: 3.3.1 (/opt/ros/galactic/share/rmw_implementation_cmake/cmake)
[3.168s] -- Found rmw_cyclonedds_cpp: 0.22.6 (/opt/ros/galactic/share/rmw_cyclonedds_cpp/cmake)
[3.195s] -- Using RMW implementation 'rmw_cyclonedds_cpp' as default
[3.197s] -- Looking for pthread.h
[3.287s] -- Looking for pthread.h - found
[3.287s] -- Performing Test CMAKE_HAVE_LIBC_PTHREAD
[3.375s] -- Performing Test CMAKE_HAVE_LIBC_PTHREAD - Failed
[3.376s] -- Looking for pthread_create in pthreads
[3.445s] -- Looking for pthread_create in pthreads - not found
[3.446s] -- Looking for pthread_create in pthread
[3.527s] -- Looking for pthread_create in pthread - found
[3.529s] -- Found Threads: TRUE  
[3.721s] -- Found PkgConfig: /usr/bin/pkg-config (found version "0.29.1") 
[3.723s] -- Checking for module 'bullet>=2.82'
[3.742s] --   Found bullet, version 2.88
[3.908s] -- Found ccd: /usr/include (found suitable version "2.0", minimum required is "2.0") 
[3.998s] -- Found fcl: /usr/include (found suitable version "0.6.1", minimum required is "0.3.2") 
[4.083s] -- Found assimp: /usr/include (found version "5.0.0") 
[4.116s] -- Found DART: /usr/include (Required is at least version "6.6") found components: dart 
[4.150s] -- Found Boost: /usr/lib/x86_64-linux-gnu/cmake/Boost-1.71.0/BoostConfig.cmake (found suitable version "1.71.0", minimum required is "1.40.0") found components: thread system filesystem program_options regex iostreams date_time 
[4.171s] -- Found Protobuf: /usr/lib/x86_64-linux-gnu/libprotobuf.so;-lpthread (found version "3.6.1") 
[4.178s] -- Looking for ignition-math6 -- found version 6.15.1
[4.186s] -- Searching for dependencies of ignition-math6
[4.188s] -- Looking for OGRE...
[4.189s] -- OGRE_PREFIX_WATCH changed.
[4.195s] -- Checking for module 'OGRE'
[4.214s] --   Found OGRE, version 1.9.0
[4.269s] -- Found Ogre Ghadamon (1.9.0)
[4.291s] -- Found OGRE: optimized;/usr/lib/x86_64-linux-gnu/libOgreMain.so;debug;/usr/lib/x86_64-linux-gnu/libOgreMain.so
[4.305s] -- Looking for OGRE_Paging...
[4.313s] -- Found OGRE_Paging: optimized;/usr/lib/x86_64-linux-gnu/libOgrePaging.so;debug;/usr/lib/x86_64-linux-gnu/libOgrePaging.so
[4.313s] -- Looking for OGRE_Terrain...
[4.320s] -- Found OGRE_Terrain: optimized;/usr/lib/x86_64-linux-gnu/libOgreTerrain.so;debug;/usr/lib/x86_64-linux-gnu/libOgreTerrain.so
[4.320s] -- Looking for OGRE_Property...
[4.327s] -- Found OGRE_Property: optimized;/usr/lib/x86_64-linux-gnu/libOgreProperty.so;debug;/usr/lib/x86_64-linux-gnu/libOgreProperty.so
[4.327s] -- Looking for OGRE_RTShaderSystem...
[4.335s] -- Found OGRE_RTShaderSystem: optimized;/usr/lib/x86_64-linux-gnu/libOgreRTShaderSystem.so;debug;/usr/lib/x86_64-linux-gnu/libOgreRTShaderSystem.so
[4.335s] -- Looking for OGRE_Volume...
[4.342s] -- Found OGRE_Volume: optimized;/usr/lib/x86_64-linux-gnu/libOgreVolume.so;debug;/usr/lib/x86_64-linux-gnu/libOgreVolume.so
[4.342s] -- Looking for OGRE_Overlay...
[4.349s] -- Found OGRE_Overlay: optimized;/usr/lib/x86_64-linux-gnu/libOgreOverlay.so;debug;/usr/lib/x86_64-linux-gnu/libOgreOverlay.so
[4.569s] -- Looking for ignition-math6 -- found version 6.15.1
[4.572s] -- Looking for ignition-transport8 -- found version 8.3.0
[4.572s] -- Searching for dependencies of ignition-transport8
[4.599s] -- Found Protobuf: /usr/lib/x86_64-linux-gnu/libprotobuf.so;-lpthread (found suitable version "3.6.1", minimum required is "3") 
[4.617s] -- Config-file not installed for ZeroMQ -- checking for pkg-config
[4.624s] -- Checking for module 'libzmq >= 4'
[4.658s] --   Found libzmq , version 4.3.2
[4.722s] -- Found ZeroMQ: TRUE (Required is at least version "4") 
[4.729s] -- Checking for module 'uuid'
[4.751s] --   Found uuid, version 2.34.0
[4.817s] -- Found UUID: TRUE  
[4.822s] -- Looking for ignition-msgs5 -- found version 5.10.0
[4.823s] -- Searching for dependencies of ignition-msgs5
[4.865s] -- Looking for ignition-math6 -- found version 6.15.1
[4.875s] -- Checking for module 'tinyxml2'
[4.901s] --   Found tinyxml2, version 6.2.0
[4.978s] -- Looking for ignition-msgs5 -- found version 5.10.0
[4.981s] -- Looking for ignition-common3 -- found version 3.14.2
[4.981s] -- Searching for dependencies of ignition-common3
[4.982s] -- Looking for dlfcn.h - found
[4.983s] -- Looking for libdl - found
[4.985s] -- Found DL: TRUE  
[4.996s] -- Searching for <ignition-common3> component [graphics]
[4.999s] -- Looking for ignition-common3-graphics -- found version 3.14.2
[5.000s] -- Searching for dependencies of ignition-common3-graphics
[5.000s] -- Looking for ignition-math6 -- found version 6.15.1
[5.004s] -- Looking for ignition-fuel_tools4 -- found version 4.6.0
[5.005s] -- Searching for dependencies of ignition-fuel_tools4
[5.121s] -- Found CURL: /usr/lib/x86_64-linux-gnu/libcurl.so (found version "7.68.0")  
[5.134s] -- Checking for module 'jsoncpp'
[5.157s] --   Found jsoncpp, version 1.7.4
[5.215s] -- Found JSONCPP: TRUE  
[5.224s] -- Checking for module 'libzip'
[5.246s] --   Found libzip, version 1.5.1
[5.305s] -- Found ZIP: TRUE  
[5.306s] -- Looking for ignition-common3 -- found version 3.14.2
[5.307s] -- Looking for ignition-math6 -- found version 6.15.1
[5.307s] -- Looking for ignition-msgs5 -- found version 5.10.0
[5.310s] -- Gazebo version: 11.11
[5.326s] -- Found ariac_msgs: 0.0.0 (/home/shdh/enpm663_ws/install/ariac_msgs/share/ariac_msgs/cmake)
[5.416s] -- Found controller_manager_msgs: 1.6.0 (/opt/ros/galactic/share/controller_manager_msgs/cmake)
[5.441s] -- Found sensor_msgs: 2.2.4 (/opt/ros/galactic/share/sensor_msgs/cmake)
[5.531s] -- Found tf2: 0.17.5 (/opt/ros/galactic/share/tf2/cmake)
[5.547s] -- Found tf2_geometry_msgs: 0.17.5 (/opt/ros/galactic/share/tf2_geometry_msgs/cmake)
[5.558s] -- Found eigen3_cmake_module: 0.1.1 (/opt/ros/galactic/share/eigen3_cmake_module/cmake)
[5.560s] -- Found Eigen3: TRUE (found version "3.3.7") 
[6.388s] -- Configuring done
[6.767s] -- Generating done
[6.771s] -- Build files have been written to: /home/shdh/enpm663_ws/build/ariac_plugins
[6.792s] Invoked command in '/home/shdh/enpm663_ws/build/ariac_plugins' returned '0': AMENT_PREFIX_PATH=/home/shdh/enpm663_ws/install/ariac_msgs:${AMENT_PREFIX_PATH} CMAKE_PREFIX_PATH=/home/shdh/enpm663_ws/install/ariac_msgs:/opt/ros/galactic LD_LIBRARY_PATH=/home/shdh/enpm663_ws/install/ariac_msgs/lib:${LD_LIBRARY_PATH} PYTHONPATH=/home/shdh/enpm663_ws/install/ariac_msgs/lib/python3.8/site-packages:${PYTHONPATH} /usr/bin/cmake /home/shdh/enpm663_ws/src/ariac/ariac_plugins -DCMAKE_INSTALL_PREFIX=/home/shdh/enpm663_ws/install/ariac_plugins
[6.797s] Invoking command in '/home/shdh/enpm663_ws/build/ariac_plugins': AMENT_PREFIX_PATH=/home/shdh/enpm663_ws/install/ariac_msgs:${AMENT_PREFIX_PATH} CMAKE_PREFIX_PATH=/home/shdh/enpm663_ws/install/ariac_msgs:/opt/ros/galactic LD_LIBRARY_PATH=/home/shdh/enpm663_ws/install/ariac_msgs/lib:${LD_LIBRARY_PATH} PYTHONPATH=/home/shdh/enpm663_ws/install/ariac_msgs/lib/python3.8/site-packages:${PYTHONPATH} /usr/bin/cmake --build /home/shdh/enpm663_ws/build/ariac_plugins -- -j12 -l12
[6.858s] [35m[1mScanning dependencies of target agv_plugin[0m
[6.861s] [35m[1mScanning dependencies of target assembly_state_publisher[0m
[6.861s] [35m[1mScanning dependencies of target AGVTrayPlugin[0m
[6.861s] [35m[1mScanning dependencies of target conveyor_belt_plugin[0m
[6.862s] [35m[1mScanning dependencies of target ObjectDisposalPlugin[0m
[6.864s] [35m[1mScanning dependencies of target VacuumGripperPlugin[0m
[6.882s] [35m[1mScanning dependencies of target disable_shadows_plugin[0m
[6.884s] [35m[1mScanning dependencies of target assembly_lock_plugin[0m
[6.886s] [35m[1mScanning dependencies of target GripperColorPlugin[0m
[6.912s] [35m[1mScanning dependencies of target HumanTeleportPlugin[0m
[6.936s] [35m[1mScanning dependencies of target TaskManagerPlugin[0m
[7.313s] [  4%] [32mBuilding CXX object CMakeFiles/disable_shadows_plugin.dir/src/disable_shadows_plugin.cpp.o[0m
[7.320s] [  9%] [32mBuilding CXX object CMakeFiles/agv_plugin.dir/src/agv_plugin.cpp.o[0m
[7.328s] [ 13%] [32mBuilding CXX object CMakeFiles/GripperColorPlugin.dir/src/gripper_color_plugin.cpp.o[0m
[7.334s] [ 18%] [32mBuilding CXX object CMakeFiles/conveyor_belt_plugin.dir/src/conveyor_belt_plugin.cpp.o[0m
[7.342s] [ 22%] [32mBuilding CXX object CMakeFiles/VacuumGripperPlugin.dir/src/vacuum_gripper_plugin.cpp.o[0m
[7.345s] [ 27%] [32mBuilding CXX object CMakeFiles/ObjectDisposalPlugin.dir/src/object_disposal_plugin.cpp.o[0m
[7.381s] [ 31%] [32mBuilding CXX object CMakeFiles/assembly_lock_plugin.dir/src/assembly_lock_plugin.cpp.o[0m
[7.452s] [ 36%] [32mBuilding CXX object CMakeFiles/assembly_state_publisher.dir/src/assembly_state_publisher.cpp.o[0m
[7.461s] [ 40%] [32mBuilding CXX object CMakeFiles/HumanTeleportPlugin.dir/src/human_teleport_plugin.cpp.o[0m
[7.492s] [ 45%] [32mBuilding CXX object CMakeFiles/AGVTrayPlugin.dir/src/agv_tray_plugin.cpp.o[0m
[7.604s] [ 50%] [32mBuilding CXX object CMakeFiles/TaskManagerPlugin.dir/src/task_manager_plugin.cpp.o[0m
[37.977s] [ 54%] [32m[1mLinking CXX shared library libdisable_shadows_plugin.so[0m
[40.000s] [ 54%] Built target disable_shadows_plugin
[42.124s] [ 59%] [32m[1mLinking CXX shared library libassembly_lock_plugin.so[0m
[44.322s] [ 63%] [32m[1mLinking CXX shared library libHumanTeleportPlugin.so[0m
[44.338s] [ 63%] Built target assembly_lock_plugin
[45.906s] [ 63%] Built target HumanTeleportPlugin
[49.910s] [ 68%] [32m[1mLinking CXX shared library libObjectDisposalPlugin.so[0m
[50.270s] [ 72%] [32m[1mLinking CXX shared library libAGVTrayPlugin.so[0m
[52.161s] [ 72%] Built target ObjectDisposalPlugin
[52.788s] [ 72%] Built target AGVTrayPlugin
[52.804s] [ 77%] [32m[1mLinking CXX shared library libassembly_state_publisher.so[0m
[52.846s] [ 81%] [32m[1mLinking CXX shared library libagv_plugin.so[0m
[53.064s] [ 86%] [32m[1mLinking CXX shared library libGripperColorPlugin.so[0m
[54.674s] [ 86%] Built target agv_plugin
[54.857s] [ 86%] Built target assembly_state_publisher
[55.205s] [ 86%] Built target GripperColorPlugin
[57.068s] [ 90%] [32m[1mLinking CXX shared library libconveyor_belt_plugin.so[0m
[58.984s] [ 90%] Built target conveyor_belt_plugin
[64.165s] [ 95%] [32m[1mLinking CXX shared library libVacuumGripperPlugin.so[0m
[66.276s] [ 95%] Built target VacuumGripperPlugin
[79.447s] [100%] [32m[1mLinking CXX shared library libTaskManagerPlugin.so[0m
[81.456s] [100%] Built target TaskManagerPlugin
[81.472s] Invoked command in '/home/shdh/enpm663_ws/build/ariac_plugins' returned '0': AMENT_PREFIX_PATH=/home/shdh/enpm663_ws/install/ariac_msgs:${AMENT_PREFIX_PATH} CMAKE_PREFIX_PATH=/home/shdh/enpm663_ws/install/ariac_msgs:/opt/ros/galactic LD_LIBRARY_PATH=/home/shdh/enpm663_ws/install/ariac_msgs/lib:${LD_LIBRARY_PATH} PYTHONPATH=/home/shdh/enpm663_ws/install/ariac_msgs/lib/python3.8/site-packages:${PYTHONPATH} /usr/bin/cmake --build /home/shdh/enpm663_ws/build/ariac_plugins -- -j12 -l12
[81.544s] Invoking command in '/home/shdh/enpm663_ws/build/ariac_plugins': AMENT_PREFIX_PATH=/home/shdh/enpm663_ws/install/ariac_msgs:${AMENT_PREFIX_PATH} CMAKE_PREFIX_PATH=/home/shdh/enpm663_ws/install/ariac_msgs:/opt/ros/galactic LD_LIBRARY_PATH=/home/shdh/enpm663_ws/install/ariac_msgs/lib:${LD_LIBRARY_PATH} PYTHONPATH=/home/shdh/enpm663_ws/install/ariac_msgs/lib/python3.8/site-packages:${PYTHONPATH} /usr/bin/cmake --install /home/shdh/enpm663_ws/build/ariac_plugins
[81.556s] -- Install configuration: ""
[81.556s] -- Installing: /home/shdh/enpm663_ws/install/ariac_plugins/share/ariac_plugins/environment/library_path.sh
[81.557s] -- Installing: /home/shdh/enpm663_ws/install/ariac_plugins/share/ariac_plugins/environment/library_path.dsv
[81.558s] -- Installing: /home/shdh/enpm663_ws/install/ariac_plugins/share/ament_index/resource_index/package_run_dependencies/ariac_plugins
[81.558s] -- Installing: /home/shdh/enpm663_ws/install/ariac_plugins/share/ament_index/resource_index/parent_prefix_path/ariac_plugins
[81.558s] -- Installing: /home/shdh/enpm663_ws/install/ariac_plugins/share/ariac_plugins/environment/ament_prefix_path.sh
[81.559s] -- Installing: /home/shdh/enpm663_ws/install/ariac_plugins/share/ariac_plugins/environment/ament_prefix_path.dsv
[81.559s] -- Installing: /home/shdh/enpm663_ws/install/ariac_plugins/share/ariac_plugins/environment/path.sh
[81.559s] -- Installing: /home/shdh/enpm663_ws/install/ariac_plugins/share/ariac_plugins/environment/path.dsv
[81.559s] -- Installing: /home/shdh/enpm663_ws/install/ariac_plugins/share/ariac_plugins/local_setup.bash
[81.560s] -- Installing: /home/shdh/enpm663_ws/install/ariac_plugins/share/ariac_plugins/local_setup.sh
[81.560s] -- Installing: /home/shdh/enpm663_ws/install/ariac_plugins/share/ariac_plugins/local_setup.zsh
[81.560s] -- Installing: /home/shdh/enpm663_ws/install/ariac_plugins/share/ariac_plugins/local_setup.dsv
[81.561s] -- Installing: /home/shdh/enpm663_ws/install/ariac_plugins/share/ariac_plugins/package.dsv
[81.561s] -- Installing: /home/shdh/enpm663_ws/install/ariac_plugins/share/ament_index/resource_index/packages/ariac_plugins
[81.562s] -- Installing: /home/shdh/enpm663_ws/install/ariac_plugins/share/ariac_plugins/cmake/ament_cmake_export_libraries-extras.cmake
[81.562s] -- Installing: /home/shdh/enpm663_ws/install/ariac_plugins/share/ariac_plugins/cmake/ariac_pluginsConfig.cmake
[81.562s] -- Installing: /home/shdh/enpm663_ws/install/ariac_plugins/share/ariac_plugins/cmake/ariac_pluginsConfig-version.cmake
[81.562s] -- Installing: /home/shdh/enpm663_ws/install/ariac_plugins/share/ariac_plugins/package.xml
[81.563s] -- Installing: /home/shdh/enpm663_ws/install/ariac_plugins/include
[81.563s] -- Installing: /home/shdh/enpm663_ws/install/ariac_plugins/include/ariac_plugins
[81.563s] -- Installing: /home/shdh/enpm663_ws/install/ariac_plugins/include/ariac_plugins/human_teleport_plugin.hpp
[81.563s] -- Installing: /home/shdh/enpm663_ws/install/ariac_plugins/include/ariac_plugins/disable_shadows_plugin.hpp
[81.564s] -- Installing: /home/shdh/enpm663_ws/install/ariac_plugins/include/ariac_plugins/vacuum_gripper_plugin.hpp
[81.564s] -- Installing: /home/shdh/enpm663_ws/install/ariac_plugins/include/ariac_plugins/agv_tray_plugin.hpp
[81.564s] -- Installing: /home/shdh/enpm663_ws/install/ariac_plugins/include/ariac_plugins/object_disposal_plugin.hpp
[81.565s] -- Installing: /home/shdh/enpm663_ws/install/ariac_plugins/include/ariac_plugins/ariac_plugin_template.hpp
[81.565s] -- Installing: /home/shdh/enpm663_ws/install/ariac_plugins/include/ariac_plugins/task_manager_plugin.hpp
[81.565s] -- Installing: /home/shdh/enpm663_ws/install/ariac_plugins/include/ariac_plugins/gripper_color_plugin.hpp
[81.566s] -- Installing: /home/shdh/enpm663_ws/install/ariac_plugins/include/ariac_plugins/agv_plugin.hpp
[81.566s] -- Installing: /home/shdh/enpm663_ws/install/ariac_plugins/include/ariac_plugins/ariac_common.hpp
[81.566s] -- Installing: /home/shdh/enpm663_ws/install/ariac_plugins/include/ariac_plugins/assembly_lock_plugin.hpp
[81.567s] -- Installing: /home/shdh/enpm663_ws/install/ariac_plugins/include/ariac_plugins/conveyor_belt_plugin.hpp
[81.567s] -- Installing: /home/shdh/enpm663_ws/install/ariac_plugins/include/ariac_plugins/assembly_state_publisher.hpp
[81.567s] -- Installing: /home/shdh/enpm663_ws/install/ariac_plugins/lib/libVacuumGripperPlugin.so
[81.578s] -- Set runtime path of "/home/shdh/enpm663_ws/install/ariac_plugins/lib/libVacuumGripperPlugin.so" to ""
[81.578s] -- Installing: /home/shdh/enpm663_ws/install/ariac_plugins/lib/libconveyor_belt_plugin.so
[81.587s] -- Set runtime path of "/home/shdh/enpm663_ws/install/ariac_plugins/lib/libconveyor_belt_plugin.so" to ""
[81.587s] -- Installing: /home/shdh/enpm663_ws/install/ariac_plugins/lib/libagv_plugin.so
[81.592s] -- Set runtime path of "/home/shdh/enpm663_ws/install/ariac_plugins/lib/libagv_plugin.so" to ""
[81.593s] -- Installing: /home/shdh/enpm663_ws/install/ariac_plugins/lib/libassembly_lock_plugin.so
[81.596s] -- Set runtime path of "/home/shdh/enpm663_ws/install/ariac_plugins/lib/libassembly_lock_plugin.so" to ""
[81.596s] -- Installing: /home/shdh/enpm663_ws/install/ariac_plugins/lib/libassembly_state_publisher.so
[81.600s] -- Set runtime path of "/home/shdh/enpm663_ws/install/ariac_plugins/lib/libassembly_state_publisher.so" to ""
[81.600s] -- Installing: /home/shdh/enpm663_ws/install/ariac_plugins/lib/libGripperColorPlugin.so
[81.609s] -- Set runtime path of "/home/shdh/enpm663_ws/install/ariac_plugins/lib/libGripperColorPlugin.so" to ""
[81.609s] -- Installing: /home/shdh/enpm663_ws/install/ariac_plugins/lib/libdisable_shadows_plugin.so
[81.611s] -- Set runtime path of "/home/shdh/enpm663_ws/install/ariac_plugins/lib/libdisable_shadows_plugin.so" to ""
[81.611s] -- Installing: /home/shdh/enpm663_ws/install/ariac_plugins/lib/libObjectDisposalPlugin.so
[81.615s] -- Set runtime path of "/home/shdh/enpm663_ws/install/ariac_plugins/lib/libObjectDisposalPlugin.so" to ""
[81.615s] -- Installing: /home/shdh/enpm663_ws/install/ariac_plugins/lib/libAGVTrayPlugin.so
[81.619s] -- Set runtime path of "/home/shdh/enpm663_ws/install/ariac_plugins/lib/libAGVTrayPlugin.so" to ""
[81.619s] -- Installing: /home/shdh/enpm663_ws/install/ariac_plugins/lib/libTaskManagerPlugin.so
[81.637s] -- Set runtime path of "/home/shdh/enpm663_ws/install/ariac_plugins/lib/libTaskManagerPlugin.so" to ""
[81.637s] -- Installing: /home/shdh/enpm663_ws/install/ariac_plugins/lib/libHumanTeleportPlugin.so
[81.640s] -- Set runtime path of "/home/shdh/enpm663_ws/install/ariac_plugins/lib/libHumanTeleportPlugin.so" to ""
[81.642s] Invoked command in '/home/shdh/enpm663_ws/build/ariac_plugins' returned '0': AMENT_PREFIX_PATH=/home/shdh/enpm663_ws/install/ariac_msgs:${AMENT_PREFIX_PATH} CMAKE_PREFIX_PATH=/home/shdh/enpm663_ws/install/ariac_msgs:/opt/ros/galactic LD_LIBRARY_PATH=/home/shdh/enpm663_ws/install/ariac_msgs/lib:${LD_LIBRARY_PATH} PYTHONPATH=/home/shdh/enpm663_ws/install/ariac_msgs/lib/python3.8/site-packages:${PYTHONPATH} /usr/bin/cmake --install /home/shdh/enpm663_ws/build/ariac_plugins
