[4.822s] Invoking command in '/home/shdh/enpm663_ws/src/rwa1_sharma/exercise2': PYTHONPATH=/home/shdh/enpm663_ws/build/exercise2/prefix_override:/home/shdh/enpm663_ws/install/exercise2/lib/python3.8/site-packages:${PYTHONPATH} /usr/bin/python3 setup.py egg_info --egg-base ../../../build/exercise2 build --build-base /home/shdh/enpm663_ws/build/exercise2/build install --record /home/shdh/enpm663_ws/build/exercise2/install.log --single-version-externally-managed
[5.590s] running egg_info
[5.590s] writing ../../../build/exercise2/exercise2.egg-info/PKG-INFO
[5.590s] writing dependency_links to ../../../build/exercise2/exercise2.egg-info/dependency_links.txt
[5.590s] writing entry points to ../../../build/exercise2/exercise2.egg-info/entry_points.txt
[5.591s] writing requirements to ../../../build/exercise2/exercise2.egg-info/requires.txt
[5.591s] writing top-level names to ../../../build/exercise2/exercise2.egg-info/top_level.txt
[5.592s] reading manifest file '../../../build/exercise2/exercise2.egg-info/SOURCES.txt'
[5.592s] writing manifest file '../../../build/exercise2/exercise2.egg-info/SOURCES.txt'
[5.592s] running build
[5.592s] running build_py
[5.593s] running install
[5.593s] running install_lib
[5.593s] running install_data
[5.593s] running install_egg_info
[5.594s] removing '/home/shdh/enpm663_ws/install/exercise2/lib/python3.8/site-packages/exercise2-0.0.0-py3.8.egg-info' (and everything under it)
[5.594s] Copying ../../../build/exercise2/exercise2.egg-info to /home/shdh/enpm663_ws/install/exercise2/lib/python3.8/site-packages/exercise2-0.0.0-py3.8.egg-info
[5.594s] running install_scripts
[5.595s] writing list of installed files to '/home/shdh/enpm663_ws/build/exercise2/install.log'
[6.907s] Invoked command in '/home/shdh/enpm663_ws/src/rwa1_sharma/exercise2' returned '0': PYTHONPATH=/home/shdh/enpm663_ws/build/exercise2/prefix_override:/home/shdh/enpm663_ws/install/exercise2/lib/python3.8/site-packages:${PYTHONPATH} /usr/bin/python3 setup.py egg_info --egg-base ../../../build/exercise2 build --build-base /home/shdh/enpm663_ws/build/exercise2/build install --record /home/shdh/enpm663_ws/build/exercise2/install.log --single-version-externally-managed
