running egg_info
writing ../../../build/exercise2/exercise2.egg-info/PKG-INFO
writing dependency_links to ../../../build/exercise2/exercise2.egg-info/dependency_links.txt
writing entry points to ../../../build/exercise2/exercise2.egg-info/entry_points.txt
writing requirements to ../../../build/exercise2/exercise2.egg-info/requires.txt
writing top-level names to ../../../build/exercise2/exercise2.egg-info/top_level.txt
reading manifest file '../../../build/exercise2/exercise2.egg-info/SOURCES.txt'
writing manifest file '../../../build/exercise2/exercise2.egg-info/SOURCES.txt'
running build
running build_py
copying exercise2/ex2_interface.py -> /home/shdh/enpm663_ws/build/exercise2/build/lib/exercise2
running install
running install_lib
copying /home/shdh/enpm663_ws/build/exercise2/build/lib/exercise2/ex2_interface.py -> /home/shdh/enpm663_ws/install/exercise2/lib/python3.8/site-packages/exercise2
byte-compiling /home/shdh/enpm663_ws/install/exercise2/lib/python3.8/site-packages/exercise2/ex2_interface.py to ex2_interface.cpython-38.pyc
running install_data
running install_egg_info
removing '/home/shdh/enpm663_ws/install/exercise2/lib/python3.8/site-packages/exercise2-0.0.0-py3.8.egg-info' (and everything under it)
Copying ../../../build/exercise2/exercise2.egg-info to /home/shdh/enpm663_ws/install/exercise2/lib/python3.8/site-packages/exercise2-0.0.0-py3.8.egg-info
running install_scripts
Installing ex2_demo script to /home/shdh/enpm663_ws/install/exercise2/lib/exercise2
writing list of installed files to '/home/shdh/enpm663_ws/build/exercise2/install.log'
