[1.638s] Invoking command in '/home/shdh/enpm663_ws/src/rwa1_sharma/exercise2': PYTHONPATH=/home/shdh/enpm663_ws/build/exercise2/prefix_override:/home/shdh/enpm663_ws/install/exercise2/lib/python3.8/site-packages:${PYTHONPATH} /usr/bin/python3 setup.py egg_info --egg-base ../../../build/exercise2 build --build-base /home/shdh/enpm663_ws/build/exercise2/build install --record /home/shdh/enpm663_ws/build/exercise2/install.log --single-version-externally-managed
[1.852s] running egg_info
[1.852s] writing ../../../build/exercise2/exercise2.egg-info/PKG-INFO
[1.852s] writing dependency_links to ../../../build/exercise2/exercise2.egg-info/dependency_links.txt
[1.852s] writing entry points to ../../../build/exercise2/exercise2.egg-info/entry_points.txt
[1.852s] writing requirements to ../../../build/exercise2/exercise2.egg-info/requires.txt
[1.853s] writing top-level names to ../../../build/exercise2/exercise2.egg-info/top_level.txt
[1.881s] reading manifest file '../../../build/exercise2/exercise2.egg-info/SOURCES.txt'
[1.882s] writing manifest file '../../../build/exercise2/exercise2.egg-info/SOURCES.txt'
[1.882s] running build
[1.882s] running build_py
[1.882s] copying exercise2/ex2_interface.py -> /home/shdh/enpm663_ws/build/exercise2/build/lib/exercise2
[1.882s] running install
[1.883s] running install_lib
[1.884s] copying /home/shdh/enpm663_ws/build/exercise2/build/lib/exercise2/ex2_interface.py -> /home/shdh/enpm663_ws/install/exercise2/lib/python3.8/site-packages/exercise2
[1.884s] byte-compiling /home/shdh/enpm663_ws/install/exercise2/lib/python3.8/site-packages/exercise2/ex2_interface.py to ex2_interface.cpython-38.pyc
[1.885s] running install_data
[1.886s] running install_egg_info
[1.887s] removing '/home/shdh/enpm663_ws/install/exercise2/lib/python3.8/site-packages/exercise2-0.0.0-py3.8.egg-info' (and everything under it)
[1.888s] Copying ../../../build/exercise2/exercise2.egg-info to /home/shdh/enpm663_ws/install/exercise2/lib/python3.8/site-packages/exercise2-0.0.0-py3.8.egg-info
[1.888s] running install_scripts
[1.902s] Installing ex2_demo script to /home/shdh/enpm663_ws/install/exercise2/lib/exercise2
[1.902s] writing list of installed files to '/home/shdh/enpm663_ws/build/exercise2/install.log'
[1.916s] Invoked command in '/home/shdh/enpm663_ws/src/rwa1_sharma/exercise2' returned '0': PYTHONPATH=/home/shdh/enpm663_ws/build/exercise2/prefix_override:/home/shdh/enpm663_ws/install/exercise2/lib/python3.8/site-packages:${PYTHONPATH} /usr/bin/python3 setup.py egg_info --egg-base ../../../build/exercise2 build --build-base /home/shdh/enpm663_ws/build/exercise2/build install --record /home/shdh/enpm663_ws/build/exercise2/install.log --single-version-externally-managed
