[5.887s] Invoking command in '/home/shdh/enpm663_ws/src/rwa1_sharma/exercise3': PYTHONPATH=/home/shdh/enpm663_ws/build/exercise3/prefix_override:/home/shdh/enpm663_ws/install/exercise3/lib/python3.8/site-packages:${PYTHONPATH} /usr/bin/python3 setup.py egg_info --egg-base ../../../build/exercise3 build --build-base /home/shdh/enpm663_ws/build/exercise3/build install --record /home/shdh/enpm663_ws/build/exercise3/install.log --single-version-externally-managed
[6.584s] running egg_info
[6.584s] writing ../../../build/exercise3/exercise3.egg-info/PKG-INFO
[6.584s] writing dependency_links to ../../../build/exercise3/exercise3.egg-info/dependency_links.txt
[6.585s] writing entry points to ../../../build/exercise3/exercise3.egg-info/entry_points.txt
[6.585s] writing requirements to ../../../build/exercise3/exercise3.egg-info/requires.txt
[6.586s] writing top-level names to ../../../build/exercise3/exercise3.egg-info/top_level.txt
[6.586s] reading manifest file '../../../build/exercise3/exercise3.egg-info/SOURCES.txt'
[6.586s] writing manifest file '../../../build/exercise3/exercise3.egg-info/SOURCES.txt'
[6.587s] running build
[6.588s] running build_py
[6.588s] copying exercise3/ex3_sub_demo.py -> /home/shdh/enpm663_ws/build/exercise3/build/lib/exercise3
[6.588s] running install
[6.589s] running install_lib
[6.589s] copying /home/shdh/enpm663_ws/build/exercise3/build/lib/exercise3/ex3_sub_demo.py -> /home/shdh/enpm663_ws/install/exercise3/lib/python3.8/site-packages/exercise3
[6.590s] byte-compiling /home/shdh/enpm663_ws/install/exercise3/lib/python3.8/site-packages/exercise3/ex3_sub_demo.py to ex3_sub_demo.cpython-38.pyc
[6.590s] running install_data
[6.590s] running install_egg_info
[6.590s] removing '/home/shdh/enpm663_ws/install/exercise3/lib/python3.8/site-packages/exercise3-0.0.0-py3.8.egg-info' (and everything under it)
[6.591s] Copying ../../../build/exercise3/exercise3.egg-info to /home/shdh/enpm663_ws/install/exercise3/lib/python3.8/site-packages/exercise3-0.0.0-py3.8.egg-info
[6.591s] running install_scripts
[6.591s] Installing ex3_pub_demo script to /home/shdh/enpm663_ws/install/exercise3/lib/exercise3
[6.592s] Installing ex3_sub_demo script to /home/shdh/enpm663_ws/install/exercise3/lib/exercise3
[6.592s] writing list of installed files to '/home/shdh/enpm663_ws/build/exercise3/install.log'
[8.584s] Invoked command in '/home/shdh/enpm663_ws/src/rwa1_sharma/exercise3' returned '0': PYTHONPATH=/home/shdh/enpm663_ws/build/exercise3/prefix_override:/home/shdh/enpm663_ws/install/exercise3/lib/python3.8/site-packages:${PYTHONPATH} /usr/bin/python3 setup.py egg_info --egg-base ../../../build/exercise3 build --build-base /home/shdh/enpm663_ws/build/exercise3/build install --record /home/shdh/enpm663_ws/build/exercise3/install.log --single-version-externally-managed
