[2.637s] Invoking command in '/home/shdh/enpm663_ws/build/ariac_moveit_config': CMAKE_PREFIX_PATH=${CMAKE_PREFIX_PATH}:/home/shdh/enpm663_ws/install/exercise3:/home/shdh/enpm663_ws/install/exercise2:/home/shdh/enpm663_ws/install/exercise1:/home/shdh/enpm663_ws/install/ariac_gui:/opt/ros/galactic /usr/bin/cmake --build /home/shdh/enpm663_ws/build/ariac_moveit_config -- -j12 -l12
[4.987s] Built target ament_cmake_python_copy_ariac_moveit_config
[4.987s] running egg_info
[4.989s] writing ariac_moveit_config.egg-info/PKG-INFO
[4.990s] writing dependency_links to ariac_moveit_config.egg-info/dependency_links.txt
[4.990s] writing top-level names to ariac_moveit_config.egg-info/top_level.txt
[4.991s] running install_scripts
[4.991s] reading manifest file 'ariac_moveit_config.egg-info/SOURCES.txt'
[4.994s] writing manifest file 'ariac_moveit_config.egg-info/SOURCES.txt'
[4.995s] running egg_info
[4.996s] writing ariac_moveit_config.egg-info/PKG-INFO
[4.997s] writing dependency_links to ariac_moveit_config.egg-info/dependency_links.txt
[4.998s] writing top-level names to ariac_moveit_config.egg-info/top_level.txt
[4.998s] Built target ament_cmake_python_build_ariac_moveit_config_egg
[4.999s] reading manifest file 'ariac_moveit_config.egg-info/SOURCES.txt'
[4.999s] writing manifest file 'ariac_moveit_config.egg-info/SOURCES.txt'
[5.000s] Built target ament_cmake_python_build_ariac_moveit_config_scripts
[5.003s] Invoked command in '/home/shdh/enpm663_ws/build/ariac_moveit_config' returned '0': CMAKE_PREFIX_PATH=${CMAKE_PREFIX_PATH}:/home/shdh/enpm663_ws/install/exercise3:/home/shdh/enpm663_ws/install/exercise2:/home/shdh/enpm663_ws/install/exercise1:/home/shdh/enpm663_ws/install/ariac_gui:/opt/ros/galactic /usr/bin/cmake --build /home/shdh/enpm663_ws/build/ariac_moveit_config -- -j12 -l12
[5.060s] Invoking command in '/home/shdh/enpm663_ws/build/ariac_moveit_config': CMAKE_PREFIX_PATH=${CMAKE_PREFIX_PATH}:/home/shdh/enpm663_ws/install/exercise3:/home/shdh/enpm663_ws/install/exercise2:/home/shdh/enpm663_ws/install/exercise1:/home/shdh/enpm663_ws/install/ariac_gui:/opt/ros/galactic /usr/bin/cmake --install /home/shdh/enpm663_ws/build/ariac_moveit_config
[5.134s] -- Install configuration: ""
[5.151s] -- Up-to-date: /home/shdh/enpm663_ws/install/ariac_moveit_config/share/ariac_moveit_config/config
[5.152s] -- Up-to-date: /home/shdh/enpm663_ws/install/ariac_moveit_config/share/ariac_moveit_config/config/controllers.yaml
[5.153s] -- Up-to-date: /home/shdh/enpm663_ws/install/ariac_moveit_config/share/ariac_moveit_config/config/ompl_planning.yaml
[5.153s] -- Up-to-date: /home/shdh/enpm663_ws/install/ariac_moveit_config/share/ariac_moveit_config/config/kinematics.yaml
[5.155s] -- Up-to-date: /home/shdh/enpm663_ws/install/ariac_moveit_config/share/ariac_moveit_config/launch
[5.155s] -- Up-to-date: /home/shdh/enpm663_ws/install/ariac_moveit_config/share/ariac_moveit_config/launch/ariac_robots_moveit.launch.py
[5.155s] -- Up-to-date: /home/shdh/enpm663_ws/install/ariac_moveit_config/share/ariac_moveit_config/srdf
[5.156s] -- Up-to-date: /home/shdh/enpm663_ws/install/ariac_moveit_config/share/ariac_moveit_config/srdf/ariac_robots.srdf
[5.157s] -- Up-to-date: /home/shdh/enpm663_ws/install/ariac_moveit_config/share/ariac_moveit_config/rviz
[5.158s] -- Up-to-date: /home/shdh/enpm663_ws/install/ariac_moveit_config/share/ariac_moveit_config/rviz/moveit.rviz
[5.158s] -- Up-to-date: /home/shdh/enpm663_ws/install/ariac_moveit_config/share/ariac_moveit_config/environment/pythonpath.sh
[5.159s] -- Up-to-date: /home/shdh/enpm663_ws/install/ariac_moveit_config/share/ariac_moveit_config/environment/pythonpath.dsv
[5.159s] -- Up-to-date: /home/shdh/enpm663_ws/install/ariac_moveit_config/lib/python3.8/site-packages//ariac_moveit_config.egg-info
[5.159s] -- Installing: /home/shdh/enpm663_ws/install/ariac_moveit_config/lib/python3.8/site-packages//ariac_moveit_config.egg-info/PKG-INFO
[5.160s] -- Installing: /home/shdh/enpm663_ws/install/ariac_moveit_config/lib/python3.8/site-packages//ariac_moveit_config.egg-info/top_level.txt
[5.162s] -- Installing: /home/shdh/enpm663_ws/install/ariac_moveit_config/lib/python3.8/site-packages//ariac_moveit_config.egg-info/SOURCES.txt
[5.172s] -- Installing: /home/shdh/enpm663_ws/install/ariac_moveit_config/lib/python3.8/site-packages//ariac_moveit_config.egg-info/dependency_links.txt
[5.172s] -- Up-to-date: /home/shdh/enpm663_ws/install/ariac_moveit_config/lib/ariac_moveit_config/
[5.173s] -- Up-to-date: /home/shdh/enpm663_ws/install/ariac_moveit_config/lib/python3.8/site-packages/ariac_moveit_config
[5.179s] -- Up-to-date: /home/shdh/enpm663_ws/install/ariac_moveit_config/lib/python3.8/site-packages/ariac_moveit_config/__init__.py
[5.179s] -- Up-to-date: /home/shdh/enpm663_ws/install/ariac_moveit_config/lib/python3.8/site-packages/ariac_moveit_config/parameters.py
[5.262s] Listing '/home/shdh/enpm663_ws/install/ariac_moveit_config/lib/python3.8/site-packages/ariac_moveit_config'...
[5.263s] -- Up-to-date: /home/shdh/enpm663_ws/install/ariac_moveit_config/share/ament_index/resource_index/package_run_dependencies/ariac_moveit_config
[5.264s] -- Up-to-date: /home/shdh/enpm663_ws/install/ariac_moveit_config/share/ament_index/resource_index/parent_prefix_path/ariac_moveit_config
[5.265s] -- Up-to-date: /home/shdh/enpm663_ws/install/ariac_moveit_config/share/ariac_moveit_config/environment/ament_prefix_path.sh
[5.266s] -- Up-to-date: /home/shdh/enpm663_ws/install/ariac_moveit_config/share/ariac_moveit_config/environment/ament_prefix_path.dsv
[5.267s] -- Up-to-date: /home/shdh/enpm663_ws/install/ariac_moveit_config/share/ariac_moveit_config/environment/path.sh
[5.269s] -- Up-to-date: /home/shdh/enpm663_ws/install/ariac_moveit_config/share/ariac_moveit_config/environment/path.dsv
[5.270s] -- Up-to-date: /home/shdh/enpm663_ws/install/ariac_moveit_config/share/ariac_moveit_config/local_setup.bash
[5.272s] -- Up-to-date: /home/shdh/enpm663_ws/install/ariac_moveit_config/share/ariac_moveit_config/local_setup.sh
[5.274s] -- Up-to-date: /home/shdh/enpm663_ws/install/ariac_moveit_config/share/ariac_moveit_config/local_setup.zsh
[5.274s] -- Up-to-date: /home/shdh/enpm663_ws/install/ariac_moveit_config/share/ariac_moveit_config/local_setup.dsv
[5.275s] -- Installing: /home/shdh/enpm663_ws/install/ariac_moveit_config/share/ariac_moveit_config/package.dsv
[5.276s] -- Up-to-date: /home/shdh/enpm663_ws/install/ariac_moveit_config/share/ament_index/resource_index/packages/ariac_moveit_config
[5.276s] -- Up-to-date: /home/shdh/enpm663_ws/install/ariac_moveit_config/share/ariac_moveit_config/cmake/ariac_moveit_configConfig.cmake
[5.276s] -- Up-to-date: /home/shdh/enpm663_ws/install/ariac_moveit_config/share/ariac_moveit_config/cmake/ariac_moveit_configConfig-version.cmake
[5.276s] -- Up-to-date: /home/shdh/enpm663_ws/install/ariac_moveit_config/share/ariac_moveit_config/package.xml
[6.606s] Invoked command in '/home/shdh/enpm663_ws/build/ariac_moveit_config' returned '0': CMAKE_PREFIX_PATH=${CMAKE_PREFIX_PATH}:/home/shdh/enpm663_ws/install/exercise3:/home/shdh/enpm663_ws/install/exercise2:/home/shdh/enpm663_ws/install/exercise1:/home/shdh/enpm663_ws/install/ariac_gui:/opt/ros/galactic /usr/bin/cmake --install /home/shdh/enpm663_ws/build/ariac_moveit_config
