Built target ament_cmake_python_copy_ariac_gazebo_setup
Built target ament_cmake_python_copy_ariac_gazebo
running install_scripts
running egg_info
writing ariac_gazebo.egg-info/PKG-INFO
writing dependency_links to ariac_gazebo.egg-info/dependency_links.txt
writing entry points to ariac_gazebo.egg-info/entry_points.txt
writing top-level names to ariac_gazebo.egg-info/top_level.txt
running egg_info
writing ariac_gazebo.egg-info/PKG-INFO
writing dependency_links to ariac_gazebo.egg-info/dependency_links.txt
writing entry points to ariac_gazebo.egg-info/entry_points.txt
writing top-level names to ariac_gazebo.egg-info/top_level.txt
reading manifest file 'ariac_gazebo.egg-info/SOURCES.txt'
writing manifest file 'ariac_gazebo.egg-info/SOURCES.txt'
Installing spawner script to scripts
reading manifest file 'ariac_gazebo.egg-info/SOURCES.txt'
writing manifest file 'ariac_gazebo.egg-info/SOURCES.txt'
Built target ament_cmake_python_build_ariac_gazebo_scripts
Built target ament_cmake_python_build_ariac_gazebo_egg
