running egg_info
creating ../../../build/exercise2/exercise2.egg-info
writing ../../../build/exercise2/exercise2.egg-info/PKG-INFO
writing dependency_links to ../../../build/exercise2/exercise2.egg-info/dependency_links.txt
writing entry points to ../../../build/exercise2/exercise2.egg-info/entry_points.txt
writing requirements to ../../../build/exercise2/exercise2.egg-info/requires.txt
writing top-level names to ../../../build/exercise2/exercise2.egg-info/top_level.txt
writing manifest file '../../../build/exercise2/exercise2.egg-info/SOURCES.txt'
reading manifest file '../../../build/exercise2/exercise2.egg-info/SOURCES.txt'
writing manifest file '../../../build/exercise2/exercise2.egg-info/SOURCES.txt'
running build
running build_py
creating /home/shdh/enpm663_ws/build/exercise2/build
creating /home/shdh/enpm663_ws/build/exercise2/build/lib
creating /home/shdh/enpm663_ws/build/exercise2/build/lib/exercise2
copying exercise2/__init__.py -> /home/shdh/enpm663_ws/build/exercise2/build/lib/exercise2
copying exercise2/ex2_interface.py -> /home/shdh/enpm663_ws/build/exercise2/build/lib/exercise2
running install
running install_lib
creating /home/shdh/enpm663_ws/install/exercise2/lib/python3.8/site-packages/exercise2
copying /home/shdh/enpm663_ws/build/exercise2/build/lib/exercise2/__init__.py -> /home/shdh/enpm663_ws/install/exercise2/lib/python3.8/site-packages/exercise2
copying /home/shdh/enpm663_ws/build/exercise2/build/lib/exercise2/ex2_interface.py -> /home/shdh/enpm663_ws/install/exercise2/lib/python3.8/site-packages/exercise2
byte-compiling /home/shdh/enpm663_ws/install/exercise2/lib/python3.8/site-packages/exercise2/__init__.py to __init__.cpython-38.pyc
byte-compiling /home/shdh/enpm663_ws/install/exercise2/lib/python3.8/site-packages/exercise2/ex2_interface.py to ex2_interface.cpython-38.pyc
running install_data
creating /home/shdh/enpm663_ws/install/exercise2/share/ament_index
creating /home/shdh/enpm663_ws/install/exercise2/share/ament_index/resource_index
creating /home/shdh/enpm663_ws/install/exercise2/share/ament_index/resource_index/packages
copying resource/exercise2 -> /home/shdh/enpm663_ws/install/exercise2/share/ament_index/resource_index/packages
copying package.xml -> /home/shdh/enpm663_ws/install/exercise2/share/exercise2
running install_egg_info
Copying ../../../build/exercise2/exercise2.egg-info to /home/shdh/enpm663_ws/install/exercise2/lib/python3.8/site-packages/exercise2-0.0.0-py3.8.egg-info
running install_scripts
writing list of installed files to '/home/shdh/enpm663_ws/build/exercise2/install.log'
