[1.013s] Invoking command in '/home/shdh/enpm663_ws/build/ariac_gazebo': CMAKE_PREFIX_PATH=/opt/ros/galactic /usr/bin/cmake /home/shdh/enpm663_ws/src/ariac/ariac_gazebo -DCMAKE_INSTALL_PREFIX=/home/shdh/enpm663_ws/install/ariac_gazebo
[1.109s] -- The C compiler identification is GNU 10.5.0
[1.195s] -- The CXX compiler identification is GNU 10.5.0
[1.200s] -- Check for working C compiler: /usr/bin/cc
[1.270s] -- Check for working C compiler: /usr/bin/cc -- works
[1.272s] -- Detecting C compiler ABI info
[1.354s] -- Detecting C compiler ABI info - done
[1.367s] -- Detecting C compile features
[1.367s] -- Detecting C compile features - done
[1.370s] -- Check for working CXX compiler: /usr/bin/c++
[1.451s] -- Check for working CXX compiler: /usr/bin/c++ -- works
[1.452s] -- Detecting CXX compiler ABI info
[1.543s] -- Detecting CXX compiler ABI info - done
[1.555s] -- Detecting CXX compile features
[1.555s] -- Detecting CXX compile features - done
[1.559s] -- Found ament_cmake: 1.1.6 (/opt/ros/galactic/share/ament_cmake/cmake)
[1.588s] -- Found PythonInterp: /usr/bin/python3 (found suitable version "3.8.10", minimum required is "3") 
[1.588s] -- Using PYTHON_EXECUTABLE: /usr/bin/python3
[1.681s] -- Found rclcpp: 9.2.2 (/opt/ros/galactic/share/rclcpp/cmake)
[1.742s] -- Using all available rosidl_typesupport_c: rosidl_typesupport_fastrtps_c;rosidl_typesupport_introspection_c
[1.751s] -- Found rosidl_adapter: 2.2.3 (/opt/ros/galactic/share/rosidl_adapter/cmake)
[1.843s] -- Found OpenSSL: /usr/lib/x86_64-linux-gnu/libcrypto.so (found version "1.1.1f")  
[1.881s] -- Found FastRTPS: /opt/ros/galactic/include  
[2.004s] -- Using all available rosidl_typesupport_cpp: rosidl_typesupport_fastrtps_cpp;rosidl_typesupport_introspection_cpp
[2.085s] -- Found rmw_implementation_cmake: 3.3.1 (/opt/ros/galactic/share/rmw_implementation_cmake/cmake)
[2.088s] -- Found rmw_cyclonedds_cpp: 0.22.6 (/opt/ros/galactic/share/rmw_cyclonedds_cpp/cmake)
[2.112s] -- Using RMW implementation 'rmw_cyclonedds_cpp' as default
[2.116s] -- Looking for pthread.h
[2.205s] -- Looking for pthread.h - found
[2.206s] -- Performing Test CMAKE_HAVE_LIBC_PTHREAD
[2.294s] -- Performing Test CMAKE_HAVE_LIBC_PTHREAD - Failed
[2.295s] -- Looking for pthread_create in pthreads
[2.355s] -- Looking for pthread_create in pthreads - not found
[2.356s] -- Looking for pthread_create in pthread
[2.429s] -- Looking for pthread_create in pthread - found
[2.430s] -- Found Threads: TRUE  
[2.612s] -- Found rclpy: 1.9.3 (/opt/ros/galactic/share/rclpy/cmake)
[2.615s] -- Found PkgConfig: /usr/bin/pkg-config (found version "0.29.1") 
[2.618s] -- Checking for module 'bullet>=2.82'
[2.634s] --   Found bullet, version 2.88
[2.757s] -- Found ccd: /usr/include (found suitable version "2.0", minimum required is "2.0") 
[2.818s] -- Found fcl: /usr/include (found suitable version "0.6.1", minimum required is "0.3.2") 
[2.872s] -- Found assimp: /usr/include (found version "5.0.0") 
[2.895s] -- Found DART: /usr/include (Required is at least version "6.6") found components: dart 
[2.923s] -- Found Boost: /usr/lib/x86_64-linux-gnu/cmake/Boost-1.71.0/BoostConfig.cmake (found suitable version "1.71.0", minimum required is "1.40.0") found components: thread system filesystem program_options regex iostreams date_time 
[2.941s] -- Found Protobuf: /usr/lib/x86_64-linux-gnu/libprotobuf.so;-lpthread (found version "3.6.1") 
[2.947s] -- Looking for ignition-math6 -- found version 6.15.1
[2.955s] -- Searching for dependencies of ignition-math6
[2.958s] -- Looking for OGRE...
[2.961s] -- OGRE_PREFIX_WATCH changed.
[2.964s] -- Checking for module 'OGRE'
[2.978s] --   Found OGRE, version 1.9.0
[3.022s] -- Found Ogre Ghadamon (1.9.0)
[3.039s] -- Found OGRE: optimized;/usr/lib/x86_64-linux-gnu/libOgreMain.so;debug;/usr/lib/x86_64-linux-gnu/libOgreMain.so
[3.053s] -- Looking for OGRE_Paging...
[3.065s] -- Found OGRE_Paging: optimized;/usr/lib/x86_64-linux-gnu/libOgrePaging.so;debug;/usr/lib/x86_64-linux-gnu/libOgrePaging.so
[3.065s] -- Looking for OGRE_Terrain...
[3.075s] -- Found OGRE_Terrain: optimized;/usr/lib/x86_64-linux-gnu/libOgreTerrain.so;debug;/usr/lib/x86_64-linux-gnu/libOgreTerrain.so
[3.075s] -- Looking for OGRE_Property...
[3.086s] -- Found OGRE_Property: optimized;/usr/lib/x86_64-linux-gnu/libOgreProperty.so;debug;/usr/lib/x86_64-linux-gnu/libOgreProperty.so
[3.086s] -- Looking for OGRE_RTShaderSystem...
[3.096s] -- Found OGRE_RTShaderSystem: optimized;/usr/lib/x86_64-linux-gnu/libOgreRTShaderSystem.so;debug;/usr/lib/x86_64-linux-gnu/libOgreRTShaderSystem.so
[3.099s] -- Looking for OGRE_Volume...
[3.108s] -- Found OGRE_Volume: optimized;/usr/lib/x86_64-linux-gnu/libOgreVolume.so;debug;/usr/lib/x86_64-linux-gnu/libOgreVolume.so
[3.108s] -- Looking for OGRE_Overlay...
[3.115s] -- Found OGRE_Overlay: optimized;/usr/lib/x86_64-linux-gnu/libOgreOverlay.so;debug;/usr/lib/x86_64-linux-gnu/libOgreOverlay.so
[3.245s] -- Looking for ignition-math6 -- found version 6.15.1
[3.246s] -- Looking for ignition-transport8 -- found version 8.3.0
[3.246s] -- Searching for dependencies of ignition-transport8
[3.264s] -- Found Protobuf: /usr/lib/x86_64-linux-gnu/libprotobuf.so;-lpthread (found suitable version "3.6.1", minimum required is "3") 
[3.277s] -- Config-file not installed for ZeroMQ -- checking for pkg-config
[3.281s] -- Checking for module 'libzmq >= 4'
[3.297s] --   Found libzmq , version 4.3.2
[3.337s] -- Found ZeroMQ: TRUE (Required is at least version "4") 
[3.343s] -- Checking for module 'uuid'
[3.358s] --   Found uuid, version 2.34.0
[3.395s] -- Found UUID: TRUE  
[3.398s] -- Looking for ignition-msgs5 -- found version 5.10.0
[3.399s] -- Searching for dependencies of ignition-msgs5
[3.415s] -- Looking for ignition-math6 -- found version 6.15.1
[3.420s] -- Checking for module 'tinyxml2'
[3.434s] --   Found tinyxml2, version 6.2.0
[3.475s] -- Looking for ignition-msgs5 -- found version 5.10.0
[3.476s] -- Looking for ignition-common3 -- found version 3.14.2
[3.477s] -- Searching for dependencies of ignition-common3
[3.479s] -- Looking for dlfcn.h - found
[3.479s] -- Looking for libdl - found
[3.480s] -- Found DL: TRUE  
[3.485s] -- Searching for <ignition-common3> component [graphics]
[3.487s] -- Looking for ignition-common3-graphics -- found version 3.14.2
[3.488s] -- Searching for dependencies of ignition-common3-graphics
[3.489s] -- Looking for ignition-math6 -- found version 6.15.1
[3.491s] -- Looking for ignition-fuel_tools4 -- found version 4.6.0
[3.491s] -- Searching for dependencies of ignition-fuel_tools4
[3.563s] -- Found CURL: /usr/lib/x86_64-linux-gnu/libcurl.so (found version "7.68.0")  
[3.570s] -- Checking for module 'jsoncpp'
[3.586s] --   Found jsoncpp, version 1.7.4
[3.624s] -- Found JSONCPP: TRUE  
[3.631s] -- Checking for module 'libzip'
[3.648s] --   Found libzip, version 1.5.1
[3.694s] -- Found ZIP: TRUE  
[3.694s] -- Looking for ignition-common3 -- found version 3.14.2
[3.695s] -- Looking for ignition-math6 -- found version 6.15.1
[3.695s] -- Looking for ignition-msgs5 -- found version 5.10.0
[3.698s] -- Found gazebo_ros: 3.5.2 (/opt/ros/galactic/share/gazebo_ros/cmake)
[3.704s] -- Gazebo version: 11.11
[3.846s] -- Configuring done
[3.850s] -- Generating done
[3.853s] -- Build files have been written to: /home/shdh/enpm663_ws/build/ariac_gazebo
[4.608s] Invoked command in '/home/shdh/enpm663_ws/build/ariac_gazebo' returned '0': CMAKE_PREFIX_PATH=/opt/ros/galactic /usr/bin/cmake /home/shdh/enpm663_ws/src/ariac/ariac_gazebo -DCMAKE_INSTALL_PREFIX=/home/shdh/enpm663_ws/install/ariac_gazebo
[4.610s] Invoking command in '/home/shdh/enpm663_ws/build/ariac_gazebo': CMAKE_PREFIX_PATH=/opt/ros/galactic /usr/bin/cmake --build /home/shdh/enpm663_ws/build/ariac_gazebo -- -j12 -l12
[4.656s] [35m[1mScanning dependencies of target ament_cmake_python_copy_ariac_gazebo[0m
[4.657s] [35m[1mScanning dependencies of target ament_cmake_python_copy_ariac_gazebo_setup[0m
[4.679s] Built target ament_cmake_python_copy_ariac_gazebo
[4.679s] Built target ament_cmake_python_copy_ariac_gazebo_setup
[4.692s] [35m[1mScanning dependencies of target ament_cmake_python_build_ariac_gazebo_egg[0m
[4.693s] [35m[1mScanning dependencies of target ament_cmake_python_build_ariac_gazebo_scripts[0m
[4.954s] running egg_info
[4.955s] creating ariac_gazebo.egg-info
[4.956s] writing ariac_gazebo.egg-info/PKG-INFO
[4.957s] writing dependency_links to ariac_gazebo.egg-info/dependency_links.txt
[4.958s] writing entry points to ariac_gazebo.egg-info/entry_points.txt
[4.958s] writing top-level names to ariac_gazebo.egg-info/top_level.txt
[4.958s] running install_scripts
[4.959s] writing manifest file 'ariac_gazebo.egg-info/SOURCES.txt'
[4.982s] running egg_info
[4.983s] writing ariac_gazebo.egg-info/PKG-INFO
[4.983s] writing dependency_links to ariac_gazebo.egg-info/dependency_links.txt
[4.984s] writing entry points to ariac_gazebo.egg-info/entry_points.txt
[4.984s] writing top-level names to ariac_gazebo.egg-info/top_level.txt
[4.993s] reading manifest file 'ariac_gazebo.egg-info/SOURCES.txt'
[4.994s] writing manifest file 'ariac_gazebo.egg-info/SOURCES.txt'
[5.019s] reading manifest file 'ariac_gazebo.egg-info/SOURCES.txt'
[5.020s] writing manifest file 'ariac_gazebo.egg-info/SOURCES.txt'
[5.021s] Built target ament_cmake_python_build_ariac_gazebo_egg
[5.022s] Installing spawner script to scripts
[5.047s] Built target ament_cmake_python_build_ariac_gazebo_scripts
[5.208s] Invoked command in '/home/shdh/enpm663_ws/build/ariac_gazebo' returned '0': CMAKE_PREFIX_PATH=/opt/ros/galactic /usr/bin/cmake --build /home/shdh/enpm663_ws/build/ariac_gazebo -- -j12 -l12
[5.234s] Invoking command in '/home/shdh/enpm663_ws/build/ariac_gazebo': CMAKE_PREFIX_PATH=/opt/ros/galactic /usr/bin/cmake --install /home/shdh/enpm663_ws/build/ariac_gazebo
[5.242s] -- Install configuration: ""
[5.242s] -- Installing: /home/shdh/enpm663_ws/install/ariac_gazebo/share/ariac_gazebo/config
[5.242s] -- Installing: /home/shdh/enpm663_ws/install/ariac_gazebo/share/ariac_gazebo/config/ariac.rviz
[5.242s] -- Installing: /home/shdh/enpm663_ws/install/ariac_gazebo/share/ariac_gazebo/config/object_poses.yaml
[5.243s] -- Installing: /home/shdh/enpm663_ws/install/ariac_gazebo/share/ariac_gazebo/config/trials
[5.243s] -- Installing: /home/shdh/enpm663_ws/install/ariac_gazebo/share/ariac_gazebo/config/trials/human_assembly.yaml
[5.243s] -- Installing: /home/shdh/enpm663_ws/install/ariac_gazebo/share/ariac_gazebo/config/trials/faulty_gripper_sample.yaml
[5.243s] -- Installing: /home/shdh/enpm663_ws/install/ariac_gazebo/share/ariac_gazebo/config/trials/combined.yaml
[5.243s] -- Installing: /home/shdh/enpm663_ws/install/ariac_gazebo/share/ariac_gazebo/config/trials/sample.yaml
[5.243s] -- Installing: /home/shdh/enpm663_ws/install/ariac_gazebo/share/ariac_gazebo/config/trials/kitting.yaml
[5.244s] -- Installing: /home/shdh/enpm663_ws/install/ariac_gazebo/share/ariac_gazebo/config/trials/drop_challenge.yaml
[5.244s] -- Installing: /home/shdh/enpm663_ws/install/ariac_gazebo/share/ariac_gazebo/config/trials/tutorial.yaml
[5.244s] -- Installing: /home/shdh/enpm663_ws/install/ariac_gazebo/share/ariac_gazebo/config/trials/assembly.yaml
[5.244s] -- Installing: /home/shdh/enpm663_ws/install/ariac_gazebo/share/ariac_gazebo/config/trials/kitting_assembly.yaml
[5.244s] -- Installing: /home/shdh/enpm663_ws/install/ariac_gazebo/share/ariac_gazebo/config/trials/human_kitting.yaml
[5.245s] -- Installing: /home/shdh/enpm663_ws/install/ariac_gazebo/share/ariac_gazebo/config/trials/kitting_combined.yaml
[5.245s] -- Installing: /home/shdh/enpm663_ws/install/ariac_gazebo/share/ariac_gazebo/launch
[5.245s] -- Installing: /home/shdh/enpm663_ws/install/ariac_gazebo/share/ariac_gazebo/launch/ariac.launch.py
[5.245s] -- Installing: /home/shdh/enpm663_ws/install/ariac_gazebo/share/ariac_gazebo/models
[5.245s] -- Installing: /home/shdh/enpm663_ws/install/ariac_gazebo/share/ariac_gazebo/models/floor
[5.245s] -- Installing: /home/shdh/enpm663_ws/install/ariac_gazebo/share/ariac_gazebo/models/floor/model.sdf
[5.245s] -- Installing: /home/shdh/enpm663_ws/install/ariac_gazebo/share/ariac_gazebo/models/floor/model.config
[5.245s] -- Installing: /home/shdh/enpm663_ws/install/ariac_gazebo/share/ariac_gazebo/models/floor/meshes
[5.246s] -- Installing: /home/shdh/enpm663_ws/install/ariac_gazebo/share/ariac_gazebo/models/floor/meshes/floor.dae
[5.246s] -- Installing: /home/shdh/enpm663_ws/install/ariac_gazebo/share/ariac_gazebo/models/floor/meshes/Suede_Blue.jpg
[5.246s] -- Installing: /home/shdh/enpm663_ws/install/ariac_gazebo/share/ariac_gazebo/models/open_box_ariac
[5.246s] -- Installing: /home/shdh/enpm663_ws/install/ariac_gazebo/share/ariac_gazebo/models/open_box_ariac/materials
[5.246s] -- Installing: /home/shdh/enpm663_ws/install/ariac_gazebo/share/ariac_gazebo/models/open_box_ariac/materials/textures
[5.246s] -- Installing: /home/shdh/enpm663_ws/install/ariac_gazebo/share/ariac_gazebo/models/open_box_ariac/materials/textures/open_box.png
[5.246s] -- Installing: /home/shdh/enpm663_ws/install/ariac_gazebo/share/ariac_gazebo/models/open_box_ariac/model.sdf
[5.247s] -- Installing: /home/shdh/enpm663_ws/install/ariac_gazebo/share/ariac_gazebo/models/open_box_ariac/model.config
[5.247s] -- Installing: /home/shdh/enpm663_ws/install/ariac_gazebo/share/ariac_gazebo/models/open_box_ariac/meshes
[5.247s] -- Installing: /home/shdh/enpm663_ws/install/ariac_gazebo/share/ariac_gazebo/models/open_box_ariac/meshes/open_box.mtl
[5.247s] -- Installing: /home/shdh/enpm663_ws/install/ariac_gazebo/share/ariac_gazebo/models/computer
[5.247s] -- Installing: /home/shdh/enpm663_ws/install/ariac_gazebo/share/ariac_gazebo/models/computer/model.sdf
[5.247s] -- Installing: /home/shdh/enpm663_ws/install/ariac_gazebo/share/ariac_gazebo/models/computer/model.config
[5.248s] -- Installing: /home/shdh/enpm663_ws/install/ariac_gazebo/share/ariac_gazebo/models/computer/meshes
[5.248s] -- Installing: /home/shdh/enpm663_ws/install/ariac_gazebo/share/ariac_gazebo/models/computer/meshes/AM200_035_03_Diffuse.jpg
[5.250s] -- Installing: /home/shdh/enpm663_ws/install/ariac_gazebo/share/ariac_gazebo/models/computer/meshes/computer.dae
[5.261s] -- Installing: /home/shdh/enpm663_ws/install/ariac_gazebo/share/ariac_gazebo/models/computer/meshes/AM200_035_05_Diffuse.jpg
[5.263s] -- Installing: /home/shdh/enpm663_ws/install/ariac_gazebo/share/ariac_gazebo/models/computer/meshes/AM200_035_04_Diffuse.jpg
[5.265s] -- Installing: /home/shdh/enpm663_ws/install/ariac_gazebo/share/ariac_gazebo/models/computer/meshes/AM200_035_06_Diffuse.jpg
[5.267s] -- Installing: /home/shdh/enpm663_ws/install/ariac_gazebo/share/ariac_gazebo/models/factory_shelf
[5.267s] -- Installing: /home/shdh/enpm663_ws/install/ariac_gazebo/share/ariac_gazebo/models/factory_shelf/model.sdf
[5.267s] -- Installing: /home/shdh/enpm663_ws/install/ariac_gazebo/share/ariac_gazebo/models/factory_shelf/model.config
[5.267s] -- Installing: /home/shdh/enpm663_ws/install/ariac_gazebo/share/ariac_gazebo/models/factory_shelf/meshes
[5.267s] -- Installing: /home/shdh/enpm663_ws/install/ariac_gazebo/share/ariac_gazebo/models/factory_shelf/meshes/factory_shelf.dae
[5.279s] -- Installing: /home/shdh/enpm663_ws/install/ariac_gazebo/share/ariac_gazebo/models/factory_shelf/meshes/AM200_026_02_Diffuse.jpg
[5.285s] -- Installing: /home/shdh/enpm663_ws/install/ariac_gazebo/share/ariac_gazebo/models/factory_shelf/meshes/AM200_026_03_Diffuse.jpg
[5.288s] -- Installing: /home/shdh/enpm663_ws/install/ariac_gazebo/share/ariac_gazebo/models/factory_shelf/meshes/AM200_026_01_Diffuse.jpg
[5.289s] -- Installing: /home/shdh/enpm663_ws/install/ariac_gazebo/share/ariac_gazebo/models/factory_shelf/meshes/AM200_026_04_Diffuse.jpg
[5.294s] -- Installing: /home/shdh/enpm663_ws/install/ariac_gazebo/share/ariac_gazebo/models/box_pallets_3
[5.294s] -- Installing: /home/shdh/enpm663_ws/install/ariac_gazebo/share/ariac_gazebo/models/box_pallets_3/model.sdf
[5.294s] -- Installing: /home/shdh/enpm663_ws/install/ariac_gazebo/share/ariac_gazebo/models/box_pallets_3/model.config
[5.295s] -- Installing: /home/shdh/enpm663_ws/install/ariac_gazebo/share/ariac_gazebo/models/box_pallets_3/meshes
[5.295s] -- Installing: /home/shdh/enpm663_ws/install/ariac_gazebo/share/ariac_gazebo/models/box_pallets_3/meshes/AM200_029_08_Diffuse.jpg
[5.300s] -- Installing: /home/shdh/enpm663_ws/install/ariac_gazebo/share/ariac_gazebo/models/box_pallets_3/meshes/box_pallet.dae
[5.304s] -- Installing: /home/shdh/enpm663_ws/install/ariac_gazebo/share/ariac_gazebo/models/box_pallets_3/meshes/AM200_029_03_Diffuse.jpg
[5.310s] -- Installing: /home/shdh/enpm663_ws/install/ariac_gazebo/share/ariac_gazebo/models/box_pallets_3/meshes/AM200_029_01_Diffuse.jpg
[5.314s] -- Installing: /home/shdh/enpm663_ws/install/ariac_gazebo/share/ariac_gazebo/models/box_pallets_3/meshes/AM200_029_04_Diffuse.jpg
[5.315s] -- Installing: /home/shdh/enpm663_ws/install/ariac_gazebo/share/ariac_gazebo/models/conveyor_belt
[5.315s] -- Installing: /home/shdh/enpm663_ws/install/ariac_gazebo/share/ariac_gazebo/models/conveyor_belt/model.sdf
[5.315s] -- Installing: /home/shdh/enpm663_ws/install/ariac_gazebo/share/ariac_gazebo/models/conveyor_belt/model.config
[5.315s] -- Installing: /home/shdh/enpm663_ws/install/ariac_gazebo/share/ariac_gazebo/models/conveyor_belt/meshes
[5.316s] -- Installing: /home/shdh/enpm663_ws/install/ariac_gazebo/share/ariac_gazebo/models/conveyor_belt/meshes/TilesPlain0213_1_S.jpg
[5.317s] -- Installing: /home/shdh/enpm663_ws/install/ariac_gazebo/share/ariac_gazebo/models/conveyor_belt/meshes/conveyor.dae
[5.317s] -- Installing: /home/shdh/enpm663_ws/install/ariac_gazebo/share/ariac_gazebo/models/conveyor_belt/meshes/HighVoltage.jpg.001.jpg
[5.319s] -- Installing: /home/shdh/enpm663_ws/install/ariac_gazebo/share/ariac_gazebo/models/conveyor_belt/meshes/compressedAirWarning.png
[5.319s] -- Installing: /home/shdh/enpm663_ws/install/ariac_gazebo/share/ariac_gazebo/models/conveyor_belt/meshes/conveyor.stl
[5.320s] -- Installing: /home/shdh/enpm663_ws/install/ariac_gazebo/share/ariac_gazebo/models/conveyor_belt/meshes/MetalBareSpecularMap.png
[5.320s] -- Installing: /home/shdh/enpm663_ws/install/ariac_gazebo/share/ariac_gazebo/models/conveyor_belt/meshes/conveyor_nobase.dae
[5.321s] -- Installing: /home/shdh/enpm663_ws/install/ariac_gazebo/share/ariac_gazebo/models/dropped_part_bin
[5.321s] -- Installing: /home/shdh/enpm663_ws/install/ariac_gazebo/share/ariac_gazebo/models/dropped_part_bin/model.sdf
[5.321s] -- Installing: /home/shdh/enpm663_ws/install/ariac_gazebo/share/ariac_gazebo/models/dropped_part_bin/model.config
[5.322s] -- Installing: /home/shdh/enpm663_ws/install/ariac_gazebo/share/ariac_gazebo/models/dropped_part_bin/meshes
[5.322s] -- Installing: /home/shdh/enpm663_ws/install/ariac_gazebo/share/ariac_gazebo/models/dropped_part_bin/meshes/disposal_bin.stl
[5.322s] -- Installing: /home/shdh/enpm663_ws/install/ariac_gazebo/share/ariac_gazebo/models/agv_path
[5.322s] -- Installing: /home/shdh/enpm663_ws/install/ariac_gazebo/share/ariac_gazebo/models/agv_path/model.sdf
[5.322s] -- Installing: /home/shdh/enpm663_ws/install/ariac_gazebo/share/ariac_gazebo/models/agv_path/model.config
[5.322s] -- Installing: /home/shdh/enpm663_ws/install/ariac_gazebo/share/ariac_gazebo/models/agv_path/meshes
[5.323s] -- Installing: /home/shdh/enpm663_ws/install/ariac_gazebo/share/ariac_gazebo/models/agv_path/meshes/path.dae
[5.323s] -- Installing: /home/shdh/enpm663_ws/install/ariac_gazebo/share/ariac_gazebo/models/agv_path/meshes/__auto_.png
[5.326s] -- Installing: /home/shdh/enpm663_ws/install/ariac_gazebo/share/ariac_gazebo/models/parts_bin
[5.327s] -- Installing: /home/shdh/enpm663_ws/install/ariac_gazebo/share/ariac_gazebo/models/parts_bin/model.sdf
[5.327s] -- Installing: /home/shdh/enpm663_ws/install/ariac_gazebo/share/ariac_gazebo/models/parts_bin/model.config
[5.327s] -- Installing: /home/shdh/enpm663_ws/install/ariac_gazebo/share/ariac_gazebo/models/parts_bin/meshes
[5.327s] -- Installing: /home/shdh/enpm663_ws/install/ariac_gazebo/share/ariac_gazebo/models/parts_bin/meshes/bin_exterior.stl
[5.327s] -- Installing: /home/shdh/enpm663_ws/install/ariac_gazebo/share/ariac_gazebo/models/parts_bin/meshes/bin_exterior.dae
[5.328s] -- Installing: /home/shdh/enpm663_ws/install/ariac_gazebo/share/ariac_gazebo/models/parts_bin/meshes/Metal_Rough.jpg.001.jpg
[5.328s] -- Installing: /home/shdh/enpm663_ws/install/ariac_gazebo/share/ariac_gazebo/models/parts_bin/meshes/Steel_Brushed_Stainless.jpg.001.jpg
[5.328s] -- Installing: /home/shdh/enpm663_ws/install/ariac_gazebo/share/ariac_gazebo/models/parts_bin/meshes/bin_interior.stl
[5.328s] -- Installing: /home/shdh/enpm663_ws/install/ariac_gazebo/share/ariac_gazebo/models/box_pallets_2
[5.329s] -- Installing: /home/shdh/enpm663_ws/install/ariac_gazebo/share/ariac_gazebo/models/box_pallets_2/model.sdf
[5.329s] -- Installing: /home/shdh/enpm663_ws/install/ariac_gazebo/share/ariac_gazebo/models/box_pallets_2/model.config
[5.329s] -- Installing: /home/shdh/enpm663_ws/install/ariac_gazebo/share/ariac_gazebo/models/box_pallets_2/meshes
[5.329s] -- Installing: /home/shdh/enpm663_ws/install/ariac_gazebo/share/ariac_gazebo/models/box_pallets_2/meshes/box_pallet.dae
[5.333s] -- Installing: /home/shdh/enpm663_ws/install/ariac_gazebo/share/ariac_gazebo/models/box_pallets_2/meshes/AM200_029_05_Diffuse.jpg
[5.334s] -- Installing: /home/shdh/enpm663_ws/install/ariac_gazebo/share/ariac_gazebo/models/box_pallets_2/meshes/AM200_029_06_Diffuse.jpg
[5.337s] -- Installing: /home/shdh/enpm663_ws/install/ariac_gazebo/share/ariac_gazebo/models/box_pallets_2/meshes/AM200_029_01_Diffuse.jpg
[5.342s] -- Installing: /home/shdh/enpm663_ws/install/ariac_gazebo/share/ariac_gazebo/models/warehouse
[5.342s] -- Installing: /home/shdh/enpm663_ws/install/ariac_gazebo/share/ariac_gazebo/models/warehouse/model.sdf
[5.342s] -- Installing: /home/shdh/enpm663_ws/install/ariac_gazebo/share/ariac_gazebo/models/warehouse/model.config
[5.342s] -- Installing: /home/shdh/enpm663_ws/install/ariac_gazebo/share/ariac_gazebo/models/warehouse/meshes
[5.342s] -- Installing: /home/shdh/enpm663_ws/install/ariac_gazebo/share/ariac_gazebo/models/warehouse/meshes/warehouse.dae
[5.343s] -- Installing: /home/shdh/enpm663_ws/install/ariac_gazebo/share/ariac_gazebo/models/warehouse/meshes/Brick_Tumbled.jpg
[5.343s] -- Installing: /home/shdh/enpm663_ws/install/ariac_gazebo/share/ariac_gazebo/models/warehouse/meshes/roof.stl
[5.343s] -- Installing: /home/shdh/enpm663_ws/install/ariac_gazebo/share/ariac_gazebo/models/warehouse/meshes/tape.stl
[5.343s] -- Installing: /home/shdh/enpm663_ws/install/ariac_gazebo/share/ariac_gazebo/models/workcell_shelf
[5.344s] -- Installing: /home/shdh/enpm663_ws/install/ariac_gazebo/share/ariac_gazebo/models/workcell_shelf/model.sdf
[5.344s] -- Installing: /home/shdh/enpm663_ws/install/ariac_gazebo/share/ariac_gazebo/models/workcell_shelf/model.config
[5.344s] -- Installing: /home/shdh/enpm663_ws/install/ariac_gazebo/share/ariac_gazebo/models/workcell_shelf/meshes
[5.344s] -- Installing: /home/shdh/enpm663_ws/install/ariac_gazebo/share/ariac_gazebo/models/workcell_shelf/meshes/shelf.dae
[5.344s] -- Installing: /home/shdh/enpm663_ws/install/ariac_gazebo/share/ariac_gazebo/models/kit_tray_table
[5.344s] -- Installing: /home/shdh/enpm663_ws/install/ariac_gazebo/share/ariac_gazebo/models/kit_tray_table/model.sdf
[5.345s] -- Installing: /home/shdh/enpm663_ws/install/ariac_gazebo/share/ariac_gazebo/models/kit_tray_table/model.config
[5.345s] -- Installing: /home/shdh/enpm663_ws/install/ariac_gazebo/share/ariac_gazebo/models/kit_tray_table/meshes
[5.345s] -- Installing: /home/shdh/enpm663_ws/install/ariac_gazebo/share/ariac_gazebo/models/kit_tray_table/meshes/kit_tray_table.dae
[5.346s] -- Installing: /home/shdh/enpm663_ws/install/ariac_gazebo/share/ariac_gazebo/models/kit_tray_table/meshes/tool_changer_2.stl
[5.346s] -- Installing: /home/shdh/enpm663_ws/install/ariac_gazebo/share/ariac_gazebo/models/kit_tray_table/meshes/tool_changer_1.stl
[5.346s] -- Installing: /home/shdh/enpm663_ws/install/ariac_gazebo/share/ariac_gazebo/models/kit_tray_table/meshes/table_collision.stl
[5.347s] -- Installing: /home/shdh/enpm663_ws/install/ariac_gazebo/share/ariac_gazebo/models/kit_tray_table/meshes/kit_tray_table.stl
[5.347s] -- Installing: /home/shdh/enpm663_ws/install/ariac_gazebo/share/ariac_gazebo/models/kit_tray_table/meshes/Metal_Rough.jpg
[5.347s] -- Installing: /home/shdh/enpm663_ws/install/ariac_gazebo/share/ariac_gazebo/models/human
[5.347s] -- Installing: /home/shdh/enpm663_ws/install/ariac_gazebo/share/ariac_gazebo/models/human/materials
[5.348s] -- Installing: /home/shdh/enpm663_ws/install/ariac_gazebo/share/ariac_gazebo/models/human/materials/textures
[5.348s] -- Installing: /home/shdh/enpm663_ws/install/ariac_gazebo/share/ariac_gazebo/models/human/materials/textures/ariac_LOGO.png
[5.348s] -- Installing: /home/shdh/enpm663_ws/install/ariac_gazebo/share/ariac_gazebo/models/human/materials/textures/bob.png
[5.348s] -- Installing: /home/shdh/enpm663_ws/install/ariac_gazebo/share/ariac_gazebo/models/human/materials/textures/nist-logo.png
[5.348s] -- Installing: /home/shdh/enpm663_ws/install/ariac_gazebo/share/ariac_gazebo/models/human/model.sdf
[5.349s] -- Installing: /home/shdh/enpm663_ws/install/ariac_gazebo/share/ariac_gazebo/models/human/model.config
[5.349s] -- Installing: /home/shdh/enpm663_ws/install/ariac_gazebo/share/ariac_gazebo/models/human/meshes
[5.349s] -- Installing: /home/shdh/enpm663_ws/install/ariac_gazebo/share/ariac_gazebo/models/human/meshes/lds.dae
[5.349s] -- Installing: /home/shdh/enpm663_ws/install/ariac_gazebo/share/ariac_gazebo/models/human/meshes/tire.dae
[5.350s] -- Installing: /home/shdh/enpm663_ws/install/ariac_gazebo/share/ariac_gazebo/models/human/meshes/waffle_base.dae
[5.350s] -- Installing: /home/shdh/enpm663_ws/install/ariac_gazebo/share/ariac_gazebo/models/human/meshes/ARIACPerson.dae
[5.352s] -- Installing: /home/shdh/enpm663_ws/install/ariac_gazebo/share/ariac_gazebo/models/sensor
[5.352s] -- Installing: /home/shdh/enpm663_ws/install/ariac_gazebo/share/ariac_gazebo/models/sensor/model.sdf
[5.352s] -- Installing: /home/shdh/enpm663_ws/install/ariac_gazebo/share/ariac_gazebo/models/sensor/model.config
[5.352s] -- Installing: /home/shdh/enpm663_ws/install/ariac_gazebo/share/ariac_gazebo/models/sensor/meshes
[5.353s] -- Installing: /home/shdh/enpm663_ws/install/ariac_gazebo/share/ariac_gazebo/models/sensor/meshes/sensor_collision.stl
[5.353s] -- Installing: /home/shdh/enpm663_ws/install/ariac_gazebo/share/ariac_gazebo/models/sensor/meshes/sensor_peg.stl
[5.353s] -- Installing: /home/shdh/enpm663_ws/install/ariac_gazebo/share/ariac_gazebo/models/sensor/meshes/sensor_base.stl
[5.353s] -- Installing: /home/shdh/enpm663_ws/install/ariac_gazebo/share/ariac_gazebo/models/battery
[5.353s] -- Installing: /home/shdh/enpm663_ws/install/ariac_gazebo/share/ariac_gazebo/models/battery/model.sdf
[5.354s] -- Installing: /home/shdh/enpm663_ws/install/ariac_gazebo/share/ariac_gazebo/models/battery/model.config
[5.354s] -- Installing: /home/shdh/enpm663_ws/install/ariac_gazebo/share/ariac_gazebo/models/battery/meshes
[5.354s] -- Installing: /home/shdh/enpm663_ws/install/ariac_gazebo/share/ariac_gazebo/models/battery/meshes/battery_cap.stl
[5.354s] -- Installing: /home/shdh/enpm663_ws/install/ariac_gazebo/share/ariac_gazebo/models/battery/meshes/battery_collision.stl
[5.354s] -- Installing: /home/shdh/enpm663_ws/install/ariac_gazebo/share/ariac_gazebo/models/battery/meshes/battery_pins.stl
[5.355s] -- Installing: /home/shdh/enpm663_ws/install/ariac_gazebo/share/ariac_gazebo/models/battery/meshes/battery_base.stl
[5.355s] -- Installing: /home/shdh/enpm663_ws/install/ariac_gazebo/share/ariac_gazebo/models/assembly_table
[5.355s] -- Installing: /home/shdh/enpm663_ws/install/ariac_gazebo/share/ariac_gazebo/models/assembly_table/model.sdf
[5.355s] -- Installing: /home/shdh/enpm663_ws/install/ariac_gazebo/share/ariac_gazebo/models/assembly_table/model.config
[5.355s] -- Installing: /home/shdh/enpm663_ws/install/ariac_gazebo/share/ariac_gazebo/models/assembly_table/meshes
[5.355s] -- Installing: /home/shdh/enpm663_ws/install/ariac_gazebo/share/ariac_gazebo/models/assembly_table/meshes/tape_outline.stl
[5.356s] -- Installing: /home/shdh/enpm663_ws/install/ariac_gazebo/share/ariac_gazebo/models/assembly_table/meshes/leg4.stl
[5.356s] -- Installing: /home/shdh/enpm663_ws/install/ariac_gazebo/share/ariac_gazebo/models/assembly_table/meshes/assembly_table_collision.stl
[5.356s] -- Installing: /home/shdh/enpm663_ws/install/ariac_gazebo/share/ariac_gazebo/models/assembly_table/meshes/table_top.stl
[5.356s] -- Installing: /home/shdh/enpm663_ws/install/ariac_gazebo/share/ariac_gazebo/models/assembly_table/meshes/leg3.stl
[5.356s] -- Installing: /home/shdh/enpm663_ws/install/ariac_gazebo/share/ariac_gazebo/models/assembly_table/meshes/leg2.stl
[5.357s] -- Installing: /home/shdh/enpm663_ws/install/ariac_gazebo/share/ariac_gazebo/models/assembly_table/meshes/leg1.stl
[5.357s] -- Installing: /home/shdh/enpm663_ws/install/ariac_gazebo/share/ariac_gazebo/models/computer_2
[5.357s] -- Installing: /home/shdh/enpm663_ws/install/ariac_gazebo/share/ariac_gazebo/models/computer_2/model.sdf
[5.357s] -- Installing: /home/shdh/enpm663_ws/install/ariac_gazebo/share/ariac_gazebo/models/computer_2/model.config
[5.357s] -- Installing: /home/shdh/enpm663_ws/install/ariac_gazebo/share/ariac_gazebo/models/computer_2/meshes
[5.357s] -- Installing: /home/shdh/enpm663_ws/install/ariac_gazebo/share/ariac_gazebo/models/computer_2/meshes/AM200_035_02_Diffuse.jpg
[5.359s] -- Installing: /home/shdh/enpm663_ws/install/ariac_gazebo/share/ariac_gazebo/models/computer_2/meshes/AM200_035_03_Diffuse.jpg
[5.362s] -- Installing: /home/shdh/enpm663_ws/install/ariac_gazebo/share/ariac_gazebo/models/computer_2/meshes/computer.dae
[5.370s] -- Installing: /home/shdh/enpm663_ws/install/ariac_gazebo/share/ariac_gazebo/models/computer_2/meshes/AM200_035_01_Diffuse.jpg
[5.375s] -- Installing: /home/shdh/enpm663_ws/install/ariac_gazebo/share/ariac_gazebo/models/regulator
[5.375s] -- Installing: /home/shdh/enpm663_ws/install/ariac_gazebo/share/ariac_gazebo/models/regulator/model.sdf
[5.375s] -- Installing: /home/shdh/enpm663_ws/install/ariac_gazebo/share/ariac_gazebo/models/regulator/model.config
[5.375s] -- Installing: /home/shdh/enpm663_ws/install/ariac_gazebo/share/ariac_gazebo/models/regulator/meshes
[5.375s] -- Installing: /home/shdh/enpm663_ws/install/ariac_gazebo/share/ariac_gazebo/models/regulator/meshes/regulator_base.stl
[5.375s] -- Installing: /home/shdh/enpm663_ws/install/ariac_gazebo/share/ariac_gazebo/models/regulator/meshes/regulator_collision.stl
[5.375s] -- Installing: /home/shdh/enpm663_ws/install/ariac_gazebo/share/ariac_gazebo/models/regulator/meshes/regulator_long_peg.stl
[5.376s] -- Installing: /home/shdh/enpm663_ws/install/ariac_gazebo/share/ariac_gazebo/models/regulator/meshes/regulator_short_peg.stl
[5.376s] -- Installing: /home/shdh/enpm663_ws/install/ariac_gazebo/share/ariac_gazebo/models/box_pallets
[5.376s] -- Installing: /home/shdh/enpm663_ws/install/ariac_gazebo/share/ariac_gazebo/models/box_pallets/model.sdf
[5.376s] -- Installing: /home/shdh/enpm663_ws/install/ariac_gazebo/share/ariac_gazebo/models/box_pallets/model.config
[5.377s] -- Installing: /home/shdh/enpm663_ws/install/ariac_gazebo/share/ariac_gazebo/models/box_pallets/meshes
[5.377s] -- Installing: /home/shdh/enpm663_ws/install/ariac_gazebo/share/ariac_gazebo/models/box_pallets/meshes/AM200_029_07_Diffuse.jpg
[5.382s] -- Installing: /home/shdh/enpm663_ws/install/ariac_gazebo/share/ariac_gazebo/models/box_pallets/meshes/box_pallet.dae
[5.386s] -- Installing: /home/shdh/enpm663_ws/install/ariac_gazebo/share/ariac_gazebo/models/box_pallets/meshes/AM200_029_02_Diffuse.jpg
[5.387s] -- Installing: /home/shdh/enpm663_ws/install/ariac_gazebo/share/ariac_gazebo/models/box_pallets/meshes/AM200_029_01_Diffuse.jpg
[5.391s] -- Installing: /home/shdh/enpm663_ws/install/ariac_gazebo/share/ariac_gazebo/models/cage_factory
[5.391s] -- Installing: /home/shdh/enpm663_ws/install/ariac_gazebo/share/ariac_gazebo/models/cage_factory/model.sdf
[5.391s] -- Installing: /home/shdh/enpm663_ws/install/ariac_gazebo/share/ariac_gazebo/models/cage_factory/model.config
[5.392s] -- Installing: /home/shdh/enpm663_ws/install/ariac_gazebo/share/ariac_gazebo/models/cage_factory/meshes
[5.392s] -- Installing: /home/shdh/enpm663_ws/install/ariac_gazebo/share/ariac_gazebo/models/cage_factory/meshes/AM200_025_09_Diffuse.jpg
[5.393s] -- Installing: /home/shdh/enpm663_ws/install/ariac_gazebo/share/ariac_gazebo/models/cage_factory/meshes/AM200_025_06_Diffuse.jpg
[5.398s] -- Installing: /home/shdh/enpm663_ws/install/ariac_gazebo/share/ariac_gazebo/models/cage_factory/meshes/AM200_025_04_Diffuse.jpg
[5.405s] -- Installing: /home/shdh/enpm663_ws/install/ariac_gazebo/share/ariac_gazebo/models/cage_factory/meshes/cage.dae
[5.411s] -- Installing: /home/shdh/enpm663_ws/install/ariac_gazebo/share/ariac_gazebo/models/cage_factory/meshes/AM200_025_01_Diffuse.jpg
[5.412s] -- Installing: /home/shdh/enpm663_ws/install/ariac_gazebo/share/ariac_gazebo/models/cage_factory/meshes/AM200_025_02_Diffuse.jpg
[5.413s] -- Installing: /home/shdh/enpm663_ws/install/ariac_gazebo/share/ariac_gazebo/models/cage_factory/meshes/AM200_025_07_Diffuse.jpg
[5.418s] -- Installing: /home/shdh/enpm663_ws/install/ariac_gazebo/share/ariac_gazebo/models/pump
[5.418s] -- Installing: /home/shdh/enpm663_ws/install/ariac_gazebo/share/ariac_gazebo/models/pump/model.sdf
[5.418s] -- Installing: /home/shdh/enpm663_ws/install/ariac_gazebo/share/ariac_gazebo/models/pump/model.config
[5.418s] -- Installing: /home/shdh/enpm663_ws/install/ariac_gazebo/share/ariac_gazebo/models/pump/meshes
[5.418s] -- Installing: /home/shdh/enpm663_ws/install/ariac_gazebo/share/ariac_gazebo/models/pump/meshes/pump_top_pane.stl
[5.419s] -- Installing: /home/shdh/enpm663_ws/install/ariac_gazebo/share/ariac_gazebo/models/pump/meshes/pump_front_pane.stl
[5.419s] -- Installing: /home/shdh/enpm663_ws/install/ariac_gazebo/share/ariac_gazebo/models/pump/meshes/pump_right_pane.stl
[5.419s] -- Installing: /home/shdh/enpm663_ws/install/ariac_gazebo/share/ariac_gazebo/models/pump/meshes/pump_left_pane.stl
[5.419s] -- Installing: /home/shdh/enpm663_ws/install/ariac_gazebo/share/ariac_gazebo/models/pump/meshes/pump_bottom_pane.stl
[5.419s] -- Installing: /home/shdh/enpm663_ws/install/ariac_gazebo/share/ariac_gazebo/models/pump/meshes/pump_back_pane.stl
[5.420s] -- Installing: /home/shdh/enpm663_ws/install/ariac_gazebo/share/ariac_gazebo/models/pump/meshes/pump_base.stl
[5.420s] -- Installing: /home/shdh/enpm663_ws/install/ariac_gazebo/share/ariac_gazebo/models/pump/meshes/pump_collision.stl
[5.420s] -- Installing: /home/shdh/enpm663_ws/install/ariac_gazebo/share/ariac_gazebo/models/pump/meshes/pump_enclosure.stl
[5.420s] -- Installing: /home/shdh/enpm663_ws/install/ariac_gazebo/share/ariac_gazebo/models/kit_tray
[5.420s] -- Installing: /home/shdh/enpm663_ws/install/ariac_gazebo/share/ariac_gazebo/models/kit_tray/model.sdf
[5.421s] -- Installing: /home/shdh/enpm663_ws/install/ariac_gazebo/share/ariac_gazebo/models/kit_tray/model.config
[5.421s] -- Installing: /home/shdh/enpm663_ws/install/ariac_gazebo/share/ariac_gazebo/models/kit_tray/meshes
[5.421s] -- Installing: /home/shdh/enpm663_ws/install/ariac_gazebo/share/ariac_gazebo/models/kit_tray/meshes/tray_collision.stl
[5.421s] -- Installing: /home/shdh/enpm663_ws/install/ariac_gazebo/share/ariac_gazebo/models/kit_tray/meshes/tape.stl
[5.421s] -- Installing: /home/shdh/enpm663_ws/install/ariac_gazebo/share/ariac_gazebo/models/kit_tray/meshes/tray_base.stl
[5.421s] -- Installing: /home/shdh/enpm663_ws/install/ariac_gazebo/share/ariac_gazebo/models/kit_tray/meshes/markers
[5.421s] -- Installing: /home/shdh/enpm663_ws/install/ariac_gazebo/share/ariac_gazebo/models/kit_tray/meshes/markers/id_04.png
[5.422s] -- Installing: /home/shdh/enpm663_ws/install/ariac_gazebo/share/ariac_gazebo/models/kit_tray/meshes/markers/marker_09.dae
[5.422s] -- Installing: /home/shdh/enpm663_ws/install/ariac_gazebo/share/ariac_gazebo/models/kit_tray/meshes/markers/id_06.png
[5.422s] -- Installing: /home/shdh/enpm663_ws/install/ariac_gazebo/share/ariac_gazebo/models/kit_tray/meshes/markers/marker_03.dae
[5.422s] -- Installing: /home/shdh/enpm663_ws/install/ariac_gazebo/share/ariac_gazebo/models/kit_tray/meshes/markers/id_09.png
[5.423s] -- Installing: /home/shdh/enpm663_ws/install/ariac_gazebo/share/ariac_gazebo/models/kit_tray/meshes/markers/marker_06.dae
[5.423s] -- Installing: /home/shdh/enpm663_ws/install/ariac_gazebo/share/ariac_gazebo/models/kit_tray/meshes/markers/marker_02.dae
[5.423s] -- Installing: /home/shdh/enpm663_ws/install/ariac_gazebo/share/ariac_gazebo/models/kit_tray/meshes/markers/marker_01.dae
[5.423s] -- Installing: /home/shdh/enpm663_ws/install/ariac_gazebo/share/ariac_gazebo/models/kit_tray/meshes/markers/id_07.png
[5.423s] -- Installing: /home/shdh/enpm663_ws/install/ariac_gazebo/share/ariac_gazebo/models/kit_tray/meshes/markers/marker_05.dae
[5.424s] -- Installing: /home/shdh/enpm663_ws/install/ariac_gazebo/share/ariac_gazebo/models/kit_tray/meshes/markers/id_05.png
[5.424s] -- Installing: /home/shdh/enpm663_ws/install/ariac_gazebo/share/ariac_gazebo/models/kit_tray/meshes/markers/id_08.png
[5.424s] -- Installing: /home/shdh/enpm663_ws/install/ariac_gazebo/share/ariac_gazebo/models/kit_tray/meshes/markers/marker_04.dae
[5.424s] -- Installing: /home/shdh/enpm663_ws/install/ariac_gazebo/share/ariac_gazebo/models/kit_tray/meshes/markers/marker_08.dae
[5.425s] -- Installing: /home/shdh/enpm663_ws/install/ariac_gazebo/share/ariac_gazebo/models/kit_tray/meshes/markers/marker_07.dae
[5.425s] -- Installing: /home/shdh/enpm663_ws/install/ariac_gazebo/share/ariac_gazebo/models/kit_tray/meshes/markers/id_00.png
[5.425s] -- Installing: /home/shdh/enpm663_ws/install/ariac_gazebo/share/ariac_gazebo/models/kit_tray/meshes/markers/marker_00.dae
[5.425s] -- Installing: /home/shdh/enpm663_ws/install/ariac_gazebo/share/ariac_gazebo/models/kit_tray/meshes/markers/id_02.png
[5.425s] -- Installing: /home/shdh/enpm663_ws/install/ariac_gazebo/share/ariac_gazebo/models/kit_tray/meshes/markers/id_03.png
[5.425s] -- Installing: /home/shdh/enpm663_ws/install/ariac_gazebo/share/ariac_gazebo/models/kit_tray/meshes/markers/id_01.png
[5.426s] -- Installing: /home/shdh/enpm663_ws/install/ariac_gazebo/share/ariac_gazebo/models/assembly_insert
[5.426s] -- Installing: /home/shdh/enpm663_ws/install/ariac_gazebo/share/ariac_gazebo/models/assembly_insert/model.sdf
[5.426s] -- Installing: /home/shdh/enpm663_ws/install/ariac_gazebo/share/ariac_gazebo/models/assembly_insert/model.config
[5.426s] -- Installing: /home/shdh/enpm663_ws/install/ariac_gazebo/share/ariac_gazebo/models/assembly_insert/meshes
[5.426s] -- Installing: /home/shdh/enpm663_ws/install/ariac_gazebo/share/ariac_gazebo/models/assembly_insert/meshes/pump_contact.stl
[5.426s] -- Installing: /home/shdh/enpm663_ws/install/ariac_gazebo/share/ariac_gazebo/models/assembly_insert/meshes/battery_contact.stl
[5.427s] -- Installing: /home/shdh/enpm663_ws/install/ariac_gazebo/share/ariac_gazebo/models/assembly_insert/meshes/insert_base.stl
[5.427s] -- Installing: /home/shdh/enpm663_ws/install/ariac_gazebo/share/ariac_gazebo/models/assembly_insert/meshes/regulator_contact.stl
[5.427s] -- Installing: /home/shdh/enpm663_ws/install/ariac_gazebo/share/ariac_gazebo/models/assembly_insert/meshes/insert_collision.stl
[5.428s] -- Installing: /home/shdh/enpm663_ws/install/ariac_gazebo/share/ariac_gazebo/models/assembly_insert/meshes/hardware.stl
[5.428s] -- Installing: /home/shdh/enpm663_ws/install/ariac_gazebo/share/ariac_gazebo/models/assembly_insert/meshes/screen.stl
[5.429s] -- Installing: /home/shdh/enpm663_ws/install/ariac_gazebo/share/ariac_gazebo/models/assembly_insert/meshes/mounts.stl
[5.429s] -- Installing: /home/shdh/enpm663_ws/install/ariac_gazebo/share/ariac_gazebo/models/assembly_insert/meshes/pipe_1.stl
[5.429s] -- Installing: /home/shdh/enpm663_ws/install/ariac_gazebo/share/ariac_gazebo/models/assembly_insert/meshes/sensor_contact.stl
[5.430s] -- Installing: /home/shdh/enpm663_ws/install/ariac_gazebo/share/ariac_gazebo/models/assembly_insert/meshes/pipe_2.stl
[5.430s] -- Installing: /home/shdh/enpm663_ws/install/ariac_gazebo/share/ariac_gazebo/models/disposal_bin
[5.430s] -- Installing: /home/shdh/enpm663_ws/install/ariac_gazebo/share/ariac_gazebo/models/disposal_bin/model.sdf
[5.430s] -- Installing: /home/shdh/enpm663_ws/install/ariac_gazebo/share/ariac_gazebo/models/disposal_bin/model.config
[5.431s] -- Installing: /home/shdh/enpm663_ws/install/ariac_gazebo/share/ariac_gazebo/models/disposal_bin/meshes
[5.431s] -- Installing: /home/shdh/enpm663_ws/install/ariac_gazebo/share/ariac_gazebo/models/disposal_bin/meshes/disposal_bin.stl
[5.431s] -- Installing: /home/shdh/enpm663_ws/install/ariac_gazebo/share/ariac_gazebo/worlds
[5.431s] -- Installing: /home/shdh/enpm663_ws/install/ariac_gazebo/share/ariac_gazebo/worlds/ariac.world
[5.431s] -- Installing: /home/shdh/enpm663_ws/install/ariac_gazebo/share/ariac_gazebo/environment/pythonpath.sh
[5.432s] -- Installing: /home/shdh/enpm663_ws/install/ariac_gazebo/share/ariac_gazebo/environment/pythonpath.dsv
[5.432s] -- Installing: /home/shdh/enpm663_ws/install/ariac_gazebo/lib/python3.8/site-packages//ariac_gazebo.egg-info
[5.432s] -- Installing: /home/shdh/enpm663_ws/install/ariac_gazebo/lib/python3.8/site-packages//ariac_gazebo.egg-info/PKG-INFO
[5.432s] -- Installing: /home/shdh/enpm663_ws/install/ariac_gazebo/lib/python3.8/site-packages//ariac_gazebo.egg-info/entry_points.txt
[5.432s] -- Installing: /home/shdh/enpm663_ws/install/ariac_gazebo/lib/python3.8/site-packages//ariac_gazebo.egg-info/top_level.txt
[5.432s] -- Installing: /home/shdh/enpm663_ws/install/ariac_gazebo/lib/python3.8/site-packages//ariac_gazebo.egg-info/SOURCES.txt
[5.432s] -- Installing: /home/shdh/enpm663_ws/install/ariac_gazebo/lib/python3.8/site-packages//ariac_gazebo.egg-info/dependency_links.txt
[5.432s] -- Installing: /home/shdh/enpm663_ws/install/ariac_gazebo/lib/ariac_gazebo/
[5.432s] -- Installing: /home/shdh/enpm663_ws/install/ariac_gazebo/lib/ariac_gazebo//spawner
[5.433s] -- Installing: /home/shdh/enpm663_ws/install/ariac_gazebo/lib/python3.8/site-packages/ariac_gazebo
[5.433s] -- Installing: /home/shdh/enpm663_ws/install/ariac_gazebo/lib/python3.8/site-packages/ariac_gazebo/__init__.py
[5.433s] -- Installing: /home/shdh/enpm663_ws/install/ariac_gazebo/lib/python3.8/site-packages/ariac_gazebo/environment_startup.py
[5.433s] -- Installing: /home/shdh/enpm663_ws/install/ariac_gazebo/lib/python3.8/site-packages/ariac_gazebo/tf_broadcaster.py
[5.433s] -- Installing: /home/shdh/enpm663_ws/install/ariac_gazebo/lib/python3.8/site-packages/ariac_gazebo/tf2_geometry_msgs.py
[5.433s] -- Installing: /home/shdh/enpm663_ws/install/ariac_gazebo/lib/python3.8/site-packages/ariac_gazebo/utilities.py
[5.433s] -- Installing: /home/shdh/enpm663_ws/install/ariac_gazebo/lib/python3.8/site-packages/ariac_gazebo/spawn_params.py
[5.471s] Listing '/home/shdh/enpm663_ws/install/ariac_gazebo/lib/python3.8/site-packages/ariac_gazebo'...
[5.471s] Compiling '/home/shdh/enpm663_ws/install/ariac_gazebo/lib/python3.8/site-packages/ariac_gazebo/__init__.py'...
[5.471s] Compiling '/home/shdh/enpm663_ws/install/ariac_gazebo/lib/python3.8/site-packages/ariac_gazebo/environment_startup.py'...
[5.471s] Compiling '/home/shdh/enpm663_ws/install/ariac_gazebo/lib/python3.8/site-packages/ariac_gazebo/spawn_params.py'...
[5.471s] Compiling '/home/shdh/enpm663_ws/install/ariac_gazebo/lib/python3.8/site-packages/ariac_gazebo/tf2_geometry_msgs.py'...
[5.471s] Compiling '/home/shdh/enpm663_ws/install/ariac_gazebo/lib/python3.8/site-packages/ariac_gazebo/tf_broadcaster.py'...
[5.471s] Compiling '/home/shdh/enpm663_ws/install/ariac_gazebo/lib/python3.8/site-packages/ariac_gazebo/utilities.py'...
[5.474s] -- Installing: /home/shdh/enpm663_ws/install/ariac_gazebo/lib/ariac_gazebo/environment_startup_node.py
[5.474s] -- Installing: /home/shdh/enpm663_ws/install/ariac_gazebo/lib/ariac_gazebo/robot_controller_switcher_node.py
[5.475s] -- Installing: /home/shdh/enpm663_ws/install/ariac_gazebo/lib/ariac_gazebo/sensor_tf_broadcaster.py
[5.475s] -- Installing: /home/shdh/enpm663_ws/install/ariac_gazebo/lib/ariac_gazebo/object_tf_broadcaster.py
[5.475s] -- Installing: /home/shdh/enpm663_ws/install/ariac_gazebo/lib/ariac_gazebo/part_spawner.py
[5.475s] -- Installing: /home/shdh/enpm663_ws/install/ariac_gazebo/share/ament_index/resource_index/package_run_dependencies/ariac_gazebo
[5.475s] -- Installing: /home/shdh/enpm663_ws/install/ariac_gazebo/share/ament_index/resource_index/parent_prefix_path/ariac_gazebo
[5.476s] -- Installing: /home/shdh/enpm663_ws/install/ariac_gazebo/share/ariac_gazebo/environment/ament_prefix_path.sh
[5.476s] -- Installing: /home/shdh/enpm663_ws/install/ariac_gazebo/share/ariac_gazebo/environment/ament_prefix_path.dsv
[5.476s] -- Installing: /home/shdh/enpm663_ws/install/ariac_gazebo/share/ariac_gazebo/environment/path.sh
[5.476s] -- Installing: /home/shdh/enpm663_ws/install/ariac_gazebo/share/ariac_gazebo/environment/path.dsv
[5.476s] -- Installing: /home/shdh/enpm663_ws/install/ariac_gazebo/share/ariac_gazebo/local_setup.bash
[5.476s] -- Installing: /home/shdh/enpm663_ws/install/ariac_gazebo/share/ariac_gazebo/local_setup.sh
[5.476s] -- Installing: /home/shdh/enpm663_ws/install/ariac_gazebo/share/ariac_gazebo/local_setup.zsh
[5.477s] -- Installing: /home/shdh/enpm663_ws/install/ariac_gazebo/share/ariac_gazebo/local_setup.dsv
[5.477s] -- Installing: /home/shdh/enpm663_ws/install/ariac_gazebo/share/ariac_gazebo/package.dsv
[5.477s] -- Installing: /home/shdh/enpm663_ws/install/ariac_gazebo/share/ament_index/resource_index/packages/ariac_gazebo
[5.477s] -- Installing: /home/shdh/enpm663_ws/install/ariac_gazebo/share/ariac_gazebo/cmake/ariac_gazeboConfig.cmake
[5.477s] -- Installing: /home/shdh/enpm663_ws/install/ariac_gazebo/share/ariac_gazebo/cmake/ariac_gazeboConfig-version.cmake
[5.477s] -- Installing: /home/shdh/enpm663_ws/install/ariac_gazebo/share/ariac_gazebo/package.xml
[5.480s] Invoked command in '/home/shdh/enpm663_ws/build/ariac_gazebo' returned '0': CMAKE_PREFIX_PATH=/opt/ros/galactic /usr/bin/cmake --install /home/shdh/enpm663_ws/build/ariac_gazebo
