[2.788s] Invoking command in '/home/shdh/enpm663_ws/build/ariac_moveit_config': CMAKE_PREFIX_PATH=${CMAKE_PREFIX_PATH}:/home/shdh/enpm663_ws/install/exercise3:/home/shdh/enpm663_ws/install/exercise2:/home/shdh/enpm663_ws/install/exercise1:/home/shdh/enpm663_ws/install/ariac_gui:/opt/ros/galactic /usr/bin/cmake --build /home/shdh/enpm663_ws/build/ariac_moveit_config -- -j12 -l12
[5.220s] Built target ament_cmake_python_copy_ariac_moveit_config
[5.221s] running egg_info
[5.221s] writing ariac_moveit_config.egg-info/PKG-INFO
[5.223s] writing dependency_links to ariac_moveit_config.egg-info/dependency_links.txt
[5.224s] writing top-level names to ariac_moveit_config.egg-info/top_level.txt
[5.225s] reading manifest file 'ariac_moveit_config.egg-info/SOURCES.txt'
[5.225s] writing manifest file 'ariac_moveit_config.egg-info/SOURCES.txt'
[5.226s] running install_scripts
[5.226s] Built target ament_cmake_python_build_ariac_moveit_config_egg
[5.226s] running egg_info
[5.226s] writing ariac_moveit_config.egg-info/PKG-INFO
[5.226s] writing dependency_links to ariac_moveit_config.egg-info/dependency_links.txt
[5.227s] writing top-level names to ariac_moveit_config.egg-info/top_level.txt
[5.227s] reading manifest file 'ariac_moveit_config.egg-info/SOURCES.txt'
[5.227s] writing manifest file 'ariac_moveit_config.egg-info/SOURCES.txt'
[5.227s] Built target ament_cmake_python_build_ariac_moveit_config_scripts
[5.231s] Invoked command in '/home/shdh/enpm663_ws/build/ariac_moveit_config' returned '0': CMAKE_PREFIX_PATH=${CMAKE_PREFIX_PATH}:/home/shdh/enpm663_ws/install/exercise3:/home/shdh/enpm663_ws/install/exercise2:/home/shdh/enpm663_ws/install/exercise1:/home/shdh/enpm663_ws/install/ariac_gui:/opt/ros/galactic /usr/bin/cmake --build /home/shdh/enpm663_ws/build/ariac_moveit_config -- -j12 -l12
[5.277s] Invoking command in '/home/shdh/enpm663_ws/build/ariac_moveit_config': CMAKE_PREFIX_PATH=${CMAKE_PREFIX_PATH}:/home/shdh/enpm663_ws/install/exercise3:/home/shdh/enpm663_ws/install/exercise2:/home/shdh/enpm663_ws/install/exercise1:/home/shdh/enpm663_ws/install/ariac_gui:/opt/ros/galactic /usr/bin/cmake --install /home/shdh/enpm663_ws/build/ariac_moveit_config
[5.308s] -- Install configuration: ""
[5.309s] -- Up-to-date: /home/shdh/enpm663_ws/install/ariac_moveit_config/share/ariac_moveit_config/config
[5.314s] -- Up-to-date: /home/shdh/enpm663_ws/install/ariac_moveit_config/share/ariac_moveit_config/config/controllers.yaml
[5.316s] -- Up-to-date: /home/shdh/enpm663_ws/install/ariac_moveit_config/share/ariac_moveit_config/config/ompl_planning.yaml
[5.316s] -- Up-to-date: /home/shdh/enpm663_ws/install/ariac_moveit_config/share/ariac_moveit_config/config/kinematics.yaml
[5.316s] -- Up-to-date: /home/shdh/enpm663_ws/install/ariac_moveit_config/share/ariac_moveit_config/launch
[5.317s] -- Up-to-date: /home/shdh/enpm663_ws/install/ariac_moveit_config/share/ariac_moveit_config/launch/ariac_robots_moveit.launch.py
[5.318s] -- Up-to-date: /home/shdh/enpm663_ws/install/ariac_moveit_config/share/ariac_moveit_config/srdf
[5.318s] -- Up-to-date: /home/shdh/enpm663_ws/install/ariac_moveit_config/share/ariac_moveit_config/srdf/ariac_robots.srdf
[5.318s] -- Up-to-date: /home/shdh/enpm663_ws/install/ariac_moveit_config/share/ariac_moveit_config/rviz
[5.319s] -- Up-to-date: /home/shdh/enpm663_ws/install/ariac_moveit_config/share/ariac_moveit_config/rviz/moveit.rviz
[5.319s] -- Up-to-date: /home/shdh/enpm663_ws/install/ariac_moveit_config/share/ariac_moveit_config/environment/pythonpath.sh
[5.320s] -- Up-to-date: /home/shdh/enpm663_ws/install/ariac_moveit_config/share/ariac_moveit_config/environment/pythonpath.dsv
[5.320s] -- Up-to-date: /home/shdh/enpm663_ws/install/ariac_moveit_config/lib/python3.8/site-packages//ariac_moveit_config.egg-info
[5.321s] -- Installing: /home/shdh/enpm663_ws/install/ariac_moveit_config/lib/python3.8/site-packages//ariac_moveit_config.egg-info/PKG-INFO
[5.321s] -- Installing: /home/shdh/enpm663_ws/install/ariac_moveit_config/lib/python3.8/site-packages//ariac_moveit_config.egg-info/top_level.txt
[5.321s] -- Installing: /home/shdh/enpm663_ws/install/ariac_moveit_config/lib/python3.8/site-packages//ariac_moveit_config.egg-info/SOURCES.txt
[5.321s] -- Installing: /home/shdh/enpm663_ws/install/ariac_moveit_config/lib/python3.8/site-packages//ariac_moveit_config.egg-info/dependency_links.txt
[5.321s] -- Up-to-date: /home/shdh/enpm663_ws/install/ariac_moveit_config/lib/ariac_moveit_config/
[5.322s] -- Up-to-date: /home/shdh/enpm663_ws/install/ariac_moveit_config/lib/python3.8/site-packages/ariac_moveit_config
[5.322s] -- Up-to-date: /home/shdh/enpm663_ws/install/ariac_moveit_config/lib/python3.8/site-packages/ariac_moveit_config/__init__.py
[5.322s] -- Up-to-date: /home/shdh/enpm663_ws/install/ariac_moveit_config/lib/python3.8/site-packages/ariac_moveit_config/parameters.py
[5.447s] Listing '/home/shdh/enpm663_ws/install/ariac_moveit_config/lib/python3.8/site-packages/ariac_moveit_config'...
[5.447s] -- Up-to-date: /home/shdh/enpm663_ws/install/ariac_moveit_config/share/ament_index/resource_index/package_run_dependencies/ariac_moveit_config
[5.447s] -- Up-to-date: /home/shdh/enpm663_ws/install/ariac_moveit_config/share/ament_index/resource_index/parent_prefix_path/ariac_moveit_config
[5.448s] -- Up-to-date: /home/shdh/enpm663_ws/install/ariac_moveit_config/share/ariac_moveit_config/environment/ament_prefix_path.sh
[5.448s] -- Up-to-date: /home/shdh/enpm663_ws/install/ariac_moveit_config/share/ariac_moveit_config/environment/ament_prefix_path.dsv
[5.449s] -- Up-to-date: /home/shdh/enpm663_ws/install/ariac_moveit_config/share/ariac_moveit_config/environment/path.sh
[5.449s] -- Up-to-date: /home/shdh/enpm663_ws/install/ariac_moveit_config/share/ariac_moveit_config/environment/path.dsv
[5.450s] -- Up-to-date: /home/shdh/enpm663_ws/install/ariac_moveit_config/share/ariac_moveit_config/local_setup.bash
[5.451s] -- Up-to-date: /home/shdh/enpm663_ws/install/ariac_moveit_config/share/ariac_moveit_config/local_setup.sh
[5.451s] -- Up-to-date: /home/shdh/enpm663_ws/install/ariac_moveit_config/share/ariac_moveit_config/local_setup.zsh
[5.451s] -- Up-to-date: /home/shdh/enpm663_ws/install/ariac_moveit_config/share/ariac_moveit_config/local_setup.dsv
[5.452s] -- Installing: /home/shdh/enpm663_ws/install/ariac_moveit_config/share/ariac_moveit_config/package.dsv
[5.452s] -- Up-to-date: /home/shdh/enpm663_ws/install/ariac_moveit_config/share/ament_index/resource_index/packages/ariac_moveit_config
[5.452s] -- Up-to-date: /home/shdh/enpm663_ws/install/ariac_moveit_config/share/ariac_moveit_config/cmake/ariac_moveit_configConfig.cmake
[5.453s] -- Up-to-date: /home/shdh/enpm663_ws/install/ariac_moveit_config/share/ariac_moveit_config/cmake/ariac_moveit_configConfig-version.cmake
[5.454s] -- Up-to-date: /home/shdh/enpm663_ws/install/ariac_moveit_config/share/ariac_moveit_config/package.xml
[6.089s] Invoked command in '/home/shdh/enpm663_ws/build/ariac_moveit_config' returned '0': CMAKE_PREFIX_PATH=${CMAKE_PREFIX_PATH}:/home/shdh/enpm663_ws/install/exercise3:/home/shdh/enpm663_ws/install/exercise2:/home/shdh/enpm663_ws/install/exercise1:/home/shdh/enpm663_ws/install/ariac_gui:/opt/ros/galactic /usr/bin/cmake --install /home/shdh/enpm663_ws/build/ariac_moveit_config
