/home/shdh/enpm663_ws/install/ariac_gui/lib/python3.8/site-packages/ariac_gui/msgNames.py
/home/shdh/enpm663_ws/install/ariac_gui/lib/python3.8/site-packages/ariac_gui/gui_node.py
/home/shdh/enpm663_ws/install/ariac_gui/lib/python3.8/site-packages/ariac_gui/__init__.py
/home/shdh/enpm663_ws/install/ariac_gui/lib/python3.8/site-packages/ariac_gui/checkCancel.py
/home/shdh/enpm663_ws/install/ariac_gui/lib/python3.8/site-packages/ariac_gui/timeFunctions.py
/home/shdh/enpm663_ws/install/ariac_gui/lib/python3.8/site-packages/ariac_gui/newClasses.py
/home/shdh/enpm663_ws/install/ariac_gui/lib/python3.8/site-packages/ariac_gui/notebookConveyor.py
/home/shdh/enpm663_ws/install/ariac_gui/lib/python3.8/site-packages/ariac_gui/notebookBins.py
/home/shdh/enpm663_ws/install/ariac_gui/lib/python3.8/site-packages/ariac_gui/zeid_ariac_gui.py
/home/shdh/enpm663_ws/install/ariac_gui/lib/python3.8/site-packages/ariac_gui/notebookParts.py
/home/shdh/enpm663_ws/install/ariac_gui/lib/python3.8/site-packages/ariac_gui/newGui.py
/home/shdh/enpm663_ws/install/ariac_gui/lib/python3.8/site-packages/ariac_gui/notebookSetup.py
/home/shdh/enpm663_ws/install/ariac_gui/lib/python3.8/site-packages/ariac_gui/fileFunc.py
/home/shdh/enpm663_ws/install/ariac_gui/lib/python3.8/site-packages/ariac_gui/validationFunctions.py
/home/shdh/enpm663_ws/install/ariac_gui/lib/python3.8/site-packages/ariac_gui/notebookChallenges.py
/home/shdh/enpm663_ws/install/ariac_gui/lib/python3.8/site-packages/ariac_gui/updateRanges.py
/home/shdh/enpm663_ws/install/ariac_gui/lib/python3.8/site-packages/ariac_gui/notebookOrders.py
/home/shdh/enpm663_ws/install/ariac_gui/lib/python3.8/site-packages/ariac_gui/__pycache__/msgNames.cpython-38.pyc
/home/shdh/enpm663_ws/install/ariac_gui/lib/python3.8/site-packages/ariac_gui/__pycache__/gui_node.cpython-38.pyc
/home/shdh/enpm663_ws/install/ariac_gui/lib/python3.8/site-packages/ariac_gui/__pycache__/__init__.cpython-38.pyc
/home/shdh/enpm663_ws/install/ariac_gui/lib/python3.8/site-packages/ariac_gui/__pycache__/checkCancel.cpython-38.pyc
/home/shdh/enpm663_ws/install/ariac_gui/lib/python3.8/site-packages/ariac_gui/__pycache__/timeFunctions.cpython-38.pyc
/home/shdh/enpm663_ws/install/ariac_gui/lib/python3.8/site-packages/ariac_gui/__pycache__/newClasses.cpython-38.pyc
/home/shdh/enpm663_ws/install/ariac_gui/lib/python3.8/site-packages/ariac_gui/__pycache__/notebookConveyor.cpython-38.pyc
/home/shdh/enpm663_ws/install/ariac_gui/lib/python3.8/site-packages/ariac_gui/__pycache__/notebookBins.cpython-38.pyc
/home/shdh/enpm663_ws/install/ariac_gui/lib/python3.8/site-packages/ariac_gui/__pycache__/zeid_ariac_gui.cpython-38.pyc
/home/shdh/enpm663_ws/install/ariac_gui/lib/python3.8/site-packages/ariac_gui/__pycache__/notebookParts.cpython-38.pyc
/home/shdh/enpm663_ws/install/ariac_gui/lib/python3.8/site-packages/ariac_gui/__pycache__/newGui.cpython-38.pyc
/home/shdh/enpm663_ws/install/ariac_gui/lib/python3.8/site-packages/ariac_gui/__pycache__/notebookSetup.cpython-38.pyc
/home/shdh/enpm663_ws/install/ariac_gui/lib/python3.8/site-packages/ariac_gui/__pycache__/fileFunc.cpython-38.pyc
/home/shdh/enpm663_ws/install/ariac_gui/lib/python3.8/site-packages/ariac_gui/__pycache__/validationFunctions.cpython-38.pyc
/home/shdh/enpm663_ws/install/ariac_gui/lib/python3.8/site-packages/ariac_gui/__pycache__/notebookChallenges.cpython-38.pyc
/home/shdh/enpm663_ws/install/ariac_gui/lib/python3.8/site-packages/ariac_gui/__pycache__/updateRanges.cpython-38.pyc
/home/shdh/enpm663_ws/install/ariac_gui/lib/python3.8/site-packages/ariac_gui/__pycache__/notebookOrders.cpython-38.pyc
/home/shdh/enpm663_ws/install/ariac_gui/share/ament_index/resource_index/packages/ariac_gui
/home/shdh/enpm663_ws/install/ariac_gui/share/ariac_gui/resource/NIST_logo.png
/home/shdh/enpm663_ws/install/ariac_gui/share/ariac_gui/package.xml
/home/shdh/enpm663_ws/install/ariac_gui/lib/python3.8/site-packages/ariac_gui-0.0.0-py3.8.egg-info/requires.txt
/home/shdh/enpm663_ws/install/ariac_gui/lib/python3.8/site-packages/ariac_gui-0.0.0-py3.8.egg-info/PKG-INFO
/home/shdh/enpm663_ws/install/ariac_gui/lib/python3.8/site-packages/ariac_gui-0.0.0-py3.8.egg-info/zip-safe
/home/shdh/enpm663_ws/install/ariac_gui/lib/python3.8/site-packages/ariac_gui-0.0.0-py3.8.egg-info/entry_points.txt
/home/shdh/enpm663_ws/install/ariac_gui/lib/python3.8/site-packages/ariac_gui-0.0.0-py3.8.egg-info/top_level.txt
/home/shdh/enpm663_ws/install/ariac_gui/lib/python3.8/site-packages/ariac_gui-0.0.0-py3.8.egg-info/SOURCES.txt
/home/shdh/enpm663_ws/install/ariac_gui/lib/python3.8/site-packages/ariac_gui-0.0.0-py3.8.egg-info/dependency_links.txt
/home/shdh/enpm663_ws/install/ariac_gui/lib/ariac_gui/gui
/home/shdh/enpm663_ws/install/ariac_gui/lib/ariac_gui/zeid_gui
