-- The C compiler identification is GNU 10.5.0
-- The CXX compiler identification is GNU 10.5.0
-- Check for working C compiler: /usr/bin/cc
-- Check for working C compiler: /usr/bin/cc -- works
-- Detecting C compiler ABI info
-- Detecting C compiler ABI info - done
-- Detecting C compile features
-- Detecting C compile features - done
-- Check for working CXX compiler: /usr/bin/c++
-- Check for working CXX compiler: /usr/bin/c++ -- works
-- Detecting CXX compiler ABI info
-- Detecting CXX compiler ABI info - done
-- Detecting CXX compile features
-- Detecting CXX compile features - done
-- Found ament_cmake: 1.1.6 (/opt/ros/galactic/share/ament_cmake/cmake)
-- Found PythonInterp: /usr/bin/python3 (found suitable version "3.8.10", minimum required is "3") 
-- Using PYTHON_EXECUTABLE: /usr/bin/python3
-- Configuring done
-- Generating done
-- Build files have been written to: /home/shdh/enpm663_ws/build/ariac_description
-- Install configuration: ""
-- Installing: /home/shdh/enpm663_ws/install/ariac_description/share/ariac_description/config
-- Installing: /home/shdh/enpm663_ws/install/ariac_description/share/ariac_description/config/ceiling_robot_initial_positions.yaml
-- Installing: /home/shdh/enpm663_ws/install/ariac_description/share/ariac_description/config/floor_robot_initial_positions.yaml
-- Installing: /home/shdh/enpm663_ws/install/ariac_description/share/ariac_description/config/robot_controllers.yaml
-- Installing: /home/shdh/enpm663_ws/install/ariac_description/share/ariac_description/meshes
-- Installing: /home/shdh/enpm663_ws/install/ariac_description/share/ariac_description/meshes/agv
-- Installing: /home/shdh/enpm663_ws/install/ariac_description/share/ariac_description/meshes/agv/tray.stl
-- Installing: /home/shdh/enpm663_ws/install/ariac_description/share/ariac_description/meshes/agv/robot.png
-- Installing: /home/shdh/enpm663_ws/install/ariac_description/share/ariac_description/meshes/agv/robot.dae
-- Installing: /home/shdh/enpm663_ws/install/ariac_description/share/ariac_description/meshes/agv/contact_sensor.stl
-- Installing: /home/shdh/enpm663_ws/install/ariac_description/share/ariac_description/meshes/gantry
-- Installing: /home/shdh/enpm663_ws/install/ariac_description/share/ariac_description/meshes/gantry/torso_fixed_normals.dae
-- Installing: /home/shdh/enpm663_ws/install/ariac_description/share/ariac_description/meshes/gantry/green_metal_rust_diff_4k.jpg
-- Installing: /home/shdh/enpm663_ws/install/ariac_description/share/ariac_description/meshes/gantry/torso_base.dae
-- Installing: /home/shdh/enpm663_ws/install/ariac_description/share/ariac_description/meshes/gantry/rusty_metal_02_diff_2k.jpg
-- Installing: /home/shdh/enpm663_ws/install/ariac_description/share/ariac_description/meshes/gantry/ARIAC_GRN_Logo.png
-- Installing: /home/shdh/enpm663_ws/install/ariac_description/share/ariac_description/meshes/gantry/gantry_tray.dae
-- Installing: /home/shdh/enpm663_ws/install/ariac_description/share/ariac_description/meshes/gantry/NIST_Green_bake.png
-- Installing: /home/shdh/enpm663_ws/install/ariac_description/share/ariac_description/meshes/gantry/Metal024_2K_Color.jpg
-- Installing: /home/shdh/enpm663_ws/install/ariac_description/share/ariac_description/meshes/vacuum_gripper
-- Installing: /home/shdh/enpm663_ws/install/ariac_description/share/ariac_description/meshes/vacuum_gripper/vacuum_gripper.stl
-- Installing: /home/shdh/enpm663_ws/install/ariac_description/share/ariac_description/urdf
-- Installing: /home/shdh/enpm663_ws/install/ariac_description/share/ariac_description/urdf/floor_robot
-- Installing: /home/shdh/enpm663_ws/install/ariac_description/share/ariac_description/urdf/floor_robot/linear_actuator.ros2_control.xacro
-- Installing: /home/shdh/enpm663_ws/install/ariac_description/share/ariac_description/urdf/floor_robot/floor_robot_macro.xacro
-- Installing: /home/shdh/enpm663_ws/install/ariac_description/share/ariac_description/urdf/floor_robot/linear_actuator_macro.xacro
-- Installing: /home/shdh/enpm663_ws/install/ariac_description/share/ariac_description/urdf/agv
-- Installing: /home/shdh/enpm663_ws/install/ariac_description/share/ariac_description/urdf/agv/agv.ros2_control.xacro
-- Installing: /home/shdh/enpm663_ws/install/ariac_description/share/ariac_description/urdf/agv/agv_macro.xacro
-- Installing: /home/shdh/enpm663_ws/install/ariac_description/share/ariac_description/urdf/human
-- Installing: /home/shdh/enpm663_ws/install/ariac_description/share/ariac_description/urdf/human/human.urdf.xacro
-- Installing: /home/shdh/enpm663_ws/install/ariac_description/share/ariac_description/urdf/vacuum_gripper
-- Installing: /home/shdh/enpm663_ws/install/ariac_description/share/ariac_description/urdf/vacuum_gripper/vacuum_gripper_macro.xacro
-- Installing: /home/shdh/enpm663_ws/install/ariac_description/share/ariac_description/urdf/ceiling_robot
-- Installing: /home/shdh/enpm663_ws/install/ariac_description/share/ariac_description/urdf/ceiling_robot/gantry_macro.xacro
-- Installing: /home/shdh/enpm663_ws/install/ariac_description/share/ariac_description/urdf/ceiling_robot/ceiling_robot_macro.xacro
-- Installing: /home/shdh/enpm663_ws/install/ariac_description/share/ariac_description/urdf/ceiling_robot/gantry.ros2_control.xacro
-- Installing: /home/shdh/enpm663_ws/install/ariac_description/share/ariac_description/urdf/ariac_robots
-- Installing: /home/shdh/enpm663_ws/install/ariac_description/share/ariac_description/urdf/ariac_robots/ariac_robots.urdf.xacro
-- Installing: /home/shdh/enpm663_ws/install/ariac_description/share/ament_index/resource_index/package_run_dependencies/ariac_description
-- Installing: /home/shdh/enpm663_ws/install/ariac_description/share/ament_index/resource_index/parent_prefix_path/ariac_description
-- Installing: /home/shdh/enpm663_ws/install/ariac_description/share/ariac_description/environment/ament_prefix_path.sh
-- Installing: /home/shdh/enpm663_ws/install/ariac_description/share/ariac_description/environment/ament_prefix_path.dsv
-- Installing: /home/shdh/enpm663_ws/install/ariac_description/share/ariac_description/environment/path.sh
-- Installing: /home/shdh/enpm663_ws/install/ariac_description/share/ariac_description/environment/path.dsv
-- Installing: /home/shdh/enpm663_ws/install/ariac_description/share/ariac_description/local_setup.bash
-- Installing: /home/shdh/enpm663_ws/install/ariac_description/share/ariac_description/local_setup.sh
-- Installing: /home/shdh/enpm663_ws/install/ariac_description/share/ariac_description/local_setup.zsh
-- Installing: /home/shdh/enpm663_ws/install/ariac_description/share/ariac_description/local_setup.dsv
-- Installing: /home/shdh/enpm663_ws/install/ariac_description/share/ariac_description/package.dsv
-- Installing: /home/shdh/enpm663_ws/install/ariac_description/share/ament_index/resource_index/packages/ariac_description
-- Installing: /home/shdh/enpm663_ws/install/ariac_description/share/ariac_description/cmake/ariac_descriptionConfig.cmake
-- Installing: /home/shdh/enpm663_ws/install/ariac_description/share/ariac_description/cmake/ariac_descriptionConfig-version.cmake
-- Installing: /home/shdh/enpm663_ws/install/ariac_description/share/ariac_description/package.xml
