[2.568s] Invoking command in '/home/shdh/enpm663_ws/build/ariac_human': CMAKE_PREFIX_PATH=/home/shdh/enpm663_ws/install/ariac_msgs:/home/shdh/enpm663_ws/install/test_competitor:/home/shdh/enpm663_ws/install/first_package:/home/shdh/enpm663_ws/install/ariac_sensors:/home/shdh/enpm663_ws/install/ariac_plugins:/home/shdh/enpm663_ws/install/ariac_human:/home/shdh/enpm663_ws/install/ariac_moveit_config:/home/shdh/enpm663_ws/install/ariac_gazebo:/home/shdh/enpm663_ws/install/ariac_description:/home/shdh/enpm663_ws/install/exercise3:/home/shdh/enpm663_ws/install/exercise2:/home/shdh/enpm663_ws/install/exercise1:/home/shdh/enpm663_ws/install/ariac_gui:/opt/ros/galactic LD_LIBRARY_PATH=/home/shdh/enpm663_ws/install/ariac_msgs/lib:/home/shdh/enpm663_ws/install/test_competitor/lib:/home/shdh/enpm663_ws/install/ariac_sensors/lib:/home/shdh/enpm663_ws/install/ariac_plugins/lib:/usr/lib/x86_64-linux-gnu/gazebo-11/plugins:/opt/ros/galactic/opt/yaml_cpp_vendor/lib:/opt/ros/galactic/opt/rviz_ogre_vendor/lib:/opt/ros/galactic/lib/x86_64-linux-gnu:/opt/ros/galactic/lib PYTHONPATH=/home/shdh/enpm663_ws/install/ariac_msgs/lib/python3.8/site-packages:/home/shdh/enpm663_ws/install/first_package/lib/python3.8/site-packages:/home/shdh/enpm663_ws/install/exercise3/lib/python3.8/site-packages:/home/shdh/enpm663_ws/install/exercise2/lib/python3.8/site-packages:/home/shdh/enpm663_ws/install/exercise1/lib/python3.8/site-packages:/home/shdh/enpm663_ws/install/ariac_human/lib/python3.8/site-packages:/home/shdh/enpm663_ws/install/ariac_gui/lib/python3.8/site-packages:/home/shdh/enpm663_ws/install/ariac_moveit_config/lib/python3.8/site-packages:/home/shdh/enpm663_ws/install/ariac_gazebo/lib/python3.8/site-packages:/opt/ros/galactic/lib/python3.8/site-packages /usr/bin/cmake --build /home/shdh/enpm663_ws/build/ariac_human -- -j12 -l12
[2.665s] Built target ament_cmake_python_copy_ariac_human_setup
[2.666s] Built target ament_cmake_python_copy_ariac_human
[3.040s] running install_scripts
[3.043s] running egg_info
[3.043s] writing ariac_human.egg-info/PKG-INFO
[3.044s] writing dependency_links to ariac_human.egg-info/dependency_links.txt
[3.044s] writing top-level names to ariac_human.egg-info/top_level.txt
[3.065s] running egg_info
[3.066s] writing ariac_human.egg-info/PKG-INFO
[3.068s] writing dependency_links to ariac_human.egg-info/dependency_links.txt
[3.068s] writing top-level names to ariac_human.egg-info/top_level.txt
[3.081s] reading manifest file 'ariac_human.egg-info/SOURCES.txt'
[3.083s] writing manifest file 'ariac_human.egg-info/SOURCES.txt'
[3.104s] reading manifest file 'ariac_human.egg-info/SOURCES.txt'
[3.104s] writing manifest file 'ariac_human.egg-info/SOURCES.txt'
[3.104s] Built target ament_cmake_python_build_ariac_human_egg
[3.126s] Built target ament_cmake_python_build_ariac_human_scripts
[3.423s] Invoked command in '/home/shdh/enpm663_ws/build/ariac_human' returned '0': CMAKE_PREFIX_PATH=/home/shdh/enpm663_ws/install/ariac_msgs:/home/shdh/enpm663_ws/install/test_competitor:/home/shdh/enpm663_ws/install/first_package:/home/shdh/enpm663_ws/install/ariac_sensors:/home/shdh/enpm663_ws/install/ariac_plugins:/home/shdh/enpm663_ws/install/ariac_human:/home/shdh/enpm663_ws/install/ariac_moveit_config:/home/shdh/enpm663_ws/install/ariac_gazebo:/home/shdh/enpm663_ws/install/ariac_description:/home/shdh/enpm663_ws/install/exercise3:/home/shdh/enpm663_ws/install/exercise2:/home/shdh/enpm663_ws/install/exercise1:/home/shdh/enpm663_ws/install/ariac_gui:/opt/ros/galactic LD_LIBRARY_PATH=/home/shdh/enpm663_ws/install/ariac_msgs/lib:/home/shdh/enpm663_ws/install/test_competitor/lib:/home/shdh/enpm663_ws/install/ariac_sensors/lib:/home/shdh/enpm663_ws/install/ariac_plugins/lib:/usr/lib/x86_64-linux-gnu/gazebo-11/plugins:/opt/ros/galactic/opt/yaml_cpp_vendor/lib:/opt/ros/galactic/opt/rviz_ogre_vendor/lib:/opt/ros/galactic/lib/x86_64-linux-gnu:/opt/ros/galactic/lib PYTHONPATH=/home/shdh/enpm663_ws/install/ariac_msgs/lib/python3.8/site-packages:/home/shdh/enpm663_ws/install/first_package/lib/python3.8/site-packages:/home/shdh/enpm663_ws/install/exercise3/lib/python3.8/site-packages:/home/shdh/enpm663_ws/install/exercise2/lib/python3.8/site-packages:/home/shdh/enpm663_ws/install/exercise1/lib/python3.8/site-packages:/home/shdh/enpm663_ws/install/ariac_human/lib/python3.8/site-packages:/home/shdh/enpm663_ws/install/ariac_gui/lib/python3.8/site-packages:/home/shdh/enpm663_ws/install/ariac_moveit_config/lib/python3.8/site-packages:/home/shdh/enpm663_ws/install/ariac_gazebo/lib/python3.8/site-packages:/opt/ros/galactic/lib/python3.8/site-packages /usr/bin/cmake --build /home/shdh/enpm663_ws/build/ariac_human -- -j12 -l12
[4.045s] Invoking command in '/home/shdh/enpm663_ws/build/ariac_human': CMAKE_PREFIX_PATH=/home/shdh/enpm663_ws/install/ariac_msgs:/home/shdh/enpm663_ws/install/test_competitor:/home/shdh/enpm663_ws/install/first_package:/home/shdh/enpm663_ws/install/ariac_sensors:/home/shdh/enpm663_ws/install/ariac_plugins:/home/shdh/enpm663_ws/install/ariac_human:/home/shdh/enpm663_ws/install/ariac_moveit_config:/home/shdh/enpm663_ws/install/ariac_gazebo:/home/shdh/enpm663_ws/install/ariac_description:/home/shdh/enpm663_ws/install/exercise3:/home/shdh/enpm663_ws/install/exercise2:/home/shdh/enpm663_ws/install/exercise1:/home/shdh/enpm663_ws/install/ariac_gui:/opt/ros/galactic LD_LIBRARY_PATH=/home/shdh/enpm663_ws/install/ariac_msgs/lib:/home/shdh/enpm663_ws/install/test_competitor/lib:/home/shdh/enpm663_ws/install/ariac_sensors/lib:/home/shdh/enpm663_ws/install/ariac_plugins/lib:/usr/lib/x86_64-linux-gnu/gazebo-11/plugins:/opt/ros/galactic/opt/yaml_cpp_vendor/lib:/opt/ros/galactic/opt/rviz_ogre_vendor/lib:/opt/ros/galactic/lib/x86_64-linux-gnu:/opt/ros/galactic/lib PYTHONPATH=/home/shdh/enpm663_ws/install/ariac_msgs/lib/python3.8/site-packages:/home/shdh/enpm663_ws/install/first_package/lib/python3.8/site-packages:/home/shdh/enpm663_ws/install/exercise3/lib/python3.8/site-packages:/home/shdh/enpm663_ws/install/exercise2/lib/python3.8/site-packages:/home/shdh/enpm663_ws/install/exercise1/lib/python3.8/site-packages:/home/shdh/enpm663_ws/install/ariac_human/lib/python3.8/site-packages:/home/shdh/enpm663_ws/install/ariac_gui/lib/python3.8/site-packages:/home/shdh/enpm663_ws/install/ariac_moveit_config/lib/python3.8/site-packages:/home/shdh/enpm663_ws/install/ariac_gazebo/lib/python3.8/site-packages:/opt/ros/galactic/lib/python3.8/site-packages /usr/bin/cmake --install /home/shdh/enpm663_ws/build/ariac_human
[5.090s] -- Install configuration: ""
[5.090s] -- Up-to-date: /home/shdh/enpm663_ws/install/ariac_human/share/ariac_human//agent
[5.090s] -- Up-to-date: /home/shdh/enpm663_ws/install/ariac_human/share/ariac_human//agent/helpful.mas2j
[5.090s] -- Up-to-date: /home/shdh/enpm663_ws/install/ariac_human/share/ariac_human//agent/build.gradle
[5.090s] -- Up-to-date: /home/shdh/enpm663_ws/install/ariac_human/share/ariac_human//agent/gradlew.bat
[5.090s] -- Up-to-date: /home/shdh/enpm663_ws/install/ariac_human/share/ariac_human//agent/gradle
[5.091s] -- Up-to-date: /home/shdh/enpm663_ws/install/ariac_human/share/ariac_human//agent/gradle/wrapper
[5.091s] -- Up-to-date: /home/shdh/enpm663_ws/install/ariac_human/share/ariac_human//agent/gradle/wrapper/gradle-wrapper.properties
[5.091s] -- Up-to-date: /home/shdh/enpm663_ws/install/ariac_human/share/ariac_human//agent/gradle/wrapper/gradle-wrapper.jar
[5.091s] -- Up-to-date: /home/shdh/enpm663_ws/install/ariac_human/share/ariac_human//agent/runAriac_Human.sh
[5.091s] -- Up-to-date: /home/shdh/enpm663_ws/install/ariac_human/share/ariac_human//agent/lib
[5.091s] -- Up-to-date: /home/shdh/enpm663_ws/install/ariac_human/share/ariac_human//agent/lib/java_rosbridge_all.jar
[5.091s] -- Up-to-date: /home/shdh/enpm663_ws/install/ariac_human/share/ariac_human//agent/logging.properties
[5.091s] -- Up-to-date: /home/shdh/enpm663_ws/install/ariac_human/share/ariac_human//agent/indifferent.mas2j
[5.091s] -- Up-to-date: /home/shdh/enpm663_ws/install/ariac_human/share/ariac_human//agent/src
[5.092s] -- Up-to-date: /home/shdh/enpm663_ws/install/ariac_human/share/ariac_human//agent/src/asl
[5.092s] -- Up-to-date: /home/shdh/enpm663_ws/install/ariac_human/share/ariac_human//agent/src/asl/human.asl
[5.093s] -- Up-to-date: /home/shdh/enpm663_ws/install/ariac_human/share/ariac_human//agent/src/asl/antagonistic.asl
[5.093s] -- Up-to-date: /home/shdh/enpm663_ws/install/ariac_human/share/ariac_human//agent/src/asl/indifferent.asl
[5.093s] -- Up-to-date: /home/shdh/enpm663_ws/install/ariac_human/share/ariac_human//agent/src/asl/helpful.asl
[5.094s] -- Up-to-date: /home/shdh/enpm663_ws/install/ariac_human/share/ariac_human//agent/src/java
[5.094s] -- Up-to-date: /home/shdh/enpm663_ws/install/ariac_human/share/ariac_human//agent/src/java/RosEnv.java
[5.094s] -- Up-to-date: /home/shdh/enpm663_ws/install/ariac_human/share/ariac_human//agent/gradlew
[5.094s] -- Up-to-date: /home/shdh/enpm663_ws/install/ariac_human/share/ariac_human//agent/antagonistic.mas2j
[5.094s] -- Up-to-date: /home/shdh/enpm663_ws/install/ariac_human/share/ariac_human//launch
[5.095s] -- Up-to-date: /home/shdh/enpm663_ws/install/ariac_human/share/ariac_human//launch/human.launch.py
[5.095s] -- Up-to-date: /home/shdh/enpm663_ws/install/ariac_human/share/ariac_human//config
[5.095s] -- Up-to-date: /home/shdh/enpm663_ws/install/ariac_human/share/ariac_human//config/human_params.yaml
[5.095s] -- Up-to-date: /home/shdh/enpm663_ws/install/ariac_human/share/ariac_human//map
[5.095s] -- Up-to-date: /home/shdh/enpm663_ws/install/ariac_human/share/ariac_human//map/ariac_map.pgm
[5.096s] -- Up-to-date: /home/shdh/enpm663_ws/install/ariac_human/share/ariac_human//map/ariac_map.yaml
[5.096s] -- Up-to-date: /home/shdh/enpm663_ws/install/ariac_human/share/ariac_human//rviz
[5.096s] -- Up-to-date: /home/shdh/enpm663_ws/install/ariac_human/share/ariac_human//rviz/navigation.rviz
[5.096s] -- Up-to-date: /home/shdh/enpm663_ws/install/ariac_human/share/ariac_human/agent/gradlew
[5.096s] -- Up-to-date: /home/shdh/enpm663_ws/install/ariac_human/share/ariac_human/environment/pythonpath.sh
[5.097s] -- Up-to-date: /home/shdh/enpm663_ws/install/ariac_human/share/ariac_human/environment/pythonpath.dsv
[5.097s] -- Up-to-date: /home/shdh/enpm663_ws/install/ariac_human/lib/python3.8/site-packages//ariac_human.egg-info
[5.097s] -- Installing: /home/shdh/enpm663_ws/install/ariac_human/lib/python3.8/site-packages//ariac_human.egg-info/PKG-INFO
[5.097s] -- Installing: /home/shdh/enpm663_ws/install/ariac_human/lib/python3.8/site-packages//ariac_human.egg-info/top_level.txt
[5.097s] -- Installing: /home/shdh/enpm663_ws/install/ariac_human/lib/python3.8/site-packages//ariac_human.egg-info/SOURCES.txt
[5.097s] -- Installing: /home/shdh/enpm663_ws/install/ariac_human/lib/python3.8/site-packages//ariac_human.egg-info/dependency_links.txt
[5.097s] -- Up-to-date: /home/shdh/enpm663_ws/install/ariac_human/lib/ariac_human/
[5.098s] -- Up-to-date: /home/shdh/enpm663_ws/install/ariac_human/lib/python3.8/site-packages/ariac_human
[5.098s] -- Up-to-date: /home/shdh/enpm663_ws/install/ariac_human/lib/python3.8/site-packages/ariac_human/__init__.py
[5.098s] -- Up-to-date: /home/shdh/enpm663_ws/install/ariac_human/lib/python3.8/site-packages/ariac_human/human_control.py
[5.098s] Listing '/home/shdh/enpm663_ws/install/ariac_human/lib/python3.8/site-packages/ariac_human'...
[5.098s] -- Up-to-date: /home/shdh/enpm663_ws/install/ariac_human/lib/ariac_human/human_control_node.py
[5.099s] -- Up-to-date: /home/shdh/enpm663_ws/install/ariac_human/share/ament_index/resource_index/package_run_dependencies/ariac_human
[5.099s] -- Up-to-date: /home/shdh/enpm663_ws/install/ariac_human/share/ament_index/resource_index/parent_prefix_path/ariac_human
[5.099s] -- Up-to-date: /home/shdh/enpm663_ws/install/ariac_human/share/ariac_human/environment/ament_prefix_path.sh
[5.099s] -- Up-to-date: /home/shdh/enpm663_ws/install/ariac_human/share/ariac_human/environment/ament_prefix_path.dsv
[5.100s] -- Up-to-date: /home/shdh/enpm663_ws/install/ariac_human/share/ariac_human/environment/path.sh
[5.100s] -- Up-to-date: /home/shdh/enpm663_ws/install/ariac_human/share/ariac_human/environment/path.dsv
[5.100s] -- Up-to-date: /home/shdh/enpm663_ws/install/ariac_human/share/ariac_human/local_setup.bash
[5.100s] -- Up-to-date: /home/shdh/enpm663_ws/install/ariac_human/share/ariac_human/local_setup.sh
[5.100s] -- Up-to-date: /home/shdh/enpm663_ws/install/ariac_human/share/ariac_human/local_setup.zsh
[5.101s] -- Up-to-date: /home/shdh/enpm663_ws/install/ariac_human/share/ariac_human/local_setup.dsv
[5.101s] -- Installing: /home/shdh/enpm663_ws/install/ariac_human/share/ariac_human/package.dsv
[5.101s] -- Up-to-date: /home/shdh/enpm663_ws/install/ariac_human/share/ament_index/resource_index/packages/ariac_human
[5.102s] -- Up-to-date: /home/shdh/enpm663_ws/install/ariac_human/share/ariac_human/cmake/ariac_humanConfig.cmake
[5.102s] -- Up-to-date: /home/shdh/enpm663_ws/install/ariac_human/share/ariac_human/cmake/ariac_humanConfig-version.cmake
[5.102s] -- Up-to-date: /home/shdh/enpm663_ws/install/ariac_human/share/ariac_human/package.xml
[6.194s] Invoked command in '/home/shdh/enpm663_ws/build/ariac_human' returned '0': CMAKE_PREFIX_PATH=/home/shdh/enpm663_ws/install/ariac_msgs:/home/shdh/enpm663_ws/install/test_competitor:/home/shdh/enpm663_ws/install/first_package:/home/shdh/enpm663_ws/install/ariac_sensors:/home/shdh/enpm663_ws/install/ariac_plugins:/home/shdh/enpm663_ws/install/ariac_human:/home/shdh/enpm663_ws/install/ariac_moveit_config:/home/shdh/enpm663_ws/install/ariac_gazebo:/home/shdh/enpm663_ws/install/ariac_description:/home/shdh/enpm663_ws/install/exercise3:/home/shdh/enpm663_ws/install/exercise2:/home/shdh/enpm663_ws/install/exercise1:/home/shdh/enpm663_ws/install/ariac_gui:/opt/ros/galactic LD_LIBRARY_PATH=/home/shdh/enpm663_ws/install/ariac_msgs/lib:/home/shdh/enpm663_ws/install/test_competitor/lib:/home/shdh/enpm663_ws/install/ariac_sensors/lib:/home/shdh/enpm663_ws/install/ariac_plugins/lib:/usr/lib/x86_64-linux-gnu/gazebo-11/plugins:/opt/ros/galactic/opt/yaml_cpp_vendor/lib:/opt/ros/galactic/opt/rviz_ogre_vendor/lib:/opt/ros/galactic/lib/x86_64-linux-gnu:/opt/ros/galactic/lib PYTHONPATH=/home/shdh/enpm663_ws/install/ariac_msgs/lib/python3.8/site-packages:/home/shdh/enpm663_ws/install/first_package/lib/python3.8/site-packages:/home/shdh/enpm663_ws/install/exercise3/lib/python3.8/site-packages:/home/shdh/enpm663_ws/install/exercise2/lib/python3.8/site-packages:/home/shdh/enpm663_ws/install/exercise1/lib/python3.8/site-packages:/home/shdh/enpm663_ws/install/ariac_human/lib/python3.8/site-packages:/home/shdh/enpm663_ws/install/ariac_gui/lib/python3.8/site-packages:/home/shdh/enpm663_ws/install/ariac_moveit_config/lib/python3.8/site-packages:/home/shdh/enpm663_ws/install/ariac_gazebo/lib/python3.8/site-packages:/opt/ros/galactic/lib/python3.8/site-packages /usr/bin/cmake --install /home/shdh/enpm663_ws/build/ariac_human
