running egg_info
creating ../../../build/ariac_gui/ariac_gui.egg-info
writing ../../../build/ariac_gui/ariac_gui.egg-info/PKG-INFO
writing dependency_links to ../../../build/ariac_gui/ariac_gui.egg-info/dependency_links.txt
writing entry points to ../../../build/ariac_gui/ariac_gui.egg-info/entry_points.txt
writing requirements to ../../../build/ariac_gui/ariac_gui.egg-info/requires.txt
writing top-level names to ../../../build/ariac_gui/ariac_gui.egg-info/top_level.txt
writing manifest file '../../../build/ariac_gui/ariac_gui.egg-info/SOURCES.txt'
reading manifest file '../../../build/ariac_gui/ariac_gui.egg-info/SOURCES.txt'
writing manifest file '../../../build/ariac_gui/ariac_gui.egg-info/SOURCES.txt'
running build
running build_py
creating /home/shdh/enpm663_ws/build/ariac_gui/build
creating /home/shdh/enpm663_ws/build/ariac_gui/build/lib
creating /home/shdh/enpm663_ws/build/ariac_gui/build/lib/ariac_gui
copying ariac_gui/msgNames.py -> /home/shdh/enpm663_ws/build/ariac_gui/build/lib/ariac_gui
copying ariac_gui/gui_node.py -> /home/shdh/enpm663_ws/build/ariac_gui/build/lib/ariac_gui
copying ariac_gui/__init__.py -> /home/shdh/enpm663_ws/build/ariac_gui/build/lib/ariac_gui
copying ariac_gui/checkCancel.py -> /home/shdh/enpm663_ws/build/ariac_gui/build/lib/ariac_gui
copying ariac_gui/timeFunctions.py -> /home/shdh/enpm663_ws/build/ariac_gui/build/lib/ariac_gui
copying ariac_gui/newClasses.py -> /home/shdh/enpm663_ws/build/ariac_gui/build/lib/ariac_gui
copying ariac_gui/notebookConveyor.py -> /home/shdh/enpm663_ws/build/ariac_gui/build/lib/ariac_gui
copying ariac_gui/notebookBins.py -> /home/shdh/enpm663_ws/build/ariac_gui/build/lib/ariac_gui
copying ariac_gui/zeid_ariac_gui.py -> /home/shdh/enpm663_ws/build/ariac_gui/build/lib/ariac_gui
copying ariac_gui/notebookParts.py -> /home/shdh/enpm663_ws/build/ariac_gui/build/lib/ariac_gui
copying ariac_gui/newGui.py -> /home/shdh/enpm663_ws/build/ariac_gui/build/lib/ariac_gui
copying ariac_gui/notebookSetup.py -> /home/shdh/enpm663_ws/build/ariac_gui/build/lib/ariac_gui
copying ariac_gui/fileFunc.py -> /home/shdh/enpm663_ws/build/ariac_gui/build/lib/ariac_gui
copying ariac_gui/validationFunctions.py -> /home/shdh/enpm663_ws/build/ariac_gui/build/lib/ariac_gui
copying ariac_gui/notebookChallenges.py -> /home/shdh/enpm663_ws/build/ariac_gui/build/lib/ariac_gui
copying ariac_gui/updateRanges.py -> /home/shdh/enpm663_ws/build/ariac_gui/build/lib/ariac_gui
copying ariac_gui/notebookOrders.py -> /home/shdh/enpm663_ws/build/ariac_gui/build/lib/ariac_gui
running install
running install_lib
creating /home/shdh/enpm663_ws/install/ariac_gui/lib/python3.8/site-packages/ariac_gui
copying /home/shdh/enpm663_ws/build/ariac_gui/build/lib/ariac_gui/msgNames.py -> /home/shdh/enpm663_ws/install/ariac_gui/lib/python3.8/site-packages/ariac_gui
copying /home/shdh/enpm663_ws/build/ariac_gui/build/lib/ariac_gui/gui_node.py -> /home/shdh/enpm663_ws/install/ariac_gui/lib/python3.8/site-packages/ariac_gui
copying /home/shdh/enpm663_ws/build/ariac_gui/build/lib/ariac_gui/__init__.py -> /home/shdh/enpm663_ws/install/ariac_gui/lib/python3.8/site-packages/ariac_gui
copying /home/shdh/enpm663_ws/build/ariac_gui/build/lib/ariac_gui/checkCancel.py -> /home/shdh/enpm663_ws/install/ariac_gui/lib/python3.8/site-packages/ariac_gui
copying /home/shdh/enpm663_ws/build/ariac_gui/build/lib/ariac_gui/timeFunctions.py -> /home/shdh/enpm663_ws/install/ariac_gui/lib/python3.8/site-packages/ariac_gui
copying /home/shdh/enpm663_ws/build/ariac_gui/build/lib/ariac_gui/newClasses.py -> /home/shdh/enpm663_ws/install/ariac_gui/lib/python3.8/site-packages/ariac_gui
copying /home/shdh/enpm663_ws/build/ariac_gui/build/lib/ariac_gui/notebookConveyor.py -> /home/shdh/enpm663_ws/install/ariac_gui/lib/python3.8/site-packages/ariac_gui
copying /home/shdh/enpm663_ws/build/ariac_gui/build/lib/ariac_gui/notebookBins.py -> /home/shdh/enpm663_ws/install/ariac_gui/lib/python3.8/site-packages/ariac_gui
copying /home/shdh/enpm663_ws/build/ariac_gui/build/lib/ariac_gui/zeid_ariac_gui.py -> /home/shdh/enpm663_ws/install/ariac_gui/lib/python3.8/site-packages/ariac_gui
copying /home/shdh/enpm663_ws/build/ariac_gui/build/lib/ariac_gui/notebookParts.py -> /home/shdh/enpm663_ws/install/ariac_gui/lib/python3.8/site-packages/ariac_gui
copying /home/shdh/enpm663_ws/build/ariac_gui/build/lib/ariac_gui/newGui.py -> /home/shdh/enpm663_ws/install/ariac_gui/lib/python3.8/site-packages/ariac_gui
copying /home/shdh/enpm663_ws/build/ariac_gui/build/lib/ariac_gui/notebookSetup.py -> /home/shdh/enpm663_ws/install/ariac_gui/lib/python3.8/site-packages/ariac_gui
copying /home/shdh/enpm663_ws/build/ariac_gui/build/lib/ariac_gui/fileFunc.py -> /home/shdh/enpm663_ws/install/ariac_gui/lib/python3.8/site-packages/ariac_gui
copying /home/shdh/enpm663_ws/build/ariac_gui/build/lib/ariac_gui/validationFunctions.py -> /home/shdh/enpm663_ws/install/ariac_gui/lib/python3.8/site-packages/ariac_gui
copying /home/shdh/enpm663_ws/build/ariac_gui/build/lib/ariac_gui/notebookChallenges.py -> /home/shdh/enpm663_ws/install/ariac_gui/lib/python3.8/site-packages/ariac_gui
copying /home/shdh/enpm663_ws/build/ariac_gui/build/lib/ariac_gui/updateRanges.py -> /home/shdh/enpm663_ws/install/ariac_gui/lib/python3.8/site-packages/ariac_gui
copying /home/shdh/enpm663_ws/build/ariac_gui/build/lib/ariac_gui/notebookOrders.py -> /home/shdh/enpm663_ws/install/ariac_gui/lib/python3.8/site-packages/ariac_gui
byte-compiling /home/shdh/enpm663_ws/install/ariac_gui/lib/python3.8/site-packages/ariac_gui/msgNames.py to msgNames.cpython-38.pyc
byte-compiling /home/shdh/enpm663_ws/install/ariac_gui/lib/python3.8/site-packages/ariac_gui/gui_node.py to gui_node.cpython-38.pyc
byte-compiling /home/shdh/enpm663_ws/install/ariac_gui/lib/python3.8/site-packages/ariac_gui/__init__.py to __init__.cpython-38.pyc
byte-compiling /home/shdh/enpm663_ws/install/ariac_gui/lib/python3.8/site-packages/ariac_gui/checkCancel.py to checkCancel.cpython-38.pyc
byte-compiling /home/shdh/enpm663_ws/install/ariac_gui/lib/python3.8/site-packages/ariac_gui/timeFunctions.py to timeFunctions.cpython-38.pyc
byte-compiling /home/shdh/enpm663_ws/install/ariac_gui/lib/python3.8/site-packages/ariac_gui/newClasses.py to newClasses.cpython-38.pyc
byte-compiling /home/shdh/enpm663_ws/install/ariac_gui/lib/python3.8/site-packages/ariac_gui/notebookConveyor.py to notebookConveyor.cpython-38.pyc
byte-compiling /home/shdh/enpm663_ws/install/ariac_gui/lib/python3.8/site-packages/ariac_gui/notebookBins.py to notebookBins.cpython-38.pyc
byte-compiling /home/shdh/enpm663_ws/install/ariac_gui/lib/python3.8/site-packages/ariac_gui/zeid_ariac_gui.py to zeid_ariac_gui.cpython-38.pyc
byte-compiling /home/shdh/enpm663_ws/install/ariac_gui/lib/python3.8/site-packages/ariac_gui/notebookParts.py to notebookParts.cpython-38.pyc
byte-compiling /home/shdh/enpm663_ws/install/ariac_gui/lib/python3.8/site-packages/ariac_gui/newGui.py to newGui.cpython-38.pyc
byte-compiling /home/shdh/enpm663_ws/install/ariac_gui/lib/python3.8/site-packages/ariac_gui/notebookSetup.py to notebookSetup.cpython-38.pyc
byte-compiling /home/shdh/enpm663_ws/install/ariac_gui/lib/python3.8/site-packages/ariac_gui/fileFunc.py to fileFunc.cpython-38.pyc
byte-compiling /home/shdh/enpm663_ws/install/ariac_gui/lib/python3.8/site-packages/ariac_gui/validationFunctions.py to validationFunctions.cpython-38.pyc
byte-compiling /home/shdh/enpm663_ws/install/ariac_gui/lib/python3.8/site-packages/ariac_gui/notebookChallenges.py to notebookChallenges.cpython-38.pyc
byte-compiling /home/shdh/enpm663_ws/install/ariac_gui/lib/python3.8/site-packages/ariac_gui/updateRanges.py to updateRanges.cpython-38.pyc
byte-compiling /home/shdh/enpm663_ws/install/ariac_gui/lib/python3.8/site-packages/ariac_gui/notebookOrders.py to notebookOrders.cpython-38.pyc
running install_data
creating /home/shdh/enpm663_ws/install/ariac_gui/share/ament_index
creating /home/shdh/enpm663_ws/install/ariac_gui/share/ament_index/resource_index
creating /home/shdh/enpm663_ws/install/ariac_gui/share/ament_index/resource_index/packages
copying resource/ariac_gui -> /home/shdh/enpm663_ws/install/ariac_gui/share/ament_index/resource_index/packages
creating /home/shdh/enpm663_ws/install/ariac_gui/share/ariac_gui/resource
copying resource/NIST_logo.png -> /home/shdh/enpm663_ws/install/ariac_gui/share/ariac_gui/resource
copying package.xml -> /home/shdh/enpm663_ws/install/ariac_gui/share/ariac_gui
running install_egg_info
Copying ../../../build/ariac_gui/ariac_gui.egg-info to /home/shdh/enpm663_ws/install/ariac_gui/lib/python3.8/site-packages/ariac_gui-0.0.0-py3.8.egg-info
running install_scripts
Installing gui script to /home/shdh/enpm663_ws/install/ariac_gui/lib/ariac_gui
Installing zeid_gui script to /home/shdh/enpm663_ws/install/ariac_gui/lib/ariac_gui
writing list of installed files to '/home/shdh/enpm663_ws/build/ariac_gui/install.log'
