-- The C compiler identification is GNU 10.5.0
-- The CXX compiler identification is GNU 10.5.0
-- Check for working C compiler: /usr/bin/cc
-- Check for working C compiler: /usr/bin/cc -- works
-- Detecting C compiler ABI info
-- Detecting C compiler ABI info - done
-- Detecting C compile features
-- Detecting C compile features - done
-- Check for working CXX compiler: /usr/bin/c++
-- Check for working CXX compiler: /usr/bin/c++ -- works
-- Detecting CXX compiler ABI info
-- Detecting CXX compiler ABI info - done
-- Detecting CXX compile features
-- Detecting CXX compile features - done
-- Found ament_cmake: 1.1.6 (/opt/ros/galactic/share/ament_cmake/cmake)
-- Found PythonInterp: /usr/bin/python3 (found suitable version "3.8.10", minimum required is "3") 
-- Using PYTHON_EXECUTABLE: /usr/bin/python3
-- Found camera_info_manager: 2.5.1 (/opt/ros/galactic/share/camera_info_manager/cmake)
-- Using all available rosidl_typesupport_c: rosidl_typesupport_fastrtps_c;rosidl_typesupport_introspection_c
-- Found rosidl_adapter: 2.2.3 (/opt/ros/galactic/share/rosidl_adapter/cmake)
-- Found OpenSSL: /usr/lib/x86_64-linux-gnu/libcrypto.so (found version "1.1.1f")  
-- Found FastRTPS: /opt/ros/galactic/include  
-- Using all available rosidl_typesupport_cpp: rosidl_typesupport_fastrtps_cpp;rosidl_typesupport_introspection_cpp
-- Found rmw_implementation_cmake: 3.3.1 (/opt/ros/galactic/share/rmw_implementation_cmake/cmake)
-- Found rmw_cyclonedds_cpp: 0.22.6 (/opt/ros/galactic/share/rmw_cyclonedds_cpp/cmake)
-- Using RMW implementation 'rmw_cyclonedds_cpp' as default
-- Looking for pthread.h
-- Looking for pthread.h - found
-- Performing Test CMAKE_HAVE_LIBC_PTHREAD
-- Performing Test CMAKE_HAVE_LIBC_PTHREAD - Failed
-- Looking for pthread_create in pthreads
-- Looking for pthread_create in pthreads - not found
-- Looking for pthread_create in pthread
-- Looking for pthread_create in pthread - found
-- Found Threads: TRUE  
-- Found gazebo_msgs: 3.5.2 (/opt/ros/galactic/share/gazebo_msgs/cmake)
-- Found gazebo_ros: 3.5.2 (/opt/ros/galactic/share/gazebo_ros/cmake)
-- Found PkgConfig: /usr/bin/pkg-config (found version "0.29.1") 
-- Checking for module 'bullet>=2.82'
--   Found bullet, version 2.88
-- Found ccd: /usr/include (found suitable version "2.0", minimum required is "2.0") 
-- Found fcl: /usr/include (found suitable version "0.6.1", minimum required is "0.3.2") 
-- Found assimp: /usr/include (found version "5.0.0") 
-- Found DART: /usr/include (Required is at least version "6.6") found components: dart 
-- Found Boost: /usr/lib/x86_64-linux-gnu/cmake/Boost-1.71.0/BoostConfig.cmake (found suitable version "1.71.0", minimum required is "1.40.0") found components: thread system filesystem program_options regex iostreams date_time 
-- Found Protobuf: /usr/lib/x86_64-linux-gnu/libprotobuf.so;-lpthread (found version "3.6.1") 
-- Looking for ignition-math6 -- found version 6.15.1
-- Searching for dependencies of ignition-math6
-- Looking for OGRE...
-- OGRE_PREFIX_WATCH changed.
-- Checking for module 'OGRE'
--   Found OGRE, version 1.9.0
-- Found Ogre Ghadamon (1.9.0)
-- Found OGRE: optimized;/usr/lib/x86_64-linux-gnu/libOgreMain.so;debug;/usr/lib/x86_64-linux-gnu/libOgreMain.so
-- Looking for OGRE_Paging...
-- Found OGRE_Paging: optimized;/usr/lib/x86_64-linux-gnu/libOgrePaging.so;debug;/usr/lib/x86_64-linux-gnu/libOgrePaging.so
-- Looking for OGRE_Terrain...
-- Found OGRE_Terrain: optimized;/usr/lib/x86_64-linux-gnu/libOgreTerrain.so;debug;/usr/lib/x86_64-linux-gnu/libOgreTerrain.so
-- Looking for OGRE_Property...
-- Found OGRE_Property: optimized;/usr/lib/x86_64-linux-gnu/libOgreProperty.so;debug;/usr/lib/x86_64-linux-gnu/libOgreProperty.so
-- Looking for OGRE_RTShaderSystem...
-- Found OGRE_RTShaderSystem: optimized;/usr/lib/x86_64-linux-gnu/libOgreRTShaderSystem.so;debug;/usr/lib/x86_64-linux-gnu/libOgreRTShaderSystem.so
-- Looking for OGRE_Volume...
-- Found OGRE_Volume: optimized;/usr/lib/x86_64-linux-gnu/libOgreVolume.so;debug;/usr/lib/x86_64-linux-gnu/libOgreVolume.so
-- Looking for OGRE_Overlay...
-- Found OGRE_Overlay: optimized;/usr/lib/x86_64-linux-gnu/libOgreOverlay.so;debug;/usr/lib/x86_64-linux-gnu/libOgreOverlay.so
-- Looking for ignition-math6 -- found version 6.15.1
-- Looking for ignition-transport8 -- found version 8.3.0
-- Searching for dependencies of ignition-transport8
-- Found Protobuf: /usr/lib/x86_64-linux-gnu/libprotobuf.so;-lpthread (found suitable version "3.6.1", minimum required is "3") 
-- Config-file not installed for ZeroMQ -- checking for pkg-config
-- Checking for module 'libzmq >= 4'
--   Found libzmq , version 4.3.2
-- Found ZeroMQ: TRUE (Required is at least version "4") 
-- Checking for module 'uuid'
--   Found uuid, version 2.34.0
-- Found UUID: TRUE  
-- Looking for ignition-msgs5 -- found version 5.10.0
-- Searching for dependencies of ignition-msgs5
-- Looking for ignition-math6 -- found version 6.15.1
-- Checking for module 'tinyxml2'
--   Found tinyxml2, version 6.2.0
-- Looking for ignition-msgs5 -- found version 5.10.0
-- Looking for ignition-common3 -- found version 3.14.2
-- Searching for dependencies of ignition-common3
-- Looking for dlfcn.h - found
-- Looking for libdl - found
-- Found DL: TRUE  
-- Searching for <ignition-common3> component [graphics]
-- Looking for ignition-common3-graphics -- found version 3.14.2
-- Searching for dependencies of ignition-common3-graphics
-- Looking for ignition-math6 -- found version 6.15.1
-- Looking for ignition-fuel_tools4 -- found version 4.6.0
-- Searching for dependencies of ignition-fuel_tools4
-- Found CURL: /usr/lib/x86_64-linux-gnu/libcurl.so (found version "7.68.0")  
-- Checking for module 'jsoncpp'
--   Found jsoncpp, version 1.7.4
-- Found JSONCPP: TRUE  
-- Checking for module 'libzip'
--   Found libzip, version 1.5.1
-- Found ZIP: TRUE  
-- Looking for ignition-common3 -- found version 3.14.2
-- Looking for ignition-math6 -- found version 6.15.1
-- Looking for ignition-msgs5 -- found version 5.10.0
-- Gazebo version: 11.11
-- Found image_transport: 2.5.1 (/opt/ros/galactic/share/image_transport/cmake)
-- Found cv_bridge: 3.1.3 (/opt/ros/galactic/share/cv_bridge/cmake)
-- Found nav_msgs: 2.2.4 (/opt/ros/galactic/share/nav_msgs/cmake)
-- Found std_srvs: 2.2.4 (/opt/ros/galactic/share/std_srvs/cmake)
-- Found tf2: 0.17.5 (/opt/ros/galactic/share/tf2/cmake)
-- Found tf2_geometry_msgs: 0.17.5 (/opt/ros/galactic/share/tf2_geometry_msgs/cmake)
-- Found eigen3_cmake_module: 0.1.1 (/opt/ros/galactic/share/eigen3_cmake_module/cmake)
-- Found Eigen3: TRUE (found version "3.3.7") 
-- Found ariac_msgs: 0.0.0 (/home/shdh/enpm663_ws/install/ariac_msgs/share/ariac_msgs/cmake)
-- Configuring done
-- Generating done
-- Build files have been written to: /home/shdh/enpm663_ws/build/ariac_sensors
[35m[1mScanning dependencies of target AriacCameraPlugin[0m
[35m[1mScanning dependencies of target AriacLogicalCameraPlugin[0m
[35m[1mScanning dependencies of target AGVTraySensorPlugin[0m
[35m[1mScanning dependencies of target AssemblyStationSensorPlugin[0m
[35m[1mScanning dependencies of target AriacRayPlugin[0m
[ 10%] [32mBuilding CXX object CMakeFiles/AGVTraySensorPlugin.dir/src/agv_tray_sensor_plugin.cpp.o[0m
[ 20%] [32mBuilding CXX object CMakeFiles/AssemblyStationSensorPlugin.dir/src/assembly_station_sensor_plugin.cpp.o[0m
[ 30%] [32mBuilding CXX object CMakeFiles/AriacRayPlugin.dir/src/ariac_ray_plugin.cpp.o[0m
[ 40%] [32mBuilding CXX object CMakeFiles/AriacLogicalCameraPlugin.dir/src/ariac_logical_camera_plugin.cpp.o[0m
[ 50%] [32mBuilding CXX object CMakeFiles/AriacCameraPlugin.dir/src/ariac_camera_plugin.cpp.o[0m
[ 60%] [32m[1mLinking CXX shared library libAssemblyStationSensorPlugin.so[0m
[ 70%] [32m[1mLinking CXX shared library libAriacLogicalCameraPlugin.so[0m
[ 70%] Built target AssemblyStationSensorPlugin
[ 70%] Built target AriacLogicalCameraPlugin
[ 80%] [32m[1mLinking CXX shared library libAriacRayPlugin.so[0m
[ 80%] Built target AriacRayPlugin
[ 90%] [32m[1mLinking CXX shared library libAGVTraySensorPlugin.so[0m
[ 90%] Built target AGVTraySensorPlugin
[100%] [32m[1mLinking CXX shared library libAriacCameraPlugin.so[0m
[100%] Built target AriacCameraPlugin
-- Install configuration: ""
-- Installing: /home/shdh/enpm663_ws/install/ariac_sensors/share/ariac_sensors/environment/library_path.sh
-- Installing: /home/shdh/enpm663_ws/install/ariac_sensors/share/ariac_sensors/environment/library_path.dsv
-- Installing: /home/shdh/enpm663_ws/install/ariac_sensors/share/ament_index/resource_index/package_run_dependencies/ariac_sensors
-- Installing: /home/shdh/enpm663_ws/install/ariac_sensors/share/ament_index/resource_index/parent_prefix_path/ariac_sensors
-- Installing: /home/shdh/enpm663_ws/install/ariac_sensors/share/ariac_sensors/environment/ament_prefix_path.sh
-- Installing: /home/shdh/enpm663_ws/install/ariac_sensors/share/ariac_sensors/environment/ament_prefix_path.dsv
-- Installing: /home/shdh/enpm663_ws/install/ariac_sensors/share/ariac_sensors/environment/path.sh
-- Installing: /home/shdh/enpm663_ws/install/ariac_sensors/share/ariac_sensors/environment/path.dsv
-- Installing: /home/shdh/enpm663_ws/install/ariac_sensors/share/ariac_sensors/local_setup.bash
-- Installing: /home/shdh/enpm663_ws/install/ariac_sensors/share/ariac_sensors/local_setup.sh
-- Installing: /home/shdh/enpm663_ws/install/ariac_sensors/share/ariac_sensors/local_setup.zsh
-- Installing: /home/shdh/enpm663_ws/install/ariac_sensors/share/ariac_sensors/local_setup.dsv
-- Installing: /home/shdh/enpm663_ws/install/ariac_sensors/share/ariac_sensors/package.dsv
-- Installing: /home/shdh/enpm663_ws/install/ariac_sensors/share/ament_index/resource_index/packages/ariac_sensors
-- Installing: /home/shdh/enpm663_ws/install/ariac_sensors/share/ariac_sensors/cmake/ament_cmake_export_libraries-extras.cmake
-- Installing: /home/shdh/enpm663_ws/install/ariac_sensors/share/ariac_sensors/cmake/ariac_sensorsConfig.cmake
-- Installing: /home/shdh/enpm663_ws/install/ariac_sensors/share/ariac_sensors/cmake/ariac_sensorsConfig-version.cmake
-- Installing: /home/shdh/enpm663_ws/install/ariac_sensors/share/ariac_sensors/package.xml
-- Installing: /home/shdh/enpm663_ws/install/ariac_sensors/include
-- Installing: /home/shdh/enpm663_ws/install/ariac_sensors/include/ariac_sensors
-- Installing: /home/shdh/enpm663_ws/install/ariac_sensors/include/ariac_sensors/assembly_station_sensor_plugin.hpp
-- Installing: /home/shdh/enpm663_ws/install/ariac_sensors/include/ariac_sensors/ariac_logical_camera_plugin.hpp
-- Installing: /home/shdh/enpm663_ws/install/ariac_sensors/include/ariac_sensors/ariac_camera_plugin.hpp
-- Installing: /home/shdh/enpm663_ws/install/ariac_sensors/include/ariac_sensors/ariac_ray_plugin.hpp
-- Installing: /home/shdh/enpm663_ws/install/ariac_sensors/include/ariac_sensors/agv_tray_sensor_plugin.hpp
-- Installing: /home/shdh/enpm663_ws/install/ariac_sensors/lib/libAGVTraySensorPlugin.so
-- Set runtime path of "/home/shdh/enpm663_ws/install/ariac_sensors/lib/libAGVTraySensorPlugin.so" to ""
-- Installing: /home/shdh/enpm663_ws/install/ariac_sensors/lib/libAssemblyStationSensorPlugin.so
-- Set runtime path of "/home/shdh/enpm663_ws/install/ariac_sensors/lib/libAssemblyStationSensorPlugin.so" to ""
-- Installing: /home/shdh/enpm663_ws/install/ariac_sensors/lib/libAriacRayPlugin.so
-- Set runtime path of "/home/shdh/enpm663_ws/install/ariac_sensors/lib/libAriacRayPlugin.so" to ""
-- Installing: /home/shdh/enpm663_ws/install/ariac_sensors/lib/libAriacCameraPlugin.so
-- Set runtime path of "/home/shdh/enpm663_ws/install/ariac_sensors/lib/libAriacCameraPlugin.so" to ""
-- Installing: /home/shdh/enpm663_ws/install/ariac_sensors/lib/libAriacLogicalCameraPlugin.so
-- Set runtime path of "/home/shdh/enpm663_ws/install/ariac_sensors/lib/libAriacLogicalCameraPlugin.so" to ""
-- Installing: /home/shdh/enpm663_ws/install/ariac_sensors/share/ariac_sensors//models
-- Installing: /home/shdh/enpm663_ws/install/ariac_sensors/share/ariac_sensors//models/assembly_station_sensor
-- Installing: /home/shdh/enpm663_ws/install/ariac_sensors/share/ariac_sensors//models/assembly_station_sensor/model.sdf
-- Installing: /home/shdh/enpm663_ws/install/ariac_sensors/share/ariac_sensors//models/assembly_station_sensor/model.config
-- Installing: /home/shdh/enpm663_ws/install/ariac_sensors/share/ariac_sensors//models/laser_profiler
-- Installing: /home/shdh/enpm663_ws/install/ariac_sensors/share/ariac_sensors//models/laser_profiler/model.sdf
-- Installing: /home/shdh/enpm663_ws/install/ariac_sensors/share/ariac_sensors//models/laser_profiler/model.config
-- Installing: /home/shdh/enpm663_ws/install/ariac_sensors/share/ariac_sensors//models/proximity
-- Installing: /home/shdh/enpm663_ws/install/ariac_sensors/share/ariac_sensors//models/proximity/model.sdf
-- Installing: /home/shdh/enpm663_ws/install/ariac_sensors/share/ariac_sensors//models/proximity/model.config
-- Installing: /home/shdh/enpm663_ws/install/ariac_sensors/share/ariac_sensors//models/rgbd_camera
-- Installing: /home/shdh/enpm663_ws/install/ariac_sensors/share/ariac_sensors//models/rgbd_camera/model.sdf
-- Installing: /home/shdh/enpm663_ws/install/ariac_sensors/share/ariac_sensors//models/rgbd_camera/model.config
-- Installing: /home/shdh/enpm663_ws/install/ariac_sensors/share/ariac_sensors//models/rgbd_camera/meshes
-- Installing: /home/shdh/enpm663_ws/install/ariac_sensors/share/ariac_sensors//models/rgbd_camera/meshes/SR4000.stl
-- Installing: /home/shdh/enpm663_ws/install/ariac_sensors/share/ariac_sensors//models/rgb_camera
-- Installing: /home/shdh/enpm663_ws/install/ariac_sensors/share/ariac_sensors//models/rgb_camera/model.sdf
-- Installing: /home/shdh/enpm663_ws/install/ariac_sensors/share/ariac_sensors//models/rgb_camera/model.config
-- Installing: /home/shdh/enpm663_ws/install/ariac_sensors/share/ariac_sensors//models/rgb_camera/meshes
-- Installing: /home/shdh/enpm663_ws/install/ariac_sensors/share/ariac_sensors//models/rgb_camera/meshes/SR4000.stl
-- Installing: /home/shdh/enpm663_ws/install/ariac_sensors/share/ariac_sensors//models/agv_tray_sensor
-- Installing: /home/shdh/enpm663_ws/install/ariac_sensors/share/ariac_sensors//models/agv_tray_sensor/model.sdf
-- Installing: /home/shdh/enpm663_ws/install/ariac_sensors/share/ariac_sensors//models/agv_tray_sensor/model.config
-- Installing: /home/shdh/enpm663_ws/install/ariac_sensors/share/ariac_sensors//models/lidar
-- Installing: /home/shdh/enpm663_ws/install/ariac_sensors/share/ariac_sensors//models/lidar/model.sdf
-- Installing: /home/shdh/enpm663_ws/install/ariac_sensors/share/ariac_sensors//models/lidar/model.config
-- Installing: /home/shdh/enpm663_ws/install/ariac_sensors/share/ariac_sensors//models/lidar/meshes
-- Installing: /home/shdh/enpm663_ws/install/ariac_sensors/share/ariac_sensors//models/lidar/meshes/SR4000.stl
-- Installing: /home/shdh/enpm663_ws/install/ariac_sensors/share/ariac_sensors//models/advanced_logical_camera
-- Installing: /home/shdh/enpm663_ws/install/ariac_sensors/share/ariac_sensors//models/advanced_logical_camera/materials
-- Installing: /home/shdh/enpm663_ws/install/ariac_sensors/share/ariac_sensors//models/advanced_logical_camera/materials/textures
-- Installing: /home/shdh/enpm663_ws/install/ariac_sensors/share/ariac_sensors//models/advanced_logical_camera/materials/textures/camera.png
-- Installing: /home/shdh/enpm663_ws/install/ariac_sensors/share/ariac_sensors//models/advanced_logical_camera/model.sdf
-- Installing: /home/shdh/enpm663_ws/install/ariac_sensors/share/ariac_sensors//models/advanced_logical_camera/model.config
-- Installing: /home/shdh/enpm663_ws/install/ariac_sensors/share/ariac_sensors//models/advanced_logical_camera/meshes
-- Installing: /home/shdh/enpm663_ws/install/ariac_sensors/share/ariac_sensors//models/advanced_logical_camera/meshes/camera.dae
-- Installing: /home/shdh/enpm663_ws/install/ariac_sensors/share/ariac_sensors//models/break_beam
-- Installing: /home/shdh/enpm663_ws/install/ariac_sensors/share/ariac_sensors//models/break_beam/model.sdf
-- Installing: /home/shdh/enpm663_ws/install/ariac_sensors/share/ariac_sensors//models/break_beam/model.config
-- Installing: /home/shdh/enpm663_ws/install/ariac_sensors/share/ariac_sensors//models/break_beam/meshes
-- Installing: /home/shdh/enpm663_ws/install/ariac_sensors/share/ariac_sensors//models/break_beam/meshes/break_beam.dae
-- Installing: /home/shdh/enpm663_ws/install/ariac_sensors/share/ariac_sensors//models/basic_logical_camera
-- Installing: /home/shdh/enpm663_ws/install/ariac_sensors/share/ariac_sensors//models/basic_logical_camera/materials
-- Installing: /home/shdh/enpm663_ws/install/ariac_sensors/share/ariac_sensors//models/basic_logical_camera/materials/textures
-- Installing: /home/shdh/enpm663_ws/install/ariac_sensors/share/ariac_sensors//models/basic_logical_camera/materials/textures/camera.png
-- Installing: /home/shdh/enpm663_ws/install/ariac_sensors/share/ariac_sensors//models/basic_logical_camera/model.sdf
-- Installing: /home/shdh/enpm663_ws/install/ariac_sensors/share/ariac_sensors//models/basic_logical_camera/model.config
-- Installing: /home/shdh/enpm663_ws/install/ariac_sensors/share/ariac_sensors//models/basic_logical_camera/meshes
-- Installing: /home/shdh/enpm663_ws/install/ariac_sensors/share/ariac_sensors//models/basic_logical_camera/meshes/camera.dae
