[1.251s] Invoking command in '/home/shdh/enpm663_ws/build/ariac_sensors': AMENT_PREFIX_PATH=/home/shdh/enpm663_ws/install/ariac_msgs:${AMENT_PREFIX_PATH} CMAKE_PREFIX_PATH=/home/shdh/enpm663_ws/install/ariac_msgs:/opt/ros/galactic LD_LIBRARY_PATH=/home/shdh/enpm663_ws/install/ariac_msgs/lib:${LD_LIBRARY_PATH} PYTHONPATH=/home/shdh/enpm663_ws/install/ariac_msgs/lib/python3.8/site-packages:${PYTHONPATH} /usr/bin/cmake /home/shdh/enpm663_ws/src/ariac/ariac_sensors -DCMAKE_INSTALL_PREFIX=/home/shdh/enpm663_ws/install/ariac_sensors
[1.302s] -- The C compiler identification is GNU 10.5.0
[1.356s] -- The CXX compiler identification is GNU 10.5.0
[1.360s] -- Check for working C compiler: /usr/bin/cc
[1.433s] -- Check for working C compiler: /usr/bin/cc -- works
[1.434s] -- Detecting C compiler ABI info
[1.514s] -- Detecting C compiler ABI info - done
[1.529s] -- Detecting C compile features
[1.529s] -- Detecting C compile features - done
[1.532s] -- Check for working CXX compiler: /usr/bin/c++
[1.626s] -- Check for working CXX compiler: /usr/bin/c++ -- works
[1.627s] -- Detecting CXX compiler ABI info
[1.725s] -- Detecting CXX compiler ABI info - done
[1.740s] -- Detecting CXX compile features
[1.741s] -- Detecting CXX compile features - done
[1.744s] -- Found ament_cmake: 1.1.6 (/opt/ros/galactic/share/ament_cmake/cmake)
[1.775s] -- Found PythonInterp: /usr/bin/python3 (found suitable version "3.8.10", minimum required is "3") 
[1.775s] -- Using PYTHON_EXECUTABLE: /usr/bin/python3
[1.906s] -- Found camera_info_manager: 2.5.1 (/opt/ros/galactic/share/camera_info_manager/cmake)
[1.988s] -- Using all available rosidl_typesupport_c: rosidl_typesupport_fastrtps_c;rosidl_typesupport_introspection_c
[1.998s] -- Found rosidl_adapter: 2.2.3 (/opt/ros/galactic/share/rosidl_adapter/cmake)
[2.108s] -- Found OpenSSL: /usr/lib/x86_64-linux-gnu/libcrypto.so (found version "1.1.1f")  
[2.170s] -- Found FastRTPS: /opt/ros/galactic/include  
[2.302s] -- Using all available rosidl_typesupport_cpp: rosidl_typesupport_fastrtps_cpp;rosidl_typesupport_introspection_cpp
[2.386s] -- Found rmw_implementation_cmake: 3.3.1 (/opt/ros/galactic/share/rmw_implementation_cmake/cmake)
[2.396s] -- Found rmw_cyclonedds_cpp: 0.22.6 (/opt/ros/galactic/share/rmw_cyclonedds_cpp/cmake)
[2.420s] -- Using RMW implementation 'rmw_cyclonedds_cpp' as default
[2.421s] -- Looking for pthread.h
[2.511s] -- Looking for pthread.h - found
[2.513s] -- Performing Test CMAKE_HAVE_LIBC_PTHREAD
[2.602s] -- Performing Test CMAKE_HAVE_LIBC_PTHREAD - Failed
[2.603s] -- Looking for pthread_create in pthreads
[2.677s] -- Looking for pthread_create in pthreads - not found
[2.678s] -- Looking for pthread_create in pthread
[2.767s] -- Looking for pthread_create in pthread - found
[2.769s] -- Found Threads: TRUE  
[3.263s] -- Found gazebo_msgs: 3.5.2 (/opt/ros/galactic/share/gazebo_msgs/cmake)
[3.537s] -- Found gazebo_ros: 3.5.2 (/opt/ros/galactic/share/gazebo_ros/cmake)
[3.553s] -- Found PkgConfig: /usr/bin/pkg-config (found version "0.29.1") 
[3.555s] -- Checking for module 'bullet>=2.82'
[3.574s] --   Found bullet, version 2.88
[3.744s] -- Found ccd: /usr/include (found suitable version "2.0", minimum required is "2.0") 
[3.820s] -- Found fcl: /usr/include (found suitable version "0.6.1", minimum required is "0.3.2") 
[3.894s] -- Found assimp: /usr/include (found version "5.0.0") 
[3.920s] -- Found DART: /usr/include (Required is at least version "6.6") found components: dart 
[3.954s] -- Found Boost: /usr/lib/x86_64-linux-gnu/cmake/Boost-1.71.0/BoostConfig.cmake (found suitable version "1.71.0", minimum required is "1.40.0") found components: thread system filesystem program_options regex iostreams date_time 
[3.975s] -- Found Protobuf: /usr/lib/x86_64-linux-gnu/libprotobuf.so;-lpthread (found version "3.6.1") 
[3.981s] -- Looking for ignition-math6 -- found version 6.15.1
[3.989s] -- Searching for dependencies of ignition-math6
[3.991s] -- Looking for OGRE...
[3.992s] -- OGRE_PREFIX_WATCH changed.
[3.997s] -- Checking for module 'OGRE'
[4.016s] --   Found OGRE, version 1.9.0
[4.076s] -- Found Ogre Ghadamon (1.9.0)
[4.089s] -- Found OGRE: optimized;/usr/lib/x86_64-linux-gnu/libOgreMain.so;debug;/usr/lib/x86_64-linux-gnu/libOgreMain.so
[4.104s] -- Looking for OGRE_Paging...
[4.114s] -- Found OGRE_Paging: optimized;/usr/lib/x86_64-linux-gnu/libOgrePaging.so;debug;/usr/lib/x86_64-linux-gnu/libOgrePaging.so
[4.114s] -- Looking for OGRE_Terrain...
[4.126s] -- Found OGRE_Terrain: optimized;/usr/lib/x86_64-linux-gnu/libOgreTerrain.so;debug;/usr/lib/x86_64-linux-gnu/libOgreTerrain.so
[4.126s] -- Looking for OGRE_Property...
[4.136s] -- Found OGRE_Property: optimized;/usr/lib/x86_64-linux-gnu/libOgreProperty.so;debug;/usr/lib/x86_64-linux-gnu/libOgreProperty.so
[4.136s] -- Looking for OGRE_RTShaderSystem...
[4.148s] -- Found OGRE_RTShaderSystem: optimized;/usr/lib/x86_64-linux-gnu/libOgreRTShaderSystem.so;debug;/usr/lib/x86_64-linux-gnu/libOgreRTShaderSystem.so
[4.148s] -- Looking for OGRE_Volume...
[4.160s] -- Found OGRE_Volume: optimized;/usr/lib/x86_64-linux-gnu/libOgreVolume.so;debug;/usr/lib/x86_64-linux-gnu/libOgreVolume.so
[4.161s] -- Looking for OGRE_Overlay...
[4.172s] -- Found OGRE_Overlay: optimized;/usr/lib/x86_64-linux-gnu/libOgreOverlay.so;debug;/usr/lib/x86_64-linux-gnu/libOgreOverlay.so
[4.410s] -- Looking for ignition-math6 -- found version 6.15.1
[4.413s] -- Looking for ignition-transport8 -- found version 8.3.0
[4.413s] -- Searching for dependencies of ignition-transport8
[4.439s] -- Found Protobuf: /usr/lib/x86_64-linux-gnu/libprotobuf.so;-lpthread (found suitable version "3.6.1", minimum required is "3") 
[4.464s] -- Config-file not installed for ZeroMQ -- checking for pkg-config
[4.473s] -- Checking for module 'libzmq >= 4'
[4.500s] --   Found libzmq , version 4.3.2
[4.568s] -- Found ZeroMQ: TRUE (Required is at least version "4") 
[4.577s] -- Checking for module 'uuid'
[4.610s] --   Found uuid, version 2.34.0
[4.676s] -- Found UUID: TRUE  
[4.679s] -- Looking for ignition-msgs5 -- found version 5.10.0
[4.679s] -- Searching for dependencies of ignition-msgs5
[4.706s] -- Looking for ignition-math6 -- found version 6.15.1
[4.713s] -- Checking for module 'tinyxml2'
[4.736s] --   Found tinyxml2, version 6.2.0
[4.797s] -- Looking for ignition-msgs5 -- found version 5.10.0
[4.800s] -- Looking for ignition-common3 -- found version 3.14.2
[4.800s] -- Searching for dependencies of ignition-common3
[4.801s] -- Looking for dlfcn.h - found
[4.802s] -- Looking for libdl - found
[4.804s] -- Found DL: TRUE  
[4.816s] -- Searching for <ignition-common3> component [graphics]
[4.819s] -- Looking for ignition-common3-graphics -- found version 3.14.2
[4.820s] -- Searching for dependencies of ignition-common3-graphics
[4.820s] -- Looking for ignition-math6 -- found version 6.15.1
[4.825s] -- Looking for ignition-fuel_tools4 -- found version 4.6.0
[4.826s] -- Searching for dependencies of ignition-fuel_tools4
[4.925s] -- Found CURL: /usr/lib/x86_64-linux-gnu/libcurl.so (found version "7.68.0")  
[4.935s] -- Checking for module 'jsoncpp'
[4.955s] --   Found jsoncpp, version 1.7.4
[5.007s] -- Found JSONCPP: TRUE  
[5.013s] -- Checking for module 'libzip'
[5.033s] --   Found libzip, version 1.5.1
[5.087s] -- Found ZIP: TRUE  
[5.088s] -- Looking for ignition-common3 -- found version 3.14.2
[5.089s] -- Looking for ignition-math6 -- found version 6.15.1
[5.089s] -- Looking for ignition-msgs5 -- found version 5.10.0
[5.092s] -- Gazebo version: 11.11
[5.105s] -- Found image_transport: 2.5.1 (/opt/ros/galactic/share/image_transport/cmake)
[5.199s] -- Found cv_bridge: 3.1.3 (/opt/ros/galactic/share/cv_bridge/cmake)
[5.237s] -- Found nav_msgs: 2.2.4 (/opt/ros/galactic/share/nav_msgs/cmake)
[5.329s] -- Found std_srvs: 2.2.4 (/opt/ros/galactic/share/std_srvs/cmake)
[5.344s] -- Found tf2: 0.17.5 (/opt/ros/galactic/share/tf2/cmake)
[5.357s] -- Found tf2_geometry_msgs: 0.17.5 (/opt/ros/galactic/share/tf2_geometry_msgs/cmake)
[5.368s] -- Found eigen3_cmake_module: 0.1.1 (/opt/ros/galactic/share/eigen3_cmake_module/cmake)
[5.370s] -- Found Eigen3: TRUE (found version "3.3.7") 
[5.852s] -- Found ariac_msgs: 0.0.0 (/home/shdh/enpm663_ws/install/ariac_msgs/share/ariac_msgs/cmake)
[6.220s] -- Configuring done
[6.368s] -- Generating done
[6.371s] -- Build files have been written to: /home/shdh/enpm663_ws/build/ariac_sensors
[6.386s] Invoked command in '/home/shdh/enpm663_ws/build/ariac_sensors' returned '0': AMENT_PREFIX_PATH=/home/shdh/enpm663_ws/install/ariac_msgs:${AMENT_PREFIX_PATH} CMAKE_PREFIX_PATH=/home/shdh/enpm663_ws/install/ariac_msgs:/opt/ros/galactic LD_LIBRARY_PATH=/home/shdh/enpm663_ws/install/ariac_msgs/lib:${LD_LIBRARY_PATH} PYTHONPATH=/home/shdh/enpm663_ws/install/ariac_msgs/lib/python3.8/site-packages:${PYTHONPATH} /usr/bin/cmake /home/shdh/enpm663_ws/src/ariac/ariac_sensors -DCMAKE_INSTALL_PREFIX=/home/shdh/enpm663_ws/install/ariac_sensors
[6.390s] Invoking command in '/home/shdh/enpm663_ws/build/ariac_sensors': AMENT_PREFIX_PATH=/home/shdh/enpm663_ws/install/ariac_msgs:${AMENT_PREFIX_PATH} CMAKE_PREFIX_PATH=/home/shdh/enpm663_ws/install/ariac_msgs:/opt/ros/galactic LD_LIBRARY_PATH=/home/shdh/enpm663_ws/install/ariac_msgs/lib:${LD_LIBRARY_PATH} PYTHONPATH=/home/shdh/enpm663_ws/install/ariac_msgs/lib/python3.8/site-packages:${PYTHONPATH} /usr/bin/cmake --build /home/shdh/enpm663_ws/build/ariac_sensors -- -j12 -l12
[6.445s] [35m[1mScanning dependencies of target AriacCameraPlugin[0m
[6.445s] [35m[1mScanning dependencies of target AriacLogicalCameraPlugin[0m
[6.445s] [35m[1mScanning dependencies of target AGVTraySensorPlugin[0m
[6.448s] [35m[1mScanning dependencies of target AssemblyStationSensorPlugin[0m
[6.448s] [35m[1mScanning dependencies of target AriacRayPlugin[0m
[6.998s] [ 10%] [32mBuilding CXX object CMakeFiles/AGVTraySensorPlugin.dir/src/agv_tray_sensor_plugin.cpp.o[0m
[7.013s] [ 20%] [32mBuilding CXX object CMakeFiles/AssemblyStationSensorPlugin.dir/src/assembly_station_sensor_plugin.cpp.o[0m
[7.022s] [ 30%] [32mBuilding CXX object CMakeFiles/AriacRayPlugin.dir/src/ariac_ray_plugin.cpp.o[0m
[7.047s] [ 40%] [32mBuilding CXX object CMakeFiles/AriacLogicalCameraPlugin.dir/src/ariac_logical_camera_plugin.cpp.o[0m
[7.067s] [ 50%] [32mBuilding CXX object CMakeFiles/AriacCameraPlugin.dir/src/ariac_camera_plugin.cpp.o[0m
[56.943s] [ 60%] [32m[1mLinking CXX shared library libAssemblyStationSensorPlugin.so[0m
[57.206s] [ 70%] [32m[1mLinking CXX shared library libAriacLogicalCameraPlugin.so[0m
[59.062s] [ 70%] Built target AssemblyStationSensorPlugin
[59.333s] [ 70%] Built target AriacLogicalCameraPlugin
[61.437s] [ 80%] [32m[1mLinking CXX shared library libAriacRayPlugin.so[0m
[63.542s] [ 80%] Built target AriacRayPlugin
[64.990s] [ 90%] [32m[1mLinking CXX shared library libAGVTraySensorPlugin.so[0m
[66.856s] [ 90%] Built target AGVTraySensorPlugin
[74.153s] [100%] [32m[1mLinking CXX shared library libAriacCameraPlugin.so[0m
[75.669s] [100%] Built target AriacCameraPlugin
[75.693s] Invoked command in '/home/shdh/enpm663_ws/build/ariac_sensors' returned '0': AMENT_PREFIX_PATH=/home/shdh/enpm663_ws/install/ariac_msgs:${AMENT_PREFIX_PATH} CMAKE_PREFIX_PATH=/home/shdh/enpm663_ws/install/ariac_msgs:/opt/ros/galactic LD_LIBRARY_PATH=/home/shdh/enpm663_ws/install/ariac_msgs/lib:${LD_LIBRARY_PATH} PYTHONPATH=/home/shdh/enpm663_ws/install/ariac_msgs/lib/python3.8/site-packages:${PYTHONPATH} /usr/bin/cmake --build /home/shdh/enpm663_ws/build/ariac_sensors -- -j12 -l12
[75.752s] Invoking command in '/home/shdh/enpm663_ws/build/ariac_sensors': AMENT_PREFIX_PATH=/home/shdh/enpm663_ws/install/ariac_msgs:${AMENT_PREFIX_PATH} CMAKE_PREFIX_PATH=/home/shdh/enpm663_ws/install/ariac_msgs:/opt/ros/galactic LD_LIBRARY_PATH=/home/shdh/enpm663_ws/install/ariac_msgs/lib:${LD_LIBRARY_PATH} PYTHONPATH=/home/shdh/enpm663_ws/install/ariac_msgs/lib/python3.8/site-packages:${PYTHONPATH} /usr/bin/cmake --install /home/shdh/enpm663_ws/build/ariac_sensors
[75.766s] -- Install configuration: ""
[75.767s] -- Installing: /home/shdh/enpm663_ws/install/ariac_sensors/share/ariac_sensors/environment/library_path.sh
[75.767s] -- Installing: /home/shdh/enpm663_ws/install/ariac_sensors/share/ariac_sensors/environment/library_path.dsv
[75.768s] -- Installing: /home/shdh/enpm663_ws/install/ariac_sensors/share/ament_index/resource_index/package_run_dependencies/ariac_sensors
[75.769s] -- Installing: /home/shdh/enpm663_ws/install/ariac_sensors/share/ament_index/resource_index/parent_prefix_path/ariac_sensors
[75.770s] -- Installing: /home/shdh/enpm663_ws/install/ariac_sensors/share/ariac_sensors/environment/ament_prefix_path.sh
[75.770s] -- Installing: /home/shdh/enpm663_ws/install/ariac_sensors/share/ariac_sensors/environment/ament_prefix_path.dsv
[75.771s] -- Installing: /home/shdh/enpm663_ws/install/ariac_sensors/share/ariac_sensors/environment/path.sh
[75.771s] -- Installing: /home/shdh/enpm663_ws/install/ariac_sensors/share/ariac_sensors/environment/path.dsv
[75.772s] -- Installing: /home/shdh/enpm663_ws/install/ariac_sensors/share/ariac_sensors/local_setup.bash
[75.772s] -- Installing: /home/shdh/enpm663_ws/install/ariac_sensors/share/ariac_sensors/local_setup.sh
[75.772s] -- Installing: /home/shdh/enpm663_ws/install/ariac_sensors/share/ariac_sensors/local_setup.zsh
[75.772s] -- Installing: /home/shdh/enpm663_ws/install/ariac_sensors/share/ariac_sensors/local_setup.dsv
[75.773s] -- Installing: /home/shdh/enpm663_ws/install/ariac_sensors/share/ariac_sensors/package.dsv
[75.773s] -- Installing: /home/shdh/enpm663_ws/install/ariac_sensors/share/ament_index/resource_index/packages/ariac_sensors
[75.774s] -- Installing: /home/shdh/enpm663_ws/install/ariac_sensors/share/ariac_sensors/cmake/ament_cmake_export_libraries-extras.cmake
[75.774s] -- Installing: /home/shdh/enpm663_ws/install/ariac_sensors/share/ariac_sensors/cmake/ariac_sensorsConfig.cmake
[75.775s] -- Installing: /home/shdh/enpm663_ws/install/ariac_sensors/share/ariac_sensors/cmake/ariac_sensorsConfig-version.cmake
[75.775s] -- Installing: /home/shdh/enpm663_ws/install/ariac_sensors/share/ariac_sensors/package.xml
[75.776s] -- Installing: /home/shdh/enpm663_ws/install/ariac_sensors/include
[75.776s] -- Installing: /home/shdh/enpm663_ws/install/ariac_sensors/include/ariac_sensors
[75.776s] -- Installing: /home/shdh/enpm663_ws/install/ariac_sensors/include/ariac_sensors/assembly_station_sensor_plugin.hpp
[75.777s] -- Installing: /home/shdh/enpm663_ws/install/ariac_sensors/include/ariac_sensors/ariac_logical_camera_plugin.hpp
[75.777s] -- Installing: /home/shdh/enpm663_ws/install/ariac_sensors/include/ariac_sensors/ariac_camera_plugin.hpp
[75.777s] -- Installing: /home/shdh/enpm663_ws/install/ariac_sensors/include/ariac_sensors/ariac_ray_plugin.hpp
[75.778s] -- Installing: /home/shdh/enpm663_ws/install/ariac_sensors/include/ariac_sensors/agv_tray_sensor_plugin.hpp
[75.778s] -- Installing: /home/shdh/enpm663_ws/install/ariac_sensors/lib/libAGVTraySensorPlugin.so
[75.790s] -- Set runtime path of "/home/shdh/enpm663_ws/install/ariac_sensors/lib/libAGVTraySensorPlugin.so" to ""
[75.790s] -- Installing: /home/shdh/enpm663_ws/install/ariac_sensors/lib/libAssemblyStationSensorPlugin.so
[75.801s] -- Set runtime path of "/home/shdh/enpm663_ws/install/ariac_sensors/lib/libAssemblyStationSensorPlugin.so" to ""
[75.801s] -- Installing: /home/shdh/enpm663_ws/install/ariac_sensors/lib/libAriacRayPlugin.so
[75.813s] -- Set runtime path of "/home/shdh/enpm663_ws/install/ariac_sensors/lib/libAriacRayPlugin.so" to ""
[75.813s] -- Installing: /home/shdh/enpm663_ws/install/ariac_sensors/lib/libAriacCameraPlugin.so
[75.824s] -- Set runtime path of "/home/shdh/enpm663_ws/install/ariac_sensors/lib/libAriacCameraPlugin.so" to ""
[75.824s] -- Installing: /home/shdh/enpm663_ws/install/ariac_sensors/lib/libAriacLogicalCameraPlugin.so
[75.835s] -- Set runtime path of "/home/shdh/enpm663_ws/install/ariac_sensors/lib/libAriacLogicalCameraPlugin.so" to ""
[75.835s] -- Installing: /home/shdh/enpm663_ws/install/ariac_sensors/share/ariac_sensors//models
[75.836s] -- Installing: /home/shdh/enpm663_ws/install/ariac_sensors/share/ariac_sensors//models/assembly_station_sensor
[75.836s] -- Installing: /home/shdh/enpm663_ws/install/ariac_sensors/share/ariac_sensors//models/assembly_station_sensor/model.sdf
[75.836s] -- Installing: /home/shdh/enpm663_ws/install/ariac_sensors/share/ariac_sensors//models/assembly_station_sensor/model.config
[75.837s] -- Installing: /home/shdh/enpm663_ws/install/ariac_sensors/share/ariac_sensors//models/laser_profiler
[75.837s] -- Installing: /home/shdh/enpm663_ws/install/ariac_sensors/share/ariac_sensors//models/laser_profiler/model.sdf
[75.837s] -- Installing: /home/shdh/enpm663_ws/install/ariac_sensors/share/ariac_sensors//models/laser_profiler/model.config
[75.837s] -- Installing: /home/shdh/enpm663_ws/install/ariac_sensors/share/ariac_sensors//models/proximity
[75.838s] -- Installing: /home/shdh/enpm663_ws/install/ariac_sensors/share/ariac_sensors//models/proximity/model.sdf
[75.838s] -- Installing: /home/shdh/enpm663_ws/install/ariac_sensors/share/ariac_sensors//models/proximity/model.config
[75.838s] -- Installing: /home/shdh/enpm663_ws/install/ariac_sensors/share/ariac_sensors//models/rgbd_camera
[75.839s] -- Installing: /home/shdh/enpm663_ws/install/ariac_sensors/share/ariac_sensors//models/rgbd_camera/model.sdf
[75.839s] -- Installing: /home/shdh/enpm663_ws/install/ariac_sensors/share/ariac_sensors//models/rgbd_camera/model.config
[75.839s] -- Installing: /home/shdh/enpm663_ws/install/ariac_sensors/share/ariac_sensors//models/rgbd_camera/meshes
[75.839s] -- Installing: /home/shdh/enpm663_ws/install/ariac_sensors/share/ariac_sensors//models/rgbd_camera/meshes/SR4000.stl
[75.840s] -- Installing: /home/shdh/enpm663_ws/install/ariac_sensors/share/ariac_sensors//models/rgb_camera
[75.840s] -- Installing: /home/shdh/enpm663_ws/install/ariac_sensors/share/ariac_sensors//models/rgb_camera/model.sdf
[75.841s] -- Installing: /home/shdh/enpm663_ws/install/ariac_sensors/share/ariac_sensors//models/rgb_camera/model.config
[75.841s] -- Installing: /home/shdh/enpm663_ws/install/ariac_sensors/share/ariac_sensors//models/rgb_camera/meshes
[75.841s] -- Installing: /home/shdh/enpm663_ws/install/ariac_sensors/share/ariac_sensors//models/rgb_camera/meshes/SR4000.stl
[75.842s] -- Installing: /home/shdh/enpm663_ws/install/ariac_sensors/share/ariac_sensors//models/agv_tray_sensor
[75.842s] -- Installing: /home/shdh/enpm663_ws/install/ariac_sensors/share/ariac_sensors//models/agv_tray_sensor/model.sdf
[75.842s] -- Installing: /home/shdh/enpm663_ws/install/ariac_sensors/share/ariac_sensors//models/agv_tray_sensor/model.config
[75.843s] -- Installing: /home/shdh/enpm663_ws/install/ariac_sensors/share/ariac_sensors//models/lidar
[75.843s] -- Installing: /home/shdh/enpm663_ws/install/ariac_sensors/share/ariac_sensors//models/lidar/model.sdf
[75.843s] -- Installing: /home/shdh/enpm663_ws/install/ariac_sensors/share/ariac_sensors//models/lidar/model.config
[75.844s] -- Installing: /home/shdh/enpm663_ws/install/ariac_sensors/share/ariac_sensors//models/lidar/meshes
[75.844s] -- Installing: /home/shdh/enpm663_ws/install/ariac_sensors/share/ariac_sensors//models/lidar/meshes/SR4000.stl
[75.845s] -- Installing: /home/shdh/enpm663_ws/install/ariac_sensors/share/ariac_sensors//models/advanced_logical_camera
[75.845s] -- Installing: /home/shdh/enpm663_ws/install/ariac_sensors/share/ariac_sensors//models/advanced_logical_camera/materials
[75.845s] -- Installing: /home/shdh/enpm663_ws/install/ariac_sensors/share/ariac_sensors//models/advanced_logical_camera/materials/textures
[75.846s] -- Installing: /home/shdh/enpm663_ws/install/ariac_sensors/share/ariac_sensors//models/advanced_logical_camera/materials/textures/camera.png
[75.847s] -- Installing: /home/shdh/enpm663_ws/install/ariac_sensors/share/ariac_sensors//models/advanced_logical_camera/model.sdf
[75.847s] -- Installing: /home/shdh/enpm663_ws/install/ariac_sensors/share/ariac_sensors//models/advanced_logical_camera/model.config
[75.848s] -- Installing: /home/shdh/enpm663_ws/install/ariac_sensors/share/ariac_sensors//models/advanced_logical_camera/meshes
[75.848s] -- Installing: /home/shdh/enpm663_ws/install/ariac_sensors/share/ariac_sensors//models/advanced_logical_camera/meshes/camera.dae
[75.848s] -- Installing: /home/shdh/enpm663_ws/install/ariac_sensors/share/ariac_sensors//models/break_beam
[75.848s] -- Installing: /home/shdh/enpm663_ws/install/ariac_sensors/share/ariac_sensors//models/break_beam/model.sdf
[75.849s] -- Installing: /home/shdh/enpm663_ws/install/ariac_sensors/share/ariac_sensors//models/break_beam/model.config
[75.849s] -- Installing: /home/shdh/enpm663_ws/install/ariac_sensors/share/ariac_sensors//models/break_beam/meshes
[75.849s] -- Installing: /home/shdh/enpm663_ws/install/ariac_sensors/share/ariac_sensors//models/break_beam/meshes/break_beam.dae
[75.850s] -- Installing: /home/shdh/enpm663_ws/install/ariac_sensors/share/ariac_sensors//models/basic_logical_camera
[75.850s] -- Installing: /home/shdh/enpm663_ws/install/ariac_sensors/share/ariac_sensors//models/basic_logical_camera/materials
[75.850s] -- Installing: /home/shdh/enpm663_ws/install/ariac_sensors/share/ariac_sensors//models/basic_logical_camera/materials/textures
[75.850s] -- Installing: /home/shdh/enpm663_ws/install/ariac_sensors/share/ariac_sensors//models/basic_logical_camera/materials/textures/camera.png
[75.852s] -- Installing: /home/shdh/enpm663_ws/install/ariac_sensors/share/ariac_sensors//models/basic_logical_camera/model.sdf
[75.852s] -- Installing: /home/shdh/enpm663_ws/install/ariac_sensors/share/ariac_sensors//models/basic_logical_camera/model.config
[75.852s] -- Installing: /home/shdh/enpm663_ws/install/ariac_sensors/share/ariac_sensors//models/basic_logical_camera/meshes
[75.853s] -- Installing: /home/shdh/enpm663_ws/install/ariac_sensors/share/ariac_sensors//models/basic_logical_camera/meshes/camera.dae
[75.856s] Invoked command in '/home/shdh/enpm663_ws/build/ariac_sensors' returned '0': AMENT_PREFIX_PATH=/home/shdh/enpm663_ws/install/ariac_msgs:${AMENT_PREFIX_PATH} CMAKE_PREFIX_PATH=/home/shdh/enpm663_ws/install/ariac_msgs:/opt/ros/galactic LD_LIBRARY_PATH=/home/shdh/enpm663_ws/install/ariac_msgs/lib:${LD_LIBRARY_PATH} PYTHONPATH=/home/shdh/enpm663_ws/install/ariac_msgs/lib/python3.8/site-packages:${PYTHONPATH} /usr/bin/cmake --install /home/shdh/enpm663_ws/build/ariac_sensors
