[2.068s] Invoking command in '/home/shdh/enpm663_ws/build/ariac_plugins': CMAKE_PREFIX_PATH=/home/shdh/enpm663_ws/install/ariac_msgs:/home/shdh/enpm663_ws/install/test_competitor:/home/shdh/enpm663_ws/install/first_package:/home/shdh/enpm663_ws/install/ariac_sensors:/home/shdh/enpm663_ws/install/ariac_plugins:/home/shdh/enpm663_ws/install/ariac_human:/home/shdh/enpm663_ws/install/ariac_moveit_config:/home/shdh/enpm663_ws/install/ariac_gazebo:/home/shdh/enpm663_ws/install/ariac_description:/home/shdh/enpm663_ws/install/exercise3:/home/shdh/enpm663_ws/install/exercise2:/home/shdh/enpm663_ws/install/exercise1:/home/shdh/enpm663_ws/install/ariac_gui:/opt/ros/galactic LD_LIBRARY_PATH=/home/shdh/enpm663_ws/install/ariac_msgs/lib:/home/shdh/enpm663_ws/install/test_competitor/lib:/home/shdh/enpm663_ws/install/ariac_sensors/lib:/home/shdh/enpm663_ws/install/ariac_plugins/lib:/usr/lib/x86_64-linux-gnu/gazebo-11/plugins:/opt/ros/galactic/opt/yaml_cpp_vendor/lib:/opt/ros/galactic/opt/rviz_ogre_vendor/lib:/opt/ros/galactic/lib/x86_64-linux-gnu:/opt/ros/galactic/lib PYTHONPATH=/home/shdh/enpm663_ws/install/ariac_msgs/lib/python3.8/site-packages:/home/shdh/enpm663_ws/install/first_package/lib/python3.8/site-packages:/home/shdh/enpm663_ws/install/exercise3/lib/python3.8/site-packages:/home/shdh/enpm663_ws/install/exercise2/lib/python3.8/site-packages:/home/shdh/enpm663_ws/install/exercise1/lib/python3.8/site-packages:/home/shdh/enpm663_ws/install/ariac_human/lib/python3.8/site-packages:/home/shdh/enpm663_ws/install/ariac_gui/lib/python3.8/site-packages:/home/shdh/enpm663_ws/install/ariac_moveit_config/lib/python3.8/site-packages:/home/shdh/enpm663_ws/install/ariac_gazebo/lib/python3.8/site-packages:/opt/ros/galactic/lib/python3.8/site-packages /usr/bin/cmake --build /home/shdh/enpm663_ws/build/ariac_plugins -- -j12 -l12
[2.248s] [  9%] Built target agv_plugin
[2.250s] [ 18%] Built target VacuumGripperPlugin
[2.253s] [ 27%] Built target assembly_lock_plugin
[2.259s] [ 36%] Built target ObjectDisposalPlugin
[2.266s] [ 45%] Built target GripperColorPlugin
[2.267s] [ 59%] Built target conveyor_belt_plugin
[2.268s] [ 63%] Built target AGVTrayPlugin
[2.271s] [ 72%] Built target assembly_state_publisher
[2.274s] [ 81%] Built target HumanTeleportPlugin
[2.276s] [ 90%] Built target disable_shadows_plugin
[2.284s] [100%] Built target TaskManagerPlugin
[2.300s] Invoked command in '/home/shdh/enpm663_ws/build/ariac_plugins' returned '0': CMAKE_PREFIX_PATH=/home/shdh/enpm663_ws/install/ariac_msgs:/home/shdh/enpm663_ws/install/test_competitor:/home/shdh/enpm663_ws/install/first_package:/home/shdh/enpm663_ws/install/ariac_sensors:/home/shdh/enpm663_ws/install/ariac_plugins:/home/shdh/enpm663_ws/install/ariac_human:/home/shdh/enpm663_ws/install/ariac_moveit_config:/home/shdh/enpm663_ws/install/ariac_gazebo:/home/shdh/enpm663_ws/install/ariac_description:/home/shdh/enpm663_ws/install/exercise3:/home/shdh/enpm663_ws/install/exercise2:/home/shdh/enpm663_ws/install/exercise1:/home/shdh/enpm663_ws/install/ariac_gui:/opt/ros/galactic LD_LIBRARY_PATH=/home/shdh/enpm663_ws/install/ariac_msgs/lib:/home/shdh/enpm663_ws/install/test_competitor/lib:/home/shdh/enpm663_ws/install/ariac_sensors/lib:/home/shdh/enpm663_ws/install/ariac_plugins/lib:/usr/lib/x86_64-linux-gnu/gazebo-11/plugins:/opt/ros/galactic/opt/yaml_cpp_vendor/lib:/opt/ros/galactic/opt/rviz_ogre_vendor/lib:/opt/ros/galactic/lib/x86_64-linux-gnu:/opt/ros/galactic/lib PYTHONPATH=/home/shdh/enpm663_ws/install/ariac_msgs/lib/python3.8/site-packages:/home/shdh/enpm663_ws/install/first_package/lib/python3.8/site-packages:/home/shdh/enpm663_ws/install/exercise3/lib/python3.8/site-packages:/home/shdh/enpm663_ws/install/exercise2/lib/python3.8/site-packages:/home/shdh/enpm663_ws/install/exercise1/lib/python3.8/site-packages:/home/shdh/enpm663_ws/install/ariac_human/lib/python3.8/site-packages:/home/shdh/enpm663_ws/install/ariac_gui/lib/python3.8/site-packages:/home/shdh/enpm663_ws/install/ariac_moveit_config/lib/python3.8/site-packages:/home/shdh/enpm663_ws/install/ariac_gazebo/lib/python3.8/site-packages:/opt/ros/galactic/lib/python3.8/site-packages /usr/bin/cmake --build /home/shdh/enpm663_ws/build/ariac_plugins -- -j12 -l12
[2.951s] Invoking command in '/home/shdh/enpm663_ws/build/ariac_plugins': CMAKE_PREFIX_PATH=/home/shdh/enpm663_ws/install/ariac_msgs:/home/shdh/enpm663_ws/install/test_competitor:/home/shdh/enpm663_ws/install/first_package:/home/shdh/enpm663_ws/install/ariac_sensors:/home/shdh/enpm663_ws/install/ariac_plugins:/home/shdh/enpm663_ws/install/ariac_human:/home/shdh/enpm663_ws/install/ariac_moveit_config:/home/shdh/enpm663_ws/install/ariac_gazebo:/home/shdh/enpm663_ws/install/ariac_description:/home/shdh/enpm663_ws/install/exercise3:/home/shdh/enpm663_ws/install/exercise2:/home/shdh/enpm663_ws/install/exercise1:/home/shdh/enpm663_ws/install/ariac_gui:/opt/ros/galactic LD_LIBRARY_PATH=/home/shdh/enpm663_ws/install/ariac_msgs/lib:/home/shdh/enpm663_ws/install/test_competitor/lib:/home/shdh/enpm663_ws/install/ariac_sensors/lib:/home/shdh/enpm663_ws/install/ariac_plugins/lib:/usr/lib/x86_64-linux-gnu/gazebo-11/plugins:/opt/ros/galactic/opt/yaml_cpp_vendor/lib:/opt/ros/galactic/opt/rviz_ogre_vendor/lib:/opt/ros/galactic/lib/x86_64-linux-gnu:/opt/ros/galactic/lib PYTHONPATH=/home/shdh/enpm663_ws/install/ariac_msgs/lib/python3.8/site-packages:/home/shdh/enpm663_ws/install/first_package/lib/python3.8/site-packages:/home/shdh/enpm663_ws/install/exercise3/lib/python3.8/site-packages:/home/shdh/enpm663_ws/install/exercise2/lib/python3.8/site-packages:/home/shdh/enpm663_ws/install/exercise1/lib/python3.8/site-packages:/home/shdh/enpm663_ws/install/ariac_human/lib/python3.8/site-packages:/home/shdh/enpm663_ws/install/ariac_gui/lib/python3.8/site-packages:/home/shdh/enpm663_ws/install/ariac_moveit_config/lib/python3.8/site-packages:/home/shdh/enpm663_ws/install/ariac_gazebo/lib/python3.8/site-packages:/opt/ros/galactic/lib/python3.8/site-packages /usr/bin/cmake --install /home/shdh/enpm663_ws/build/ariac_plugins
[2.968s] -- Install configuration: ""
[2.968s] -- Up-to-date: /home/shdh/enpm663_ws/install/ariac_plugins/share/ariac_plugins/environment/library_path.sh
[2.971s] -- Up-to-date: /home/shdh/enpm663_ws/install/ariac_plugins/share/ariac_plugins/environment/library_path.dsv
[2.972s] -- Up-to-date: /home/shdh/enpm663_ws/install/ariac_plugins/share/ament_index/resource_index/package_run_dependencies/ariac_plugins
[2.973s] -- Up-to-date: /home/shdh/enpm663_ws/install/ariac_plugins/share/ament_index/resource_index/parent_prefix_path/ariac_plugins
[2.973s] -- Up-to-date: /home/shdh/enpm663_ws/install/ariac_plugins/share/ariac_plugins/environment/ament_prefix_path.sh
[2.974s] -- Up-to-date: /home/shdh/enpm663_ws/install/ariac_plugins/share/ariac_plugins/environment/ament_prefix_path.dsv
[2.974s] -- Up-to-date: /home/shdh/enpm663_ws/install/ariac_plugins/share/ariac_plugins/environment/path.sh
[2.974s] -- Up-to-date: /home/shdh/enpm663_ws/install/ariac_plugins/share/ariac_plugins/environment/path.dsv
[2.974s] -- Up-to-date: /home/shdh/enpm663_ws/install/ariac_plugins/share/ariac_plugins/local_setup.bash
[2.975s] -- Up-to-date: /home/shdh/enpm663_ws/install/ariac_plugins/share/ariac_plugins/local_setup.sh
[2.975s] -- Up-to-date: /home/shdh/enpm663_ws/install/ariac_plugins/share/ariac_plugins/local_setup.zsh
[2.975s] -- Up-to-date: /home/shdh/enpm663_ws/install/ariac_plugins/share/ariac_plugins/local_setup.dsv
[2.976s] -- Installing: /home/shdh/enpm663_ws/install/ariac_plugins/share/ariac_plugins/package.dsv
[2.976s] -- Up-to-date: /home/shdh/enpm663_ws/install/ariac_plugins/share/ament_index/resource_index/packages/ariac_plugins
[2.977s] -- Up-to-date: /home/shdh/enpm663_ws/install/ariac_plugins/share/ariac_plugins/cmake/ament_cmake_export_libraries-extras.cmake
[2.977s] -- Up-to-date: /home/shdh/enpm663_ws/install/ariac_plugins/share/ariac_plugins/cmake/ariac_pluginsConfig.cmake
[2.977s] -- Up-to-date: /home/shdh/enpm663_ws/install/ariac_plugins/share/ariac_plugins/cmake/ariac_pluginsConfig-version.cmake
[2.977s] -- Up-to-date: /home/shdh/enpm663_ws/install/ariac_plugins/share/ariac_plugins/package.xml
[2.977s] -- Up-to-date: /home/shdh/enpm663_ws/install/ariac_plugins/include
[2.977s] -- Up-to-date: /home/shdh/enpm663_ws/install/ariac_plugins/include/ariac_plugins
[2.977s] -- Up-to-date: /home/shdh/enpm663_ws/install/ariac_plugins/include/ariac_plugins/human_teleport_plugin.hpp
[2.977s] -- Up-to-date: /home/shdh/enpm663_ws/install/ariac_plugins/include/ariac_plugins/disable_shadows_plugin.hpp
[2.978s] -- Up-to-date: /home/shdh/enpm663_ws/install/ariac_plugins/include/ariac_plugins/vacuum_gripper_plugin.hpp
[2.978s] -- Up-to-date: /home/shdh/enpm663_ws/install/ariac_plugins/include/ariac_plugins/agv_tray_plugin.hpp
[2.978s] -- Up-to-date: /home/shdh/enpm663_ws/install/ariac_plugins/include/ariac_plugins/object_disposal_plugin.hpp
[2.978s] -- Up-to-date: /home/shdh/enpm663_ws/install/ariac_plugins/include/ariac_plugins/ariac_plugin_template.hpp
[2.978s] -- Up-to-date: /home/shdh/enpm663_ws/install/ariac_plugins/include/ariac_plugins/task_manager_plugin.hpp
[2.978s] -- Up-to-date: /home/shdh/enpm663_ws/install/ariac_plugins/include/ariac_plugins/gripper_color_plugin.hpp
[2.978s] -- Up-to-date: /home/shdh/enpm663_ws/install/ariac_plugins/include/ariac_plugins/agv_plugin.hpp
[2.978s] -- Up-to-date: /home/shdh/enpm663_ws/install/ariac_plugins/include/ariac_plugins/ariac_common.hpp
[2.978s] -- Up-to-date: /home/shdh/enpm663_ws/install/ariac_plugins/include/ariac_plugins/assembly_lock_plugin.hpp
[2.979s] -- Up-to-date: /home/shdh/enpm663_ws/install/ariac_plugins/include/ariac_plugins/conveyor_belt_plugin.hpp
[2.979s] -- Up-to-date: /home/shdh/enpm663_ws/install/ariac_plugins/include/ariac_plugins/assembly_state_publisher.hpp
[2.980s] -- Up-to-date: /home/shdh/enpm663_ws/install/ariac_plugins/lib/libVacuumGripperPlugin.so
[2.982s] -- Up-to-date: /home/shdh/enpm663_ws/install/ariac_plugins/lib/libconveyor_belt_plugin.so
[2.982s] -- Up-to-date: /home/shdh/enpm663_ws/install/ariac_plugins/lib/libagv_plugin.so
[2.982s] -- Up-to-date: /home/shdh/enpm663_ws/install/ariac_plugins/lib/libassembly_lock_plugin.so
[2.982s] -- Up-to-date: /home/shdh/enpm663_ws/install/ariac_plugins/lib/libassembly_state_publisher.so
[2.983s] -- Up-to-date: /home/shdh/enpm663_ws/install/ariac_plugins/lib/libGripperColorPlugin.so
[2.983s] -- Up-to-date: /home/shdh/enpm663_ws/install/ariac_plugins/lib/libdisable_shadows_plugin.so
[2.983s] -- Up-to-date: /home/shdh/enpm663_ws/install/ariac_plugins/lib/libObjectDisposalPlugin.so
[2.984s] -- Up-to-date: /home/shdh/enpm663_ws/install/ariac_plugins/lib/libAGVTrayPlugin.so
[2.985s] -- Up-to-date: /home/shdh/enpm663_ws/install/ariac_plugins/lib/libTaskManagerPlugin.so
[2.988s] -- Up-to-date: /home/shdh/enpm663_ws/install/ariac_plugins/lib/libHumanTeleportPlugin.so
[2.991s] Invoked command in '/home/shdh/enpm663_ws/build/ariac_plugins' returned '0': CMAKE_PREFIX_PATH=/home/shdh/enpm663_ws/install/ariac_msgs:/home/shdh/enpm663_ws/install/test_competitor:/home/shdh/enpm663_ws/install/first_package:/home/shdh/enpm663_ws/install/ariac_sensors:/home/shdh/enpm663_ws/install/ariac_plugins:/home/shdh/enpm663_ws/install/ariac_human:/home/shdh/enpm663_ws/install/ariac_moveit_config:/home/shdh/enpm663_ws/install/ariac_gazebo:/home/shdh/enpm663_ws/install/ariac_description:/home/shdh/enpm663_ws/install/exercise3:/home/shdh/enpm663_ws/install/exercise2:/home/shdh/enpm663_ws/install/exercise1:/home/shdh/enpm663_ws/install/ariac_gui:/opt/ros/galactic LD_LIBRARY_PATH=/home/shdh/enpm663_ws/install/ariac_msgs/lib:/home/shdh/enpm663_ws/install/test_competitor/lib:/home/shdh/enpm663_ws/install/ariac_sensors/lib:/home/shdh/enpm663_ws/install/ariac_plugins/lib:/usr/lib/x86_64-linux-gnu/gazebo-11/plugins:/opt/ros/galactic/opt/yaml_cpp_vendor/lib:/opt/ros/galactic/opt/rviz_ogre_vendor/lib:/opt/ros/galactic/lib/x86_64-linux-gnu:/opt/ros/galactic/lib PYTHONPATH=/home/shdh/enpm663_ws/install/ariac_msgs/lib/python3.8/site-packages:/home/shdh/enpm663_ws/install/first_package/lib/python3.8/site-packages:/home/shdh/enpm663_ws/install/exercise3/lib/python3.8/site-packages:/home/shdh/enpm663_ws/install/exercise2/lib/python3.8/site-packages:/home/shdh/enpm663_ws/install/exercise1/lib/python3.8/site-packages:/home/shdh/enpm663_ws/install/ariac_human/lib/python3.8/site-packages:/home/shdh/enpm663_ws/install/ariac_gui/lib/python3.8/site-packages:/home/shdh/enpm663_ws/install/ariac_moveit_config/lib/python3.8/site-packages:/home/shdh/enpm663_ws/install/ariac_gazebo/lib/python3.8/site-packages:/opt/ros/galactic/lib/python3.8/site-packages /usr/bin/cmake --install /home/shdh/enpm663_ws/build/ariac_plugins
