[2.727s] Invoking command in '/home/shdh/enpm663_ws/build/first_package': CMAKE_PREFIX_PATH=${CMAKE_PREFIX_PATH}:/home/shdh/enpm663_ws/install/exercise3:/home/shdh/enpm663_ws/install/exercise2:/home/shdh/enpm663_ws/install/exercise1:/home/shdh/enpm663_ws/install/ariac_gui:/opt/ros/galactic /usr/bin/cmake --build /home/shdh/enpm663_ws/build/first_package -- -j12 -l12
[2.834s] [ 25%] Built target publisher_demo_cpp
[2.836s] [ 50%] Built target subscriber_demo_cpp
[2.836s] [ 75%] Built target minimal_demo_cpp
[2.839s] [ 75%] Built target ament_cmake_python_copy_first_package
[2.980s] [100%] Built target advanced_demo_cpp
[3.216s] running egg_info
[3.217s] writing first_package.egg-info/PKG-INFO
[3.217s] writing dependency_links to first_package.egg-info/dependency_links.txt
[3.218s] writing top-level names to first_package.egg-info/top_level.txt
[3.256s] reading manifest file 'first_package.egg-info/SOURCES.txt'
[3.258s] writing manifest file 'first_package.egg-info/SOURCES.txt'
[3.292s] [100%] Built target ament_cmake_python_build_first_package_egg
[3.352s] running install_scripts
[3.388s] running egg_info
[3.389s] writing first_package.egg-info/PKG-INFO
[3.390s] writing dependency_links to first_package.egg-info/dependency_links.txt
[3.391s] writing top-level names to first_package.egg-info/top_level.txt
[3.428s] reading manifest file 'first_package.egg-info/SOURCES.txt'
[3.430s] writing manifest file 'first_package.egg-info/SOURCES.txt'
[3.468s] [100%] Built target ament_cmake_python_build_first_package_scripts
[4.367s] Invoked command in '/home/shdh/enpm663_ws/build/first_package' returned '0': CMAKE_PREFIX_PATH=${CMAKE_PREFIX_PATH}:/home/shdh/enpm663_ws/install/exercise3:/home/shdh/enpm663_ws/install/exercise2:/home/shdh/enpm663_ws/install/exercise1:/home/shdh/enpm663_ws/install/ariac_gui:/opt/ros/galactic /usr/bin/cmake --build /home/shdh/enpm663_ws/build/first_package -- -j12 -l12
[6.776s] Invoking command in '/home/shdh/enpm663_ws/build/first_package': CMAKE_PREFIX_PATH=${CMAKE_PREFIX_PATH}:/home/shdh/enpm663_ws/install/exercise3:/home/shdh/enpm663_ws/install/exercise2:/home/shdh/enpm663_ws/install/exercise1:/home/shdh/enpm663_ws/install/ariac_gui:/opt/ros/galactic /usr/bin/cmake --install /home/shdh/enpm663_ws/build/first_package
[7.177s] -- Install configuration: ""
[7.178s] -- Up-to-date: /home/shdh/enpm663_ws/install/first_package/lib/first_package/minimal_demo_cpp
[7.178s] -- Up-to-date: /home/shdh/enpm663_ws/install/first_package/lib/first_package/advanced_demo_cpp
[7.179s] -- Up-to-date: /home/shdh/enpm663_ws/install/first_package/lib/first_package/publisher_demo_cpp
[7.179s] -- Up-to-date: /home/shdh/enpm663_ws/install/first_package/lib/first_package/subscriber_demo_cpp
[7.179s] -- Up-to-date: /home/shdh/enpm663_ws/install/first_package/share/first_package/environment/pythonpath.sh
[7.179s] -- Up-to-date: /home/shdh/enpm663_ws/install/first_package/share/first_package/environment/pythonpath.dsv
[7.180s] -- Up-to-date: /home/shdh/enpm663_ws/install/first_package/lib/python3.8/site-packages//first_package.egg-info
[7.180s] -- Installing: /home/shdh/enpm663_ws/install/first_package/lib/python3.8/site-packages//first_package.egg-info/PKG-INFO
[7.180s] -- Installing: /home/shdh/enpm663_ws/install/first_package/lib/python3.8/site-packages//first_package.egg-info/top_level.txt
[7.180s] -- Installing: /home/shdh/enpm663_ws/install/first_package/lib/python3.8/site-packages//first_package.egg-info/SOURCES.txt
[7.181s] -- Installing: /home/shdh/enpm663_ws/install/first_package/lib/python3.8/site-packages//first_package.egg-info/dependency_links.txt
[7.181s] -- Up-to-date: /home/shdh/enpm663_ws/install/first_package/lib/first_package/
[7.181s] -- Up-to-date: /home/shdh/enpm663_ws/install/first_package/lib/python3.8/site-packages/first_package
[7.182s] -- Up-to-date: /home/shdh/enpm663_ws/install/first_package/lib/python3.8/site-packages/first_package/publisher_interface.py
[7.182s] -- Up-to-date: /home/shdh/enpm663_ws/install/first_package/lib/python3.8/site-packages/first_package/subscriber_interface.py
[7.183s] -- Up-to-date: /home/shdh/enpm663_ws/install/first_package/lib/python3.8/site-packages/first_package/__init__.py
[7.183s] -- Up-to-date: /home/shdh/enpm663_ws/install/first_package/lib/python3.8/site-packages/first_package/advanced_interface.py
[7.183s] Listing '/home/shdh/enpm663_ws/install/first_package/lib/python3.8/site-packages/first_package'...
[7.184s] -- Up-to-date: /home/shdh/enpm663_ws/install/first_package/lib/first_package/minimal_demo.py
[7.184s] -- Up-to-date: /home/shdh/enpm663_ws/install/first_package/lib/first_package/advanced_demo.py
[7.184s] -- Up-to-date: /home/shdh/enpm663_ws/install/first_package/lib/first_package/publisher_demo.py
[7.185s] -- Up-to-date: /home/shdh/enpm663_ws/install/first_package/lib/first_package/subscriber_demo.py
[7.185s] -- Up-to-date: /home/shdh/enpm663_ws/install/first_package/share/ament_index/resource_index/package_run_dependencies/first_package
[7.185s] -- Up-to-date: /home/shdh/enpm663_ws/install/first_package/share/ament_index/resource_index/parent_prefix_path/first_package
[7.186s] -- Up-to-date: /home/shdh/enpm663_ws/install/first_package/share/first_package/environment/ament_prefix_path.sh
[7.186s] -- Up-to-date: /home/shdh/enpm663_ws/install/first_package/share/first_package/environment/ament_prefix_path.dsv
[7.187s] -- Up-to-date: /home/shdh/enpm663_ws/install/first_package/share/first_package/environment/path.sh
[7.187s] -- Up-to-date: /home/shdh/enpm663_ws/install/first_package/share/first_package/environment/path.dsv
[7.187s] -- Up-to-date: /home/shdh/enpm663_ws/install/first_package/share/first_package/local_setup.bash
[7.188s] -- Up-to-date: /home/shdh/enpm663_ws/install/first_package/share/first_package/local_setup.sh
[7.188s] -- Up-to-date: /home/shdh/enpm663_ws/install/first_package/share/first_package/local_setup.zsh
[7.188s] -- Up-to-date: /home/shdh/enpm663_ws/install/first_package/share/first_package/local_setup.dsv
[7.189s] -- Installing: /home/shdh/enpm663_ws/install/first_package/share/first_package/package.dsv
[7.189s] -- Up-to-date: /home/shdh/enpm663_ws/install/first_package/share/ament_index/resource_index/packages/first_package
[7.189s] -- Up-to-date: /home/shdh/enpm663_ws/install/first_package/share/first_package/cmake/first_packageConfig.cmake
[7.189s] -- Up-to-date: /home/shdh/enpm663_ws/install/first_package/share/first_package/cmake/first_packageConfig-version.cmake
[7.190s] -- Up-to-date: /home/shdh/enpm663_ws/install/first_package/share/first_package/package.xml
[7.834s] Invoked command in '/home/shdh/enpm663_ws/build/first_package' returned '0': CMAKE_PREFIX_PATH=${CMAKE_PREFIX_PATH}:/home/shdh/enpm663_ws/install/exercise3:/home/shdh/enpm663_ws/install/exercise2:/home/shdh/enpm663_ws/install/exercise1:/home/shdh/enpm663_ws/install/ariac_gui:/opt/ros/galactic /usr/bin/cmake --install /home/shdh/enpm663_ws/build/first_package
