running egg_info
writing ../../../build/exercise1/exercise1.egg-info/PKG-INFO
writing dependency_links to ../../../build/exercise1/exercise1.egg-info/dependency_links.txt
writing entry points to ../../../build/exercise1/exercise1.egg-info/entry_points.txt
writing requirements to ../../../build/exercise1/exercise1.egg-info/requires.txt
writing top-level names to ../../../build/exercise1/exercise1.egg-info/top_level.txt
reading manifest file '../../../build/exercise1/exercise1.egg-info/SOURCES.txt'
writing manifest file '../../../build/exercise1/exercise1.egg-info/SOURCES.txt'
running build
running build_py
copying exercise1/ex1_demo.py -> /home/shdh/enpm663_ws/build/exercise1/build/lib/exercise1
copying exercise1/ex1_interface.py -> /home/shdh/enpm663_ws/build/exercise1/build/lib/exercise1
running install
running install_lib
copying /home/shdh/enpm663_ws/build/exercise1/build/lib/exercise1/ex1_demo.py -> /home/shdh/enpm663_ws/install/exercise1/lib/python3.8/site-packages/exercise1
copying /home/shdh/enpm663_ws/build/exercise1/build/lib/exercise1/ex1_interface.py -> /home/shdh/enpm663_ws/install/exercise1/lib/python3.8/site-packages/exercise1
byte-compiling /home/shdh/enpm663_ws/install/exercise1/lib/python3.8/site-packages/exercise1/ex1_demo.py to ex1_demo.cpython-38.pyc
byte-compiling /home/shdh/enpm663_ws/install/exercise1/lib/python3.8/site-packages/exercise1/ex1_interface.py to ex1_interface.cpython-38.pyc
running install_data
running install_egg_info
removing '/home/shdh/enpm663_ws/install/exercise1/lib/python3.8/site-packages/exercise1-0.0.0-py3.8.egg-info' (and everything under it)
Copying ../../../build/exercise1/exercise1.egg-info to /home/shdh/enpm663_ws/install/exercise1/lib/python3.8/site-packages/exercise1-0.0.0-py3.8.egg-info
running install_scripts
Installing ex1_demo script to /home/shdh/enpm663_ws/install/exercise1/lib/exercise1
writing list of installed files to '/home/shdh/enpm663_ws/build/exercise1/install.log'
