[5.595s] Invoking command in '/home/shdh/enpm663_ws/src/rwa1_sharma/exercise1': PYTHONPATH=/home/shdh/enpm663_ws/build/exercise1/prefix_override:/home/shdh/enpm663_ws/install/exercise1/lib/python3.8/site-packages:${PYTHONPATH} /usr/bin/python3 setup.py egg_info --egg-base ../../../build/exercise1 build --build-base /home/shdh/enpm663_ws/build/exercise1/build install --record /home/shdh/enpm663_ws/build/exercise1/install.log --single-version-externally-managed
[5.898s] running egg_info
[5.899s] writing ../../../build/exercise1/exercise1.egg-info/PKG-INFO
[5.901s] writing dependency_links to ../../../build/exercise1/exercise1.egg-info/dependency_links.txt
[5.901s] writing entry points to ../../../build/exercise1/exercise1.egg-info/entry_points.txt
[5.901s] writing requirements to ../../../build/exercise1/exercise1.egg-info/requires.txt
[5.902s] writing top-level names to ../../../build/exercise1/exercise1.egg-info/top_level.txt
[5.941s] reading manifest file '../../../build/exercise1/exercise1.egg-info/SOURCES.txt'
[5.942s] writing manifest file '../../../build/exercise1/exercise1.egg-info/SOURCES.txt'
[5.942s] running build
[5.943s] running build_py
[5.944s] copying exercise1/ex1_demo.py -> /home/shdh/enpm663_ws/build/exercise1/build/lib/exercise1
[5.945s] copying exercise1/ex1_interface.py -> /home/shdh/enpm663_ws/build/exercise1/build/lib/exercise1
[5.945s] running install
[5.946s] running install_lib
[5.947s] copying /home/shdh/enpm663_ws/build/exercise1/build/lib/exercise1/ex1_demo.py -> /home/shdh/enpm663_ws/install/exercise1/lib/python3.8/site-packages/exercise1
[5.948s] copying /home/shdh/enpm663_ws/build/exercise1/build/lib/exercise1/ex1_interface.py -> /home/shdh/enpm663_ws/install/exercise1/lib/python3.8/site-packages/exercise1
[5.950s] byte-compiling /home/shdh/enpm663_ws/install/exercise1/lib/python3.8/site-packages/exercise1/ex1_demo.py to ex1_demo.cpython-38.pyc
[5.950s] byte-compiling /home/shdh/enpm663_ws/install/exercise1/lib/python3.8/site-packages/exercise1/ex1_interface.py to ex1_interface.cpython-38.pyc
[5.950s] running install_data
[5.951s] running install_egg_info
[5.954s] removing '/home/shdh/enpm663_ws/install/exercise1/lib/python3.8/site-packages/exercise1-0.0.0-py3.8.egg-info' (and everything under it)
[5.954s] Copying ../../../build/exercise1/exercise1.egg-info to /home/shdh/enpm663_ws/install/exercise1/lib/python3.8/site-packages/exercise1-0.0.0-py3.8.egg-info
[5.955s] running install_scripts
[5.973s] Installing ex1_demo script to /home/shdh/enpm663_ws/install/exercise1/lib/exercise1
[5.974s] writing list of installed files to '/home/shdh/enpm663_ws/build/exercise1/install.log'
[6.875s] Invoked command in '/home/shdh/enpm663_ws/src/rwa1_sharma/exercise1' returned '0': PYTHONPATH=/home/shdh/enpm663_ws/build/exercise1/prefix_override:/home/shdh/enpm663_ws/install/exercise1/lib/python3.8/site-packages:${PYTHONPATH} /usr/bin/python3 setup.py egg_info --egg-base ../../../build/exercise1 build --build-base /home/shdh/enpm663_ws/build/exercise1/build install --record /home/shdh/enpm663_ws/build/exercise1/install.log --single-version-externally-managed
