-- The C compiler identification is GNU 10.5.0
-- The CXX compiler identification is GNU 10.5.0
-- Check for working C compiler: /usr/bin/cc
-- Check for working C compiler: /usr/bin/cc -- works
-- Detecting C compiler ABI info
-- Detecting C compiler ABI info - done
-- Detecting C compile features
-- Detecting C compile features - done
-- Check for working CXX compiler: /usr/bin/c++
-- Check for working CXX compiler: /usr/bin/c++ -- works
-- Detecting CXX compiler ABI info
-- Detecting CXX compiler ABI info - done
-- Detecting CXX compile features
-- Detecting CXX compile features - done
-- Found ament_cmake: 1.1.6 (/opt/ros/galactic/share/ament_cmake/cmake)
-- Found PythonInterp: /usr/bin/python3 (found suitable version "3.8.10", minimum required is "3") 
-- Using PYTHON_EXECUTABLE: /usr/bin/python3
-- Found rclcpp: 9.2.2 (/opt/ros/galactic/share/rclcpp/cmake)
-- Using all available rosidl_typesupport_c: rosidl_typesupport_fastrtps_c;rosidl_typesupport_introspection_c
-- Found rosidl_adapter: 2.2.3 (/opt/ros/galactic/share/rosidl_adapter/cmake)
-- Found OpenSSL: /usr/lib/x86_64-linux-gnu/libcrypto.so (found version "1.1.1f")  
-- Found FastRTPS: /opt/ros/galactic/include  
-- Using all available rosidl_typesupport_cpp: rosidl_typesupport_fastrtps_cpp;rosidl_typesupport_introspection_cpp
-- Found rmw_implementation_cmake: 3.3.1 (/opt/ros/galactic/share/rmw_implementation_cmake/cmake)
-- Found rmw_cyclonedds_cpp: 0.22.6 (/opt/ros/galactic/share/rmw_cyclonedds_cpp/cmake)
-- Using RMW implementation 'rmw_cyclonedds_cpp' as default
-- Looking for pthread.h
-- Looking for pthread.h - found
-- Performing Test CMAKE_HAVE_LIBC_PTHREAD
-- Performing Test CMAKE_HAVE_LIBC_PTHREAD - Failed
-- Looking for pthread_create in pthreads
-- Looking for pthread_create in pthreads - not found
-- Looking for pthread_create in pthread
-- Looking for pthread_create in pthread - found
-- Found Threads: TRUE  
-- Found rclpy: 1.9.3 (/opt/ros/galactic/share/rclpy/cmake)
-- Found ament_lint_auto: 0.10.7 (/opt/ros/galactic/share/ament_lint_auto/cmake)
-- Added test 'copyright' to check source files copyright and LICENSE
-- Added test 'flake8' to check Python code syntax and style conventions
-- Added test 'lint_cmake' to check CMake code style
-- Added test 'pep257' to check Python code against some of the style conventions in PEP 257
-- Added test 'xmllint' to check XML markup files
-- Configuring done
-- Generating done
-- Build files have been written to: /home/shdh/enpm663_ws/build/first_package
-- Install configuration: ""
-- Installing: /home/shdh/enpm663_ws/install/first_package/share/ament_index/resource_index/package_run_dependencies/first_package
-- Installing: /home/shdh/enpm663_ws/install/first_package/share/ament_index/resource_index/parent_prefix_path/first_package
-- Installing: /home/shdh/enpm663_ws/install/first_package/share/first_package/environment/ament_prefix_path.sh
-- Installing: /home/shdh/enpm663_ws/install/first_package/share/first_package/environment/ament_prefix_path.dsv
-- Installing: /home/shdh/enpm663_ws/install/first_package/share/first_package/environment/path.sh
-- Installing: /home/shdh/enpm663_ws/install/first_package/share/first_package/environment/path.dsv
-- Installing: /home/shdh/enpm663_ws/install/first_package/share/first_package/local_setup.bash
-- Installing: /home/shdh/enpm663_ws/install/first_package/share/first_package/local_setup.sh
-- Installing: /home/shdh/enpm663_ws/install/first_package/share/first_package/local_setup.zsh
-- Installing: /home/shdh/enpm663_ws/install/first_package/share/first_package/local_setup.dsv
-- Installing: /home/shdh/enpm663_ws/install/first_package/share/first_package/package.dsv
-- Installing: /home/shdh/enpm663_ws/install/first_package/share/ament_index/resource_index/packages/first_package
-- Installing: /home/shdh/enpm663_ws/install/first_package/share/first_package/cmake/first_packageConfig.cmake
-- Installing: /home/shdh/enpm663_ws/install/first_package/share/first_package/cmake/first_packageConfig-version.cmake
-- Installing: /home/shdh/enpm663_ws/install/first_package/share/first_package/package.xml
