[0.354s] Invoking command in '/home/shdh/enpm663_ws/build/first_package': CMAKE_PREFIX_PATH=/opt/ros/galactic /usr/bin/cmake /home/shdh/enpm663_ws/src/enpm663_spring2024/first_package -DCMAKE_INSTALL_PREFIX=/home/shdh/enpm663_ws/install/first_package
[0.447s] -- The C compiler identification is GNU 10.5.0
[0.530s] -- The CXX compiler identification is GNU 10.5.0
[0.537s] -- Check for working C compiler: /usr/bin/cc
[0.608s] -- Check for working C compiler: /usr/bin/cc -- works
[0.609s] -- Detecting C compiler ABI info
[0.693s] -- Detecting C compiler ABI info - done
[0.705s] -- Detecting C compile features
[0.706s] -- Detecting C compile features - done
[0.708s] -- Check for working CXX compiler: /usr/bin/c++
[0.788s] -- Check for working CXX compiler: /usr/bin/c++ -- works
[0.789s] -- Detecting CXX compiler ABI info
[0.882s] -- Detecting CXX compiler ABI info - done
[0.895s] -- Detecting CXX compile features
[0.895s] -- Detecting CXX compile features - done
[0.898s] -- Found ament_cmake: 1.1.6 (/opt/ros/galactic/share/ament_cmake/cmake)
[0.924s] -- Found PythonInterp: /usr/bin/python3 (found suitable version "3.8.10", minimum required is "3") 
[0.925s] -- Using PYTHON_EXECUTABLE: /usr/bin/python3
[1.023s] -- Found rclcpp: 9.2.2 (/opt/ros/galactic/share/rclcpp/cmake)
[1.082s] -- Using all available rosidl_typesupport_c: rosidl_typesupport_fastrtps_c;rosidl_typesupport_introspection_c
[1.088s] -- Found rosidl_adapter: 2.2.3 (/opt/ros/galactic/share/rosidl_adapter/cmake)
[1.179s] -- Found OpenSSL: /usr/lib/x86_64-linux-gnu/libcrypto.so (found version "1.1.1f")  
[1.220s] -- Found FastRTPS: /opt/ros/galactic/include  
[1.332s] -- Using all available rosidl_typesupport_cpp: rosidl_typesupport_fastrtps_cpp;rosidl_typesupport_introspection_cpp
[1.417s] -- Found rmw_implementation_cmake: 3.3.1 (/opt/ros/galactic/share/rmw_implementation_cmake/cmake)
[1.420s] -- Found rmw_cyclonedds_cpp: 0.22.6 (/opt/ros/galactic/share/rmw_cyclonedds_cpp/cmake)
[1.447s] -- Using RMW implementation 'rmw_cyclonedds_cpp' as default
[1.450s] -- Looking for pthread.h
[1.540s] -- Looking for pthread.h - found
[1.541s] -- Performing Test CMAKE_HAVE_LIBC_PTHREAD
[1.627s] -- Performing Test CMAKE_HAVE_LIBC_PTHREAD - Failed
[1.628s] -- Looking for pthread_create in pthreads
[1.691s] -- Looking for pthread_create in pthreads - not found
[1.693s] -- Looking for pthread_create in pthread
[1.764s] -- Looking for pthread_create in pthread - found
[1.766s] -- Found Threads: TRUE  
[1.946s] -- Found rclpy: 1.9.3 (/opt/ros/galactic/share/rclpy/cmake)
[1.947s] -- Found ament_lint_auto: 0.10.7 (/opt/ros/galactic/share/ament_lint_auto/cmake)
[2.027s] -- Added test 'copyright' to check source files copyright and LICENSE
[2.031s] -- Added test 'flake8' to check Python code syntax and style conventions
[2.031s] -- Added test 'lint_cmake' to check CMake code style
[2.032s] -- Added test 'pep257' to check Python code against some of the style conventions in PEP 257
[2.034s] -- Added test 'xmllint' to check XML markup files
[2.040s] -- Configuring done
[2.043s] -- Generating done
[2.044s] -- Build files have been written to: /home/shdh/enpm663_ws/build/first_package
[2.321s] Invoked command in '/home/shdh/enpm663_ws/build/first_package' returned '0': CMAKE_PREFIX_PATH=/opt/ros/galactic /usr/bin/cmake /home/shdh/enpm663_ws/src/enpm663_spring2024/first_package -DCMAKE_INSTALL_PREFIX=/home/shdh/enpm663_ws/install/first_package
[2.323s] Invoking command in '/home/shdh/enpm663_ws/build/first_package': CMAKE_PREFIX_PATH=/opt/ros/galactic /usr/bin/cmake --build /home/shdh/enpm663_ws/build/first_package -- -j12 -l12
[2.365s] Invoked command in '/home/shdh/enpm663_ws/build/first_package' returned '0': CMAKE_PREFIX_PATH=/opt/ros/galactic /usr/bin/cmake --build /home/shdh/enpm663_ws/build/first_package -- -j12 -l12
[2.896s] Invoking command in '/home/shdh/enpm663_ws/build/first_package': CMAKE_PREFIX_PATH=/opt/ros/galactic /usr/bin/cmake --install /home/shdh/enpm663_ws/build/first_package
[2.905s] -- Install configuration: ""
[2.905s] -- Installing: /home/shdh/enpm663_ws/install/first_package/share/ament_index/resource_index/package_run_dependencies/first_package
[2.905s] -- Installing: /home/shdh/enpm663_ws/install/first_package/share/ament_index/resource_index/parent_prefix_path/first_package
[2.905s] -- Installing: /home/shdh/enpm663_ws/install/first_package/share/first_package/environment/ament_prefix_path.sh
[2.905s] -- Installing: /home/shdh/enpm663_ws/install/first_package/share/first_package/environment/ament_prefix_path.dsv
[2.905s] -- Installing: /home/shdh/enpm663_ws/install/first_package/share/first_package/environment/path.sh
[2.906s] -- Installing: /home/shdh/enpm663_ws/install/first_package/share/first_package/environment/path.dsv
[2.906s] -- Installing: /home/shdh/enpm663_ws/install/first_package/share/first_package/local_setup.bash
[2.906s] -- Installing: /home/shdh/enpm663_ws/install/first_package/share/first_package/local_setup.sh
[2.906s] -- Installing: /home/shdh/enpm663_ws/install/first_package/share/first_package/local_setup.zsh
[2.906s] -- Installing: /home/shdh/enpm663_ws/install/first_package/share/first_package/local_setup.dsv
[2.906s] -- Installing: /home/shdh/enpm663_ws/install/first_package/share/first_package/package.dsv
[2.907s] -- Installing: /home/shdh/enpm663_ws/install/first_package/share/ament_index/resource_index/packages/first_package
[2.907s] -- Installing: /home/shdh/enpm663_ws/install/first_package/share/first_package/cmake/first_packageConfig.cmake
[2.907s] -- Installing: /home/shdh/enpm663_ws/install/first_package/share/first_package/cmake/first_packageConfig-version.cmake
[2.907s] -- Installing: /home/shdh/enpm663_ws/install/first_package/share/first_package/package.xml
[2.909s] Invoked command in '/home/shdh/enpm663_ws/build/first_package' returned '0': CMAKE_PREFIX_PATH=/opt/ros/galactic /usr/bin/cmake --install /home/shdh/enpm663_ws/build/first_package
