[1.654s] Invoking command in '/home/shdh/enpm663_ws/build/ariac_sensors': CMAKE_PREFIX_PATH=/home/shdh/enpm663_ws/install/ariac_msgs:/home/shdh/enpm663_ws/install/test_competitor:/home/shdh/enpm663_ws/install/first_package:/home/shdh/enpm663_ws/install/ariac_sensors:/home/shdh/enpm663_ws/install/ariac_plugins:/home/shdh/enpm663_ws/install/ariac_human:/home/shdh/enpm663_ws/install/ariac_moveit_config:/home/shdh/enpm663_ws/install/ariac_gazebo:/home/shdh/enpm663_ws/install/ariac_description:/home/shdh/enpm663_ws/install/exercise3:/home/shdh/enpm663_ws/install/exercise2:/home/shdh/enpm663_ws/install/exercise1:/home/shdh/enpm663_ws/install/ariac_gui:/opt/ros/galactic LD_LIBRARY_PATH=/home/shdh/enpm663_ws/install/ariac_msgs/lib:/home/shdh/enpm663_ws/install/test_competitor/lib:/home/shdh/enpm663_ws/install/ariac_sensors/lib:/home/shdh/enpm663_ws/install/ariac_plugins/lib:/usr/lib/x86_64-linux-gnu/gazebo-11/plugins:/opt/ros/galactic/opt/yaml_cpp_vendor/lib:/opt/ros/galactic/opt/rviz_ogre_vendor/lib:/opt/ros/galactic/lib/x86_64-linux-gnu:/opt/ros/galactic/lib PYTHONPATH=/home/shdh/enpm663_ws/install/ariac_msgs/lib/python3.8/site-packages:/home/shdh/enpm663_ws/install/first_package/lib/python3.8/site-packages:/home/shdh/enpm663_ws/install/exercise3/lib/python3.8/site-packages:/home/shdh/enpm663_ws/install/exercise2/lib/python3.8/site-packages:/home/shdh/enpm663_ws/install/exercise1/lib/python3.8/site-packages:/home/shdh/enpm663_ws/install/ariac_human/lib/python3.8/site-packages:/home/shdh/enpm663_ws/install/ariac_gui/lib/python3.8/site-packages:/home/shdh/enpm663_ws/install/ariac_moveit_config/lib/python3.8/site-packages:/home/shdh/enpm663_ws/install/ariac_gazebo/lib/python3.8/site-packages:/opt/ros/galactic/lib/python3.8/site-packages /usr/bin/cmake --build /home/shdh/enpm663_ws/build/ariac_sensors -- -j12 -l12
[1.807s] [ 20%] Built target AriacLogicalCameraPlugin
[1.808s] [ 40%] Built target AriacRayPlugin
[1.816s] [ 60%] Built target AGVTraySensorPlugin
[1.832s] [ 80%] Built target AriacCameraPlugin
[1.836s] [100%] Built target AssemblyStationSensorPlugin
[1.862s] Invoked command in '/home/shdh/enpm663_ws/build/ariac_sensors' returned '0': CMAKE_PREFIX_PATH=/home/shdh/enpm663_ws/install/ariac_msgs:/home/shdh/enpm663_ws/install/test_competitor:/home/shdh/enpm663_ws/install/first_package:/home/shdh/enpm663_ws/install/ariac_sensors:/home/shdh/enpm663_ws/install/ariac_plugins:/home/shdh/enpm663_ws/install/ariac_human:/home/shdh/enpm663_ws/install/ariac_moveit_config:/home/shdh/enpm663_ws/install/ariac_gazebo:/home/shdh/enpm663_ws/install/ariac_description:/home/shdh/enpm663_ws/install/exercise3:/home/shdh/enpm663_ws/install/exercise2:/home/shdh/enpm663_ws/install/exercise1:/home/shdh/enpm663_ws/install/ariac_gui:/opt/ros/galactic LD_LIBRARY_PATH=/home/shdh/enpm663_ws/install/ariac_msgs/lib:/home/shdh/enpm663_ws/install/test_competitor/lib:/home/shdh/enpm663_ws/install/ariac_sensors/lib:/home/shdh/enpm663_ws/install/ariac_plugins/lib:/usr/lib/x86_64-linux-gnu/gazebo-11/plugins:/opt/ros/galactic/opt/yaml_cpp_vendor/lib:/opt/ros/galactic/opt/rviz_ogre_vendor/lib:/opt/ros/galactic/lib/x86_64-linux-gnu:/opt/ros/galactic/lib PYTHONPATH=/home/shdh/enpm663_ws/install/ariac_msgs/lib/python3.8/site-packages:/home/shdh/enpm663_ws/install/first_package/lib/python3.8/site-packages:/home/shdh/enpm663_ws/install/exercise3/lib/python3.8/site-packages:/home/shdh/enpm663_ws/install/exercise2/lib/python3.8/site-packages:/home/shdh/enpm663_ws/install/exercise1/lib/python3.8/site-packages:/home/shdh/enpm663_ws/install/ariac_human/lib/python3.8/site-packages:/home/shdh/enpm663_ws/install/ariac_gui/lib/python3.8/site-packages:/home/shdh/enpm663_ws/install/ariac_moveit_config/lib/python3.8/site-packages:/home/shdh/enpm663_ws/install/ariac_gazebo/lib/python3.8/site-packages:/opt/ros/galactic/lib/python3.8/site-packages /usr/bin/cmake --build /home/shdh/enpm663_ws/build/ariac_sensors -- -j12 -l12
[1.924s] Invoking command in '/home/shdh/enpm663_ws/build/ariac_sensors': CMAKE_PREFIX_PATH=/home/shdh/enpm663_ws/install/ariac_msgs:/home/shdh/enpm663_ws/install/test_competitor:/home/shdh/enpm663_ws/install/first_package:/home/shdh/enpm663_ws/install/ariac_sensors:/home/shdh/enpm663_ws/install/ariac_plugins:/home/shdh/enpm663_ws/install/ariac_human:/home/shdh/enpm663_ws/install/ariac_moveit_config:/home/shdh/enpm663_ws/install/ariac_gazebo:/home/shdh/enpm663_ws/install/ariac_description:/home/shdh/enpm663_ws/install/exercise3:/home/shdh/enpm663_ws/install/exercise2:/home/shdh/enpm663_ws/install/exercise1:/home/shdh/enpm663_ws/install/ariac_gui:/opt/ros/galactic LD_LIBRARY_PATH=/home/shdh/enpm663_ws/install/ariac_msgs/lib:/home/shdh/enpm663_ws/install/test_competitor/lib:/home/shdh/enpm663_ws/install/ariac_sensors/lib:/home/shdh/enpm663_ws/install/ariac_plugins/lib:/usr/lib/x86_64-linux-gnu/gazebo-11/plugins:/opt/ros/galactic/opt/yaml_cpp_vendor/lib:/opt/ros/galactic/opt/rviz_ogre_vendor/lib:/opt/ros/galactic/lib/x86_64-linux-gnu:/opt/ros/galactic/lib PYTHONPATH=/home/shdh/enpm663_ws/install/ariac_msgs/lib/python3.8/site-packages:/home/shdh/enpm663_ws/install/first_package/lib/python3.8/site-packages:/home/shdh/enpm663_ws/install/exercise3/lib/python3.8/site-packages:/home/shdh/enpm663_ws/install/exercise2/lib/python3.8/site-packages:/home/shdh/enpm663_ws/install/exercise1/lib/python3.8/site-packages:/home/shdh/enpm663_ws/install/ariac_human/lib/python3.8/site-packages:/home/shdh/enpm663_ws/install/ariac_gui/lib/python3.8/site-packages:/home/shdh/enpm663_ws/install/ariac_moveit_config/lib/python3.8/site-packages:/home/shdh/enpm663_ws/install/ariac_gazebo/lib/python3.8/site-packages:/opt/ros/galactic/lib/python3.8/site-packages /usr/bin/cmake --install /home/shdh/enpm663_ws/build/ariac_sensors
[1.935s] -- Install configuration: ""
[1.935s] -- Up-to-date: /home/shdh/enpm663_ws/install/ariac_sensors/share/ariac_sensors/environment/library_path.sh
[1.935s] -- Up-to-date: /home/shdh/enpm663_ws/install/ariac_sensors/share/ariac_sensors/environment/library_path.dsv
[1.936s] -- Up-to-date: /home/shdh/enpm663_ws/install/ariac_sensors/share/ament_index/resource_index/package_run_dependencies/ariac_sensors
[1.936s] -- Up-to-date: /home/shdh/enpm663_ws/install/ariac_sensors/share/ament_index/resource_index/parent_prefix_path/ariac_sensors
[1.936s] -- Up-to-date: /home/shdh/enpm663_ws/install/ariac_sensors/share/ariac_sensors/environment/ament_prefix_path.sh
[1.937s] -- Up-to-date: /home/shdh/enpm663_ws/install/ariac_sensors/share/ariac_sensors/environment/ament_prefix_path.dsv
[1.937s] -- Up-to-date: /home/shdh/enpm663_ws/install/ariac_sensors/share/ariac_sensors/environment/path.sh
[1.937s] -- Up-to-date: /home/shdh/enpm663_ws/install/ariac_sensors/share/ariac_sensors/environment/path.dsv
[1.937s] -- Up-to-date: /home/shdh/enpm663_ws/install/ariac_sensors/share/ariac_sensors/local_setup.bash
[1.937s] -- Up-to-date: /home/shdh/enpm663_ws/install/ariac_sensors/share/ariac_sensors/local_setup.sh
[1.938s] -- Up-to-date: /home/shdh/enpm663_ws/install/ariac_sensors/share/ariac_sensors/local_setup.zsh
[1.938s] -- Up-to-date: /home/shdh/enpm663_ws/install/ariac_sensors/share/ariac_sensors/local_setup.dsv
[1.938s] -- Installing: /home/shdh/enpm663_ws/install/ariac_sensors/share/ariac_sensors/package.dsv
[1.938s] -- Up-to-date: /home/shdh/enpm663_ws/install/ariac_sensors/share/ament_index/resource_index/packages/ariac_sensors
[1.938s] -- Up-to-date: /home/shdh/enpm663_ws/install/ariac_sensors/share/ariac_sensors/cmake/ament_cmake_export_libraries-extras.cmake
[1.939s] -- Up-to-date: /home/shdh/enpm663_ws/install/ariac_sensors/share/ariac_sensors/cmake/ariac_sensorsConfig.cmake
[1.939s] -- Up-to-date: /home/shdh/enpm663_ws/install/ariac_sensors/share/ariac_sensors/cmake/ariac_sensorsConfig-version.cmake
[1.939s] -- Up-to-date: /home/shdh/enpm663_ws/install/ariac_sensors/share/ariac_sensors/package.xml
[1.939s] -- Up-to-date: /home/shdh/enpm663_ws/install/ariac_sensors/include
[1.939s] -- Up-to-date: /home/shdh/enpm663_ws/install/ariac_sensors/include/ariac_sensors
[1.940s] -- Up-to-date: /home/shdh/enpm663_ws/install/ariac_sensors/include/ariac_sensors/assembly_station_sensor_plugin.hpp
[1.940s] -- Up-to-date: /home/shdh/enpm663_ws/install/ariac_sensors/include/ariac_sensors/ariac_logical_camera_plugin.hpp
[1.940s] -- Up-to-date: /home/shdh/enpm663_ws/install/ariac_sensors/include/ariac_sensors/ariac_camera_plugin.hpp
[1.941s] -- Up-to-date: /home/shdh/enpm663_ws/install/ariac_sensors/include/ariac_sensors/ariac_ray_plugin.hpp
[1.942s] -- Up-to-date: /home/shdh/enpm663_ws/install/ariac_sensors/include/ariac_sensors/agv_tray_sensor_plugin.hpp
[1.942s] -- Up-to-date: /home/shdh/enpm663_ws/install/ariac_sensors/lib/libAGVTraySensorPlugin.so
[1.943s] -- Up-to-date: /home/shdh/enpm663_ws/install/ariac_sensors/lib/libAssemblyStationSensorPlugin.so
[1.943s] -- Up-to-date: /home/shdh/enpm663_ws/install/ariac_sensors/lib/libAriacRayPlugin.so
[1.943s] -- Up-to-date: /home/shdh/enpm663_ws/install/ariac_sensors/lib/libAriacCameraPlugin.so
[1.943s] -- Up-to-date: /home/shdh/enpm663_ws/install/ariac_sensors/lib/libAriacLogicalCameraPlugin.so
[1.944s] -- Up-to-date: /home/shdh/enpm663_ws/install/ariac_sensors/share/ariac_sensors//models
[1.944s] -- Up-to-date: /home/shdh/enpm663_ws/install/ariac_sensors/share/ariac_sensors//models/assembly_station_sensor
[1.944s] -- Up-to-date: /home/shdh/enpm663_ws/install/ariac_sensors/share/ariac_sensors//models/assembly_station_sensor/model.sdf
[1.945s] -- Up-to-date: /home/shdh/enpm663_ws/install/ariac_sensors/share/ariac_sensors//models/assembly_station_sensor/model.config
[1.945s] -- Up-to-date: /home/shdh/enpm663_ws/install/ariac_sensors/share/ariac_sensors//models/laser_profiler
[1.945s] -- Up-to-date: /home/shdh/enpm663_ws/install/ariac_sensors/share/ariac_sensors//models/laser_profiler/model.sdf
[1.945s] -- Up-to-date: /home/shdh/enpm663_ws/install/ariac_sensors/share/ariac_sensors//models/laser_profiler/model.config
[1.946s] -- Up-to-date: /home/shdh/enpm663_ws/install/ariac_sensors/share/ariac_sensors//models/proximity
[1.947s] -- Up-to-date: /home/shdh/enpm663_ws/install/ariac_sensors/share/ariac_sensors//models/proximity/model.sdf
[1.948s] -- Up-to-date: /home/shdh/enpm663_ws/install/ariac_sensors/share/ariac_sensors//models/proximity/model.config
[1.948s] -- Up-to-date: /home/shdh/enpm663_ws/install/ariac_sensors/share/ariac_sensors//models/rgbd_camera
[1.948s] -- Up-to-date: /home/shdh/enpm663_ws/install/ariac_sensors/share/ariac_sensors//models/rgbd_camera/model.sdf
[1.949s] -- Up-to-date: /home/shdh/enpm663_ws/install/ariac_sensors/share/ariac_sensors//models/rgbd_camera/model.config
[1.949s] -- Up-to-date: /home/shdh/enpm663_ws/install/ariac_sensors/share/ariac_sensors//models/rgbd_camera/meshes
[1.949s] -- Up-to-date: /home/shdh/enpm663_ws/install/ariac_sensors/share/ariac_sensors//models/rgbd_camera/meshes/SR4000.stl
[1.949s] -- Up-to-date: /home/shdh/enpm663_ws/install/ariac_sensors/share/ariac_sensors//models/rgb_camera
[1.950s] -- Up-to-date: /home/shdh/enpm663_ws/install/ariac_sensors/share/ariac_sensors//models/rgb_camera/model.sdf
[1.950s] -- Up-to-date: /home/shdh/enpm663_ws/install/ariac_sensors/share/ariac_sensors//models/rgb_camera/model.config
[1.950s] -- Up-to-date: /home/shdh/enpm663_ws/install/ariac_sensors/share/ariac_sensors//models/rgb_camera/meshes
[1.950s] -- Up-to-date: /home/shdh/enpm663_ws/install/ariac_sensors/share/ariac_sensors//models/rgb_camera/meshes/SR4000.stl
[1.950s] -- Up-to-date: /home/shdh/enpm663_ws/install/ariac_sensors/share/ariac_sensors//models/agv_tray_sensor
[1.950s] -- Up-to-date: /home/shdh/enpm663_ws/install/ariac_sensors/share/ariac_sensors//models/agv_tray_sensor/model.sdf
[1.950s] -- Up-to-date: /home/shdh/enpm663_ws/install/ariac_sensors/share/ariac_sensors//models/agv_tray_sensor/model.config
[1.951s] -- Up-to-date: /home/shdh/enpm663_ws/install/ariac_sensors/share/ariac_sensors//models/lidar
[1.951s] -- Up-to-date: /home/shdh/enpm663_ws/install/ariac_sensors/share/ariac_sensors//models/lidar/model.sdf
[1.951s] -- Up-to-date: /home/shdh/enpm663_ws/install/ariac_sensors/share/ariac_sensors//models/lidar/model.config
[1.951s] -- Up-to-date: /home/shdh/enpm663_ws/install/ariac_sensors/share/ariac_sensors//models/lidar/meshes
[1.951s] -- Up-to-date: /home/shdh/enpm663_ws/install/ariac_sensors/share/ariac_sensors//models/lidar/meshes/SR4000.stl
[1.951s] -- Up-to-date: /home/shdh/enpm663_ws/install/ariac_sensors/share/ariac_sensors//models/advanced_logical_camera
[1.951s] -- Up-to-date: /home/shdh/enpm663_ws/install/ariac_sensors/share/ariac_sensors//models/advanced_logical_camera/materials
[1.951s] -- Up-to-date: /home/shdh/enpm663_ws/install/ariac_sensors/share/ariac_sensors//models/advanced_logical_camera/materials/textures
[1.951s] -- Up-to-date: /home/shdh/enpm663_ws/install/ariac_sensors/share/ariac_sensors//models/advanced_logical_camera/materials/textures/camera.png
[1.952s] -- Up-to-date: /home/shdh/enpm663_ws/install/ariac_sensors/share/ariac_sensors//models/advanced_logical_camera/model.sdf
[1.952s] -- Up-to-date: /home/shdh/enpm663_ws/install/ariac_sensors/share/ariac_sensors//models/advanced_logical_camera/model.config
[1.952s] -- Up-to-date: /home/shdh/enpm663_ws/install/ariac_sensors/share/ariac_sensors//models/advanced_logical_camera/meshes
[1.952s] -- Up-to-date: /home/shdh/enpm663_ws/install/ariac_sensors/share/ariac_sensors//models/advanced_logical_camera/meshes/camera.dae
[1.952s] -- Up-to-date: /home/shdh/enpm663_ws/install/ariac_sensors/share/ariac_sensors//models/break_beam
[1.952s] -- Up-to-date: /home/shdh/enpm663_ws/install/ariac_sensors/share/ariac_sensors//models/break_beam/model.sdf
[1.952s] -- Up-to-date: /home/shdh/enpm663_ws/install/ariac_sensors/share/ariac_sensors//models/break_beam/model.config
[1.952s] -- Up-to-date: /home/shdh/enpm663_ws/install/ariac_sensors/share/ariac_sensors//models/break_beam/meshes
[1.953s] -- Up-to-date: /home/shdh/enpm663_ws/install/ariac_sensors/share/ariac_sensors//models/break_beam/meshes/break_beam.dae
[1.953s] -- Up-to-date: /home/shdh/enpm663_ws/install/ariac_sensors/share/ariac_sensors//models/basic_logical_camera
[1.953s] -- Up-to-date: /home/shdh/enpm663_ws/install/ariac_sensors/share/ariac_sensors//models/basic_logical_camera/materials
[1.953s] -- Up-to-date: /home/shdh/enpm663_ws/install/ariac_sensors/share/ariac_sensors//models/basic_logical_camera/materials/textures
[1.953s] -- Up-to-date: /home/shdh/enpm663_ws/install/ariac_sensors/share/ariac_sensors//models/basic_logical_camera/materials/textures/camera.png
[1.953s] -- Up-to-date: /home/shdh/enpm663_ws/install/ariac_sensors/share/ariac_sensors//models/basic_logical_camera/model.sdf
[1.953s] -- Up-to-date: /home/shdh/enpm663_ws/install/ariac_sensors/share/ariac_sensors//models/basic_logical_camera/model.config
[1.953s] -- Up-to-date: /home/shdh/enpm663_ws/install/ariac_sensors/share/ariac_sensors//models/basic_logical_camera/meshes
[1.953s] -- Up-to-date: /home/shdh/enpm663_ws/install/ariac_sensors/share/ariac_sensors//models/basic_logical_camera/meshes/camera.dae
[1.954s] Invoked command in '/home/shdh/enpm663_ws/build/ariac_sensors' returned '0': CMAKE_PREFIX_PATH=/home/shdh/enpm663_ws/install/ariac_msgs:/home/shdh/enpm663_ws/install/test_competitor:/home/shdh/enpm663_ws/install/first_package:/home/shdh/enpm663_ws/install/ariac_sensors:/home/shdh/enpm663_ws/install/ariac_plugins:/home/shdh/enpm663_ws/install/ariac_human:/home/shdh/enpm663_ws/install/ariac_moveit_config:/home/shdh/enpm663_ws/install/ariac_gazebo:/home/shdh/enpm663_ws/install/ariac_description:/home/shdh/enpm663_ws/install/exercise3:/home/shdh/enpm663_ws/install/exercise2:/home/shdh/enpm663_ws/install/exercise1:/home/shdh/enpm663_ws/install/ariac_gui:/opt/ros/galactic LD_LIBRARY_PATH=/home/shdh/enpm663_ws/install/ariac_msgs/lib:/home/shdh/enpm663_ws/install/test_competitor/lib:/home/shdh/enpm663_ws/install/ariac_sensors/lib:/home/shdh/enpm663_ws/install/ariac_plugins/lib:/usr/lib/x86_64-linux-gnu/gazebo-11/plugins:/opt/ros/galactic/opt/yaml_cpp_vendor/lib:/opt/ros/galactic/opt/rviz_ogre_vendor/lib:/opt/ros/galactic/lib/x86_64-linux-gnu:/opt/ros/galactic/lib PYTHONPATH=/home/shdh/enpm663_ws/install/ariac_msgs/lib/python3.8/site-packages:/home/shdh/enpm663_ws/install/first_package/lib/python3.8/site-packages:/home/shdh/enpm663_ws/install/exercise3/lib/python3.8/site-packages:/home/shdh/enpm663_ws/install/exercise2/lib/python3.8/site-packages:/home/shdh/enpm663_ws/install/exercise1/lib/python3.8/site-packages:/home/shdh/enpm663_ws/install/ariac_human/lib/python3.8/site-packages:/home/shdh/enpm663_ws/install/ariac_gui/lib/python3.8/site-packages:/home/shdh/enpm663_ws/install/ariac_moveit_config/lib/python3.8/site-packages:/home/shdh/enpm663_ws/install/ariac_gazebo/lib/python3.8/site-packages:/opt/ros/galactic/lib/python3.8/site-packages /usr/bin/cmake --install /home/shdh/enpm663_ws/build/ariac_sensors
