[4.073s] Invoking command in '/home/shdh/enpm663_ws/src/ariac/ariac_gui': CMAKE_PREFIX_PATH=/home/shdh/enpm663_ws/install/ariac_msgs:/home/shdh/enpm663_ws/install/test_competitor:/home/shdh/enpm663_ws/install/first_package:/home/shdh/enpm663_ws/install/ariac_sensors:/home/shdh/enpm663_ws/install/ariac_plugins:/home/shdh/enpm663_ws/install/ariac_human:/home/shdh/enpm663_ws/install/ariac_moveit_config:/home/shdh/enpm663_ws/install/ariac_gazebo:/home/shdh/enpm663_ws/install/ariac_description LD_LIBRARY_PATH=/home/shdh/enpm663_ws/install/ariac_msgs/lib:/home/shdh/enpm663_ws/install/test_competitor/lib:/home/shdh/enpm663_ws/install/ariac_sensors/lib:/home/shdh/enpm663_ws/install/ariac_plugins/lib:/usr/lib/x86_64-linux-gnu/gazebo-11/plugins:/opt/ros/galactic/opt/yaml_cpp_vendor/lib:/opt/ros/galactic/opt/rviz_ogre_vendor/lib:/opt/ros/galactic/lib/x86_64-linux-gnu:/opt/ros/galactic/lib PYTHONPATH=/home/shdh/enpm663_ws/build/ariac_gui/prefix_override:/home/shdh/enpm663_ws/install/ariac_gui/lib/python3.8/site-packages:/home/shdh/enpm663_ws/install/ariac_msgs/lib/python3.8/site-packages:/home/shdh/enpm663_ws/install/first_package/lib/python3.8/site-packages:/home/shdh/enpm663_ws/install/exercise3/lib/python3.8/site-packages:/home/shdh/enpm663_ws/install/exercise2/lib/python3.8/site-packages:/home/shdh/enpm663_ws/install/exercise1/lib/python3.8/site-packages:/home/shdh/enpm663_ws/install/ariac_human/lib/python3.8/site-packages:/home/shdh/enpm663_ws/install/ariac_gui/lib/python3.8/site-packages:/home/shdh/enpm663_ws/install/ariac_moveit_config/lib/python3.8/site-packages:/home/shdh/enpm663_ws/install/ariac_gazebo/lib/python3.8/site-packages:/opt/ros/galactic/lib/python3.8/site-packages /usr/bin/python3 setup.py egg_info --egg-base ../../../build/ariac_gui build --build-base /home/shdh/enpm663_ws/build/ariac_gui/build install --record /home/shdh/enpm663_ws/build/ariac_gui/install.log --single-version-externally-managed
[4.401s] running egg_info
[4.402s] writing ../../../build/ariac_gui/ariac_gui.egg-info/PKG-INFO
[4.402s] writing dependency_links to ../../../build/ariac_gui/ariac_gui.egg-info/dependency_links.txt
[4.403s] writing entry points to ../../../build/ariac_gui/ariac_gui.egg-info/entry_points.txt
[4.403s] writing requirements to ../../../build/ariac_gui/ariac_gui.egg-info/requires.txt
[4.403s] writing top-level names to ../../../build/ariac_gui/ariac_gui.egg-info/top_level.txt
[4.445s] reading manifest file '../../../build/ariac_gui/ariac_gui.egg-info/SOURCES.txt'
[4.446s] writing manifest file '../../../build/ariac_gui/ariac_gui.egg-info/SOURCES.txt'
[4.446s] running build
[4.446s] running build_py
[4.447s] running install
[4.448s] running install_lib
[4.449s] running install_data
[4.450s] running install_egg_info
[4.452s] removing '/home/shdh/enpm663_ws/install/ariac_gui/lib/python3.8/site-packages/ariac_gui-0.0.0-py3.8.egg-info' (and everything under it)
[4.452s] Copying ../../../build/ariac_gui/ariac_gui.egg-info to /home/shdh/enpm663_ws/install/ariac_gui/lib/python3.8/site-packages/ariac_gui-0.0.0-py3.8.egg-info
[4.453s] running install_scripts
[4.469s] Installing gui script to /home/shdh/enpm663_ws/install/ariac_gui/lib/ariac_gui
[4.470s] Installing zeid_gui script to /home/shdh/enpm663_ws/install/ariac_gui/lib/ariac_gui
[4.470s] writing list of installed files to '/home/shdh/enpm663_ws/build/ariac_gui/install.log'
[5.321s] Invoked command in '/home/shdh/enpm663_ws/src/ariac/ariac_gui' returned '0': CMAKE_PREFIX_PATH=/home/shdh/enpm663_ws/install/ariac_msgs:/home/shdh/enpm663_ws/install/test_competitor:/home/shdh/enpm663_ws/install/first_package:/home/shdh/enpm663_ws/install/ariac_sensors:/home/shdh/enpm663_ws/install/ariac_plugins:/home/shdh/enpm663_ws/install/ariac_human:/home/shdh/enpm663_ws/install/ariac_moveit_config:/home/shdh/enpm663_ws/install/ariac_gazebo:/home/shdh/enpm663_ws/install/ariac_description LD_LIBRARY_PATH=/home/shdh/enpm663_ws/install/ariac_msgs/lib:/home/shdh/enpm663_ws/install/test_competitor/lib:/home/shdh/enpm663_ws/install/ariac_sensors/lib:/home/shdh/enpm663_ws/install/ariac_plugins/lib:/usr/lib/x86_64-linux-gnu/gazebo-11/plugins:/opt/ros/galactic/opt/yaml_cpp_vendor/lib:/opt/ros/galactic/opt/rviz_ogre_vendor/lib:/opt/ros/galactic/lib/x86_64-linux-gnu:/opt/ros/galactic/lib PYTHONPATH=/home/shdh/enpm663_ws/build/ariac_gui/prefix_override:/home/shdh/enpm663_ws/install/ariac_gui/lib/python3.8/site-packages:/home/shdh/enpm663_ws/install/ariac_msgs/lib/python3.8/site-packages:/home/shdh/enpm663_ws/install/first_package/lib/python3.8/site-packages:/home/shdh/enpm663_ws/install/exercise3/lib/python3.8/site-packages:/home/shdh/enpm663_ws/install/exercise2/lib/python3.8/site-packages:/home/shdh/enpm663_ws/install/exercise1/lib/python3.8/site-packages:/home/shdh/enpm663_ws/install/ariac_human/lib/python3.8/site-packages:/home/shdh/enpm663_ws/install/ariac_gui/lib/python3.8/site-packages:/home/shdh/enpm663_ws/install/ariac_moveit_config/lib/python3.8/site-packages:/home/shdh/enpm663_ws/install/ariac_gazebo/lib/python3.8/site-packages:/opt/ros/galactic/lib/python3.8/site-packages /usr/bin/python3 setup.py egg_info --egg-base ../../../build/ariac_gui build --build-base /home/shdh/enpm663_ws/build/ariac_gui/build install --record /home/shdh/enpm663_ws/build/ariac_gui/install.log --single-version-externally-managed
