[5.489s] Invoking command in '/home/shdh/enpm663_ws/src/rwa1_sharma/exercise2': PYTHONPATH=/home/shdh/enpm663_ws/build/exercise2/prefix_override:/home/shdh/enpm663_ws/install/exercise2/lib/python3.8/site-packages:${PYTHONPATH} /usr/bin/python3 setup.py egg_info --egg-base ../../../build/exercise2 build --build-base /home/shdh/enpm663_ws/build/exercise2/build install --record /home/shdh/enpm663_ws/build/exercise2/install.log --single-version-externally-managed
[6.195s] running egg_info
[6.196s] writing ../../../build/exercise2/exercise2.egg-info/PKG-INFO
[6.196s] writing dependency_links to ../../../build/exercise2/exercise2.egg-info/dependency_links.txt
[6.196s] writing entry points to ../../../build/exercise2/exercise2.egg-info/entry_points.txt
[6.196s] writing requirements to ../../../build/exercise2/exercise2.egg-info/requires.txt
[6.196s] writing top-level names to ../../../build/exercise2/exercise2.egg-info/top_level.txt
[6.196s] reading manifest file '../../../build/exercise2/exercise2.egg-info/SOURCES.txt'
[6.196s] writing manifest file '../../../build/exercise2/exercise2.egg-info/SOURCES.txt'
[6.196s] running build
[6.196s] running build_py
[6.197s] copying exercise2/ex2_interface.py -> /home/shdh/enpm663_ws/build/exercise2/build/lib/exercise2
[6.197s] copying exercise2/ex2_demo.py -> /home/shdh/enpm663_ws/build/exercise2/build/lib/exercise2
[6.197s] running install
[6.197s] running install_lib
[6.197s] copying /home/shdh/enpm663_ws/build/exercise2/build/lib/exercise2/ex2_interface.py -> /home/shdh/enpm663_ws/install/exercise2/lib/python3.8/site-packages/exercise2
[6.197s] copying /home/shdh/enpm663_ws/build/exercise2/build/lib/exercise2/ex2_demo.py -> /home/shdh/enpm663_ws/install/exercise2/lib/python3.8/site-packages/exercise2
[6.197s] byte-compiling /home/shdh/enpm663_ws/install/exercise2/lib/python3.8/site-packages/exercise2/ex2_interface.py to ex2_interface.cpython-38.pyc
[6.198s] byte-compiling /home/shdh/enpm663_ws/install/exercise2/lib/python3.8/site-packages/exercise2/ex2_demo.py to ex2_demo.cpython-38.pyc
[6.198s] running install_data
[6.198s] copying package.xml -> /home/shdh/enpm663_ws/install/exercise2/share/exercise2
[6.198s] running install_egg_info
[6.198s] removing '/home/shdh/enpm663_ws/install/exercise2/lib/python3.8/site-packages/exercise2-0.0.0-py3.8.egg-info' (and everything under it)
[6.198s] Copying ../../../build/exercise2/exercise2.egg-info to /home/shdh/enpm663_ws/install/exercise2/lib/python3.8/site-packages/exercise2-0.0.0-py3.8.egg-info
[6.198s] running install_scripts
[6.198s] Installing ex2_demo script to /home/shdh/enpm663_ws/install/exercise2/lib/exercise2
[6.198s] writing list of installed files to '/home/shdh/enpm663_ws/build/exercise2/install.log'
[7.684s] Invoked command in '/home/shdh/enpm663_ws/src/rwa1_sharma/exercise2' returned '0': PYTHONPATH=/home/shdh/enpm663_ws/build/exercise2/prefix_override:/home/shdh/enpm663_ws/install/exercise2/lib/python3.8/site-packages:${PYTHONPATH} /usr/bin/python3 setup.py egg_info --egg-base ../../../build/exercise2 build --build-base /home/shdh/enpm663_ws/build/exercise2/build install --record /home/shdh/enpm663_ws/build/exercise2/install.log --single-version-externally-managed
