[4.998s] Invoking command in '/home/shdh/enpm663_ws/src/rwa1_sharma/exercise2': PYTHONPATH=/home/shdh/enpm663_ws/build/exercise2/prefix_override:/home/shdh/enpm663_ws/install/exercise2/lib/python3.8/site-packages:${PYTHONPATH} /usr/bin/python3 setup.py egg_info --egg-base ../../../build/exercise2 build --build-base /home/shdh/enpm663_ws/build/exercise2/build install --record /home/shdh/enpm663_ws/build/exercise2/install.log --single-version-externally-managed
[5.355s] running egg_info
[5.358s] writing ../../../build/exercise2/exercise2.egg-info/PKG-INFO
[5.358s] writing dependency_links to ../../../build/exercise2/exercise2.egg-info/dependency_links.txt
[5.358s] writing entry points to ../../../build/exercise2/exercise2.egg-info/entry_points.txt
[5.358s] writing requirements to ../../../build/exercise2/exercise2.egg-info/requires.txt
[5.358s] writing top-level names to ../../../build/exercise2/exercise2.egg-info/top_level.txt
[5.406s] reading manifest file '../../../build/exercise2/exercise2.egg-info/SOURCES.txt'
[5.408s] writing manifest file '../../../build/exercise2/exercise2.egg-info/SOURCES.txt'
[5.411s] running build
[5.412s] running build_py
[5.412s] copying exercise2/ex2_interface.py -> /home/shdh/enpm663_ws/build/exercise2/build/lib/exercise2
[5.413s] copying exercise2/ex2_demo.py -> /home/shdh/enpm663_ws/build/exercise2/build/lib/exercise2
[5.413s] running install
[5.414s] running install_lib
[5.415s] copying /home/shdh/enpm663_ws/build/exercise2/build/lib/exercise2/ex2_interface.py -> /home/shdh/enpm663_ws/install/exercise2/lib/python3.8/site-packages/exercise2
[5.415s] copying /home/shdh/enpm663_ws/build/exercise2/build/lib/exercise2/ex2_demo.py -> /home/shdh/enpm663_ws/install/exercise2/lib/python3.8/site-packages/exercise2
[5.416s] byte-compiling /home/shdh/enpm663_ws/install/exercise2/lib/python3.8/site-packages/exercise2/ex2_interface.py to ex2_interface.cpython-38.pyc
[5.416s] byte-compiling /home/shdh/enpm663_ws/install/exercise2/lib/python3.8/site-packages/exercise2/ex2_demo.py to ex2_demo.cpython-38.pyc
[5.417s] running install_data
[5.419s] running install_egg_info
[5.420s] removing '/home/shdh/enpm663_ws/install/exercise2/lib/python3.8/site-packages/exercise2-0.0.0-py3.8.egg-info' (and everything under it)
[5.421s] Copying ../../../build/exercise2/exercise2.egg-info to /home/shdh/enpm663_ws/install/exercise2/lib/python3.8/site-packages/exercise2-0.0.0-py3.8.egg-info
[5.421s] running install_scripts
[5.441s] Installing ex2_demo script to /home/shdh/enpm663_ws/install/exercise2/lib/exercise2
[5.442s] writing list of installed files to '/home/shdh/enpm663_ws/build/exercise2/install.log'
[7.227s] Invoked command in '/home/shdh/enpm663_ws/src/rwa1_sharma/exercise2' returned '0': PYTHONPATH=/home/shdh/enpm663_ws/build/exercise2/prefix_override:/home/shdh/enpm663_ws/install/exercise2/lib/python3.8/site-packages:${PYTHONPATH} /usr/bin/python3 setup.py egg_info --egg-base ../../../build/exercise2 build --build-base /home/shdh/enpm663_ws/build/exercise2/build install --record /home/shdh/enpm663_ws/build/exercise2/install.log --single-version-externally-managed
