[5.425s] Invoking command in '/home/shdh/enpm663_ws/src/rwa1_sharma/exercise1': PYTHONPATH=/home/shdh/enpm663_ws/build/exercise1/prefix_override:/home/shdh/enpm663_ws/install/exercise1/lib/python3.8/site-packages:${PYTHONPATH} /usr/bin/python3 setup.py egg_info --egg-base ../../../build/exercise1 build --build-base /home/shdh/enpm663_ws/build/exercise1/build install --record /home/shdh/enpm663_ws/build/exercise1/install.log --single-version-externally-managed
[5.769s] running egg_info
[5.771s] writing ../../../build/exercise1/exercise1.egg-info/PKG-INFO
[5.772s] writing dependency_links to ../../../build/exercise1/exercise1.egg-info/dependency_links.txt
[5.773s] writing entry points to ../../../build/exercise1/exercise1.egg-info/entry_points.txt
[5.773s] writing requirements to ../../../build/exercise1/exercise1.egg-info/requires.txt
[5.774s] writing top-level names to ../../../build/exercise1/exercise1.egg-info/top_level.txt
[5.833s] reading manifest file '../../../build/exercise1/exercise1.egg-info/SOURCES.txt'
[5.834s] writing manifest file '../../../build/exercise1/exercise1.egg-info/SOURCES.txt'
[5.835s] running build
[5.836s] running build_py
[5.837s] running install
[5.838s] running install_lib
[5.840s] running install_data
[5.840s] running install_egg_info
[5.845s] removing '/home/shdh/enpm663_ws/install/exercise1/lib/python3.8/site-packages/exercise1-0.0.0-py3.8.egg-info' (and everything under it)
[5.847s] Copying ../../../build/exercise1/exercise1.egg-info to /home/shdh/enpm663_ws/install/exercise1/lib/python3.8/site-packages/exercise1-0.0.0-py3.8.egg-info
[5.853s] running install_scripts
[5.870s] Installing ex1_demo script to /home/shdh/enpm663_ws/install/exercise1/lib/exercise1
[5.873s] writing list of installed files to '/home/shdh/enpm663_ws/build/exercise1/install.log'
[7.167s] Invoked command in '/home/shdh/enpm663_ws/src/rwa1_sharma/exercise1' returned '0': PYTHONPATH=/home/shdh/enpm663_ws/build/exercise1/prefix_override:/home/shdh/enpm663_ws/install/exercise1/lib/python3.8/site-packages:${PYTHONPATH} /usr/bin/python3 setup.py egg_info --egg-base ../../../build/exercise1 build --build-base /home/shdh/enpm663_ws/build/exercise1/build install --record /home/shdh/enpm663_ws/build/exercise1/install.log --single-version-externally-managed
