[6.126s] Invoking command in '/home/shdh/enpm663_ws/src/rwa1_sharma/exercise2': PYTHONPATH=/home/shdh/enpm663_ws/build/exercise2/prefix_override:/home/shdh/enpm663_ws/install/exercise2/lib/python3.8/site-packages:${PYTHONPATH} /usr/bin/python3 setup.py egg_info --egg-base ../../../build/exercise2 build --build-base /home/shdh/enpm663_ws/build/exercise2/build install --record /home/shdh/enpm663_ws/build/exercise2/install.log --single-version-externally-managed
[6.416s] running egg_info
[6.417s] writing ../../../build/exercise2/exercise2.egg-info/PKG-INFO
[6.417s] writing dependency_links to ../../../build/exercise2/exercise2.egg-info/dependency_links.txt
[6.418s] writing entry points to ../../../build/exercise2/exercise2.egg-info/entry_points.txt
[6.419s] writing requirements to ../../../build/exercise2/exercise2.egg-info/requires.txt
[6.419s] writing top-level names to ../../../build/exercise2/exercise2.egg-info/top_level.txt
[6.456s] reading manifest file '../../../build/exercise2/exercise2.egg-info/SOURCES.txt'
[6.460s] writing manifest file '../../../build/exercise2/exercise2.egg-info/SOURCES.txt'
[6.460s] running build
[6.461s] running build_py
[6.462s] running install
[6.462s] running install_lib
[6.463s] running install_data
[6.463s] running install_egg_info
[6.466s] removing '/home/shdh/enpm663_ws/install/exercise2/lib/python3.8/site-packages/exercise2-0.0.0-py3.8.egg-info' (and everything under it)
[6.467s] Copying ../../../build/exercise2/exercise2.egg-info to /home/shdh/enpm663_ws/install/exercise2/lib/python3.8/site-packages/exercise2-0.0.0-py3.8.egg-info
[6.467s] running install_scripts
[6.484s] Installing ex2_demo script to /home/shdh/enpm663_ws/install/exercise2/lib/exercise2
[6.485s] writing list of installed files to '/home/shdh/enpm663_ws/build/exercise2/install.log'
[8.758s] Invoked command in '/home/shdh/enpm663_ws/src/rwa1_sharma/exercise2' returned '0': PYTHONPATH=/home/shdh/enpm663_ws/build/exercise2/prefix_override:/home/shdh/enpm663_ws/install/exercise2/lib/python3.8/site-packages:${PYTHONPATH} /usr/bin/python3 setup.py egg_info --egg-base ../../../build/exercise2 build --build-base /home/shdh/enpm663_ws/build/exercise2/build install --record /home/shdh/enpm663_ws/build/exercise2/install.log --single-version-externally-managed
