Built target ament_cmake_python_copy_ariac_gazebo
Built target ament_cmake_python_copy_ariac_gazebo_setup
running egg_info
writing ariac_gazebo.egg-info/PKG-INFO
writing dependency_links to ariac_gazebo.egg-info/dependency_links.txt
writing entry points to ariac_gazebo.egg-info/entry_points.txt
writing top-level names to ariac_gazebo.egg-info/top_level.txt
reading manifest file 'ariac_gazebo.egg-info/SOURCES.txt'
writing manifest file 'ariac_gazebo.egg-info/SOURCES.txt'
running install_scripts
Built target ament_cmake_python_build_ariac_gazebo_egg
running egg_info
writing ariac_gazebo.egg-info/PKG-INFO
writing dependency_links to ariac_gazebo.egg-info/dependency_links.txt
writing entry points to ariac_gazebo.egg-info/entry_points.txt
writing top-level names to ariac_gazebo.egg-info/top_level.txt
reading manifest file 'ariac_gazebo.egg-info/SOURCES.txt'
writing manifest file 'ariac_gazebo.egg-info/SOURCES.txt'
Installing spawner script to scripts
Built target ament_cmake_python_build_ariac_gazebo_scripts
-- Install configuration: ""
-- Up-to-date: /home/shdh/enpm663_ws/install/ariac_gazebo/share/ariac_gazebo/config
-- Up-to-date: /home/shdh/enpm663_ws/install/ariac_gazebo/share/ariac_gazebo/config/ariac.rviz
-- Up-to-date: /home/shdh/enpm663_ws/install/ariac_gazebo/share/ariac_gazebo/config/object_poses.yaml
-- Up-to-date: /home/shdh/enpm663_ws/install/ariac_gazebo/share/ariac_gazebo/config/trials
-- Up-to-date: /home/shdh/enpm663_ws/install/ariac_gazebo/share/ariac_gazebo/config/trials/human_assembly.yaml
-- Up-to-date: /home/shdh/enpm663_ws/install/ariac_gazebo/share/ariac_gazebo/config/trials/faulty_gripper_sample.yaml
-- Up-to-date: /home/shdh/enpm663_ws/install/ariac_gazebo/share/ariac_gazebo/config/trials/combined.yaml
-- Up-to-date: /home/shdh/enpm663_ws/install/ariac_gazebo/share/ariac_gazebo/config/trials/sample.yaml
-- Up-to-date: /home/shdh/enpm663_ws/install/ariac_gazebo/share/ariac_gazebo/config/trials/kitting.yaml
-- Up-to-date: /home/shdh/enpm663_ws/install/ariac_gazebo/share/ariac_gazebo/config/trials/drop_challenge.yaml
-- Up-to-date: /home/shdh/enpm663_ws/install/ariac_gazebo/share/ariac_gazebo/config/trials/tutorial.yaml
-- Up-to-date: /home/shdh/enpm663_ws/install/ariac_gazebo/share/ariac_gazebo/config/trials/assembly.yaml
-- Up-to-date: /home/shdh/enpm663_ws/install/ariac_gazebo/share/ariac_gazebo/config/trials/kitting_assembly.yaml
-- Up-to-date: /home/shdh/enpm663_ws/install/ariac_gazebo/share/ariac_gazebo/config/trials/human_kitting.yaml
-- Up-to-date: /home/shdh/enpm663_ws/install/ariac_gazebo/share/ariac_gazebo/config/trials/kitting_combined.yaml
-- Up-to-date: /home/shdh/enpm663_ws/install/ariac_gazebo/share/ariac_gazebo/launch
-- Up-to-date: /home/shdh/enpm663_ws/install/ariac_gazebo/share/ariac_gazebo/launch/ariac.launch.py
-- Up-to-date: /home/shdh/enpm663_ws/install/ariac_gazebo/share/ariac_gazebo/models
-- Up-to-date: /home/shdh/enpm663_ws/install/ariac_gazebo/share/ariac_gazebo/models/floor
-- Up-to-date: /home/shdh/enpm663_ws/install/ariac_gazebo/share/ariac_gazebo/models/floor/model.sdf
-- Up-to-date: /home/shdh/enpm663_ws/install/ariac_gazebo/share/ariac_gazebo/models/floor/model.config
-- Up-to-date: /home/shdh/enpm663_ws/install/ariac_gazebo/share/ariac_gazebo/models/floor/meshes
-- Up-to-date: /home/shdh/enpm663_ws/install/ariac_gazebo/share/ariac_gazebo/models/floor/meshes/floor.dae
-- Up-to-date: /home/shdh/enpm663_ws/install/ariac_gazebo/share/ariac_gazebo/models/floor/meshes/Suede_Blue.jpg
-- Up-to-date: /home/shdh/enpm663_ws/install/ariac_gazebo/share/ariac_gazebo/models/open_box_ariac
-- Up-to-date: /home/shdh/enpm663_ws/install/ariac_gazebo/share/ariac_gazebo/models/open_box_ariac/materials
-- Up-to-date: /home/shdh/enpm663_ws/install/ariac_gazebo/share/ariac_gazebo/models/open_box_ariac/materials/textures
-- Up-to-date: /home/shdh/enpm663_ws/install/ariac_gazebo/share/ariac_gazebo/models/open_box_ariac/materials/textures/open_box.png
-- Up-to-date: /home/shdh/enpm663_ws/install/ariac_gazebo/share/ariac_gazebo/models/open_box_ariac/model.sdf
-- Up-to-date: /home/shdh/enpm663_ws/install/ariac_gazebo/share/ariac_gazebo/models/open_box_ariac/model.config
-- Up-to-date: /home/shdh/enpm663_ws/install/ariac_gazebo/share/ariac_gazebo/models/open_box_ariac/meshes
-- Up-to-date: /home/shdh/enpm663_ws/install/ariac_gazebo/share/ariac_gazebo/models/open_box_ariac/meshes/open_box.mtl
-- Up-to-date: /home/shdh/enpm663_ws/install/ariac_gazebo/share/ariac_gazebo/models/computer
-- Up-to-date: /home/shdh/enpm663_ws/install/ariac_gazebo/share/ariac_gazebo/models/computer/model.sdf
-- Up-to-date: /home/shdh/enpm663_ws/install/ariac_gazebo/share/ariac_gazebo/models/computer/model.config
-- Up-to-date: /home/shdh/enpm663_ws/install/ariac_gazebo/share/ariac_gazebo/models/computer/meshes
-- Up-to-date: /home/shdh/enpm663_ws/install/ariac_gazebo/share/ariac_gazebo/models/computer/meshes/AM200_035_03_Diffuse.jpg
-- Up-to-date: /home/shdh/enpm663_ws/install/ariac_gazebo/share/ariac_gazebo/models/computer/meshes/computer.dae
-- Up-to-date: /home/shdh/enpm663_ws/install/ariac_gazebo/share/ariac_gazebo/models/computer/meshes/AM200_035_05_Diffuse.jpg
-- Up-to-date: /home/shdh/enpm663_ws/install/ariac_gazebo/share/ariac_gazebo/models/computer/meshes/AM200_035_04_Diffuse.jpg
-- Up-to-date: /home/shdh/enpm663_ws/install/ariac_gazebo/share/ariac_gazebo/models/computer/meshes/AM200_035_06_Diffuse.jpg
-- Up-to-date: /home/shdh/enpm663_ws/install/ariac_gazebo/share/ariac_gazebo/models/factory_shelf
-- Up-to-date: /home/shdh/enpm663_ws/install/ariac_gazebo/share/ariac_gazebo/models/factory_shelf/model.sdf
-- Up-to-date: /home/shdh/enpm663_ws/install/ariac_gazebo/share/ariac_gazebo/models/factory_shelf/model.config
-- Up-to-date: /home/shdh/enpm663_ws/install/ariac_gazebo/share/ariac_gazebo/models/factory_shelf/meshes
-- Up-to-date: /home/shdh/enpm663_ws/install/ariac_gazebo/share/ariac_gazebo/models/factory_shelf/meshes/factory_shelf.dae
-- Up-to-date: /home/shdh/enpm663_ws/install/ariac_gazebo/share/ariac_gazebo/models/factory_shelf/meshes/AM200_026_02_Diffuse.jpg
-- Up-to-date: /home/shdh/enpm663_ws/install/ariac_gazebo/share/ariac_gazebo/models/factory_shelf/meshes/AM200_026_03_Diffuse.jpg
-- Up-to-date: /home/shdh/enpm663_ws/install/ariac_gazebo/share/ariac_gazebo/models/factory_shelf/meshes/AM200_026_01_Diffuse.jpg
-- Up-to-date: /home/shdh/enpm663_ws/install/ariac_gazebo/share/ariac_gazebo/models/factory_shelf/meshes/AM200_026_04_Diffuse.jpg
-- Up-to-date: /home/shdh/enpm663_ws/install/ariac_gazebo/share/ariac_gazebo/models/box_pallets_3
-- Up-to-date: /home/shdh/enpm663_ws/install/ariac_gazebo/share/ariac_gazebo/models/box_pallets_3/model.sdf
-- Up-to-date: /home/shdh/enpm663_ws/install/ariac_gazebo/share/ariac_gazebo/models/box_pallets_3/model.config
-- Up-to-date: /home/shdh/enpm663_ws/install/ariac_gazebo/share/ariac_gazebo/models/box_pallets_3/meshes
-- Up-to-date: /home/shdh/enpm663_ws/install/ariac_gazebo/share/ariac_gazebo/models/box_pallets_3/meshes/AM200_029_08_Diffuse.jpg
-- Up-to-date: /home/shdh/enpm663_ws/install/ariac_gazebo/share/ariac_gazebo/models/box_pallets_3/meshes/box_pallet.dae
-- Up-to-date: /home/shdh/enpm663_ws/install/ariac_gazebo/share/ariac_gazebo/models/box_pallets_3/meshes/AM200_029_03_Diffuse.jpg
-- Up-to-date: /home/shdh/enpm663_ws/install/ariac_gazebo/share/ariac_gazebo/models/box_pallets_3/meshes/AM200_029_01_Diffuse.jpg
-- Up-to-date: /home/shdh/enpm663_ws/install/ariac_gazebo/share/ariac_gazebo/models/box_pallets_3/meshes/AM200_029_04_Diffuse.jpg
-- Up-to-date: /home/shdh/enpm663_ws/install/ariac_gazebo/share/ariac_gazebo/models/conveyor_belt
-- Up-to-date: /home/shdh/enpm663_ws/install/ariac_gazebo/share/ariac_gazebo/models/conveyor_belt/model.sdf
-- Up-to-date: /home/shdh/enpm663_ws/install/ariac_gazebo/share/ariac_gazebo/models/conveyor_belt/model.config
-- Up-to-date: /home/shdh/enpm663_ws/install/ariac_gazebo/share/ariac_gazebo/models/conveyor_belt/meshes
-- Up-to-date: /home/shdh/enpm663_ws/install/ariac_gazebo/share/ariac_gazebo/models/conveyor_belt/meshes/TilesPlain0213_1_S.jpg
-- Up-to-date: /home/shdh/enpm663_ws/install/ariac_gazebo/share/ariac_gazebo/models/conveyor_belt/meshes/conveyor.dae
-- Up-to-date: /home/shdh/enpm663_ws/install/ariac_gazebo/share/ariac_gazebo/models/conveyor_belt/meshes/HighVoltage.jpg.001.jpg
-- Up-to-date: /home/shdh/enpm663_ws/install/ariac_gazebo/share/ariac_gazebo/models/conveyor_belt/meshes/compressedAirWarning.png
-- Up-to-date: /home/shdh/enpm663_ws/install/ariac_gazebo/share/ariac_gazebo/models/conveyor_belt/meshes/conveyor.stl
-- Up-to-date: /home/shdh/enpm663_ws/install/ariac_gazebo/share/ariac_gazebo/models/conveyor_belt/meshes/MetalBareSpecularMap.png
-- Up-to-date: /home/shdh/enpm663_ws/install/ariac_gazebo/share/ariac_gazebo/models/conveyor_belt/meshes/conveyor_nobase.dae
-- Up-to-date: /home/shdh/enpm663_ws/install/ariac_gazebo/share/ariac_gazebo/models/dropped_part_bin
-- Up-to-date: /home/shdh/enpm663_ws/install/ariac_gazebo/share/ariac_gazebo/models/dropped_part_bin/model.sdf
-- Up-to-date: /home/shdh/enpm663_ws/install/ariac_gazebo/share/ariac_gazebo/models/dropped_part_bin/model.config
-- Up-to-date: /home/shdh/enpm663_ws/install/ariac_gazebo/share/ariac_gazebo/models/dropped_part_bin/meshes
-- Up-to-date: /home/shdh/enpm663_ws/install/ariac_gazebo/share/ariac_gazebo/models/dropped_part_bin/meshes/disposal_bin.stl
-- Up-to-date: /home/shdh/enpm663_ws/install/ariac_gazebo/share/ariac_gazebo/models/agv_path
-- Up-to-date: /home/shdh/enpm663_ws/install/ariac_gazebo/share/ariac_gazebo/models/agv_path/model.sdf
-- Up-to-date: /home/shdh/enpm663_ws/install/ariac_gazebo/share/ariac_gazebo/models/agv_path/model.config
-- Up-to-date: /home/shdh/enpm663_ws/install/ariac_gazebo/share/ariac_gazebo/models/agv_path/meshes
-- Up-to-date: /home/shdh/enpm663_ws/install/ariac_gazebo/share/ariac_gazebo/models/agv_path/meshes/path.dae
-- Up-to-date: /home/shdh/enpm663_ws/install/ariac_gazebo/share/ariac_gazebo/models/agv_path/meshes/__auto_.png
-- Up-to-date: /home/shdh/enpm663_ws/install/ariac_gazebo/share/ariac_gazebo/models/parts_bin
-- Up-to-date: /home/shdh/enpm663_ws/install/ariac_gazebo/share/ariac_gazebo/models/parts_bin/model.sdf
-- Up-to-date: /home/shdh/enpm663_ws/install/ariac_gazebo/share/ariac_gazebo/models/parts_bin/model.config
-- Up-to-date: /home/shdh/enpm663_ws/install/ariac_gazebo/share/ariac_gazebo/models/parts_bin/meshes
-- Up-to-date: /home/shdh/enpm663_ws/install/ariac_gazebo/share/ariac_gazebo/models/parts_bin/meshes/bin_exterior.stl
-- Up-to-date: /home/shdh/enpm663_ws/install/ariac_gazebo/share/ariac_gazebo/models/parts_bin/meshes/bin_exterior.dae
-- Up-to-date: /home/shdh/enpm663_ws/install/ariac_gazebo/share/ariac_gazebo/models/parts_bin/meshes/Metal_Rough.jpg.001.jpg
-- Up-to-date: /home/shdh/enpm663_ws/install/ariac_gazebo/share/ariac_gazebo/models/parts_bin/meshes/Steel_Brushed_Stainless.jpg.001.jpg
-- Up-to-date: /home/shdh/enpm663_ws/install/ariac_gazebo/share/ariac_gazebo/models/parts_bin/meshes/bin_interior.stl
-- Up-to-date: /home/shdh/enpm663_ws/install/ariac_gazebo/share/ariac_gazebo/models/box_pallets_2
-- Up-to-date: /home/shdh/enpm663_ws/install/ariac_gazebo/share/ariac_gazebo/models/box_pallets_2/model.sdf
-- Up-to-date: /home/shdh/enpm663_ws/install/ariac_gazebo/share/ariac_gazebo/models/box_pallets_2/model.config
-- Up-to-date: /home/shdh/enpm663_ws/install/ariac_gazebo/share/ariac_gazebo/models/box_pallets_2/meshes
-- Up-to-date: /home/shdh/enpm663_ws/install/ariac_gazebo/share/ariac_gazebo/models/box_pallets_2/meshes/box_pallet.dae
-- Up-to-date: /home/shdh/enpm663_ws/install/ariac_gazebo/share/ariac_gazebo/models/box_pallets_2/meshes/AM200_029_05_Diffuse.jpg
-- Up-to-date: /home/shdh/enpm663_ws/install/ariac_gazebo/share/ariac_gazebo/models/box_pallets_2/meshes/AM200_029_06_Diffuse.jpg
-- Up-to-date: /home/shdh/enpm663_ws/install/ariac_gazebo/share/ariac_gazebo/models/box_pallets_2/meshes/AM200_029_01_Diffuse.jpg
-- Up-to-date: /home/shdh/enpm663_ws/install/ariac_gazebo/share/ariac_gazebo/models/warehouse
-- Up-to-date: /home/shdh/enpm663_ws/install/ariac_gazebo/share/ariac_gazebo/models/warehouse/model.sdf
-- Up-to-date: /home/shdh/enpm663_ws/install/ariac_gazebo/share/ariac_gazebo/models/warehouse/model.config
-- Up-to-date: /home/shdh/enpm663_ws/install/ariac_gazebo/share/ariac_gazebo/models/warehouse/meshes
-- Up-to-date: /home/shdh/enpm663_ws/install/ariac_gazebo/share/ariac_gazebo/models/warehouse/meshes/warehouse.dae
-- Up-to-date: /home/shdh/enpm663_ws/install/ariac_gazebo/share/ariac_gazebo/models/warehouse/meshes/Brick_Tumbled.jpg
-- Up-to-date: /home/shdh/enpm663_ws/install/ariac_gazebo/share/ariac_gazebo/models/warehouse/meshes/roof.stl
-- Up-to-date: /home/shdh/enpm663_ws/install/ariac_gazebo/share/ariac_gazebo/models/warehouse/meshes/tape.stl
-- Up-to-date: /home/shdh/enpm663_ws/install/ariac_gazebo/share/ariac_gazebo/models/workcell_shelf
-- Up-to-date: /home/shdh/enpm663_ws/install/ariac_gazebo/share/ariac_gazebo/models/workcell_shelf/model.sdf
-- Up-to-date: /home/shdh/enpm663_ws/install/ariac_gazebo/share/ariac_gazebo/models/workcell_shelf/model.config
-- Up-to-date: /home/shdh/enpm663_ws/install/ariac_gazebo/share/ariac_gazebo/models/workcell_shelf/meshes
-- Up-to-date: /home/shdh/enpm663_ws/install/ariac_gazebo/share/ariac_gazebo/models/workcell_shelf/meshes/shelf.dae
-- Up-to-date: /home/shdh/enpm663_ws/install/ariac_gazebo/share/ariac_gazebo/models/kit_tray_table
-- Up-to-date: /home/shdh/enpm663_ws/install/ariac_gazebo/share/ariac_gazebo/models/kit_tray_table/model.sdf
-- Up-to-date: /home/shdh/enpm663_ws/install/ariac_gazebo/share/ariac_gazebo/models/kit_tray_table/model.config
-- Up-to-date: /home/shdh/enpm663_ws/install/ariac_gazebo/share/ariac_gazebo/models/kit_tray_table/meshes
-- Up-to-date: /home/shdh/enpm663_ws/install/ariac_gazebo/share/ariac_gazebo/models/kit_tray_table/meshes/kit_tray_table.dae
-- Up-to-date: /home/shdh/enpm663_ws/install/ariac_gazebo/share/ariac_gazebo/models/kit_tray_table/meshes/tool_changer_2.stl
-- Up-to-date: /home/shdh/enpm663_ws/install/ariac_gazebo/share/ariac_gazebo/models/kit_tray_table/meshes/tool_changer_1.stl
-- Up-to-date: /home/shdh/enpm663_ws/install/ariac_gazebo/share/ariac_gazebo/models/kit_tray_table/meshes/table_collision.stl
-- Up-to-date: /home/shdh/enpm663_ws/install/ariac_gazebo/share/ariac_gazebo/models/kit_tray_table/meshes/kit_tray_table.stl
-- Up-to-date: /home/shdh/enpm663_ws/install/ariac_gazebo/share/ariac_gazebo/models/kit_tray_table/meshes/Metal_Rough.jpg
-- Up-to-date: /home/shdh/enpm663_ws/install/ariac_gazebo/share/ariac_gazebo/models/human
-- Up-to-date: /home/shdh/enpm663_ws/install/ariac_gazebo/share/ariac_gazebo/models/human/materials
-- Up-to-date: /home/shdh/enpm663_ws/install/ariac_gazebo/share/ariac_gazebo/models/human/materials/textures
-- Up-to-date: /home/shdh/enpm663_ws/install/ariac_gazebo/share/ariac_gazebo/models/human/materials/textures/ariac_LOGO.png
-- Up-to-date: /home/shdh/enpm663_ws/install/ariac_gazebo/share/ariac_gazebo/models/human/materials/textures/bob.png
-- Up-to-date: /home/shdh/enpm663_ws/install/ariac_gazebo/share/ariac_gazebo/models/human/materials/textures/nist-logo.png
-- Up-to-date: /home/shdh/enpm663_ws/install/ariac_gazebo/share/ariac_gazebo/models/human/model.sdf
-- Up-to-date: /home/shdh/enpm663_ws/install/ariac_gazebo/share/ariac_gazebo/models/human/model.config
-- Up-to-date: /home/shdh/enpm663_ws/install/ariac_gazebo/share/ariac_gazebo/models/human/meshes
-- Up-to-date: /home/shdh/enpm663_ws/install/ariac_gazebo/share/ariac_gazebo/models/human/meshes/lds.dae
-- Up-to-date: /home/shdh/enpm663_ws/install/ariac_gazebo/share/ariac_gazebo/models/human/meshes/tire.dae
-- Up-to-date: /home/shdh/enpm663_ws/install/ariac_gazebo/share/ariac_gazebo/models/human/meshes/waffle_base.dae
-- Up-to-date: /home/shdh/enpm663_ws/install/ariac_gazebo/share/ariac_gazebo/models/human/meshes/ARIACPerson.dae
-- Up-to-date: /home/shdh/enpm663_ws/install/ariac_gazebo/share/ariac_gazebo/models/sensor
-- Up-to-date: /home/shdh/enpm663_ws/install/ariac_gazebo/share/ariac_gazebo/models/sensor/model.sdf
-- Up-to-date: /home/shdh/enpm663_ws/install/ariac_gazebo/share/ariac_gazebo/models/sensor/model.config
-- Up-to-date: /home/shdh/enpm663_ws/install/ariac_gazebo/share/ariac_gazebo/models/sensor/meshes
-- Up-to-date: /home/shdh/enpm663_ws/install/ariac_gazebo/share/ariac_gazebo/models/sensor/meshes/sensor_collision.stl
-- Up-to-date: /home/shdh/enpm663_ws/install/ariac_gazebo/share/ariac_gazebo/models/sensor/meshes/sensor_peg.stl
-- Up-to-date: /home/shdh/enpm663_ws/install/ariac_gazebo/share/ariac_gazebo/models/sensor/meshes/sensor_base.stl
-- Up-to-date: /home/shdh/enpm663_ws/install/ariac_gazebo/share/ariac_gazebo/models/battery
-- Up-to-date: /home/shdh/enpm663_ws/install/ariac_gazebo/share/ariac_gazebo/models/battery/model.sdf
-- Up-to-date: /home/shdh/enpm663_ws/install/ariac_gazebo/share/ariac_gazebo/models/battery/model.config
-- Up-to-date: /home/shdh/enpm663_ws/install/ariac_gazebo/share/ariac_gazebo/models/battery/meshes
-- Up-to-date: /home/shdh/enpm663_ws/install/ariac_gazebo/share/ariac_gazebo/models/battery/meshes/battery_cap.stl
-- Up-to-date: /home/shdh/enpm663_ws/install/ariac_gazebo/share/ariac_gazebo/models/battery/meshes/battery_collision.stl
-- Up-to-date: /home/shdh/enpm663_ws/install/ariac_gazebo/share/ariac_gazebo/models/battery/meshes/battery_pins.stl
-- Up-to-date: /home/shdh/enpm663_ws/install/ariac_gazebo/share/ariac_gazebo/models/battery/meshes/battery_base.stl
-- Up-to-date: /home/shdh/enpm663_ws/install/ariac_gazebo/share/ariac_gazebo/models/assembly_table
-- Up-to-date: /home/shdh/enpm663_ws/install/ariac_gazebo/share/ariac_gazebo/models/assembly_table/model.sdf
-- Up-to-date: /home/shdh/enpm663_ws/install/ariac_gazebo/share/ariac_gazebo/models/assembly_table/model.config
-- Up-to-date: /home/shdh/enpm663_ws/install/ariac_gazebo/share/ariac_gazebo/models/assembly_table/meshes
-- Up-to-date: /home/shdh/enpm663_ws/install/ariac_gazebo/share/ariac_gazebo/models/assembly_table/meshes/tape_outline.stl
-- Up-to-date: /home/shdh/enpm663_ws/install/ariac_gazebo/share/ariac_gazebo/models/assembly_table/meshes/leg4.stl
-- Up-to-date: /home/shdh/enpm663_ws/install/ariac_gazebo/share/ariac_gazebo/models/assembly_table/meshes/assembly_table_collision.stl
-- Up-to-date: /home/shdh/enpm663_ws/install/ariac_gazebo/share/ariac_gazebo/models/assembly_table/meshes/table_top.stl
-- Up-to-date: /home/shdh/enpm663_ws/install/ariac_gazebo/share/ariac_gazebo/models/assembly_table/meshes/leg3.stl
-- Up-to-date: /home/shdh/enpm663_ws/install/ariac_gazebo/share/ariac_gazebo/models/assembly_table/meshes/leg2.stl
-- Up-to-date: /home/shdh/enpm663_ws/install/ariac_gazebo/share/ariac_gazebo/models/assembly_table/meshes/leg1.stl
-- Up-to-date: /home/shdh/enpm663_ws/install/ariac_gazebo/share/ariac_gazebo/models/computer_2
-- Up-to-date: /home/shdh/enpm663_ws/install/ariac_gazebo/share/ariac_gazebo/models/computer_2/model.sdf
-- Up-to-date: /home/shdh/enpm663_ws/install/ariac_gazebo/share/ariac_gazebo/models/computer_2/model.config
-- Up-to-date: /home/shdh/enpm663_ws/install/ariac_gazebo/share/ariac_gazebo/models/computer_2/meshes
-- Up-to-date: /home/shdh/enpm663_ws/install/ariac_gazebo/share/ariac_gazebo/models/computer_2/meshes/AM200_035_02_Diffuse.jpg
-- Up-to-date: /home/shdh/enpm663_ws/install/ariac_gazebo/share/ariac_gazebo/models/computer_2/meshes/AM200_035_03_Diffuse.jpg
-- Up-to-date: /home/shdh/enpm663_ws/install/ariac_gazebo/share/ariac_gazebo/models/computer_2/meshes/computer.dae
-- Up-to-date: /home/shdh/enpm663_ws/install/ariac_gazebo/share/ariac_gazebo/models/computer_2/meshes/AM200_035_01_Diffuse.jpg
-- Up-to-date: /home/shdh/enpm663_ws/install/ariac_gazebo/share/ariac_gazebo/models/regulator
-- Up-to-date: /home/shdh/enpm663_ws/install/ariac_gazebo/share/ariac_gazebo/models/regulator/model.sdf
-- Up-to-date: /home/shdh/enpm663_ws/install/ariac_gazebo/share/ariac_gazebo/models/regulator/model.config
-- Up-to-date: /home/shdh/enpm663_ws/install/ariac_gazebo/share/ariac_gazebo/models/regulator/meshes
-- Up-to-date: /home/shdh/enpm663_ws/install/ariac_gazebo/share/ariac_gazebo/models/regulator/meshes/regulator_base.stl
-- Up-to-date: /home/shdh/enpm663_ws/install/ariac_gazebo/share/ariac_gazebo/models/regulator/meshes/regulator_collision.stl
-- Up-to-date: /home/shdh/enpm663_ws/install/ariac_gazebo/share/ariac_gazebo/models/regulator/meshes/regulator_long_peg.stl
-- Up-to-date: /home/shdh/enpm663_ws/install/ariac_gazebo/share/ariac_gazebo/models/regulator/meshes/regulator_short_peg.stl
-- Up-to-date: /home/shdh/enpm663_ws/install/ariac_gazebo/share/ariac_gazebo/models/box_pallets
-- Up-to-date: /home/shdh/enpm663_ws/install/ariac_gazebo/share/ariac_gazebo/models/box_pallets/model.sdf
-- Up-to-date: /home/shdh/enpm663_ws/install/ariac_gazebo/share/ariac_gazebo/models/box_pallets/model.config
-- Up-to-date: /home/shdh/enpm663_ws/install/ariac_gazebo/share/ariac_gazebo/models/box_pallets/meshes
-- Up-to-date: /home/shdh/enpm663_ws/install/ariac_gazebo/share/ariac_gazebo/models/box_pallets/meshes/AM200_029_07_Diffuse.jpg
-- Up-to-date: /home/shdh/enpm663_ws/install/ariac_gazebo/share/ariac_gazebo/models/box_pallets/meshes/box_pallet.dae
-- Up-to-date: /home/shdh/enpm663_ws/install/ariac_gazebo/share/ariac_gazebo/models/box_pallets/meshes/AM200_029_02_Diffuse.jpg
-- Up-to-date: /home/shdh/enpm663_ws/install/ariac_gazebo/share/ariac_gazebo/models/box_pallets/meshes/AM200_029_01_Diffuse.jpg
-- Up-to-date: /home/shdh/enpm663_ws/install/ariac_gazebo/share/ariac_gazebo/models/cage_factory
-- Up-to-date: /home/shdh/enpm663_ws/install/ariac_gazebo/share/ariac_gazebo/models/cage_factory/model.sdf
-- Up-to-date: /home/shdh/enpm663_ws/install/ariac_gazebo/share/ariac_gazebo/models/cage_factory/model.config
-- Up-to-date: /home/shdh/enpm663_ws/install/ariac_gazebo/share/ariac_gazebo/models/cage_factory/meshes
-- Up-to-date: /home/shdh/enpm663_ws/install/ariac_gazebo/share/ariac_gazebo/models/cage_factory/meshes/AM200_025_09_Diffuse.jpg
-- Up-to-date: /home/shdh/enpm663_ws/install/ariac_gazebo/share/ariac_gazebo/models/cage_factory/meshes/AM200_025_06_Diffuse.jpg
-- Up-to-date: /home/shdh/enpm663_ws/install/ariac_gazebo/share/ariac_gazebo/models/cage_factory/meshes/AM200_025_04_Diffuse.jpg
-- Up-to-date: /home/shdh/enpm663_ws/install/ariac_gazebo/share/ariac_gazebo/models/cage_factory/meshes/cage.dae
-- Up-to-date: /home/shdh/enpm663_ws/install/ariac_gazebo/share/ariac_gazebo/models/cage_factory/meshes/AM200_025_01_Diffuse.jpg
-- Up-to-date: /home/shdh/enpm663_ws/install/ariac_gazebo/share/ariac_gazebo/models/cage_factory/meshes/AM200_025_02_Diffuse.jpg
-- Up-to-date: /home/shdh/enpm663_ws/install/ariac_gazebo/share/ariac_gazebo/models/cage_factory/meshes/AM200_025_07_Diffuse.jpg
-- Up-to-date: /home/shdh/enpm663_ws/install/ariac_gazebo/share/ariac_gazebo/models/pump
-- Up-to-date: /home/shdh/enpm663_ws/install/ariac_gazebo/share/ariac_gazebo/models/pump/model.sdf
-- Up-to-date: /home/shdh/enpm663_ws/install/ariac_gazebo/share/ariac_gazebo/models/pump/model.config
-- Up-to-date: /home/shdh/enpm663_ws/install/ariac_gazebo/share/ariac_gazebo/models/pump/meshes
-- Up-to-date: /home/shdh/enpm663_ws/install/ariac_gazebo/share/ariac_gazebo/models/pump/meshes/pump_top_pane.stl
-- Up-to-date: /home/shdh/enpm663_ws/install/ariac_gazebo/share/ariac_gazebo/models/pump/meshes/pump_front_pane.stl
-- Up-to-date: /home/shdh/enpm663_ws/install/ariac_gazebo/share/ariac_gazebo/models/pump/meshes/pump_right_pane.stl
-- Up-to-date: /home/shdh/enpm663_ws/install/ariac_gazebo/share/ariac_gazebo/models/pump/meshes/pump_left_pane.stl
-- Up-to-date: /home/shdh/enpm663_ws/install/ariac_gazebo/share/ariac_gazebo/models/pump/meshes/pump_bottom_pane.stl
-- Up-to-date: /home/shdh/enpm663_ws/install/ariac_gazebo/share/ariac_gazebo/models/pump/meshes/pump_back_pane.stl
-- Up-to-date: /home/shdh/enpm663_ws/install/ariac_gazebo/share/ariac_gazebo/models/pump/meshes/pump_base.stl
-- Up-to-date: /home/shdh/enpm663_ws/install/ariac_gazebo/share/ariac_gazebo/models/pump/meshes/pump_collision.stl
-- Up-to-date: /home/shdh/enpm663_ws/install/ariac_gazebo/share/ariac_gazebo/models/pump/meshes/pump_enclosure.stl
-- Up-to-date: /home/shdh/enpm663_ws/install/ariac_gazebo/share/ariac_gazebo/models/kit_tray
-- Up-to-date: /home/shdh/enpm663_ws/install/ariac_gazebo/share/ariac_gazebo/models/kit_tray/model.sdf
-- Up-to-date: /home/shdh/enpm663_ws/install/ariac_gazebo/share/ariac_gazebo/models/kit_tray/model.config
-- Up-to-date: /home/shdh/enpm663_ws/install/ariac_gazebo/share/ariac_gazebo/models/kit_tray/meshes
-- Up-to-date: /home/shdh/enpm663_ws/install/ariac_gazebo/share/ariac_gazebo/models/kit_tray/meshes/tray_collision.stl
-- Up-to-date: /home/shdh/enpm663_ws/install/ariac_gazebo/share/ariac_gazebo/models/kit_tray/meshes/tape.stl
-- Up-to-date: /home/shdh/enpm663_ws/install/ariac_gazebo/share/ariac_gazebo/models/kit_tray/meshes/tray_base.stl
-- Up-to-date: /home/shdh/enpm663_ws/install/ariac_gazebo/share/ariac_gazebo/models/kit_tray/meshes/markers
-- Up-to-date: /home/shdh/enpm663_ws/install/ariac_gazebo/share/ariac_gazebo/models/kit_tray/meshes/markers/id_04.png
-- Up-to-date: /home/shdh/enpm663_ws/install/ariac_gazebo/share/ariac_gazebo/models/kit_tray/meshes/markers/marker_09.dae
-- Up-to-date: /home/shdh/enpm663_ws/install/ariac_gazebo/share/ariac_gazebo/models/kit_tray/meshes/markers/id_06.png
-- Up-to-date: /home/shdh/enpm663_ws/install/ariac_gazebo/share/ariac_gazebo/models/kit_tray/meshes/markers/marker_03.dae
-- Up-to-date: /home/shdh/enpm663_ws/install/ariac_gazebo/share/ariac_gazebo/models/kit_tray/meshes/markers/id_09.png
-- Up-to-date: /home/shdh/enpm663_ws/install/ariac_gazebo/share/ariac_gazebo/models/kit_tray/meshes/markers/marker_06.dae
-- Up-to-date: /home/shdh/enpm663_ws/install/ariac_gazebo/share/ariac_gazebo/models/kit_tray/meshes/markers/marker_02.dae
-- Up-to-date: /home/shdh/enpm663_ws/install/ariac_gazebo/share/ariac_gazebo/models/kit_tray/meshes/markers/marker_01.dae
-- Up-to-date: /home/shdh/enpm663_ws/install/ariac_gazebo/share/ariac_gazebo/models/kit_tray/meshes/markers/id_07.png
-- Up-to-date: /home/shdh/enpm663_ws/install/ariac_gazebo/share/ariac_gazebo/models/kit_tray/meshes/markers/marker_05.dae
-- Up-to-date: /home/shdh/enpm663_ws/install/ariac_gazebo/share/ariac_gazebo/models/kit_tray/meshes/markers/id_05.png
-- Up-to-date: /home/shdh/enpm663_ws/install/ariac_gazebo/share/ariac_gazebo/models/kit_tray/meshes/markers/id_08.png
-- Up-to-date: /home/shdh/enpm663_ws/install/ariac_gazebo/share/ariac_gazebo/models/kit_tray/meshes/markers/marker_04.dae
-- Up-to-date: /home/shdh/enpm663_ws/install/ariac_gazebo/share/ariac_gazebo/models/kit_tray/meshes/markers/marker_08.dae
-- Up-to-date: /home/shdh/enpm663_ws/install/ariac_gazebo/share/ariac_gazebo/models/kit_tray/meshes/markers/marker_07.dae
-- Up-to-date: /home/shdh/enpm663_ws/install/ariac_gazebo/share/ariac_gazebo/models/kit_tray/meshes/markers/id_00.png
-- Up-to-date: /home/shdh/enpm663_ws/install/ariac_gazebo/share/ariac_gazebo/models/kit_tray/meshes/markers/marker_00.dae
-- Up-to-date: /home/shdh/enpm663_ws/install/ariac_gazebo/share/ariac_gazebo/models/kit_tray/meshes/markers/id_02.png
-- Up-to-date: /home/shdh/enpm663_ws/install/ariac_gazebo/share/ariac_gazebo/models/kit_tray/meshes/markers/id_03.png
-- Up-to-date: /home/shdh/enpm663_ws/install/ariac_gazebo/share/ariac_gazebo/models/kit_tray/meshes/markers/id_01.png
-- Up-to-date: /home/shdh/enpm663_ws/install/ariac_gazebo/share/ariac_gazebo/models/assembly_insert
-- Up-to-date: /home/shdh/enpm663_ws/install/ariac_gazebo/share/ariac_gazebo/models/assembly_insert/model.sdf
-- Up-to-date: /home/shdh/enpm663_ws/install/ariac_gazebo/share/ariac_gazebo/models/assembly_insert/model.config
-- Up-to-date: /home/shdh/enpm663_ws/install/ariac_gazebo/share/ariac_gazebo/models/assembly_insert/meshes
-- Up-to-date: /home/shdh/enpm663_ws/install/ariac_gazebo/share/ariac_gazebo/models/assembly_insert/meshes/pump_contact.stl
-- Up-to-date: /home/shdh/enpm663_ws/install/ariac_gazebo/share/ariac_gazebo/models/assembly_insert/meshes/battery_contact.stl
-- Up-to-date: /home/shdh/enpm663_ws/install/ariac_gazebo/share/ariac_gazebo/models/assembly_insert/meshes/insert_base.stl
-- Up-to-date: /home/shdh/enpm663_ws/install/ariac_gazebo/share/ariac_gazebo/models/assembly_insert/meshes/regulator_contact.stl
-- Up-to-date: /home/shdh/enpm663_ws/install/ariac_gazebo/share/ariac_gazebo/models/assembly_insert/meshes/insert_collision.stl
-- Up-to-date: /home/shdh/enpm663_ws/install/ariac_gazebo/share/ariac_gazebo/models/assembly_insert/meshes/hardware.stl
-- Up-to-date: /home/shdh/enpm663_ws/install/ariac_gazebo/share/ariac_gazebo/models/assembly_insert/meshes/screen.stl
-- Up-to-date: /home/shdh/enpm663_ws/install/ariac_gazebo/share/ariac_gazebo/models/assembly_insert/meshes/mounts.stl
-- Up-to-date: /home/shdh/enpm663_ws/install/ariac_gazebo/share/ariac_gazebo/models/assembly_insert/meshes/pipe_1.stl
-- Up-to-date: /home/shdh/enpm663_ws/install/ariac_gazebo/share/ariac_gazebo/models/assembly_insert/meshes/sensor_contact.stl
-- Up-to-date: /home/shdh/enpm663_ws/install/ariac_gazebo/share/ariac_gazebo/models/assembly_insert/meshes/pipe_2.stl
-- Up-to-date: /home/shdh/enpm663_ws/install/ariac_gazebo/share/ariac_gazebo/models/disposal_bin
-- Up-to-date: /home/shdh/enpm663_ws/install/ariac_gazebo/share/ariac_gazebo/models/disposal_bin/model.sdf
-- Up-to-date: /home/shdh/enpm663_ws/install/ariac_gazebo/share/ariac_gazebo/models/disposal_bin/model.config
-- Up-to-date: /home/shdh/enpm663_ws/install/ariac_gazebo/share/ariac_gazebo/models/disposal_bin/meshes
-- Up-to-date: /home/shdh/enpm663_ws/install/ariac_gazebo/share/ariac_gazebo/models/disposal_bin/meshes/disposal_bin.stl
-- Up-to-date: /home/shdh/enpm663_ws/install/ariac_gazebo/share/ariac_gazebo/worlds
-- Up-to-date: /home/shdh/enpm663_ws/install/ariac_gazebo/share/ariac_gazebo/worlds/ariac.world
-- Up-to-date: /home/shdh/enpm663_ws/install/ariac_gazebo/share/ariac_gazebo/environment/pythonpath.sh
-- Up-to-date: /home/shdh/enpm663_ws/install/ariac_gazebo/share/ariac_gazebo/environment/pythonpath.dsv
-- Up-to-date: /home/shdh/enpm663_ws/install/ariac_gazebo/lib/python3.8/site-packages//ariac_gazebo.egg-info
-- Installing: /home/shdh/enpm663_ws/install/ariac_gazebo/lib/python3.8/site-packages//ariac_gazebo.egg-info/PKG-INFO
-- Installing: /home/shdh/enpm663_ws/install/ariac_gazebo/lib/python3.8/site-packages//ariac_gazebo.egg-info/entry_points.txt
-- Installing: /home/shdh/enpm663_ws/install/ariac_gazebo/lib/python3.8/site-packages//ariac_gazebo.egg-info/top_level.txt
-- Installing: /home/shdh/enpm663_ws/install/ariac_gazebo/lib/python3.8/site-packages//ariac_gazebo.egg-info/SOURCES.txt
-- Installing: /home/shdh/enpm663_ws/install/ariac_gazebo/lib/python3.8/site-packages//ariac_gazebo.egg-info/dependency_links.txt
-- Up-to-date: /home/shdh/enpm663_ws/install/ariac_gazebo/lib/ariac_gazebo/
-- Installing: /home/shdh/enpm663_ws/install/ariac_gazebo/lib/ariac_gazebo//spawner
-- Up-to-date: /home/shdh/enpm663_ws/install/ariac_gazebo/lib/python3.8/site-packages/ariac_gazebo
-- Up-to-date: /home/shdh/enpm663_ws/install/ariac_gazebo/lib/python3.8/site-packages/ariac_gazebo/__init__.py
-- Up-to-date: /home/shdh/enpm663_ws/install/ariac_gazebo/lib/python3.8/site-packages/ariac_gazebo/environment_startup.py
-- Up-to-date: /home/shdh/enpm663_ws/install/ariac_gazebo/lib/python3.8/site-packages/ariac_gazebo/tf_broadcaster.py
-- Up-to-date: /home/shdh/enpm663_ws/install/ariac_gazebo/lib/python3.8/site-packages/ariac_gazebo/tf2_geometry_msgs.py
-- Up-to-date: /home/shdh/enpm663_ws/install/ariac_gazebo/lib/python3.8/site-packages/ariac_gazebo/utilities.py
-- Up-to-date: /home/shdh/enpm663_ws/install/ariac_gazebo/lib/python3.8/site-packages/ariac_gazebo/spawn_params.py
Listing '/home/shdh/enpm663_ws/install/ariac_gazebo/lib/python3.8/site-packages/ariac_gazebo'...
-- Up-to-date: /home/shdh/enpm663_ws/install/ariac_gazebo/lib/ariac_gazebo/environment_startup_node.py
-- Up-to-date: /home/shdh/enpm663_ws/install/ariac_gazebo/lib/ariac_gazebo/robot_controller_switcher_node.py
-- Up-to-date: /home/shdh/enpm663_ws/install/ariac_gazebo/lib/ariac_gazebo/sensor_tf_broadcaster.py
-- Up-to-date: /home/shdh/enpm663_ws/install/ariac_gazebo/lib/ariac_gazebo/object_tf_broadcaster.py
-- Up-to-date: /home/shdh/enpm663_ws/install/ariac_gazebo/lib/ariac_gazebo/part_spawner.py
-- Up-to-date: /home/shdh/enpm663_ws/install/ariac_gazebo/share/ament_index/resource_index/package_run_dependencies/ariac_gazebo
-- Up-to-date: /home/shdh/enpm663_ws/install/ariac_gazebo/share/ament_index/resource_index/parent_prefix_path/ariac_gazebo
-- Up-to-date: /home/shdh/enpm663_ws/install/ariac_gazebo/share/ariac_gazebo/environment/ament_prefix_path.sh
-- Up-to-date: /home/shdh/enpm663_ws/install/ariac_gazebo/share/ariac_gazebo/environment/ament_prefix_path.dsv
-- Up-to-date: /home/shdh/enpm663_ws/install/ariac_gazebo/share/ariac_gazebo/environment/path.sh
-- Up-to-date: /home/shdh/enpm663_ws/install/ariac_gazebo/share/ariac_gazebo/environment/path.dsv
-- Up-to-date: /home/shdh/enpm663_ws/install/ariac_gazebo/share/ariac_gazebo/local_setup.bash
-- Up-to-date: /home/shdh/enpm663_ws/install/ariac_gazebo/share/ariac_gazebo/local_setup.sh
-- Up-to-date: /home/shdh/enpm663_ws/install/ariac_gazebo/share/ariac_gazebo/local_setup.zsh
-- Up-to-date: /home/shdh/enpm663_ws/install/ariac_gazebo/share/ariac_gazebo/local_setup.dsv
-- Installing: /home/shdh/enpm663_ws/install/ariac_gazebo/share/ariac_gazebo/package.dsv
-- Up-to-date: /home/shdh/enpm663_ws/install/ariac_gazebo/share/ament_index/resource_index/packages/ariac_gazebo
-- Up-to-date: /home/shdh/enpm663_ws/install/ariac_gazebo/share/ariac_gazebo/cmake/ariac_gazeboConfig.cmake
-- Up-to-date: /home/shdh/enpm663_ws/install/ariac_gazebo/share/ariac_gazebo/cmake/ariac_gazeboConfig-version.cmake
-- Up-to-date: /home/shdh/enpm663_ws/install/ariac_gazebo/share/ariac_gazebo/package.xml
