[4.786s] Invoking command in '/home/shdh/enpm663_ws/src/rwa1_sharma/exercise2': PYTHONPATH=/home/shdh/enpm663_ws/build/exercise2/prefix_override:/home/shdh/enpm663_ws/install/exercise2/lib/python3.8/site-packages:${PYTHONPATH} /usr/bin/python3 setup.py egg_info --egg-base ../../../build/exercise2 build --build-base /home/shdh/enpm663_ws/build/exercise2/build install --record /home/shdh/enpm663_ws/build/exercise2/install.log --single-version-externally-managed
[5.132s] running egg_info
[5.133s] writing ../../../build/exercise2/exercise2.egg-info/PKG-INFO
[5.134s] writing dependency_links to ../../../build/exercise2/exercise2.egg-info/dependency_links.txt
[5.135s] writing entry points to ../../../build/exercise2/exercise2.egg-info/entry_points.txt
[5.136s] writing requirements to ../../../build/exercise2/exercise2.egg-info/requires.txt
[5.136s] writing top-level names to ../../../build/exercise2/exercise2.egg-info/top_level.txt
[5.179s] reading manifest file '../../../build/exercise2/exercise2.egg-info/SOURCES.txt'
[5.179s] writing manifest file '../../../build/exercise2/exercise2.egg-info/SOURCES.txt'
[5.181s] running build
[5.181s] running build_py
[5.183s] running install
[5.184s] running install_lib
[5.189s] running install_data
[5.189s] running install_egg_info
[5.191s] removing '/home/shdh/enpm663_ws/install/exercise2/lib/python3.8/site-packages/exercise2-0.0.0-py3.8.egg-info' (and everything under it)
[5.192s] Copying ../../../build/exercise2/exercise2.egg-info to /home/shdh/enpm663_ws/install/exercise2/lib/python3.8/site-packages/exercise2-0.0.0-py3.8.egg-info
[5.192s] running install_scripts
[5.217s] Installing ex2_demo script to /home/shdh/enpm663_ws/install/exercise2/lib/exercise2
[5.218s] writing list of installed files to '/home/shdh/enpm663_ws/build/exercise2/install.log'
[6.503s] Invoked command in '/home/shdh/enpm663_ws/src/rwa1_sharma/exercise2' returned '0': PYTHONPATH=/home/shdh/enpm663_ws/build/exercise2/prefix_override:/home/shdh/enpm663_ws/install/exercise2/lib/python3.8/site-packages:${PYTHONPATH} /usr/bin/python3 setup.py egg_info --egg-base ../../../build/exercise2 build --build-base /home/shdh/enpm663_ws/build/exercise2/build install --record /home/shdh/enpm663_ws/build/exercise2/install.log --single-version-externally-managed
