[5.026s] Invoking command in '/home/shdh/enpm663_ws/src/rwa1_sharma/exercise3': PYTHONPATH=/home/shdh/enpm663_ws/build/exercise3/prefix_override:/home/shdh/enpm663_ws/install/exercise3/lib/python3.8/site-packages:${PYTHONPATH} /usr/bin/python3 setup.py egg_info --egg-base ../../../build/exercise3 build --build-base /home/shdh/enpm663_ws/build/exercise3/build install --record /home/shdh/enpm663_ws/build/exercise3/install.log --single-version-externally-managed
[5.678s] running egg_info
[5.678s] writing ../../../build/exercise3/exercise3.egg-info/PKG-INFO
[5.678s] writing dependency_links to ../../../build/exercise3/exercise3.egg-info/dependency_links.txt
[5.678s] writing entry points to ../../../build/exercise3/exercise3.egg-info/entry_points.txt
[5.678s] writing requirements to ../../../build/exercise3/exercise3.egg-info/requires.txt
[5.678s] writing top-level names to ../../../build/exercise3/exercise3.egg-info/top_level.txt
[5.679s] reading manifest file '../../../build/exercise3/exercise3.egg-info/SOURCES.txt'
[5.679s] writing manifest file '../../../build/exercise3/exercise3.egg-info/SOURCES.txt'
[5.679s] running build
[5.679s] running build_py
[5.679s] running install
[5.679s] running install_lib
[5.679s] running install_data
[5.679s] running install_egg_info
[5.679s] removing '/home/shdh/enpm663_ws/install/exercise3/lib/python3.8/site-packages/exercise3-0.0.0-py3.8.egg-info' (and everything under it)
[5.680s] Copying ../../../build/exercise3/exercise3.egg-info to /home/shdh/enpm663_ws/install/exercise3/lib/python3.8/site-packages/exercise3-0.0.0-py3.8.egg-info
[5.680s] running install_scripts
[5.680s] writing list of installed files to '/home/shdh/enpm663_ws/build/exercise3/install.log'
[6.491s] Invoked command in '/home/shdh/enpm663_ws/src/rwa1_sharma/exercise3' returned '0': PYTHONPATH=/home/shdh/enpm663_ws/build/exercise3/prefix_override:/home/shdh/enpm663_ws/install/exercise3/lib/python3.8/site-packages:${PYTHONPATH} /usr/bin/python3 setup.py egg_info --egg-base ../../../build/exercise3 build --build-base /home/shdh/enpm663_ws/build/exercise3/build install --record /home/shdh/enpm663_ws/build/exercise3/install.log --single-version-externally-managed
