[3.301s] Invoking command in '/home/shdh/enpm663_ws/build/ariac_gazebo': CMAKE_PREFIX_PATH=${CMAKE_PREFIX_PATH}:/home/shdh/enpm663_ws/install/exercise3:/home/shdh/enpm663_ws/install/exercise2:/home/shdh/enpm663_ws/install/exercise1:/home/shdh/enpm663_ws/install/ariac_gui:/opt/ros/galactic /usr/bin/cmake --build /home/shdh/enpm663_ws/build/ariac_gazebo -- -j12 -l12
[5.635s] Built target ament_cmake_python_copy_ariac_gazebo_setup
[5.636s] Built target ament_cmake_python_copy_ariac_gazebo
[5.636s] running install_scripts
[5.636s] running egg_info
[5.637s] writing ariac_gazebo.egg-info/PKG-INFO
[5.638s] writing dependency_links to ariac_gazebo.egg-info/dependency_links.txt
[5.639s] writing entry points to ariac_gazebo.egg-info/entry_points.txt
[5.640s] writing top-level names to ariac_gazebo.egg-info/top_level.txt
[5.640s] running egg_info
[5.640s] writing ariac_gazebo.egg-info/PKG-INFO
[5.640s] writing dependency_links to ariac_gazebo.egg-info/dependency_links.txt
[5.641s] writing entry points to ariac_gazebo.egg-info/entry_points.txt
[5.641s] writing top-level names to ariac_gazebo.egg-info/top_level.txt
[5.641s] reading manifest file 'ariac_gazebo.egg-info/SOURCES.txt'
[5.641s] writing manifest file 'ariac_gazebo.egg-info/SOURCES.txt'
[5.641s] Installing spawner script to scripts
[5.642s] reading manifest file 'ariac_gazebo.egg-info/SOURCES.txt'
[5.642s] writing manifest file 'ariac_gazebo.egg-info/SOURCES.txt'
[5.642s] Built target ament_cmake_python_build_ariac_gazebo_scripts
[5.642s] Built target ament_cmake_python_build_ariac_gazebo_egg
[5.656s] Invoked command in '/home/shdh/enpm663_ws/build/ariac_gazebo' returned '0': CMAKE_PREFIX_PATH=${CMAKE_PREFIX_PATH}:/home/shdh/enpm663_ws/install/exercise3:/home/shdh/enpm663_ws/install/exercise2:/home/shdh/enpm663_ws/install/exercise1:/home/shdh/enpm663_ws/install/ariac_gui:/opt/ros/galactic /usr/bin/cmake --build /home/shdh/enpm663_ws/build/ariac_gazebo -- -j12 -l12
[5.737s] Invoking command in '/home/shdh/enpm663_ws/build/ariac_gazebo': CMAKE_PREFIX_PATH=${CMAKE_PREFIX_PATH}:/home/shdh/enpm663_ws/install/exercise3:/home/shdh/enpm663_ws/install/exercise2:/home/shdh/enpm663_ws/install/exercise1:/home/shdh/enpm663_ws/install/ariac_gui:/opt/ros/galactic /usr/bin/cmake --install /home/shdh/enpm663_ws/build/ariac_gazebo
[5.761s] -- Install configuration: ""
[5.763s] -- Up-to-date: /home/shdh/enpm663_ws/install/ariac_gazebo/share/ariac_gazebo/config
[5.763s] -- Up-to-date: /home/shdh/enpm663_ws/install/ariac_gazebo/share/ariac_gazebo/config/ariac.rviz
[5.763s] -- Up-to-date: /home/shdh/enpm663_ws/install/ariac_gazebo/share/ariac_gazebo/config/object_poses.yaml
[5.763s] -- Up-to-date: /home/shdh/enpm663_ws/install/ariac_gazebo/share/ariac_gazebo/config/trials
[5.764s] -- Up-to-date: /home/shdh/enpm663_ws/install/ariac_gazebo/share/ariac_gazebo/config/trials/human_assembly.yaml
[5.764s] -- Up-to-date: /home/shdh/enpm663_ws/install/ariac_gazebo/share/ariac_gazebo/config/trials/faulty_gripper_sample.yaml
[5.765s] -- Up-to-date: /home/shdh/enpm663_ws/install/ariac_gazebo/share/ariac_gazebo/config/trials/combined.yaml
[5.765s] -- Up-to-date: /home/shdh/enpm663_ws/install/ariac_gazebo/share/ariac_gazebo/config/trials/sample.yaml
[5.765s] -- Up-to-date: /home/shdh/enpm663_ws/install/ariac_gazebo/share/ariac_gazebo/config/trials/kitting.yaml
[5.765s] -- Up-to-date: /home/shdh/enpm663_ws/install/ariac_gazebo/share/ariac_gazebo/config/trials/drop_challenge.yaml
[5.767s] -- Up-to-date: /home/shdh/enpm663_ws/install/ariac_gazebo/share/ariac_gazebo/config/trials/tutorial.yaml
[5.767s] -- Up-to-date: /home/shdh/enpm663_ws/install/ariac_gazebo/share/ariac_gazebo/config/trials/assembly.yaml
[5.768s] -- Up-to-date: /home/shdh/enpm663_ws/install/ariac_gazebo/share/ariac_gazebo/config/trials/kitting_assembly.yaml
[5.769s] -- Up-to-date: /home/shdh/enpm663_ws/install/ariac_gazebo/share/ariac_gazebo/config/trials/human_kitting.yaml
[5.769s] -- Up-to-date: /home/shdh/enpm663_ws/install/ariac_gazebo/share/ariac_gazebo/config/trials/kitting_combined.yaml
[5.769s] -- Up-to-date: /home/shdh/enpm663_ws/install/ariac_gazebo/share/ariac_gazebo/launch
[5.769s] -- Up-to-date: /home/shdh/enpm663_ws/install/ariac_gazebo/share/ariac_gazebo/launch/ariac.launch.py
[5.769s] -- Up-to-date: /home/shdh/enpm663_ws/install/ariac_gazebo/share/ariac_gazebo/models
[5.770s] -- Up-to-date: /home/shdh/enpm663_ws/install/ariac_gazebo/share/ariac_gazebo/models/floor
[5.771s] -- Up-to-date: /home/shdh/enpm663_ws/install/ariac_gazebo/share/ariac_gazebo/models/floor/model.sdf
[5.771s] -- Up-to-date: /home/shdh/enpm663_ws/install/ariac_gazebo/share/ariac_gazebo/models/floor/model.config
[5.771s] -- Up-to-date: /home/shdh/enpm663_ws/install/ariac_gazebo/share/ariac_gazebo/models/floor/meshes
[5.773s] -- Up-to-date: /home/shdh/enpm663_ws/install/ariac_gazebo/share/ariac_gazebo/models/floor/meshes/floor.dae
[5.773s] -- Up-to-date: /home/shdh/enpm663_ws/install/ariac_gazebo/share/ariac_gazebo/models/floor/meshes/Suede_Blue.jpg
[5.773s] -- Up-to-date: /home/shdh/enpm663_ws/install/ariac_gazebo/share/ariac_gazebo/models/open_box_ariac
[5.773s] -- Up-to-date: /home/shdh/enpm663_ws/install/ariac_gazebo/share/ariac_gazebo/models/open_box_ariac/materials
[5.774s] -- Up-to-date: /home/shdh/enpm663_ws/install/ariac_gazebo/share/ariac_gazebo/models/open_box_ariac/materials/textures
[5.774s] -- Up-to-date: /home/shdh/enpm663_ws/install/ariac_gazebo/share/ariac_gazebo/models/open_box_ariac/materials/textures/open_box.png
[5.775s] -- Up-to-date: /home/shdh/enpm663_ws/install/ariac_gazebo/share/ariac_gazebo/models/open_box_ariac/model.sdf
[5.775s] -- Up-to-date: /home/shdh/enpm663_ws/install/ariac_gazebo/share/ariac_gazebo/models/open_box_ariac/model.config
[5.775s] -- Up-to-date: /home/shdh/enpm663_ws/install/ariac_gazebo/share/ariac_gazebo/models/open_box_ariac/meshes
[5.775s] -- Up-to-date: /home/shdh/enpm663_ws/install/ariac_gazebo/share/ariac_gazebo/models/open_box_ariac/meshes/open_box.mtl
[5.775s] -- Up-to-date: /home/shdh/enpm663_ws/install/ariac_gazebo/share/ariac_gazebo/models/computer
[5.775s] -- Up-to-date: /home/shdh/enpm663_ws/install/ariac_gazebo/share/ariac_gazebo/models/computer/model.sdf
[5.776s] -- Up-to-date: /home/shdh/enpm663_ws/install/ariac_gazebo/share/ariac_gazebo/models/computer/model.config
[5.776s] -- Up-to-date: /home/shdh/enpm663_ws/install/ariac_gazebo/share/ariac_gazebo/models/computer/meshes
[5.776s] -- Up-to-date: /home/shdh/enpm663_ws/install/ariac_gazebo/share/ariac_gazebo/models/computer/meshes/AM200_035_03_Diffuse.jpg
[5.776s] -- Up-to-date: /home/shdh/enpm663_ws/install/ariac_gazebo/share/ariac_gazebo/models/computer/meshes/computer.dae
[5.777s] -- Up-to-date: /home/shdh/enpm663_ws/install/ariac_gazebo/share/ariac_gazebo/models/computer/meshes/AM200_035_05_Diffuse.jpg
[5.777s] -- Up-to-date: /home/shdh/enpm663_ws/install/ariac_gazebo/share/ariac_gazebo/models/computer/meshes/AM200_035_04_Diffuse.jpg
[5.777s] -- Up-to-date: /home/shdh/enpm663_ws/install/ariac_gazebo/share/ariac_gazebo/models/computer/meshes/AM200_035_06_Diffuse.jpg
[5.777s] -- Up-to-date: /home/shdh/enpm663_ws/install/ariac_gazebo/share/ariac_gazebo/models/factory_shelf
[5.777s] -- Up-to-date: /home/shdh/enpm663_ws/install/ariac_gazebo/share/ariac_gazebo/models/factory_shelf/model.sdf
[5.777s] -- Up-to-date: /home/shdh/enpm663_ws/install/ariac_gazebo/share/ariac_gazebo/models/factory_shelf/model.config
[5.778s] -- Up-to-date: /home/shdh/enpm663_ws/install/ariac_gazebo/share/ariac_gazebo/models/factory_shelf/meshes
[5.778s] -- Up-to-date: /home/shdh/enpm663_ws/install/ariac_gazebo/share/ariac_gazebo/models/factory_shelf/meshes/factory_shelf.dae
[5.778s] -- Up-to-date: /home/shdh/enpm663_ws/install/ariac_gazebo/share/ariac_gazebo/models/factory_shelf/meshes/AM200_026_02_Diffuse.jpg
[5.779s] -- Up-to-date: /home/shdh/enpm663_ws/install/ariac_gazebo/share/ariac_gazebo/models/factory_shelf/meshes/AM200_026_03_Diffuse.jpg
[5.779s] -- Up-to-date: /home/shdh/enpm663_ws/install/ariac_gazebo/share/ariac_gazebo/models/factory_shelf/meshes/AM200_026_01_Diffuse.jpg
[5.779s] -- Up-to-date: /home/shdh/enpm663_ws/install/ariac_gazebo/share/ariac_gazebo/models/factory_shelf/meshes/AM200_026_04_Diffuse.jpg
[5.779s] -- Up-to-date: /home/shdh/enpm663_ws/install/ariac_gazebo/share/ariac_gazebo/models/box_pallets_3
[5.779s] -- Up-to-date: /home/shdh/enpm663_ws/install/ariac_gazebo/share/ariac_gazebo/models/box_pallets_3/model.sdf
[5.780s] -- Up-to-date: /home/shdh/enpm663_ws/install/ariac_gazebo/share/ariac_gazebo/models/box_pallets_3/model.config
[5.780s] -- Up-to-date: /home/shdh/enpm663_ws/install/ariac_gazebo/share/ariac_gazebo/models/box_pallets_3/meshes
[5.780s] -- Up-to-date: /home/shdh/enpm663_ws/install/ariac_gazebo/share/ariac_gazebo/models/box_pallets_3/meshes/AM200_029_08_Diffuse.jpg
[5.781s] -- Up-to-date: /home/shdh/enpm663_ws/install/ariac_gazebo/share/ariac_gazebo/models/box_pallets_3/meshes/box_pallet.dae
[5.781s] -- Up-to-date: /home/shdh/enpm663_ws/install/ariac_gazebo/share/ariac_gazebo/models/box_pallets_3/meshes/AM200_029_03_Diffuse.jpg
[5.781s] -- Up-to-date: /home/shdh/enpm663_ws/install/ariac_gazebo/share/ariac_gazebo/models/box_pallets_3/meshes/AM200_029_01_Diffuse.jpg
[5.781s] -- Up-to-date: /home/shdh/enpm663_ws/install/ariac_gazebo/share/ariac_gazebo/models/box_pallets_3/meshes/AM200_029_04_Diffuse.jpg
[5.781s] -- Up-to-date: /home/shdh/enpm663_ws/install/ariac_gazebo/share/ariac_gazebo/models/conveyor_belt
[5.781s] -- Up-to-date: /home/shdh/enpm663_ws/install/ariac_gazebo/share/ariac_gazebo/models/conveyor_belt/model.sdf
[5.782s] -- Up-to-date: /home/shdh/enpm663_ws/install/ariac_gazebo/share/ariac_gazebo/models/conveyor_belt/model.config
[5.782s] -- Up-to-date: /home/shdh/enpm663_ws/install/ariac_gazebo/share/ariac_gazebo/models/conveyor_belt/meshes
[5.783s] -- Up-to-date: /home/shdh/enpm663_ws/install/ariac_gazebo/share/ariac_gazebo/models/conveyor_belt/meshes/TilesPlain0213_1_S.jpg
[5.783s] -- Up-to-date: /home/shdh/enpm663_ws/install/ariac_gazebo/share/ariac_gazebo/models/conveyor_belt/meshes/conveyor.dae
[5.783s] -- Up-to-date: /home/shdh/enpm663_ws/install/ariac_gazebo/share/ariac_gazebo/models/conveyor_belt/meshes/HighVoltage.jpg.001.jpg
[5.783s] -- Up-to-date: /home/shdh/enpm663_ws/install/ariac_gazebo/share/ariac_gazebo/models/conveyor_belt/meshes/compressedAirWarning.png
[5.783s] -- Up-to-date: /home/shdh/enpm663_ws/install/ariac_gazebo/share/ariac_gazebo/models/conveyor_belt/meshes/conveyor.stl
[5.783s] -- Up-to-date: /home/shdh/enpm663_ws/install/ariac_gazebo/share/ariac_gazebo/models/conveyor_belt/meshes/MetalBareSpecularMap.png
[5.783s] -- Up-to-date: /home/shdh/enpm663_ws/install/ariac_gazebo/share/ariac_gazebo/models/conveyor_belt/meshes/conveyor_nobase.dae
[5.784s] -- Up-to-date: /home/shdh/enpm663_ws/install/ariac_gazebo/share/ariac_gazebo/models/dropped_part_bin
[5.785s] -- Up-to-date: /home/shdh/enpm663_ws/install/ariac_gazebo/share/ariac_gazebo/models/dropped_part_bin/model.sdf
[5.785s] -- Up-to-date: /home/shdh/enpm663_ws/install/ariac_gazebo/share/ariac_gazebo/models/dropped_part_bin/model.config
[5.789s] -- Up-to-date: /home/shdh/enpm663_ws/install/ariac_gazebo/share/ariac_gazebo/models/dropped_part_bin/meshes
[5.790s] -- Up-to-date: /home/shdh/enpm663_ws/install/ariac_gazebo/share/ariac_gazebo/models/dropped_part_bin/meshes/disposal_bin.stl
[5.791s] -- Up-to-date: /home/shdh/enpm663_ws/install/ariac_gazebo/share/ariac_gazebo/models/agv_path
[5.791s] -- Up-to-date: /home/shdh/enpm663_ws/install/ariac_gazebo/share/ariac_gazebo/models/agv_path/model.sdf
[5.791s] -- Up-to-date: /home/shdh/enpm663_ws/install/ariac_gazebo/share/ariac_gazebo/models/agv_path/model.config
[5.792s] -- Up-to-date: /home/shdh/enpm663_ws/install/ariac_gazebo/share/ariac_gazebo/models/agv_path/meshes
[5.793s] -- Up-to-date: /home/shdh/enpm663_ws/install/ariac_gazebo/share/ariac_gazebo/models/agv_path/meshes/path.dae
[5.793s] -- Up-to-date: /home/shdh/enpm663_ws/install/ariac_gazebo/share/ariac_gazebo/models/agv_path/meshes/__auto_.png
[5.793s] -- Up-to-date: /home/shdh/enpm663_ws/install/ariac_gazebo/share/ariac_gazebo/models/parts_bin
[5.794s] -- Up-to-date: /home/shdh/enpm663_ws/install/ariac_gazebo/share/ariac_gazebo/models/parts_bin/model.sdf
[5.794s] -- Up-to-date: /home/shdh/enpm663_ws/install/ariac_gazebo/share/ariac_gazebo/models/parts_bin/model.config
[5.795s] -- Up-to-date: /home/shdh/enpm663_ws/install/ariac_gazebo/share/ariac_gazebo/models/parts_bin/meshes
[5.801s] -- Up-to-date: /home/shdh/enpm663_ws/install/ariac_gazebo/share/ariac_gazebo/models/parts_bin/meshes/bin_exterior.stl
[5.801s] -- Up-to-date: /home/shdh/enpm663_ws/install/ariac_gazebo/share/ariac_gazebo/models/parts_bin/meshes/bin_exterior.dae
[5.802s] -- Up-to-date: /home/shdh/enpm663_ws/install/ariac_gazebo/share/ariac_gazebo/models/parts_bin/meshes/Metal_Rough.jpg.001.jpg
[5.802s] -- Up-to-date: /home/shdh/enpm663_ws/install/ariac_gazebo/share/ariac_gazebo/models/parts_bin/meshes/Steel_Brushed_Stainless.jpg.001.jpg
[5.803s] -- Up-to-date: /home/shdh/enpm663_ws/install/ariac_gazebo/share/ariac_gazebo/models/parts_bin/meshes/bin_interior.stl
[5.803s] -- Up-to-date: /home/shdh/enpm663_ws/install/ariac_gazebo/share/ariac_gazebo/models/box_pallets_2
[5.803s] -- Up-to-date: /home/shdh/enpm663_ws/install/ariac_gazebo/share/ariac_gazebo/models/box_pallets_2/model.sdf
[5.803s] -- Up-to-date: /home/shdh/enpm663_ws/install/ariac_gazebo/share/ariac_gazebo/models/box_pallets_2/model.config
[5.803s] -- Up-to-date: /home/shdh/enpm663_ws/install/ariac_gazebo/share/ariac_gazebo/models/box_pallets_2/meshes
[5.803s] -- Up-to-date: /home/shdh/enpm663_ws/install/ariac_gazebo/share/ariac_gazebo/models/box_pallets_2/meshes/box_pallet.dae
[5.803s] -- Up-to-date: /home/shdh/enpm663_ws/install/ariac_gazebo/share/ariac_gazebo/models/box_pallets_2/meshes/AM200_029_05_Diffuse.jpg
[5.804s] -- Up-to-date: /home/shdh/enpm663_ws/install/ariac_gazebo/share/ariac_gazebo/models/box_pallets_2/meshes/AM200_029_06_Diffuse.jpg
[5.804s] -- Up-to-date: /home/shdh/enpm663_ws/install/ariac_gazebo/share/ariac_gazebo/models/box_pallets_2/meshes/AM200_029_01_Diffuse.jpg
[5.808s] -- Up-to-date: /home/shdh/enpm663_ws/install/ariac_gazebo/share/ariac_gazebo/models/warehouse
[5.812s] -- Up-to-date: /home/shdh/enpm663_ws/install/ariac_gazebo/share/ariac_gazebo/models/warehouse/model.sdf
[5.813s] -- Up-to-date: /home/shdh/enpm663_ws/install/ariac_gazebo/share/ariac_gazebo/models/warehouse/model.config
[5.814s] -- Up-to-date: /home/shdh/enpm663_ws/install/ariac_gazebo/share/ariac_gazebo/models/warehouse/meshes
[5.815s] -- Up-to-date: /home/shdh/enpm663_ws/install/ariac_gazebo/share/ariac_gazebo/models/warehouse/meshes/warehouse.dae
[5.815s] -- Up-to-date: /home/shdh/enpm663_ws/install/ariac_gazebo/share/ariac_gazebo/models/warehouse/meshes/Brick_Tumbled.jpg
[5.815s] -- Up-to-date: /home/shdh/enpm663_ws/install/ariac_gazebo/share/ariac_gazebo/models/warehouse/meshes/roof.stl
[5.816s] -- Up-to-date: /home/shdh/enpm663_ws/install/ariac_gazebo/share/ariac_gazebo/models/warehouse/meshes/tape.stl
[5.817s] -- Up-to-date: /home/shdh/enpm663_ws/install/ariac_gazebo/share/ariac_gazebo/models/workcell_shelf
[5.817s] -- Up-to-date: /home/shdh/enpm663_ws/install/ariac_gazebo/share/ariac_gazebo/models/workcell_shelf/model.sdf
[5.817s] -- Up-to-date: /home/shdh/enpm663_ws/install/ariac_gazebo/share/ariac_gazebo/models/workcell_shelf/model.config
[5.820s] -- Up-to-date: /home/shdh/enpm663_ws/install/ariac_gazebo/share/ariac_gazebo/models/workcell_shelf/meshes
[5.821s] -- Up-to-date: /home/shdh/enpm663_ws/install/ariac_gazebo/share/ariac_gazebo/models/workcell_shelf/meshes/shelf.dae
[5.821s] -- Up-to-date: /home/shdh/enpm663_ws/install/ariac_gazebo/share/ariac_gazebo/models/kit_tray_table
[5.821s] -- Up-to-date: /home/shdh/enpm663_ws/install/ariac_gazebo/share/ariac_gazebo/models/kit_tray_table/model.sdf
[5.822s] -- Up-to-date: /home/shdh/enpm663_ws/install/ariac_gazebo/share/ariac_gazebo/models/kit_tray_table/model.config
[5.823s] -- Up-to-date: /home/shdh/enpm663_ws/install/ariac_gazebo/share/ariac_gazebo/models/kit_tray_table/meshes
[5.824s] -- Up-to-date: /home/shdh/enpm663_ws/install/ariac_gazebo/share/ariac_gazebo/models/kit_tray_table/meshes/kit_tray_table.dae
[5.825s] -- Up-to-date: /home/shdh/enpm663_ws/install/ariac_gazebo/share/ariac_gazebo/models/kit_tray_table/meshes/tool_changer_2.stl
[5.825s] -- Up-to-date: /home/shdh/enpm663_ws/install/ariac_gazebo/share/ariac_gazebo/models/kit_tray_table/meshes/tool_changer_1.stl
[5.826s] -- Up-to-date: /home/shdh/enpm663_ws/install/ariac_gazebo/share/ariac_gazebo/models/kit_tray_table/meshes/table_collision.stl
[5.827s] -- Up-to-date: /home/shdh/enpm663_ws/install/ariac_gazebo/share/ariac_gazebo/models/kit_tray_table/meshes/kit_tray_table.stl
[5.828s] -- Up-to-date: /home/shdh/enpm663_ws/install/ariac_gazebo/share/ariac_gazebo/models/kit_tray_table/meshes/Metal_Rough.jpg
[5.828s] -- Up-to-date: /home/shdh/enpm663_ws/install/ariac_gazebo/share/ariac_gazebo/models/human
[5.829s] -- Up-to-date: /home/shdh/enpm663_ws/install/ariac_gazebo/share/ariac_gazebo/models/human/materials
[5.829s] -- Up-to-date: /home/shdh/enpm663_ws/install/ariac_gazebo/share/ariac_gazebo/models/human/materials/textures
[5.831s] -- Up-to-date: /home/shdh/enpm663_ws/install/ariac_gazebo/share/ariac_gazebo/models/human/materials/textures/ariac_LOGO.png
[5.831s] -- Up-to-date: /home/shdh/enpm663_ws/install/ariac_gazebo/share/ariac_gazebo/models/human/materials/textures/bob.png
[5.832s] -- Up-to-date: /home/shdh/enpm663_ws/install/ariac_gazebo/share/ariac_gazebo/models/human/materials/textures/nist-logo.png
[5.833s] -- Up-to-date: /home/shdh/enpm663_ws/install/ariac_gazebo/share/ariac_gazebo/models/human/model.sdf
[5.834s] -- Up-to-date: /home/shdh/enpm663_ws/install/ariac_gazebo/share/ariac_gazebo/models/human/model.config
[5.835s] -- Up-to-date: /home/shdh/enpm663_ws/install/ariac_gazebo/share/ariac_gazebo/models/human/meshes
[5.835s] -- Up-to-date: /home/shdh/enpm663_ws/install/ariac_gazebo/share/ariac_gazebo/models/human/meshes/lds.dae
[5.836s] -- Up-to-date: /home/shdh/enpm663_ws/install/ariac_gazebo/share/ariac_gazebo/models/human/meshes/tire.dae
[5.837s] -- Up-to-date: /home/shdh/enpm663_ws/install/ariac_gazebo/share/ariac_gazebo/models/human/meshes/waffle_base.dae
[5.839s] -- Up-to-date: /home/shdh/enpm663_ws/install/ariac_gazebo/share/ariac_gazebo/models/human/meshes/ARIACPerson.dae
[5.841s] -- Up-to-date: /home/shdh/enpm663_ws/install/ariac_gazebo/share/ariac_gazebo/models/sensor
[5.841s] -- Up-to-date: /home/shdh/enpm663_ws/install/ariac_gazebo/share/ariac_gazebo/models/sensor/model.sdf
[5.842s] -- Up-to-date: /home/shdh/enpm663_ws/install/ariac_gazebo/share/ariac_gazebo/models/sensor/model.config
[5.843s] -- Up-to-date: /home/shdh/enpm663_ws/install/ariac_gazebo/share/ariac_gazebo/models/sensor/meshes
[5.843s] -- Up-to-date: /home/shdh/enpm663_ws/install/ariac_gazebo/share/ariac_gazebo/models/sensor/meshes/sensor_collision.stl
[5.845s] -- Up-to-date: /home/shdh/enpm663_ws/install/ariac_gazebo/share/ariac_gazebo/models/sensor/meshes/sensor_peg.stl
[5.845s] -- Up-to-date: /home/shdh/enpm663_ws/install/ariac_gazebo/share/ariac_gazebo/models/sensor/meshes/sensor_base.stl
[5.847s] -- Up-to-date: /home/shdh/enpm663_ws/install/ariac_gazebo/share/ariac_gazebo/models/battery
[5.847s] -- Up-to-date: /home/shdh/enpm663_ws/install/ariac_gazebo/share/ariac_gazebo/models/battery/model.sdf
[5.848s] -- Up-to-date: /home/shdh/enpm663_ws/install/ariac_gazebo/share/ariac_gazebo/models/battery/model.config
[5.848s] -- Up-to-date: /home/shdh/enpm663_ws/install/ariac_gazebo/share/ariac_gazebo/models/battery/meshes
[5.848s] -- Up-to-date: /home/shdh/enpm663_ws/install/ariac_gazebo/share/ariac_gazebo/models/battery/meshes/battery_cap.stl
[5.865s] -- Up-to-date: /home/shdh/enpm663_ws/install/ariac_gazebo/share/ariac_gazebo/models/battery/meshes/battery_collision.stl
[5.865s] -- Up-to-date: /home/shdh/enpm663_ws/install/ariac_gazebo/share/ariac_gazebo/models/battery/meshes/battery_pins.stl
[5.866s] -- Up-to-date: /home/shdh/enpm663_ws/install/ariac_gazebo/share/ariac_gazebo/models/battery/meshes/battery_base.stl
[5.867s] -- Up-to-date: /home/shdh/enpm663_ws/install/ariac_gazebo/share/ariac_gazebo/models/assembly_table
[5.868s] -- Up-to-date: /home/shdh/enpm663_ws/install/ariac_gazebo/share/ariac_gazebo/models/assembly_table/model.sdf
[5.868s] -- Up-to-date: /home/shdh/enpm663_ws/install/ariac_gazebo/share/ariac_gazebo/models/assembly_table/model.config
[5.869s] -- Up-to-date: /home/shdh/enpm663_ws/install/ariac_gazebo/share/ariac_gazebo/models/assembly_table/meshes
[5.869s] -- Up-to-date: /home/shdh/enpm663_ws/install/ariac_gazebo/share/ariac_gazebo/models/assembly_table/meshes/tape_outline.stl
[5.870s] -- Up-to-date: /home/shdh/enpm663_ws/install/ariac_gazebo/share/ariac_gazebo/models/assembly_table/meshes/leg4.stl
[5.871s] -- Up-to-date: /home/shdh/enpm663_ws/install/ariac_gazebo/share/ariac_gazebo/models/assembly_table/meshes/assembly_table_collision.stl
[5.871s] -- Up-to-date: /home/shdh/enpm663_ws/install/ariac_gazebo/share/ariac_gazebo/models/assembly_table/meshes/table_top.stl
[5.872s] -- Up-to-date: /home/shdh/enpm663_ws/install/ariac_gazebo/share/ariac_gazebo/models/assembly_table/meshes/leg3.stl
[5.873s] -- Up-to-date: /home/shdh/enpm663_ws/install/ariac_gazebo/share/ariac_gazebo/models/assembly_table/meshes/leg2.stl
[5.873s] -- Up-to-date: /home/shdh/enpm663_ws/install/ariac_gazebo/share/ariac_gazebo/models/assembly_table/meshes/leg1.stl
[5.874s] -- Up-to-date: /home/shdh/enpm663_ws/install/ariac_gazebo/share/ariac_gazebo/models/computer_2
[5.875s] -- Up-to-date: /home/shdh/enpm663_ws/install/ariac_gazebo/share/ariac_gazebo/models/computer_2/model.sdf
[5.875s] -- Up-to-date: /home/shdh/enpm663_ws/install/ariac_gazebo/share/ariac_gazebo/models/computer_2/model.config
[5.875s] -- Up-to-date: /home/shdh/enpm663_ws/install/ariac_gazebo/share/ariac_gazebo/models/computer_2/meshes
[5.877s] -- Up-to-date: /home/shdh/enpm663_ws/install/ariac_gazebo/share/ariac_gazebo/models/computer_2/meshes/AM200_035_02_Diffuse.jpg
[5.877s] -- Up-to-date: /home/shdh/enpm663_ws/install/ariac_gazebo/share/ariac_gazebo/models/computer_2/meshes/AM200_035_03_Diffuse.jpg
[5.877s] -- Up-to-date: /home/shdh/enpm663_ws/install/ariac_gazebo/share/ariac_gazebo/models/computer_2/meshes/computer.dae
[5.878s] -- Up-to-date: /home/shdh/enpm663_ws/install/ariac_gazebo/share/ariac_gazebo/models/computer_2/meshes/AM200_035_01_Diffuse.jpg
[5.879s] -- Up-to-date: /home/shdh/enpm663_ws/install/ariac_gazebo/share/ariac_gazebo/models/regulator
[5.892s] -- Up-to-date: /home/shdh/enpm663_ws/install/ariac_gazebo/share/ariac_gazebo/models/regulator/model.sdf
[5.893s] -- Up-to-date: /home/shdh/enpm663_ws/install/ariac_gazebo/share/ariac_gazebo/models/regulator/model.config
[5.893s] -- Up-to-date: /home/shdh/enpm663_ws/install/ariac_gazebo/share/ariac_gazebo/models/regulator/meshes
[5.894s] -- Up-to-date: /home/shdh/enpm663_ws/install/ariac_gazebo/share/ariac_gazebo/models/regulator/meshes/regulator_base.stl
[5.895s] -- Up-to-date: /home/shdh/enpm663_ws/install/ariac_gazebo/share/ariac_gazebo/models/regulator/meshes/regulator_collision.stl
[5.895s] -- Up-to-date: /home/shdh/enpm663_ws/install/ariac_gazebo/share/ariac_gazebo/models/regulator/meshes/regulator_long_peg.stl
[5.896s] -- Up-to-date: /home/shdh/enpm663_ws/install/ariac_gazebo/share/ariac_gazebo/models/regulator/meshes/regulator_short_peg.stl
[5.897s] -- Up-to-date: /home/shdh/enpm663_ws/install/ariac_gazebo/share/ariac_gazebo/models/box_pallets
[5.897s] -- Up-to-date: /home/shdh/enpm663_ws/install/ariac_gazebo/share/ariac_gazebo/models/box_pallets/model.sdf
[5.898s] -- Up-to-date: /home/shdh/enpm663_ws/install/ariac_gazebo/share/ariac_gazebo/models/box_pallets/model.config
[5.899s] -- Up-to-date: /home/shdh/enpm663_ws/install/ariac_gazebo/share/ariac_gazebo/models/box_pallets/meshes
[5.899s] -- Up-to-date: /home/shdh/enpm663_ws/install/ariac_gazebo/share/ariac_gazebo/models/box_pallets/meshes/AM200_029_07_Diffuse.jpg
[5.899s] -- Up-to-date: /home/shdh/enpm663_ws/install/ariac_gazebo/share/ariac_gazebo/models/box_pallets/meshes/box_pallet.dae
[5.901s] -- Up-to-date: /home/shdh/enpm663_ws/install/ariac_gazebo/share/ariac_gazebo/models/box_pallets/meshes/AM200_029_02_Diffuse.jpg
[5.902s] -- Up-to-date: /home/shdh/enpm663_ws/install/ariac_gazebo/share/ariac_gazebo/models/box_pallets/meshes/AM200_029_01_Diffuse.jpg
[5.902s] -- Up-to-date: /home/shdh/enpm663_ws/install/ariac_gazebo/share/ariac_gazebo/models/cage_factory
[5.911s] -- Up-to-date: /home/shdh/enpm663_ws/install/ariac_gazebo/share/ariac_gazebo/models/cage_factory/model.sdf
[5.912s] -- Up-to-date: /home/shdh/enpm663_ws/install/ariac_gazebo/share/ariac_gazebo/models/cage_factory/model.config
[5.913s] -- Up-to-date: /home/shdh/enpm663_ws/install/ariac_gazebo/share/ariac_gazebo/models/cage_factory/meshes
[5.913s] -- Up-to-date: /home/shdh/enpm663_ws/install/ariac_gazebo/share/ariac_gazebo/models/cage_factory/meshes/AM200_025_09_Diffuse.jpg
[5.913s] -- Up-to-date: /home/shdh/enpm663_ws/install/ariac_gazebo/share/ariac_gazebo/models/cage_factory/meshes/AM200_025_06_Diffuse.jpg
[5.914s] -- Up-to-date: /home/shdh/enpm663_ws/install/ariac_gazebo/share/ariac_gazebo/models/cage_factory/meshes/AM200_025_04_Diffuse.jpg
[5.915s] -- Up-to-date: /home/shdh/enpm663_ws/install/ariac_gazebo/share/ariac_gazebo/models/cage_factory/meshes/cage.dae
[5.915s] -- Up-to-date: /home/shdh/enpm663_ws/install/ariac_gazebo/share/ariac_gazebo/models/cage_factory/meshes/AM200_025_01_Diffuse.jpg
[5.915s] -- Up-to-date: /home/shdh/enpm663_ws/install/ariac_gazebo/share/ariac_gazebo/models/cage_factory/meshes/AM200_025_02_Diffuse.jpg
[5.916s] -- Up-to-date: /home/shdh/enpm663_ws/install/ariac_gazebo/share/ariac_gazebo/models/cage_factory/meshes/AM200_025_07_Diffuse.jpg
[5.918s] -- Up-to-date: /home/shdh/enpm663_ws/install/ariac_gazebo/share/ariac_gazebo/models/pump
[5.919s] -- Up-to-date: /home/shdh/enpm663_ws/install/ariac_gazebo/share/ariac_gazebo/models/pump/model.sdf
[5.919s] -- Up-to-date: /home/shdh/enpm663_ws/install/ariac_gazebo/share/ariac_gazebo/models/pump/model.config
[5.920s] -- Up-to-date: /home/shdh/enpm663_ws/install/ariac_gazebo/share/ariac_gazebo/models/pump/meshes
[5.920s] -- Up-to-date: /home/shdh/enpm663_ws/install/ariac_gazebo/share/ariac_gazebo/models/pump/meshes/pump_top_pane.stl
[5.923s] -- Up-to-date: /home/shdh/enpm663_ws/install/ariac_gazebo/share/ariac_gazebo/models/pump/meshes/pump_front_pane.stl
[5.924s] -- Up-to-date: /home/shdh/enpm663_ws/install/ariac_gazebo/share/ariac_gazebo/models/pump/meshes/pump_right_pane.stl
[5.924s] -- Up-to-date: /home/shdh/enpm663_ws/install/ariac_gazebo/share/ariac_gazebo/models/pump/meshes/pump_left_pane.stl
[5.925s] -- Up-to-date: /home/shdh/enpm663_ws/install/ariac_gazebo/share/ariac_gazebo/models/pump/meshes/pump_bottom_pane.stl
[5.925s] -- Up-to-date: /home/shdh/enpm663_ws/install/ariac_gazebo/share/ariac_gazebo/models/pump/meshes/pump_back_pane.stl
[5.925s] -- Up-to-date: /home/shdh/enpm663_ws/install/ariac_gazebo/share/ariac_gazebo/models/pump/meshes/pump_base.stl
[5.925s] -- Up-to-date: /home/shdh/enpm663_ws/install/ariac_gazebo/share/ariac_gazebo/models/pump/meshes/pump_collision.stl
[5.926s] -- Up-to-date: /home/shdh/enpm663_ws/install/ariac_gazebo/share/ariac_gazebo/models/pump/meshes/pump_enclosure.stl
[5.926s] -- Up-to-date: /home/shdh/enpm663_ws/install/ariac_gazebo/share/ariac_gazebo/models/kit_tray
[5.927s] -- Up-to-date: /home/shdh/enpm663_ws/install/ariac_gazebo/share/ariac_gazebo/models/kit_tray/model.sdf
[5.927s] -- Up-to-date: /home/shdh/enpm663_ws/install/ariac_gazebo/share/ariac_gazebo/models/kit_tray/model.config
[5.929s] -- Up-to-date: /home/shdh/enpm663_ws/install/ariac_gazebo/share/ariac_gazebo/models/kit_tray/meshes
[5.929s] -- Up-to-date: /home/shdh/enpm663_ws/install/ariac_gazebo/share/ariac_gazebo/models/kit_tray/meshes/tray_collision.stl
[5.931s] -- Up-to-date: /home/shdh/enpm663_ws/install/ariac_gazebo/share/ariac_gazebo/models/kit_tray/meshes/tape.stl
[5.937s] -- Up-to-date: /home/shdh/enpm663_ws/install/ariac_gazebo/share/ariac_gazebo/models/kit_tray/meshes/tray_base.stl
[5.938s] -- Up-to-date: /home/shdh/enpm663_ws/install/ariac_gazebo/share/ariac_gazebo/models/kit_tray/meshes/markers
[5.939s] -- Up-to-date: /home/shdh/enpm663_ws/install/ariac_gazebo/share/ariac_gazebo/models/kit_tray/meshes/markers/id_04.png
[5.940s] -- Up-to-date: /home/shdh/enpm663_ws/install/ariac_gazebo/share/ariac_gazebo/models/kit_tray/meshes/markers/marker_09.dae
[5.942s] -- Up-to-date: /home/shdh/enpm663_ws/install/ariac_gazebo/share/ariac_gazebo/models/kit_tray/meshes/markers/id_06.png
[5.943s] -- Up-to-date: /home/shdh/enpm663_ws/install/ariac_gazebo/share/ariac_gazebo/models/kit_tray/meshes/markers/marker_03.dae
[5.943s] -- Up-to-date: /home/shdh/enpm663_ws/install/ariac_gazebo/share/ariac_gazebo/models/kit_tray/meshes/markers/id_09.png
[5.944s] -- Up-to-date: /home/shdh/enpm663_ws/install/ariac_gazebo/share/ariac_gazebo/models/kit_tray/meshes/markers/marker_06.dae
[5.946s] -- Up-to-date: /home/shdh/enpm663_ws/install/ariac_gazebo/share/ariac_gazebo/models/kit_tray/meshes/markers/marker_02.dae
[5.947s] -- Up-to-date: /home/shdh/enpm663_ws/install/ariac_gazebo/share/ariac_gazebo/models/kit_tray/meshes/markers/marker_01.dae
[5.948s] -- Up-to-date: /home/shdh/enpm663_ws/install/ariac_gazebo/share/ariac_gazebo/models/kit_tray/meshes/markers/id_07.png
[5.949s] -- Up-to-date: /home/shdh/enpm663_ws/install/ariac_gazebo/share/ariac_gazebo/models/kit_tray/meshes/markers/marker_05.dae
[5.951s] -- Up-to-date: /home/shdh/enpm663_ws/install/ariac_gazebo/share/ariac_gazebo/models/kit_tray/meshes/markers/id_05.png
[5.952s] -- Up-to-date: /home/shdh/enpm663_ws/install/ariac_gazebo/share/ariac_gazebo/models/kit_tray/meshes/markers/id_08.png
[5.953s] -- Up-to-date: /home/shdh/enpm663_ws/install/ariac_gazebo/share/ariac_gazebo/models/kit_tray/meshes/markers/marker_04.dae
[5.954s] -- Up-to-date: /home/shdh/enpm663_ws/install/ariac_gazebo/share/ariac_gazebo/models/kit_tray/meshes/markers/marker_08.dae
[5.955s] -- Up-to-date: /home/shdh/enpm663_ws/install/ariac_gazebo/share/ariac_gazebo/models/kit_tray/meshes/markers/marker_07.dae
[5.956s] -- Up-to-date: /home/shdh/enpm663_ws/install/ariac_gazebo/share/ariac_gazebo/models/kit_tray/meshes/markers/id_00.png
[5.957s] -- Up-to-date: /home/shdh/enpm663_ws/install/ariac_gazebo/share/ariac_gazebo/models/kit_tray/meshes/markers/marker_00.dae
[5.958s] -- Up-to-date: /home/shdh/enpm663_ws/install/ariac_gazebo/share/ariac_gazebo/models/kit_tray/meshes/markers/id_02.png
[5.959s] -- Up-to-date: /home/shdh/enpm663_ws/install/ariac_gazebo/share/ariac_gazebo/models/kit_tray/meshes/markers/id_03.png
[5.960s] -- Up-to-date: /home/shdh/enpm663_ws/install/ariac_gazebo/share/ariac_gazebo/models/kit_tray/meshes/markers/id_01.png
[5.960s] -- Up-to-date: /home/shdh/enpm663_ws/install/ariac_gazebo/share/ariac_gazebo/models/assembly_insert
[5.961s] -- Up-to-date: /home/shdh/enpm663_ws/install/ariac_gazebo/share/ariac_gazebo/models/assembly_insert/model.sdf
[5.963s] -- Up-to-date: /home/shdh/enpm663_ws/install/ariac_gazebo/share/ariac_gazebo/models/assembly_insert/model.config
[5.965s] -- Up-to-date: /home/shdh/enpm663_ws/install/ariac_gazebo/share/ariac_gazebo/models/assembly_insert/meshes
[5.965s] -- Up-to-date: /home/shdh/enpm663_ws/install/ariac_gazebo/share/ariac_gazebo/models/assembly_insert/meshes/pump_contact.stl
[5.966s] -- Up-to-date: /home/shdh/enpm663_ws/install/ariac_gazebo/share/ariac_gazebo/models/assembly_insert/meshes/battery_contact.stl
[5.967s] -- Up-to-date: /home/shdh/enpm663_ws/install/ariac_gazebo/share/ariac_gazebo/models/assembly_insert/meshes/insert_base.stl
[5.967s] -- Up-to-date: /home/shdh/enpm663_ws/install/ariac_gazebo/share/ariac_gazebo/models/assembly_insert/meshes/regulator_contact.stl
[5.969s] -- Up-to-date: /home/shdh/enpm663_ws/install/ariac_gazebo/share/ariac_gazebo/models/assembly_insert/meshes/insert_collision.stl
[5.970s] -- Up-to-date: /home/shdh/enpm663_ws/install/ariac_gazebo/share/ariac_gazebo/models/assembly_insert/meshes/hardware.stl
[5.971s] -- Up-to-date: /home/shdh/enpm663_ws/install/ariac_gazebo/share/ariac_gazebo/models/assembly_insert/meshes/screen.stl
[5.971s] -- Up-to-date: /home/shdh/enpm663_ws/install/ariac_gazebo/share/ariac_gazebo/models/assembly_insert/meshes/mounts.stl
[5.972s] -- Up-to-date: /home/shdh/enpm663_ws/install/ariac_gazebo/share/ariac_gazebo/models/assembly_insert/meshes/pipe_1.stl
[5.973s] -- Up-to-date: /home/shdh/enpm663_ws/install/ariac_gazebo/share/ariac_gazebo/models/assembly_insert/meshes/sensor_contact.stl
[5.973s] -- Up-to-date: /home/shdh/enpm663_ws/install/ariac_gazebo/share/ariac_gazebo/models/assembly_insert/meshes/pipe_2.stl
[5.973s] -- Up-to-date: /home/shdh/enpm663_ws/install/ariac_gazebo/share/ariac_gazebo/models/disposal_bin
[5.973s] -- Up-to-date: /home/shdh/enpm663_ws/install/ariac_gazebo/share/ariac_gazebo/models/disposal_bin/model.sdf
[5.973s] -- Up-to-date: /home/shdh/enpm663_ws/install/ariac_gazebo/share/ariac_gazebo/models/disposal_bin/model.config
[5.973s] -- Up-to-date: /home/shdh/enpm663_ws/install/ariac_gazebo/share/ariac_gazebo/models/disposal_bin/meshes
[5.974s] -- Up-to-date: /home/shdh/enpm663_ws/install/ariac_gazebo/share/ariac_gazebo/models/disposal_bin/meshes/disposal_bin.stl
[5.974s] -- Up-to-date: /home/shdh/enpm663_ws/install/ariac_gazebo/share/ariac_gazebo/worlds
[5.974s] -- Up-to-date: /home/shdh/enpm663_ws/install/ariac_gazebo/share/ariac_gazebo/worlds/ariac.world
[5.975s] -- Up-to-date: /home/shdh/enpm663_ws/install/ariac_gazebo/share/ariac_gazebo/environment/pythonpath.sh
[5.975s] -- Up-to-date: /home/shdh/enpm663_ws/install/ariac_gazebo/share/ariac_gazebo/environment/pythonpath.dsv
[5.975s] -- Up-to-date: /home/shdh/enpm663_ws/install/ariac_gazebo/lib/python3.8/site-packages//ariac_gazebo.egg-info
[5.975s] -- Installing: /home/shdh/enpm663_ws/install/ariac_gazebo/lib/python3.8/site-packages//ariac_gazebo.egg-info/PKG-INFO
[5.975s] -- Installing: /home/shdh/enpm663_ws/install/ariac_gazebo/lib/python3.8/site-packages//ariac_gazebo.egg-info/entry_points.txt
[5.975s] -- Installing: /home/shdh/enpm663_ws/install/ariac_gazebo/lib/python3.8/site-packages//ariac_gazebo.egg-info/top_level.txt
[5.976s] -- Installing: /home/shdh/enpm663_ws/install/ariac_gazebo/lib/python3.8/site-packages//ariac_gazebo.egg-info/SOURCES.txt
[5.976s] -- Installing: /home/shdh/enpm663_ws/install/ariac_gazebo/lib/python3.8/site-packages//ariac_gazebo.egg-info/dependency_links.txt
[5.977s] -- Up-to-date: /home/shdh/enpm663_ws/install/ariac_gazebo/lib/ariac_gazebo/
[5.977s] -- Installing: /home/shdh/enpm663_ws/install/ariac_gazebo/lib/ariac_gazebo//spawner
[5.979s] -- Up-to-date: /home/shdh/enpm663_ws/install/ariac_gazebo/lib/python3.8/site-packages/ariac_gazebo
[5.981s] -- Up-to-date: /home/shdh/enpm663_ws/install/ariac_gazebo/lib/python3.8/site-packages/ariac_gazebo/__init__.py
[5.982s] -- Up-to-date: /home/shdh/enpm663_ws/install/ariac_gazebo/lib/python3.8/site-packages/ariac_gazebo/environment_startup.py
[5.983s] -- Up-to-date: /home/shdh/enpm663_ws/install/ariac_gazebo/lib/python3.8/site-packages/ariac_gazebo/tf_broadcaster.py
[5.985s] -- Up-to-date: /home/shdh/enpm663_ws/install/ariac_gazebo/lib/python3.8/site-packages/ariac_gazebo/tf2_geometry_msgs.py
[5.985s] -- Up-to-date: /home/shdh/enpm663_ws/install/ariac_gazebo/lib/python3.8/site-packages/ariac_gazebo/utilities.py
[5.986s] -- Up-to-date: /home/shdh/enpm663_ws/install/ariac_gazebo/lib/python3.8/site-packages/ariac_gazebo/spawn_params.py
[6.006s] Listing '/home/shdh/enpm663_ws/install/ariac_gazebo/lib/python3.8/site-packages/ariac_gazebo'...
[6.008s] -- Up-to-date: /home/shdh/enpm663_ws/install/ariac_gazebo/lib/ariac_gazebo/environment_startup_node.py
[6.009s] -- Up-to-date: /home/shdh/enpm663_ws/install/ariac_gazebo/lib/ariac_gazebo/robot_controller_switcher_node.py
[6.010s] -- Up-to-date: /home/shdh/enpm663_ws/install/ariac_gazebo/lib/ariac_gazebo/sensor_tf_broadcaster.py
[6.011s] -- Up-to-date: /home/shdh/enpm663_ws/install/ariac_gazebo/lib/ariac_gazebo/object_tf_broadcaster.py
[6.012s] -- Up-to-date: /home/shdh/enpm663_ws/install/ariac_gazebo/lib/ariac_gazebo/part_spawner.py
[6.012s] -- Up-to-date: /home/shdh/enpm663_ws/install/ariac_gazebo/share/ament_index/resource_index/package_run_dependencies/ariac_gazebo
[6.013s] -- Up-to-date: /home/shdh/enpm663_ws/install/ariac_gazebo/share/ament_index/resource_index/parent_prefix_path/ariac_gazebo
[6.013s] -- Up-to-date: /home/shdh/enpm663_ws/install/ariac_gazebo/share/ariac_gazebo/environment/ament_prefix_path.sh
[6.015s] -- Up-to-date: /home/shdh/enpm663_ws/install/ariac_gazebo/share/ariac_gazebo/environment/ament_prefix_path.dsv
[6.015s] -- Up-to-date: /home/shdh/enpm663_ws/install/ariac_gazebo/share/ariac_gazebo/environment/path.sh
[6.016s] -- Up-to-date: /home/shdh/enpm663_ws/install/ariac_gazebo/share/ariac_gazebo/environment/path.dsv
[6.017s] -- Up-to-date: /home/shdh/enpm663_ws/install/ariac_gazebo/share/ariac_gazebo/local_setup.bash
[6.017s] -- Up-to-date: /home/shdh/enpm663_ws/install/ariac_gazebo/share/ariac_gazebo/local_setup.sh
[6.019s] -- Up-to-date: /home/shdh/enpm663_ws/install/ariac_gazebo/share/ariac_gazebo/local_setup.zsh
[6.019s] -- Up-to-date: /home/shdh/enpm663_ws/install/ariac_gazebo/share/ariac_gazebo/local_setup.dsv
[6.019s] -- Installing: /home/shdh/enpm663_ws/install/ariac_gazebo/share/ariac_gazebo/package.dsv
[6.020s] -- Up-to-date: /home/shdh/enpm663_ws/install/ariac_gazebo/share/ament_index/resource_index/packages/ariac_gazebo
[6.027s] -- Up-to-date: /home/shdh/enpm663_ws/install/ariac_gazebo/share/ariac_gazebo/cmake/ariac_gazeboConfig.cmake
[6.027s] -- Up-to-date: /home/shdh/enpm663_ws/install/ariac_gazebo/share/ariac_gazebo/cmake/ariac_gazeboConfig-version.cmake
[6.028s] -- Up-to-date: /home/shdh/enpm663_ws/install/ariac_gazebo/share/ariac_gazebo/package.xml
[7.474s] Invoked command in '/home/shdh/enpm663_ws/build/ariac_gazebo' returned '0': CMAKE_PREFIX_PATH=${CMAKE_PREFIX_PATH}:/home/shdh/enpm663_ws/install/exercise3:/home/shdh/enpm663_ws/install/exercise2:/home/shdh/enpm663_ws/install/exercise1:/home/shdh/enpm663_ws/install/ariac_gui:/opt/ros/galactic /usr/bin/cmake --install /home/shdh/enpm663_ws/build/ariac_gazebo
