[3.512s] Invoking command in '/home/shdh/enpm663_ws/build/ariac_description': CMAKE_PREFIX_PATH=${CMAKE_PREFIX_PATH}:/home/shdh/enpm663_ws/install/exercise3:/home/shdh/enpm663_ws/install/exercise2:/home/shdh/enpm663_ws/install/exercise1:/home/shdh/enpm663_ws/install/ariac_gui:/opt/ros/galactic /usr/bin/cmake --build /home/shdh/enpm663_ws/build/ariac_description -- -j12 -l12
[5.857s] Invoked command in '/home/shdh/enpm663_ws/build/ariac_description' returned '0': CMAKE_PREFIX_PATH=${CMAKE_PREFIX_PATH}:/home/shdh/enpm663_ws/install/exercise3:/home/shdh/enpm663_ws/install/exercise2:/home/shdh/enpm663_ws/install/exercise1:/home/shdh/enpm663_ws/install/ariac_gui:/opt/ros/galactic /usr/bin/cmake --build /home/shdh/enpm663_ws/build/ariac_description -- -j12 -l12
[5.891s] Invoking command in '/home/shdh/enpm663_ws/build/ariac_description': CMAKE_PREFIX_PATH=${CMAKE_PREFIX_PATH}:/home/shdh/enpm663_ws/install/exercise3:/home/shdh/enpm663_ws/install/exercise2:/home/shdh/enpm663_ws/install/exercise1:/home/shdh/enpm663_ws/install/ariac_gui:/opt/ros/galactic /usr/bin/cmake --install /home/shdh/enpm663_ws/build/ariac_description
[5.914s] -- Install configuration: ""
[5.915s] -- Up-to-date: /home/shdh/enpm663_ws/install/ariac_description/share/ariac_description/config
[5.915s] -- Up-to-date: /home/shdh/enpm663_ws/install/ariac_description/share/ariac_description/config/ceiling_robot_initial_positions.yaml
[5.916s] -- Up-to-date: /home/shdh/enpm663_ws/install/ariac_description/share/ariac_description/config/floor_robot_initial_positions.yaml
[5.919s] -- Up-to-date: /home/shdh/enpm663_ws/install/ariac_description/share/ariac_description/config/robot_controllers.yaml
[5.920s] -- Up-to-date: /home/shdh/enpm663_ws/install/ariac_description/share/ariac_description/meshes
[5.920s] -- Up-to-date: /home/shdh/enpm663_ws/install/ariac_description/share/ariac_description/meshes/agv
[5.921s] -- Up-to-date: /home/shdh/enpm663_ws/install/ariac_description/share/ariac_description/meshes/agv/tray.stl
[5.922s] -- Up-to-date: /home/shdh/enpm663_ws/install/ariac_description/share/ariac_description/meshes/agv/robot.png
[5.922s] -- Up-to-date: /home/shdh/enpm663_ws/install/ariac_description/share/ariac_description/meshes/agv/robot.dae
[5.922s] -- Up-to-date: /home/shdh/enpm663_ws/install/ariac_description/share/ariac_description/meshes/agv/contact_sensor.stl
[5.923s] -- Up-to-date: /home/shdh/enpm663_ws/install/ariac_description/share/ariac_description/meshes/gantry
[5.923s] -- Up-to-date: /home/shdh/enpm663_ws/install/ariac_description/share/ariac_description/meshes/gantry/torso_fixed_normals.dae
[5.924s] -- Up-to-date: /home/shdh/enpm663_ws/install/ariac_description/share/ariac_description/meshes/gantry/green_metal_rust_diff_4k.jpg
[5.925s] -- Up-to-date: /home/shdh/enpm663_ws/install/ariac_description/share/ariac_description/meshes/gantry/torso_base.dae
[5.926s] -- Up-to-date: /home/shdh/enpm663_ws/install/ariac_description/share/ariac_description/meshes/gantry/rusty_metal_02_diff_2k.jpg
[5.926s] -- Up-to-date: /home/shdh/enpm663_ws/install/ariac_description/share/ariac_description/meshes/gantry/ARIAC_GRN_Logo.png
[5.927s] -- Up-to-date: /home/shdh/enpm663_ws/install/ariac_description/share/ariac_description/meshes/gantry/gantry_tray.dae
[5.927s] -- Up-to-date: /home/shdh/enpm663_ws/install/ariac_description/share/ariac_description/meshes/gantry/NIST_Green_bake.png
[5.928s] -- Up-to-date: /home/shdh/enpm663_ws/install/ariac_description/share/ariac_description/meshes/gantry/Metal024_2K_Color.jpg
[5.928s] -- Up-to-date: /home/shdh/enpm663_ws/install/ariac_description/share/ariac_description/meshes/vacuum_gripper
[5.928s] -- Up-to-date: /home/shdh/enpm663_ws/install/ariac_description/share/ariac_description/meshes/vacuum_gripper/vacuum_gripper.stl
[5.929s] -- Up-to-date: /home/shdh/enpm663_ws/install/ariac_description/share/ariac_description/urdf
[5.929s] -- Up-to-date: /home/shdh/enpm663_ws/install/ariac_description/share/ariac_description/urdf/floor_robot
[5.929s] -- Up-to-date: /home/shdh/enpm663_ws/install/ariac_description/share/ariac_description/urdf/floor_robot/linear_actuator.ros2_control.xacro
[5.929s] -- Up-to-date: /home/shdh/enpm663_ws/install/ariac_description/share/ariac_description/urdf/floor_robot/floor_robot_macro.xacro
[5.930s] -- Up-to-date: /home/shdh/enpm663_ws/install/ariac_description/share/ariac_description/urdf/floor_robot/linear_actuator_macro.xacro
[5.930s] -- Up-to-date: /home/shdh/enpm663_ws/install/ariac_description/share/ariac_description/urdf/agv
[5.930s] -- Up-to-date: /home/shdh/enpm663_ws/install/ariac_description/share/ariac_description/urdf/agv/agv.ros2_control.xacro
[5.930s] -- Up-to-date: /home/shdh/enpm663_ws/install/ariac_description/share/ariac_description/urdf/agv/agv_macro.xacro
[5.931s] -- Up-to-date: /home/shdh/enpm663_ws/install/ariac_description/share/ariac_description/urdf/human
[5.931s] -- Up-to-date: /home/shdh/enpm663_ws/install/ariac_description/share/ariac_description/urdf/human/human.urdf.xacro
[5.931s] -- Up-to-date: /home/shdh/enpm663_ws/install/ariac_description/share/ariac_description/urdf/vacuum_gripper
[5.931s] -- Up-to-date: /home/shdh/enpm663_ws/install/ariac_description/share/ariac_description/urdf/vacuum_gripper/vacuum_gripper_macro.xacro
[5.932s] -- Up-to-date: /home/shdh/enpm663_ws/install/ariac_description/share/ariac_description/urdf/ceiling_robot
[5.932s] -- Up-to-date: /home/shdh/enpm663_ws/install/ariac_description/share/ariac_description/urdf/ceiling_robot/gantry_macro.xacro
[5.932s] -- Up-to-date: /home/shdh/enpm663_ws/install/ariac_description/share/ariac_description/urdf/ceiling_robot/ceiling_robot_macro.xacro
[5.932s] -- Up-to-date: /home/shdh/enpm663_ws/install/ariac_description/share/ariac_description/urdf/ceiling_robot/gantry.ros2_control.xacro
[5.932s] -- Up-to-date: /home/shdh/enpm663_ws/install/ariac_description/share/ariac_description/urdf/ariac_robots
[5.932s] -- Up-to-date: /home/shdh/enpm663_ws/install/ariac_description/share/ariac_description/urdf/ariac_robots/ariac_robots.urdf.xacro
[5.933s] -- Up-to-date: /home/shdh/enpm663_ws/install/ariac_description/share/ament_index/resource_index/package_run_dependencies/ariac_description
[5.933s] -- Up-to-date: /home/shdh/enpm663_ws/install/ariac_description/share/ament_index/resource_index/parent_prefix_path/ariac_description
[5.933s] -- Up-to-date: /home/shdh/enpm663_ws/install/ariac_description/share/ariac_description/environment/ament_prefix_path.sh
[5.933s] -- Up-to-date: /home/shdh/enpm663_ws/install/ariac_description/share/ariac_description/environment/ament_prefix_path.dsv
[5.933s] -- Up-to-date: /home/shdh/enpm663_ws/install/ariac_description/share/ariac_description/environment/path.sh
[5.933s] -- Up-to-date: /home/shdh/enpm663_ws/install/ariac_description/share/ariac_description/environment/path.dsv
[5.934s] -- Up-to-date: /home/shdh/enpm663_ws/install/ariac_description/share/ariac_description/local_setup.bash
[5.934s] -- Up-to-date: /home/shdh/enpm663_ws/install/ariac_description/share/ariac_description/local_setup.sh
[5.934s] -- Up-to-date: /home/shdh/enpm663_ws/install/ariac_description/share/ariac_description/local_setup.zsh
[5.934s] -- Up-to-date: /home/shdh/enpm663_ws/install/ariac_description/share/ariac_description/local_setup.dsv
[5.935s] -- Installing: /home/shdh/enpm663_ws/install/ariac_description/share/ariac_description/package.dsv
[5.935s] -- Up-to-date: /home/shdh/enpm663_ws/install/ariac_description/share/ament_index/resource_index/packages/ariac_description
[5.935s] -- Up-to-date: /home/shdh/enpm663_ws/install/ariac_description/share/ariac_description/cmake/ariac_descriptionConfig.cmake
[5.935s] -- Up-to-date: /home/shdh/enpm663_ws/install/ariac_description/share/ariac_description/cmake/ariac_descriptionConfig-version.cmake
[5.940s] -- Up-to-date: /home/shdh/enpm663_ws/install/ariac_description/share/ariac_description/package.xml
[5.941s] Invoked command in '/home/shdh/enpm663_ws/build/ariac_description' returned '0': CMAKE_PREFIX_PATH=${CMAKE_PREFIX_PATH}:/home/shdh/enpm663_ws/install/exercise3:/home/shdh/enpm663_ws/install/exercise2:/home/shdh/enpm663_ws/install/exercise1:/home/shdh/enpm663_ws/install/ariac_gui:/opt/ros/galactic /usr/bin/cmake --install /home/shdh/enpm663_ws/build/ariac_description
