[5.688s] Invoking command in '/home/shdh/enpm663_ws/src/rwa1_sharma/exercise1': PYTHONPATH=/home/shdh/enpm663_ws/build/exercise1/prefix_override:/home/shdh/enpm663_ws/install/exercise1/lib/python3.8/site-packages:${PYTHONPATH} /usr/bin/python3 setup.py egg_info --egg-base ../../../build/exercise1 build --build-base /home/shdh/enpm663_ws/build/exercise1/build install --record /home/shdh/enpm663_ws/build/exercise1/install.log --single-version-externally-managed
[6.075s] running egg_info
[6.077s] writing ../../../build/exercise1/exercise1.egg-info/PKG-INFO
[6.078s] writing dependency_links to ../../../build/exercise1/exercise1.egg-info/dependency_links.txt
[6.078s] writing entry points to ../../../build/exercise1/exercise1.egg-info/entry_points.txt
[6.079s] writing requirements to ../../../build/exercise1/exercise1.egg-info/requires.txt
[6.080s] writing top-level names to ../../../build/exercise1/exercise1.egg-info/top_level.txt
[6.130s] reading manifest file '../../../build/exercise1/exercise1.egg-info/SOURCES.txt'
[6.133s] writing manifest file '../../../build/exercise1/exercise1.egg-info/SOURCES.txt'
[6.133s] running build
[6.134s] running build_py
[6.134s] running install
[6.134s] running install_lib
[6.136s] running install_data
[6.136s] running install_egg_info
[6.136s] removing '/home/shdh/enpm663_ws/install/exercise1/lib/python3.8/site-packages/exercise1-0.0.0-py3.8.egg-info' (and everything under it)
[6.136s] Copying ../../../build/exercise1/exercise1.egg-info to /home/shdh/enpm663_ws/install/exercise1/lib/python3.8/site-packages/exercise1-0.0.0-py3.8.egg-info
[6.137s] running install_scripts
[6.165s] Installing ex1_demo script to /home/shdh/enpm663_ws/install/exercise1/lib/exercise1
[6.165s] writing list of installed files to '/home/shdh/enpm663_ws/build/exercise1/install.log'
[7.520s] Invoked command in '/home/shdh/enpm663_ws/src/rwa1_sharma/exercise1' returned '0': PYTHONPATH=/home/shdh/enpm663_ws/build/exercise1/prefix_override:/home/shdh/enpm663_ws/install/exercise1/lib/python3.8/site-packages:${PYTHONPATH} /usr/bin/python3 setup.py egg_info --egg-base ../../../build/exercise1 build --build-base /home/shdh/enpm663_ws/build/exercise1/build install --record /home/shdh/enpm663_ws/build/exercise1/install.log --single-version-externally-managed
