[3.258s] Invoking command in '/home/shdh/enpm663_ws/build/ariac_human': CMAKE_PREFIX_PATH=/home/shdh/enpm663_ws/install/ariac_msgs:/home/shdh/enpm663_ws/install/test_competitor:/home/shdh/enpm663_ws/install/first_package:/home/shdh/enpm663_ws/install/ariac_sensors:/home/shdh/enpm663_ws/install/ariac_plugins:/home/shdh/enpm663_ws/install/ariac_human:/home/shdh/enpm663_ws/install/ariac_moveit_config:/home/shdh/enpm663_ws/install/ariac_gazebo:/home/shdh/enpm663_ws/install/ariac_description:/home/shdh/enpm663_ws/install/exercise3:/home/shdh/enpm663_ws/install/exercise2:/home/shdh/enpm663_ws/install/exercise1:/home/shdh/enpm663_ws/install/ariac_gui:/opt/ros/galactic LD_LIBRARY_PATH=/home/shdh/enpm663_ws/install/ariac_msgs/lib:/home/shdh/enpm663_ws/install/test_competitor/lib:/home/shdh/enpm663_ws/install/ariac_sensors/lib:/home/shdh/enpm663_ws/install/ariac_plugins/lib:/usr/lib/x86_64-linux-gnu/gazebo-11/plugins:/opt/ros/galactic/opt/yaml_cpp_vendor/lib:/opt/ros/galactic/opt/rviz_ogre_vendor/lib:/opt/ros/galactic/lib/x86_64-linux-gnu:/opt/ros/galactic/lib PYTHONPATH=/home/shdh/enpm663_ws/install/ariac_msgs/lib/python3.8/site-packages:/home/shdh/enpm663_ws/install/first_package/lib/python3.8/site-packages:/home/shdh/enpm663_ws/install/exercise3/lib/python3.8/site-packages:/home/shdh/enpm663_ws/install/exercise2/lib/python3.8/site-packages:/home/shdh/enpm663_ws/install/exercise1/lib/python3.8/site-packages:/home/shdh/enpm663_ws/install/ariac_human/lib/python3.8/site-packages:/home/shdh/enpm663_ws/install/ariac_gui/lib/python3.8/site-packages:/home/shdh/enpm663_ws/install/ariac_moveit_config/lib/python3.8/site-packages:/home/shdh/enpm663_ws/install/ariac_gazebo/lib/python3.8/site-packages:/opt/ros/galactic/lib/python3.8/site-packages /usr/bin/cmake --build /home/shdh/enpm663_ws/build/ariac_human -- -j12 -l12
[3.346s] Built target ament_cmake_python_copy_ariac_human
[3.359s] Built target ament_cmake_python_copy_ariac_human_setup
[3.788s] running install_scripts
[3.799s] running egg_info
[3.799s] writing ariac_human.egg-info/PKG-INFO
[3.799s] writing dependency_links to ariac_human.egg-info/dependency_links.txt
[3.799s] writing top-level names to ariac_human.egg-info/top_level.txt
[3.816s] running egg_info
[3.817s] writing ariac_human.egg-info/PKG-INFO
[3.817s] writing dependency_links to ariac_human.egg-info/dependency_links.txt
[3.818s] writing top-level names to ariac_human.egg-info/top_level.txt
[3.842s] reading manifest file 'ariac_human.egg-info/SOURCES.txt'
[3.842s] writing manifest file 'ariac_human.egg-info/SOURCES.txt'
[3.858s] reading manifest file 'ariac_human.egg-info/SOURCES.txt'
[3.860s] writing manifest file 'ariac_human.egg-info/SOURCES.txt'
[3.873s] Built target ament_cmake_python_build_ariac_human_egg
[3.893s] Built target ament_cmake_python_build_ariac_human_scripts
[4.352s] Invoked command in '/home/shdh/enpm663_ws/build/ariac_human' returned '0': CMAKE_PREFIX_PATH=/home/shdh/enpm663_ws/install/ariac_msgs:/home/shdh/enpm663_ws/install/test_competitor:/home/shdh/enpm663_ws/install/first_package:/home/shdh/enpm663_ws/install/ariac_sensors:/home/shdh/enpm663_ws/install/ariac_plugins:/home/shdh/enpm663_ws/install/ariac_human:/home/shdh/enpm663_ws/install/ariac_moveit_config:/home/shdh/enpm663_ws/install/ariac_gazebo:/home/shdh/enpm663_ws/install/ariac_description:/home/shdh/enpm663_ws/install/exercise3:/home/shdh/enpm663_ws/install/exercise2:/home/shdh/enpm663_ws/install/exercise1:/home/shdh/enpm663_ws/install/ariac_gui:/opt/ros/galactic LD_LIBRARY_PATH=/home/shdh/enpm663_ws/install/ariac_msgs/lib:/home/shdh/enpm663_ws/install/test_competitor/lib:/home/shdh/enpm663_ws/install/ariac_sensors/lib:/home/shdh/enpm663_ws/install/ariac_plugins/lib:/usr/lib/x86_64-linux-gnu/gazebo-11/plugins:/opt/ros/galactic/opt/yaml_cpp_vendor/lib:/opt/ros/galactic/opt/rviz_ogre_vendor/lib:/opt/ros/galactic/lib/x86_64-linux-gnu:/opt/ros/galactic/lib PYTHONPATH=/home/shdh/enpm663_ws/install/ariac_msgs/lib/python3.8/site-packages:/home/shdh/enpm663_ws/install/first_package/lib/python3.8/site-packages:/home/shdh/enpm663_ws/install/exercise3/lib/python3.8/site-packages:/home/shdh/enpm663_ws/install/exercise2/lib/python3.8/site-packages:/home/shdh/enpm663_ws/install/exercise1/lib/python3.8/site-packages:/home/shdh/enpm663_ws/install/ariac_human/lib/python3.8/site-packages:/home/shdh/enpm663_ws/install/ariac_gui/lib/python3.8/site-packages:/home/shdh/enpm663_ws/install/ariac_moveit_config/lib/python3.8/site-packages:/home/shdh/enpm663_ws/install/ariac_gazebo/lib/python3.8/site-packages:/opt/ros/galactic/lib/python3.8/site-packages /usr/bin/cmake --build /home/shdh/enpm663_ws/build/ariac_human -- -j12 -l12
[4.412s] Invoking command in '/home/shdh/enpm663_ws/build/ariac_human': CMAKE_PREFIX_PATH=/home/shdh/enpm663_ws/install/ariac_msgs:/home/shdh/enpm663_ws/install/test_competitor:/home/shdh/enpm663_ws/install/first_package:/home/shdh/enpm663_ws/install/ariac_sensors:/home/shdh/enpm663_ws/install/ariac_plugins:/home/shdh/enpm663_ws/install/ariac_human:/home/shdh/enpm663_ws/install/ariac_moveit_config:/home/shdh/enpm663_ws/install/ariac_gazebo:/home/shdh/enpm663_ws/install/ariac_description:/home/shdh/enpm663_ws/install/exercise3:/home/shdh/enpm663_ws/install/exercise2:/home/shdh/enpm663_ws/install/exercise1:/home/shdh/enpm663_ws/install/ariac_gui:/opt/ros/galactic LD_LIBRARY_PATH=/home/shdh/enpm663_ws/install/ariac_msgs/lib:/home/shdh/enpm663_ws/install/test_competitor/lib:/home/shdh/enpm663_ws/install/ariac_sensors/lib:/home/shdh/enpm663_ws/install/ariac_plugins/lib:/usr/lib/x86_64-linux-gnu/gazebo-11/plugins:/opt/ros/galactic/opt/yaml_cpp_vendor/lib:/opt/ros/galactic/opt/rviz_ogre_vendor/lib:/opt/ros/galactic/lib/x86_64-linux-gnu:/opt/ros/galactic/lib PYTHONPATH=/home/shdh/enpm663_ws/install/ariac_msgs/lib/python3.8/site-packages:/home/shdh/enpm663_ws/install/first_package/lib/python3.8/site-packages:/home/shdh/enpm663_ws/install/exercise3/lib/python3.8/site-packages:/home/shdh/enpm663_ws/install/exercise2/lib/python3.8/site-packages:/home/shdh/enpm663_ws/install/exercise1/lib/python3.8/site-packages:/home/shdh/enpm663_ws/install/ariac_human/lib/python3.8/site-packages:/home/shdh/enpm663_ws/install/ariac_gui/lib/python3.8/site-packages:/home/shdh/enpm663_ws/install/ariac_moveit_config/lib/python3.8/site-packages:/home/shdh/enpm663_ws/install/ariac_gazebo/lib/python3.8/site-packages:/opt/ros/galactic/lib/python3.8/site-packages /usr/bin/cmake --install /home/shdh/enpm663_ws/build/ariac_human
[4.420s] -- Install configuration: ""
[4.421s] -- Up-to-date: /home/shdh/enpm663_ws/install/ariac_human/share/ariac_human//agent
[4.422s] -- Up-to-date: /home/shdh/enpm663_ws/install/ariac_human/share/ariac_human//agent/helpful.mas2j
[4.422s] -- Up-to-date: /home/shdh/enpm663_ws/install/ariac_human/share/ariac_human//agent/build.gradle
[4.422s] -- Up-to-date: /home/shdh/enpm663_ws/install/ariac_human/share/ariac_human//agent/gradlew.bat
[4.422s] -- Up-to-date: /home/shdh/enpm663_ws/install/ariac_human/share/ariac_human//agent/gradle
[4.423s] -- Up-to-date: /home/shdh/enpm663_ws/install/ariac_human/share/ariac_human//agent/gradle/wrapper
[4.423s] -- Up-to-date: /home/shdh/enpm663_ws/install/ariac_human/share/ariac_human//agent/gradle/wrapper/gradle-wrapper.properties
[4.423s] -- Up-to-date: /home/shdh/enpm663_ws/install/ariac_human/share/ariac_human//agent/gradle/wrapper/gradle-wrapper.jar
[4.423s] -- Up-to-date: /home/shdh/enpm663_ws/install/ariac_human/share/ariac_human//agent/runAriac_Human.sh
[4.424s] -- Up-to-date: /home/shdh/enpm663_ws/install/ariac_human/share/ariac_human//agent/lib
[4.424s] -- Up-to-date: /home/shdh/enpm663_ws/install/ariac_human/share/ariac_human//agent/lib/java_rosbridge_all.jar
[4.424s] -- Up-to-date: /home/shdh/enpm663_ws/install/ariac_human/share/ariac_human//agent/logging.properties
[4.425s] -- Up-to-date: /home/shdh/enpm663_ws/install/ariac_human/share/ariac_human//agent/indifferent.mas2j
[4.426s] -- Up-to-date: /home/shdh/enpm663_ws/install/ariac_human/share/ariac_human//agent/src
[4.426s] -- Up-to-date: /home/shdh/enpm663_ws/install/ariac_human/share/ariac_human//agent/src/asl
[4.427s] -- Up-to-date: /home/shdh/enpm663_ws/install/ariac_human/share/ariac_human//agent/src/asl/human.asl
[4.427s] -- Up-to-date: /home/shdh/enpm663_ws/install/ariac_human/share/ariac_human//agent/src/asl/antagonistic.asl
[4.428s] -- Up-to-date: /home/shdh/enpm663_ws/install/ariac_human/share/ariac_human//agent/src/asl/indifferent.asl
[4.428s] -- Up-to-date: /home/shdh/enpm663_ws/install/ariac_human/share/ariac_human//agent/src/asl/helpful.asl
[4.428s] -- Up-to-date: /home/shdh/enpm663_ws/install/ariac_human/share/ariac_human//agent/src/java
[4.429s] -- Up-to-date: /home/shdh/enpm663_ws/install/ariac_human/share/ariac_human//agent/src/java/RosEnv.java
[4.429s] -- Up-to-date: /home/shdh/enpm663_ws/install/ariac_human/share/ariac_human//agent/gradlew
[4.429s] -- Up-to-date: /home/shdh/enpm663_ws/install/ariac_human/share/ariac_human//agent/antagonistic.mas2j
[4.429s] -- Up-to-date: /home/shdh/enpm663_ws/install/ariac_human/share/ariac_human//launch
[4.430s] -- Up-to-date: /home/shdh/enpm663_ws/install/ariac_human/share/ariac_human//launch/human.launch.py
[4.430s] -- Up-to-date: /home/shdh/enpm663_ws/install/ariac_human/share/ariac_human//config
[4.430s] -- Up-to-date: /home/shdh/enpm663_ws/install/ariac_human/share/ariac_human//config/human_params.yaml
[4.431s] -- Up-to-date: /home/shdh/enpm663_ws/install/ariac_human/share/ariac_human//map
[4.431s] -- Up-to-date: /home/shdh/enpm663_ws/install/ariac_human/share/ariac_human//map/ariac_map.pgm
[4.432s] -- Up-to-date: /home/shdh/enpm663_ws/install/ariac_human/share/ariac_human//map/ariac_map.yaml
[4.432s] -- Up-to-date: /home/shdh/enpm663_ws/install/ariac_human/share/ariac_human//rviz
[4.432s] -- Up-to-date: /home/shdh/enpm663_ws/install/ariac_human/share/ariac_human//rviz/navigation.rviz
[4.433s] -- Up-to-date: /home/shdh/enpm663_ws/install/ariac_human/share/ariac_human/agent/gradlew
[4.433s] -- Up-to-date: /home/shdh/enpm663_ws/install/ariac_human/share/ariac_human/environment/pythonpath.sh
[4.433s] -- Up-to-date: /home/shdh/enpm663_ws/install/ariac_human/share/ariac_human/environment/pythonpath.dsv
[4.433s] -- Up-to-date: /home/shdh/enpm663_ws/install/ariac_human/lib/python3.8/site-packages//ariac_human.egg-info
[4.434s] -- Installing: /home/shdh/enpm663_ws/install/ariac_human/lib/python3.8/site-packages//ariac_human.egg-info/PKG-INFO
[4.434s] -- Installing: /home/shdh/enpm663_ws/install/ariac_human/lib/python3.8/site-packages//ariac_human.egg-info/top_level.txt
[4.434s] -- Installing: /home/shdh/enpm663_ws/install/ariac_human/lib/python3.8/site-packages//ariac_human.egg-info/SOURCES.txt
[4.435s] -- Installing: /home/shdh/enpm663_ws/install/ariac_human/lib/python3.8/site-packages//ariac_human.egg-info/dependency_links.txt
[4.435s] -- Up-to-date: /home/shdh/enpm663_ws/install/ariac_human/lib/ariac_human/
[4.436s] -- Up-to-date: /home/shdh/enpm663_ws/install/ariac_human/lib/python3.8/site-packages/ariac_human
[4.436s] -- Up-to-date: /home/shdh/enpm663_ws/install/ariac_human/lib/python3.8/site-packages/ariac_human/__init__.py
[4.436s] -- Up-to-date: /home/shdh/enpm663_ws/install/ariac_human/lib/python3.8/site-packages/ariac_human/human_control.py
[4.480s] Listing '/home/shdh/enpm663_ws/install/ariac_human/lib/python3.8/site-packages/ariac_human'...
[4.484s] -- Up-to-date: /home/shdh/enpm663_ws/install/ariac_human/lib/ariac_human/human_control_node.py
[4.484s] -- Up-to-date: /home/shdh/enpm663_ws/install/ariac_human/share/ament_index/resource_index/package_run_dependencies/ariac_human
[4.485s] -- Up-to-date: /home/shdh/enpm663_ws/install/ariac_human/share/ament_index/resource_index/parent_prefix_path/ariac_human
[4.486s] -- Up-to-date: /home/shdh/enpm663_ws/install/ariac_human/share/ariac_human/environment/ament_prefix_path.sh
[4.486s] -- Up-to-date: /home/shdh/enpm663_ws/install/ariac_human/share/ariac_human/environment/ament_prefix_path.dsv
[4.488s] -- Up-to-date: /home/shdh/enpm663_ws/install/ariac_human/share/ariac_human/environment/path.sh
[4.489s] -- Up-to-date: /home/shdh/enpm663_ws/install/ariac_human/share/ariac_human/environment/path.dsv
[4.490s] -- Up-to-date: /home/shdh/enpm663_ws/install/ariac_human/share/ariac_human/local_setup.bash
[4.490s] -- Up-to-date: /home/shdh/enpm663_ws/install/ariac_human/share/ariac_human/local_setup.sh
[4.491s] -- Up-to-date: /home/shdh/enpm663_ws/install/ariac_human/share/ariac_human/local_setup.zsh
[4.492s] -- Up-to-date: /home/shdh/enpm663_ws/install/ariac_human/share/ariac_human/local_setup.dsv
[4.493s] -- Installing: /home/shdh/enpm663_ws/install/ariac_human/share/ariac_human/package.dsv
[4.493s] -- Up-to-date: /home/shdh/enpm663_ws/install/ariac_human/share/ament_index/resource_index/packages/ariac_human
[4.493s] -- Up-to-date: /home/shdh/enpm663_ws/install/ariac_human/share/ariac_human/cmake/ariac_humanConfig.cmake
[4.493s] -- Up-to-date: /home/shdh/enpm663_ws/install/ariac_human/share/ariac_human/cmake/ariac_humanConfig-version.cmake
[4.493s] -- Up-to-date: /home/shdh/enpm663_ws/install/ariac_human/share/ariac_human/package.xml
[6.427s] Invoked command in '/home/shdh/enpm663_ws/build/ariac_human' returned '0': CMAKE_PREFIX_PATH=/home/shdh/enpm663_ws/install/ariac_msgs:/home/shdh/enpm663_ws/install/test_competitor:/home/shdh/enpm663_ws/install/first_package:/home/shdh/enpm663_ws/install/ariac_sensors:/home/shdh/enpm663_ws/install/ariac_plugins:/home/shdh/enpm663_ws/install/ariac_human:/home/shdh/enpm663_ws/install/ariac_moveit_config:/home/shdh/enpm663_ws/install/ariac_gazebo:/home/shdh/enpm663_ws/install/ariac_description:/home/shdh/enpm663_ws/install/exercise3:/home/shdh/enpm663_ws/install/exercise2:/home/shdh/enpm663_ws/install/exercise1:/home/shdh/enpm663_ws/install/ariac_gui:/opt/ros/galactic LD_LIBRARY_PATH=/home/shdh/enpm663_ws/install/ariac_msgs/lib:/home/shdh/enpm663_ws/install/test_competitor/lib:/home/shdh/enpm663_ws/install/ariac_sensors/lib:/home/shdh/enpm663_ws/install/ariac_plugins/lib:/usr/lib/x86_64-linux-gnu/gazebo-11/plugins:/opt/ros/galactic/opt/yaml_cpp_vendor/lib:/opt/ros/galactic/opt/rviz_ogre_vendor/lib:/opt/ros/galactic/lib/x86_64-linux-gnu:/opt/ros/galactic/lib PYTHONPATH=/home/shdh/enpm663_ws/install/ariac_msgs/lib/python3.8/site-packages:/home/shdh/enpm663_ws/install/first_package/lib/python3.8/site-packages:/home/shdh/enpm663_ws/install/exercise3/lib/python3.8/site-packages:/home/shdh/enpm663_ws/install/exercise2/lib/python3.8/site-packages:/home/shdh/enpm663_ws/install/exercise1/lib/python3.8/site-packages:/home/shdh/enpm663_ws/install/ariac_human/lib/python3.8/site-packages:/home/shdh/enpm663_ws/install/ariac_gui/lib/python3.8/site-packages:/home/shdh/enpm663_ws/install/ariac_moveit_config/lib/python3.8/site-packages:/home/shdh/enpm663_ws/install/ariac_gazebo/lib/python3.8/site-packages:/opt/ros/galactic/lib/python3.8/site-packages /usr/bin/cmake --install /home/shdh/enpm663_ws/build/ariac_human
