[2.647s] Invoking command in '/home/shdh/enpm663_ws/build/ariac_moveit_config': CMAKE_PREFIX_PATH=${CMAKE_PREFIX_PATH}:/home/shdh/enpm663_ws/install/exercise3:/home/shdh/enpm663_ws/install/exercise2:/home/shdh/enpm663_ws/install/exercise1:/home/shdh/enpm663_ws/install/ariac_gui:/opt/ros/galactic /usr/bin/cmake --build /home/shdh/enpm663_ws/build/ariac_moveit_config -- -j12 -l12
[4.939s] Built target ament_cmake_python_copy_ariac_moveit_config
[4.939s] running install_scripts
[4.940s] running egg_info
[4.942s] writing ariac_moveit_config.egg-info/PKG-INFO
[4.942s] writing dependency_links to ariac_moveit_config.egg-info/dependency_links.txt
[4.943s] writing top-level names to ariac_moveit_config.egg-info/top_level.txt
[4.943s] running egg_info
[4.944s] writing ariac_moveit_config.egg-info/PKG-INFO
[4.944s] writing dependency_links to ariac_moveit_config.egg-info/dependency_links.txt
[4.947s] writing top-level names to ariac_moveit_config.egg-info/top_level.txt
[4.947s] reading manifest file 'ariac_moveit_config.egg-info/SOURCES.txt'
[4.947s] writing manifest file 'ariac_moveit_config.egg-info/SOURCES.txt'
[4.948s] reading manifest file 'ariac_moveit_config.egg-info/SOURCES.txt'
[4.948s] writing manifest file 'ariac_moveit_config.egg-info/SOURCES.txt'
[4.948s] Built target ament_cmake_python_build_ariac_moveit_config_scripts
[4.949s] Built target ament_cmake_python_build_ariac_moveit_config_egg
[4.951s] Invoked command in '/home/shdh/enpm663_ws/build/ariac_moveit_config' returned '0': CMAKE_PREFIX_PATH=${CMAKE_PREFIX_PATH}:/home/shdh/enpm663_ws/install/exercise3:/home/shdh/enpm663_ws/install/exercise2:/home/shdh/enpm663_ws/install/exercise1:/home/shdh/enpm663_ws/install/ariac_gui:/opt/ros/galactic /usr/bin/cmake --build /home/shdh/enpm663_ws/build/ariac_moveit_config -- -j12 -l12
[5.000s] Invoking command in '/home/shdh/enpm663_ws/build/ariac_moveit_config': CMAKE_PREFIX_PATH=${CMAKE_PREFIX_PATH}:/home/shdh/enpm663_ws/install/exercise3:/home/shdh/enpm663_ws/install/exercise2:/home/shdh/enpm663_ws/install/exercise1:/home/shdh/enpm663_ws/install/ariac_gui:/opt/ros/galactic /usr/bin/cmake --install /home/shdh/enpm663_ws/build/ariac_moveit_config
[5.121s] -- Install configuration: ""
[5.124s] -- Up-to-date: /home/shdh/enpm663_ws/install/ariac_moveit_config/share/ariac_moveit_config/config
[5.125s] -- Up-to-date: /home/shdh/enpm663_ws/install/ariac_moveit_config/share/ariac_moveit_config/config/controllers.yaml
[5.125s] -- Up-to-date: /home/shdh/enpm663_ws/install/ariac_moveit_config/share/ariac_moveit_config/config/ompl_planning.yaml
[5.125s] -- Up-to-date: /home/shdh/enpm663_ws/install/ariac_moveit_config/share/ariac_moveit_config/config/kinematics.yaml
[5.126s] -- Up-to-date: /home/shdh/enpm663_ws/install/ariac_moveit_config/share/ariac_moveit_config/launch
[5.127s] -- Up-to-date: /home/shdh/enpm663_ws/install/ariac_moveit_config/share/ariac_moveit_config/launch/ariac_robots_moveit.launch.py
[5.127s] -- Up-to-date: /home/shdh/enpm663_ws/install/ariac_moveit_config/share/ariac_moveit_config/srdf
[5.127s] -- Up-to-date: /home/shdh/enpm663_ws/install/ariac_moveit_config/share/ariac_moveit_config/srdf/ariac_robots.srdf
[5.128s] -- Up-to-date: /home/shdh/enpm663_ws/install/ariac_moveit_config/share/ariac_moveit_config/rviz
[5.128s] -- Up-to-date: /home/shdh/enpm663_ws/install/ariac_moveit_config/share/ariac_moveit_config/rviz/moveit.rviz
[5.129s] -- Up-to-date: /home/shdh/enpm663_ws/install/ariac_moveit_config/share/ariac_moveit_config/environment/pythonpath.sh
[5.129s] -- Up-to-date: /home/shdh/enpm663_ws/install/ariac_moveit_config/share/ariac_moveit_config/environment/pythonpath.dsv
[5.129s] -- Up-to-date: /home/shdh/enpm663_ws/install/ariac_moveit_config/lib/python3.8/site-packages//ariac_moveit_config.egg-info
[5.131s] -- Installing: /home/shdh/enpm663_ws/install/ariac_moveit_config/lib/python3.8/site-packages//ariac_moveit_config.egg-info/PKG-INFO
[5.132s] -- Installing: /home/shdh/enpm663_ws/install/ariac_moveit_config/lib/python3.8/site-packages//ariac_moveit_config.egg-info/top_level.txt
[5.146s] -- Installing: /home/shdh/enpm663_ws/install/ariac_moveit_config/lib/python3.8/site-packages//ariac_moveit_config.egg-info/SOURCES.txt
[5.150s] -- Installing: /home/shdh/enpm663_ws/install/ariac_moveit_config/lib/python3.8/site-packages//ariac_moveit_config.egg-info/dependency_links.txt
[5.153s] -- Up-to-date: /home/shdh/enpm663_ws/install/ariac_moveit_config/lib/ariac_moveit_config/
[5.160s] -- Up-to-date: /home/shdh/enpm663_ws/install/ariac_moveit_config/lib/python3.8/site-packages/ariac_moveit_config
[5.160s] -- Up-to-date: /home/shdh/enpm663_ws/install/ariac_moveit_config/lib/python3.8/site-packages/ariac_moveit_config/__init__.py
[5.161s] -- Up-to-date: /home/shdh/enpm663_ws/install/ariac_moveit_config/lib/python3.8/site-packages/ariac_moveit_config/parameters.py
[5.181s] Listing '/home/shdh/enpm663_ws/install/ariac_moveit_config/lib/python3.8/site-packages/ariac_moveit_config'...
[5.181s] -- Up-to-date: /home/shdh/enpm663_ws/install/ariac_moveit_config/share/ament_index/resource_index/package_run_dependencies/ariac_moveit_config
[5.182s] -- Up-to-date: /home/shdh/enpm663_ws/install/ariac_moveit_config/share/ament_index/resource_index/parent_prefix_path/ariac_moveit_config
[5.183s] -- Up-to-date: /home/shdh/enpm663_ws/install/ariac_moveit_config/share/ariac_moveit_config/environment/ament_prefix_path.sh
[5.184s] -- Up-to-date: /home/shdh/enpm663_ws/install/ariac_moveit_config/share/ariac_moveit_config/environment/ament_prefix_path.dsv
[5.185s] -- Up-to-date: /home/shdh/enpm663_ws/install/ariac_moveit_config/share/ariac_moveit_config/environment/path.sh
[5.186s] -- Up-to-date: /home/shdh/enpm663_ws/install/ariac_moveit_config/share/ariac_moveit_config/environment/path.dsv
[5.187s] -- Up-to-date: /home/shdh/enpm663_ws/install/ariac_moveit_config/share/ariac_moveit_config/local_setup.bash
[5.188s] -- Up-to-date: /home/shdh/enpm663_ws/install/ariac_moveit_config/share/ariac_moveit_config/local_setup.sh
[5.189s] -- Up-to-date: /home/shdh/enpm663_ws/install/ariac_moveit_config/share/ariac_moveit_config/local_setup.zsh
[5.189s] -- Up-to-date: /home/shdh/enpm663_ws/install/ariac_moveit_config/share/ariac_moveit_config/local_setup.dsv
[5.190s] -- Installing: /home/shdh/enpm663_ws/install/ariac_moveit_config/share/ariac_moveit_config/package.dsv
[5.190s] -- Up-to-date: /home/shdh/enpm663_ws/install/ariac_moveit_config/share/ament_index/resource_index/packages/ariac_moveit_config
[5.191s] -- Up-to-date: /home/shdh/enpm663_ws/install/ariac_moveit_config/share/ariac_moveit_config/cmake/ariac_moveit_configConfig.cmake
[5.191s] -- Up-to-date: /home/shdh/enpm663_ws/install/ariac_moveit_config/share/ariac_moveit_config/cmake/ariac_moveit_configConfig-version.cmake
[5.193s] -- Up-to-date: /home/shdh/enpm663_ws/install/ariac_moveit_config/share/ariac_moveit_config/package.xml
[6.576s] Invoked command in '/home/shdh/enpm663_ws/build/ariac_moveit_config' returned '0': CMAKE_PREFIX_PATH=${CMAKE_PREFIX_PATH}:/home/shdh/enpm663_ws/install/exercise3:/home/shdh/enpm663_ws/install/exercise2:/home/shdh/enpm663_ws/install/exercise1:/home/shdh/enpm663_ws/install/ariac_gui:/opt/ros/galactic /usr/bin/cmake --install /home/shdh/enpm663_ws/build/ariac_moveit_config
