[3.097s] Invoking command in '/home/shdh/enpm663_ws/build/ariac_gazebo': CMAKE_PREFIX_PATH=${CMAKE_PREFIX_PATH}:/home/shdh/enpm663_ws/install/exercise3:/home/shdh/enpm663_ws/install/exercise2:/home/shdh/enpm663_ws/install/exercise1:/home/shdh/enpm663_ws/install/ariac_gui:/opt/ros/galactic /usr/bin/cmake --build /home/shdh/enpm663_ws/build/ariac_gazebo -- -j12 -l12
[5.374s] Built target ament_cmake_python_copy_ariac_gazebo_setup
[5.374s] Built target ament_cmake_python_copy_ariac_gazebo
[5.375s] running egg_info
[5.376s] writing ariac_gazebo.egg-info/PKG-INFO
[5.376s] writing dependency_links to ariac_gazebo.egg-info/dependency_links.txt
[5.377s] writing entry points to ariac_gazebo.egg-info/entry_points.txt
[5.379s] writing top-level names to ariac_gazebo.egg-info/top_level.txt
[5.379s] running install_scripts
[5.380s] reading manifest file 'ariac_gazebo.egg-info/SOURCES.txt'
[5.382s] writing manifest file 'ariac_gazebo.egg-info/SOURCES.txt'
[5.383s] running egg_info
[5.384s] writing ariac_gazebo.egg-info/PKG-INFO
[5.384s] writing dependency_links to ariac_gazebo.egg-info/dependency_links.txt
[5.385s] writing entry points to ariac_gazebo.egg-info/entry_points.txt
[5.386s] writing top-level names to ariac_gazebo.egg-info/top_level.txt
[5.388s] Built target ament_cmake_python_build_ariac_gazebo_egg
[5.390s] reading manifest file 'ariac_gazebo.egg-info/SOURCES.txt'
[5.391s] writing manifest file 'ariac_gazebo.egg-info/SOURCES.txt'
[5.392s] Installing spawner script to scripts
[5.392s] Built target ament_cmake_python_build_ariac_gazebo_scripts
[5.407s] Invoked command in '/home/shdh/enpm663_ws/build/ariac_gazebo' returned '0': CMAKE_PREFIX_PATH=${CMAKE_PREFIX_PATH}:/home/shdh/enpm663_ws/install/exercise3:/home/shdh/enpm663_ws/install/exercise2:/home/shdh/enpm663_ws/install/exercise1:/home/shdh/enpm663_ws/install/ariac_gui:/opt/ros/galactic /usr/bin/cmake --build /home/shdh/enpm663_ws/build/ariac_gazebo -- -j12 -l12
[5.449s] Invoking command in '/home/shdh/enpm663_ws/build/ariac_gazebo': CMAKE_PREFIX_PATH=${CMAKE_PREFIX_PATH}:/home/shdh/enpm663_ws/install/exercise3:/home/shdh/enpm663_ws/install/exercise2:/home/shdh/enpm663_ws/install/exercise1:/home/shdh/enpm663_ws/install/ariac_gui:/opt/ros/galactic /usr/bin/cmake --install /home/shdh/enpm663_ws/build/ariac_gazebo
[5.481s] -- Install configuration: ""
[5.481s] -- Up-to-date: /home/shdh/enpm663_ws/install/ariac_gazebo/share/ariac_gazebo/config
[5.481s] -- Up-to-date: /home/shdh/enpm663_ws/install/ariac_gazebo/share/ariac_gazebo/config/ariac.rviz
[5.482s] -- Up-to-date: /home/shdh/enpm663_ws/install/ariac_gazebo/share/ariac_gazebo/config/object_poses.yaml
[5.482s] -- Up-to-date: /home/shdh/enpm663_ws/install/ariac_gazebo/share/ariac_gazebo/config/trials
[5.482s] -- Up-to-date: /home/shdh/enpm663_ws/install/ariac_gazebo/share/ariac_gazebo/config/trials/human_assembly.yaml
[5.482s] -- Up-to-date: /home/shdh/enpm663_ws/install/ariac_gazebo/share/ariac_gazebo/config/trials/faulty_gripper_sample.yaml
[5.482s] -- Up-to-date: /home/shdh/enpm663_ws/install/ariac_gazebo/share/ariac_gazebo/config/trials/combined.yaml
[5.483s] -- Up-to-date: /home/shdh/enpm663_ws/install/ariac_gazebo/share/ariac_gazebo/config/trials/sample.yaml
[5.483s] -- Up-to-date: /home/shdh/enpm663_ws/install/ariac_gazebo/share/ariac_gazebo/config/trials/kitting.yaml
[5.483s] -- Up-to-date: /home/shdh/enpm663_ws/install/ariac_gazebo/share/ariac_gazebo/config/trials/drop_challenge.yaml
[5.483s] -- Up-to-date: /home/shdh/enpm663_ws/install/ariac_gazebo/share/ariac_gazebo/config/trials/tutorial.yaml
[5.483s] -- Up-to-date: /home/shdh/enpm663_ws/install/ariac_gazebo/share/ariac_gazebo/config/trials/assembly.yaml
[5.484s] -- Up-to-date: /home/shdh/enpm663_ws/install/ariac_gazebo/share/ariac_gazebo/config/trials/kitting_assembly.yaml
[5.484s] -- Up-to-date: /home/shdh/enpm663_ws/install/ariac_gazebo/share/ariac_gazebo/config/trials/human_kitting.yaml
[5.484s] -- Up-to-date: /home/shdh/enpm663_ws/install/ariac_gazebo/share/ariac_gazebo/config/trials/kitting_combined.yaml
[5.484s] -- Up-to-date: /home/shdh/enpm663_ws/install/ariac_gazebo/share/ariac_gazebo/launch
[5.484s] -- Up-to-date: /home/shdh/enpm663_ws/install/ariac_gazebo/share/ariac_gazebo/launch/ariac.launch.py
[5.485s] -- Up-to-date: /home/shdh/enpm663_ws/install/ariac_gazebo/share/ariac_gazebo/models
[5.485s] -- Up-to-date: /home/shdh/enpm663_ws/install/ariac_gazebo/share/ariac_gazebo/models/floor
[5.485s] -- Up-to-date: /home/shdh/enpm663_ws/install/ariac_gazebo/share/ariac_gazebo/models/floor/model.sdf
[5.485s] -- Up-to-date: /home/shdh/enpm663_ws/install/ariac_gazebo/share/ariac_gazebo/models/floor/model.config
[5.486s] -- Up-to-date: /home/shdh/enpm663_ws/install/ariac_gazebo/share/ariac_gazebo/models/floor/meshes
[5.486s] -- Up-to-date: /home/shdh/enpm663_ws/install/ariac_gazebo/share/ariac_gazebo/models/floor/meshes/floor.dae
[5.486s] -- Up-to-date: /home/shdh/enpm663_ws/install/ariac_gazebo/share/ariac_gazebo/models/floor/meshes/Suede_Blue.jpg
[5.486s] -- Up-to-date: /home/shdh/enpm663_ws/install/ariac_gazebo/share/ariac_gazebo/models/open_box_ariac
[5.486s] -- Up-to-date: /home/shdh/enpm663_ws/install/ariac_gazebo/share/ariac_gazebo/models/open_box_ariac/materials
[5.487s] -- Up-to-date: /home/shdh/enpm663_ws/install/ariac_gazebo/share/ariac_gazebo/models/open_box_ariac/materials/textures
[5.487s] -- Up-to-date: /home/shdh/enpm663_ws/install/ariac_gazebo/share/ariac_gazebo/models/open_box_ariac/materials/textures/open_box.png
[5.491s] -- Up-to-date: /home/shdh/enpm663_ws/install/ariac_gazebo/share/ariac_gazebo/models/open_box_ariac/model.sdf
[5.492s] -- Up-to-date: /home/shdh/enpm663_ws/install/ariac_gazebo/share/ariac_gazebo/models/open_box_ariac/model.config
[5.493s] -- Up-to-date: /home/shdh/enpm663_ws/install/ariac_gazebo/share/ariac_gazebo/models/open_box_ariac/meshes
[5.493s] -- Up-to-date: /home/shdh/enpm663_ws/install/ariac_gazebo/share/ariac_gazebo/models/open_box_ariac/meshes/open_box.mtl
[5.493s] -- Up-to-date: /home/shdh/enpm663_ws/install/ariac_gazebo/share/ariac_gazebo/models/computer
[5.494s] -- Up-to-date: /home/shdh/enpm663_ws/install/ariac_gazebo/share/ariac_gazebo/models/computer/model.sdf
[5.494s] -- Up-to-date: /home/shdh/enpm663_ws/install/ariac_gazebo/share/ariac_gazebo/models/computer/model.config
[5.495s] -- Up-to-date: /home/shdh/enpm663_ws/install/ariac_gazebo/share/ariac_gazebo/models/computer/meshes
[5.495s] -- Up-to-date: /home/shdh/enpm663_ws/install/ariac_gazebo/share/ariac_gazebo/models/computer/meshes/AM200_035_03_Diffuse.jpg
[5.496s] -- Up-to-date: /home/shdh/enpm663_ws/install/ariac_gazebo/share/ariac_gazebo/models/computer/meshes/computer.dae
[5.496s] -- Up-to-date: /home/shdh/enpm663_ws/install/ariac_gazebo/share/ariac_gazebo/models/computer/meshes/AM200_035_05_Diffuse.jpg
[5.497s] -- Up-to-date: /home/shdh/enpm663_ws/install/ariac_gazebo/share/ariac_gazebo/models/computer/meshes/AM200_035_04_Diffuse.jpg
[5.497s] -- Up-to-date: /home/shdh/enpm663_ws/install/ariac_gazebo/share/ariac_gazebo/models/computer/meshes/AM200_035_06_Diffuse.jpg
[5.497s] -- Up-to-date: /home/shdh/enpm663_ws/install/ariac_gazebo/share/ariac_gazebo/models/factory_shelf
[5.498s] -- Up-to-date: /home/shdh/enpm663_ws/install/ariac_gazebo/share/ariac_gazebo/models/factory_shelf/model.sdf
[5.498s] -- Up-to-date: /home/shdh/enpm663_ws/install/ariac_gazebo/share/ariac_gazebo/models/factory_shelf/model.config
[5.498s] -- Up-to-date: /home/shdh/enpm663_ws/install/ariac_gazebo/share/ariac_gazebo/models/factory_shelf/meshes
[5.499s] -- Up-to-date: /home/shdh/enpm663_ws/install/ariac_gazebo/share/ariac_gazebo/models/factory_shelf/meshes/factory_shelf.dae
[5.499s] -- Up-to-date: /home/shdh/enpm663_ws/install/ariac_gazebo/share/ariac_gazebo/models/factory_shelf/meshes/AM200_026_02_Diffuse.jpg
[5.511s] -- Up-to-date: /home/shdh/enpm663_ws/install/ariac_gazebo/share/ariac_gazebo/models/factory_shelf/meshes/AM200_026_03_Diffuse.jpg
[5.512s] -- Up-to-date: /home/shdh/enpm663_ws/install/ariac_gazebo/share/ariac_gazebo/models/factory_shelf/meshes/AM200_026_01_Diffuse.jpg
[5.512s] -- Up-to-date: /home/shdh/enpm663_ws/install/ariac_gazebo/share/ariac_gazebo/models/factory_shelf/meshes/AM200_026_04_Diffuse.jpg
[5.513s] -- Up-to-date: /home/shdh/enpm663_ws/install/ariac_gazebo/share/ariac_gazebo/models/box_pallets_3
[5.513s] -- Up-to-date: /home/shdh/enpm663_ws/install/ariac_gazebo/share/ariac_gazebo/models/box_pallets_3/model.sdf
[5.513s] -- Up-to-date: /home/shdh/enpm663_ws/install/ariac_gazebo/share/ariac_gazebo/models/box_pallets_3/model.config
[5.513s] -- Up-to-date: /home/shdh/enpm663_ws/install/ariac_gazebo/share/ariac_gazebo/models/box_pallets_3/meshes
[5.514s] -- Up-to-date: /home/shdh/enpm663_ws/install/ariac_gazebo/share/ariac_gazebo/models/box_pallets_3/meshes/AM200_029_08_Diffuse.jpg
[5.514s] -- Up-to-date: /home/shdh/enpm663_ws/install/ariac_gazebo/share/ariac_gazebo/models/box_pallets_3/meshes/box_pallet.dae
[5.514s] -- Up-to-date: /home/shdh/enpm663_ws/install/ariac_gazebo/share/ariac_gazebo/models/box_pallets_3/meshes/AM200_029_03_Diffuse.jpg
[5.514s] -- Up-to-date: /home/shdh/enpm663_ws/install/ariac_gazebo/share/ariac_gazebo/models/box_pallets_3/meshes/AM200_029_01_Diffuse.jpg
[5.514s] -- Up-to-date: /home/shdh/enpm663_ws/install/ariac_gazebo/share/ariac_gazebo/models/box_pallets_3/meshes/AM200_029_04_Diffuse.jpg
[5.514s] -- Up-to-date: /home/shdh/enpm663_ws/install/ariac_gazebo/share/ariac_gazebo/models/conveyor_belt
[5.515s] -- Up-to-date: /home/shdh/enpm663_ws/install/ariac_gazebo/share/ariac_gazebo/models/conveyor_belt/model.sdf
[5.515s] -- Up-to-date: /home/shdh/enpm663_ws/install/ariac_gazebo/share/ariac_gazebo/models/conveyor_belt/model.config
[5.516s] -- Up-to-date: /home/shdh/enpm663_ws/install/ariac_gazebo/share/ariac_gazebo/models/conveyor_belt/meshes
[5.516s] -- Up-to-date: /home/shdh/enpm663_ws/install/ariac_gazebo/share/ariac_gazebo/models/conveyor_belt/meshes/TilesPlain0213_1_S.jpg
[5.517s] -- Up-to-date: /home/shdh/enpm663_ws/install/ariac_gazebo/share/ariac_gazebo/models/conveyor_belt/meshes/conveyor.dae
[5.518s] -- Up-to-date: /home/shdh/enpm663_ws/install/ariac_gazebo/share/ariac_gazebo/models/conveyor_belt/meshes/HighVoltage.jpg.001.jpg
[5.519s] -- Up-to-date: /home/shdh/enpm663_ws/install/ariac_gazebo/share/ariac_gazebo/models/conveyor_belt/meshes/compressedAirWarning.png
[5.519s] -- Up-to-date: /home/shdh/enpm663_ws/install/ariac_gazebo/share/ariac_gazebo/models/conveyor_belt/meshes/conveyor.stl
[5.520s] -- Up-to-date: /home/shdh/enpm663_ws/install/ariac_gazebo/share/ariac_gazebo/models/conveyor_belt/meshes/MetalBareSpecularMap.png
[5.520s] -- Up-to-date: /home/shdh/enpm663_ws/install/ariac_gazebo/share/ariac_gazebo/models/conveyor_belt/meshes/conveyor_nobase.dae
[5.521s] -- Up-to-date: /home/shdh/enpm663_ws/install/ariac_gazebo/share/ariac_gazebo/models/dropped_part_bin
[5.521s] -- Up-to-date: /home/shdh/enpm663_ws/install/ariac_gazebo/share/ariac_gazebo/models/dropped_part_bin/model.sdf
[5.522s] -- Up-to-date: /home/shdh/enpm663_ws/install/ariac_gazebo/share/ariac_gazebo/models/dropped_part_bin/model.config
[5.522s] -- Up-to-date: /home/shdh/enpm663_ws/install/ariac_gazebo/share/ariac_gazebo/models/dropped_part_bin/meshes
[5.523s] -- Up-to-date: /home/shdh/enpm663_ws/install/ariac_gazebo/share/ariac_gazebo/models/dropped_part_bin/meshes/disposal_bin.stl
[5.523s] -- Up-to-date: /home/shdh/enpm663_ws/install/ariac_gazebo/share/ariac_gazebo/models/agv_path
[5.524s] -- Up-to-date: /home/shdh/enpm663_ws/install/ariac_gazebo/share/ariac_gazebo/models/agv_path/model.sdf
[5.524s] -- Up-to-date: /home/shdh/enpm663_ws/install/ariac_gazebo/share/ariac_gazebo/models/agv_path/model.config
[5.525s] -- Up-to-date: /home/shdh/enpm663_ws/install/ariac_gazebo/share/ariac_gazebo/models/agv_path/meshes
[5.525s] -- Up-to-date: /home/shdh/enpm663_ws/install/ariac_gazebo/share/ariac_gazebo/models/agv_path/meshes/path.dae
[5.526s] -- Up-to-date: /home/shdh/enpm663_ws/install/ariac_gazebo/share/ariac_gazebo/models/agv_path/meshes/__auto_.png
[5.526s] -- Up-to-date: /home/shdh/enpm663_ws/install/ariac_gazebo/share/ariac_gazebo/models/parts_bin
[5.527s] -- Up-to-date: /home/shdh/enpm663_ws/install/ariac_gazebo/share/ariac_gazebo/models/parts_bin/model.sdf
[5.527s] -- Up-to-date: /home/shdh/enpm663_ws/install/ariac_gazebo/share/ariac_gazebo/models/parts_bin/model.config
[5.528s] -- Up-to-date: /home/shdh/enpm663_ws/install/ariac_gazebo/share/ariac_gazebo/models/parts_bin/meshes
[5.529s] -- Up-to-date: /home/shdh/enpm663_ws/install/ariac_gazebo/share/ariac_gazebo/models/parts_bin/meshes/bin_exterior.stl
[5.529s] -- Up-to-date: /home/shdh/enpm663_ws/install/ariac_gazebo/share/ariac_gazebo/models/parts_bin/meshes/bin_exterior.dae
[5.530s] -- Up-to-date: /home/shdh/enpm663_ws/install/ariac_gazebo/share/ariac_gazebo/models/parts_bin/meshes/Metal_Rough.jpg.001.jpg
[5.531s] -- Up-to-date: /home/shdh/enpm663_ws/install/ariac_gazebo/share/ariac_gazebo/models/parts_bin/meshes/Steel_Brushed_Stainless.jpg.001.jpg
[5.531s] -- Up-to-date: /home/shdh/enpm663_ws/install/ariac_gazebo/share/ariac_gazebo/models/parts_bin/meshes/bin_interior.stl
[5.532s] -- Up-to-date: /home/shdh/enpm663_ws/install/ariac_gazebo/share/ariac_gazebo/models/box_pallets_2
[5.534s] -- Up-to-date: /home/shdh/enpm663_ws/install/ariac_gazebo/share/ariac_gazebo/models/box_pallets_2/model.sdf
[5.534s] -- Up-to-date: /home/shdh/enpm663_ws/install/ariac_gazebo/share/ariac_gazebo/models/box_pallets_2/model.config
[5.534s] -- Up-to-date: /home/shdh/enpm663_ws/install/ariac_gazebo/share/ariac_gazebo/models/box_pallets_2/meshes
[5.535s] -- Up-to-date: /home/shdh/enpm663_ws/install/ariac_gazebo/share/ariac_gazebo/models/box_pallets_2/meshes/box_pallet.dae
[5.536s] -- Up-to-date: /home/shdh/enpm663_ws/install/ariac_gazebo/share/ariac_gazebo/models/box_pallets_2/meshes/AM200_029_05_Diffuse.jpg
[5.536s] -- Up-to-date: /home/shdh/enpm663_ws/install/ariac_gazebo/share/ariac_gazebo/models/box_pallets_2/meshes/AM200_029_06_Diffuse.jpg
[5.537s] -- Up-to-date: /home/shdh/enpm663_ws/install/ariac_gazebo/share/ariac_gazebo/models/box_pallets_2/meshes/AM200_029_01_Diffuse.jpg
[5.537s] -- Up-to-date: /home/shdh/enpm663_ws/install/ariac_gazebo/share/ariac_gazebo/models/warehouse
[5.538s] -- Up-to-date: /home/shdh/enpm663_ws/install/ariac_gazebo/share/ariac_gazebo/models/warehouse/model.sdf
[5.538s] -- Up-to-date: /home/shdh/enpm663_ws/install/ariac_gazebo/share/ariac_gazebo/models/warehouse/model.config
[5.539s] -- Up-to-date: /home/shdh/enpm663_ws/install/ariac_gazebo/share/ariac_gazebo/models/warehouse/meshes
[5.540s] -- Up-to-date: /home/shdh/enpm663_ws/install/ariac_gazebo/share/ariac_gazebo/models/warehouse/meshes/warehouse.dae
[5.540s] -- Up-to-date: /home/shdh/enpm663_ws/install/ariac_gazebo/share/ariac_gazebo/models/warehouse/meshes/Brick_Tumbled.jpg
[5.541s] -- Up-to-date: /home/shdh/enpm663_ws/install/ariac_gazebo/share/ariac_gazebo/models/warehouse/meshes/roof.stl
[5.542s] -- Up-to-date: /home/shdh/enpm663_ws/install/ariac_gazebo/share/ariac_gazebo/models/warehouse/meshes/tape.stl
[5.543s] -- Up-to-date: /home/shdh/enpm663_ws/install/ariac_gazebo/share/ariac_gazebo/models/workcell_shelf
[5.543s] -- Up-to-date: /home/shdh/enpm663_ws/install/ariac_gazebo/share/ariac_gazebo/models/workcell_shelf/model.sdf
[5.544s] -- Up-to-date: /home/shdh/enpm663_ws/install/ariac_gazebo/share/ariac_gazebo/models/workcell_shelf/model.config
[5.544s] -- Up-to-date: /home/shdh/enpm663_ws/install/ariac_gazebo/share/ariac_gazebo/models/workcell_shelf/meshes
[5.544s] -- Up-to-date: /home/shdh/enpm663_ws/install/ariac_gazebo/share/ariac_gazebo/models/workcell_shelf/meshes/shelf.dae
[5.545s] -- Up-to-date: /home/shdh/enpm663_ws/install/ariac_gazebo/share/ariac_gazebo/models/kit_tray_table
[5.545s] -- Up-to-date: /home/shdh/enpm663_ws/install/ariac_gazebo/share/ariac_gazebo/models/kit_tray_table/model.sdf
[5.545s] -- Up-to-date: /home/shdh/enpm663_ws/install/ariac_gazebo/share/ariac_gazebo/models/kit_tray_table/model.config
[5.546s] -- Up-to-date: /home/shdh/enpm663_ws/install/ariac_gazebo/share/ariac_gazebo/models/kit_tray_table/meshes
[5.546s] -- Up-to-date: /home/shdh/enpm663_ws/install/ariac_gazebo/share/ariac_gazebo/models/kit_tray_table/meshes/kit_tray_table.dae
[5.546s] -- Up-to-date: /home/shdh/enpm663_ws/install/ariac_gazebo/share/ariac_gazebo/models/kit_tray_table/meshes/tool_changer_2.stl
[5.547s] -- Up-to-date: /home/shdh/enpm663_ws/install/ariac_gazebo/share/ariac_gazebo/models/kit_tray_table/meshes/tool_changer_1.stl
[5.547s] -- Up-to-date: /home/shdh/enpm663_ws/install/ariac_gazebo/share/ariac_gazebo/models/kit_tray_table/meshes/table_collision.stl
[5.548s] -- Up-to-date: /home/shdh/enpm663_ws/install/ariac_gazebo/share/ariac_gazebo/models/kit_tray_table/meshes/kit_tray_table.stl
[5.549s] -- Up-to-date: /home/shdh/enpm663_ws/install/ariac_gazebo/share/ariac_gazebo/models/kit_tray_table/meshes/Metal_Rough.jpg
[5.550s] -- Up-to-date: /home/shdh/enpm663_ws/install/ariac_gazebo/share/ariac_gazebo/models/human
[5.551s] -- Up-to-date: /home/shdh/enpm663_ws/install/ariac_gazebo/share/ariac_gazebo/models/human/materials
[5.551s] -- Up-to-date: /home/shdh/enpm663_ws/install/ariac_gazebo/share/ariac_gazebo/models/human/materials/textures
[5.552s] -- Up-to-date: /home/shdh/enpm663_ws/install/ariac_gazebo/share/ariac_gazebo/models/human/materials/textures/ariac_LOGO.png
[5.552s] -- Up-to-date: /home/shdh/enpm663_ws/install/ariac_gazebo/share/ariac_gazebo/models/human/materials/textures/bob.png
[5.553s] -- Up-to-date: /home/shdh/enpm663_ws/install/ariac_gazebo/share/ariac_gazebo/models/human/materials/textures/nist-logo.png
[5.554s] -- Up-to-date: /home/shdh/enpm663_ws/install/ariac_gazebo/share/ariac_gazebo/models/human/model.sdf
[5.554s] -- Up-to-date: /home/shdh/enpm663_ws/install/ariac_gazebo/share/ariac_gazebo/models/human/model.config
[5.555s] -- Up-to-date: /home/shdh/enpm663_ws/install/ariac_gazebo/share/ariac_gazebo/models/human/meshes
[5.555s] -- Up-to-date: /home/shdh/enpm663_ws/install/ariac_gazebo/share/ariac_gazebo/models/human/meshes/lds.dae
[5.555s] -- Up-to-date: /home/shdh/enpm663_ws/install/ariac_gazebo/share/ariac_gazebo/models/human/meshes/tire.dae
[5.556s] -- Up-to-date: /home/shdh/enpm663_ws/install/ariac_gazebo/share/ariac_gazebo/models/human/meshes/waffle_base.dae
[5.557s] -- Up-to-date: /home/shdh/enpm663_ws/install/ariac_gazebo/share/ariac_gazebo/models/human/meshes/ARIACPerson.dae
[5.557s] -- Up-to-date: /home/shdh/enpm663_ws/install/ariac_gazebo/share/ariac_gazebo/models/sensor
[5.558s] -- Up-to-date: /home/shdh/enpm663_ws/install/ariac_gazebo/share/ariac_gazebo/models/sensor/model.sdf
[5.558s] -- Up-to-date: /home/shdh/enpm663_ws/install/ariac_gazebo/share/ariac_gazebo/models/sensor/model.config
[5.558s] -- Up-to-date: /home/shdh/enpm663_ws/install/ariac_gazebo/share/ariac_gazebo/models/sensor/meshes
[5.559s] -- Up-to-date: /home/shdh/enpm663_ws/install/ariac_gazebo/share/ariac_gazebo/models/sensor/meshes/sensor_collision.stl
[5.559s] -- Up-to-date: /home/shdh/enpm663_ws/install/ariac_gazebo/share/ariac_gazebo/models/sensor/meshes/sensor_peg.stl
[5.560s] -- Up-to-date: /home/shdh/enpm663_ws/install/ariac_gazebo/share/ariac_gazebo/models/sensor/meshes/sensor_base.stl
[5.560s] -- Up-to-date: /home/shdh/enpm663_ws/install/ariac_gazebo/share/ariac_gazebo/models/battery
[5.561s] -- Up-to-date: /home/shdh/enpm663_ws/install/ariac_gazebo/share/ariac_gazebo/models/battery/model.sdf
[5.561s] -- Up-to-date: /home/shdh/enpm663_ws/install/ariac_gazebo/share/ariac_gazebo/models/battery/model.config
[5.562s] -- Up-to-date: /home/shdh/enpm663_ws/install/ariac_gazebo/share/ariac_gazebo/models/battery/meshes
[5.562s] -- Up-to-date: /home/shdh/enpm663_ws/install/ariac_gazebo/share/ariac_gazebo/models/battery/meshes/battery_cap.stl
[5.563s] -- Up-to-date: /home/shdh/enpm663_ws/install/ariac_gazebo/share/ariac_gazebo/models/battery/meshes/battery_collision.stl
[5.563s] -- Up-to-date: /home/shdh/enpm663_ws/install/ariac_gazebo/share/ariac_gazebo/models/battery/meshes/battery_pins.stl
[5.564s] -- Up-to-date: /home/shdh/enpm663_ws/install/ariac_gazebo/share/ariac_gazebo/models/battery/meshes/battery_base.stl
[5.565s] -- Up-to-date: /home/shdh/enpm663_ws/install/ariac_gazebo/share/ariac_gazebo/models/assembly_table
[5.565s] -- Up-to-date: /home/shdh/enpm663_ws/install/ariac_gazebo/share/ariac_gazebo/models/assembly_table/model.sdf
[5.565s] -- Up-to-date: /home/shdh/enpm663_ws/install/ariac_gazebo/share/ariac_gazebo/models/assembly_table/model.config
[5.566s] -- Up-to-date: /home/shdh/enpm663_ws/install/ariac_gazebo/share/ariac_gazebo/models/assembly_table/meshes
[5.566s] -- Up-to-date: /home/shdh/enpm663_ws/install/ariac_gazebo/share/ariac_gazebo/models/assembly_table/meshes/tape_outline.stl
[5.567s] -- Up-to-date: /home/shdh/enpm663_ws/install/ariac_gazebo/share/ariac_gazebo/models/assembly_table/meshes/leg4.stl
[5.568s] -- Up-to-date: /home/shdh/enpm663_ws/install/ariac_gazebo/share/ariac_gazebo/models/assembly_table/meshes/assembly_table_collision.stl
[5.568s] -- Up-to-date: /home/shdh/enpm663_ws/install/ariac_gazebo/share/ariac_gazebo/models/assembly_table/meshes/table_top.stl
[5.569s] -- Up-to-date: /home/shdh/enpm663_ws/install/ariac_gazebo/share/ariac_gazebo/models/assembly_table/meshes/leg3.stl
[5.569s] -- Up-to-date: /home/shdh/enpm663_ws/install/ariac_gazebo/share/ariac_gazebo/models/assembly_table/meshes/leg2.stl
[5.570s] -- Up-to-date: /home/shdh/enpm663_ws/install/ariac_gazebo/share/ariac_gazebo/models/assembly_table/meshes/leg1.stl
[5.570s] -- Up-to-date: /home/shdh/enpm663_ws/install/ariac_gazebo/share/ariac_gazebo/models/computer_2
[5.571s] -- Up-to-date: /home/shdh/enpm663_ws/install/ariac_gazebo/share/ariac_gazebo/models/computer_2/model.sdf
[5.571s] -- Up-to-date: /home/shdh/enpm663_ws/install/ariac_gazebo/share/ariac_gazebo/models/computer_2/model.config
[5.572s] -- Up-to-date: /home/shdh/enpm663_ws/install/ariac_gazebo/share/ariac_gazebo/models/computer_2/meshes
[5.572s] -- Up-to-date: /home/shdh/enpm663_ws/install/ariac_gazebo/share/ariac_gazebo/models/computer_2/meshes/AM200_035_02_Diffuse.jpg
[5.573s] -- Up-to-date: /home/shdh/enpm663_ws/install/ariac_gazebo/share/ariac_gazebo/models/computer_2/meshes/AM200_035_03_Diffuse.jpg
[5.573s] -- Up-to-date: /home/shdh/enpm663_ws/install/ariac_gazebo/share/ariac_gazebo/models/computer_2/meshes/computer.dae
[5.574s] -- Up-to-date: /home/shdh/enpm663_ws/install/ariac_gazebo/share/ariac_gazebo/models/computer_2/meshes/AM200_035_01_Diffuse.jpg
[5.574s] -- Up-to-date: /home/shdh/enpm663_ws/install/ariac_gazebo/share/ariac_gazebo/models/regulator
[5.575s] -- Up-to-date: /home/shdh/enpm663_ws/install/ariac_gazebo/share/ariac_gazebo/models/regulator/model.sdf
[5.575s] -- Up-to-date: /home/shdh/enpm663_ws/install/ariac_gazebo/share/ariac_gazebo/models/regulator/model.config
[5.576s] -- Up-to-date: /home/shdh/enpm663_ws/install/ariac_gazebo/share/ariac_gazebo/models/regulator/meshes
[5.576s] -- Up-to-date: /home/shdh/enpm663_ws/install/ariac_gazebo/share/ariac_gazebo/models/regulator/meshes/regulator_base.stl
[5.576s] -- Up-to-date: /home/shdh/enpm663_ws/install/ariac_gazebo/share/ariac_gazebo/models/regulator/meshes/regulator_collision.stl
[5.577s] -- Up-to-date: /home/shdh/enpm663_ws/install/ariac_gazebo/share/ariac_gazebo/models/regulator/meshes/regulator_long_peg.stl
[5.578s] -- Up-to-date: /home/shdh/enpm663_ws/install/ariac_gazebo/share/ariac_gazebo/models/regulator/meshes/regulator_short_peg.stl
[5.578s] -- Up-to-date: /home/shdh/enpm663_ws/install/ariac_gazebo/share/ariac_gazebo/models/box_pallets
[5.579s] -- Up-to-date: /home/shdh/enpm663_ws/install/ariac_gazebo/share/ariac_gazebo/models/box_pallets/model.sdf
[5.579s] -- Up-to-date: /home/shdh/enpm663_ws/install/ariac_gazebo/share/ariac_gazebo/models/box_pallets/model.config
[5.579s] -- Up-to-date: /home/shdh/enpm663_ws/install/ariac_gazebo/share/ariac_gazebo/models/box_pallets/meshes
[5.581s] -- Up-to-date: /home/shdh/enpm663_ws/install/ariac_gazebo/share/ariac_gazebo/models/box_pallets/meshes/AM200_029_07_Diffuse.jpg
[5.586s] -- Up-to-date: /home/shdh/enpm663_ws/install/ariac_gazebo/share/ariac_gazebo/models/box_pallets/meshes/box_pallet.dae
[5.586s] -- Up-to-date: /home/shdh/enpm663_ws/install/ariac_gazebo/share/ariac_gazebo/models/box_pallets/meshes/AM200_029_02_Diffuse.jpg
[5.586s] -- Up-to-date: /home/shdh/enpm663_ws/install/ariac_gazebo/share/ariac_gazebo/models/box_pallets/meshes/AM200_029_01_Diffuse.jpg
[5.587s] -- Up-to-date: /home/shdh/enpm663_ws/install/ariac_gazebo/share/ariac_gazebo/models/cage_factory
[5.588s] -- Up-to-date: /home/shdh/enpm663_ws/install/ariac_gazebo/share/ariac_gazebo/models/cage_factory/model.sdf
[5.588s] -- Up-to-date: /home/shdh/enpm663_ws/install/ariac_gazebo/share/ariac_gazebo/models/cage_factory/model.config
[5.589s] -- Up-to-date: /home/shdh/enpm663_ws/install/ariac_gazebo/share/ariac_gazebo/models/cage_factory/meshes
[5.589s] -- Up-to-date: /home/shdh/enpm663_ws/install/ariac_gazebo/share/ariac_gazebo/models/cage_factory/meshes/AM200_025_09_Diffuse.jpg
[5.589s] -- Up-to-date: /home/shdh/enpm663_ws/install/ariac_gazebo/share/ariac_gazebo/models/cage_factory/meshes/AM200_025_06_Diffuse.jpg
[5.590s] -- Up-to-date: /home/shdh/enpm663_ws/install/ariac_gazebo/share/ariac_gazebo/models/cage_factory/meshes/AM200_025_04_Diffuse.jpg
[5.590s] -- Up-to-date: /home/shdh/enpm663_ws/install/ariac_gazebo/share/ariac_gazebo/models/cage_factory/meshes/cage.dae
[5.591s] -- Up-to-date: /home/shdh/enpm663_ws/install/ariac_gazebo/share/ariac_gazebo/models/cage_factory/meshes/AM200_025_01_Diffuse.jpg
[5.591s] -- Up-to-date: /home/shdh/enpm663_ws/install/ariac_gazebo/share/ariac_gazebo/models/cage_factory/meshes/AM200_025_02_Diffuse.jpg
[5.592s] -- Up-to-date: /home/shdh/enpm663_ws/install/ariac_gazebo/share/ariac_gazebo/models/cage_factory/meshes/AM200_025_07_Diffuse.jpg
[5.592s] -- Up-to-date: /home/shdh/enpm663_ws/install/ariac_gazebo/share/ariac_gazebo/models/pump
[5.593s] -- Up-to-date: /home/shdh/enpm663_ws/install/ariac_gazebo/share/ariac_gazebo/models/pump/model.sdf
[5.593s] -- Up-to-date: /home/shdh/enpm663_ws/install/ariac_gazebo/share/ariac_gazebo/models/pump/model.config
[5.594s] -- Up-to-date: /home/shdh/enpm663_ws/install/ariac_gazebo/share/ariac_gazebo/models/pump/meshes
[5.594s] -- Up-to-date: /home/shdh/enpm663_ws/install/ariac_gazebo/share/ariac_gazebo/models/pump/meshes/pump_top_pane.stl
[5.594s] -- Up-to-date: /home/shdh/enpm663_ws/install/ariac_gazebo/share/ariac_gazebo/models/pump/meshes/pump_front_pane.stl
[5.595s] -- Up-to-date: /home/shdh/enpm663_ws/install/ariac_gazebo/share/ariac_gazebo/models/pump/meshes/pump_right_pane.stl
[5.595s] -- Up-to-date: /home/shdh/enpm663_ws/install/ariac_gazebo/share/ariac_gazebo/models/pump/meshes/pump_left_pane.stl
[5.596s] -- Up-to-date: /home/shdh/enpm663_ws/install/ariac_gazebo/share/ariac_gazebo/models/pump/meshes/pump_bottom_pane.stl
[5.596s] -- Up-to-date: /home/shdh/enpm663_ws/install/ariac_gazebo/share/ariac_gazebo/models/pump/meshes/pump_back_pane.stl
[5.597s] -- Up-to-date: /home/shdh/enpm663_ws/install/ariac_gazebo/share/ariac_gazebo/models/pump/meshes/pump_base.stl
[5.600s] -- Up-to-date: /home/shdh/enpm663_ws/install/ariac_gazebo/share/ariac_gazebo/models/pump/meshes/pump_collision.stl
[5.601s] -- Up-to-date: /home/shdh/enpm663_ws/install/ariac_gazebo/share/ariac_gazebo/models/pump/meshes/pump_enclosure.stl
[5.601s] -- Up-to-date: /home/shdh/enpm663_ws/install/ariac_gazebo/share/ariac_gazebo/models/kit_tray
[5.603s] -- Up-to-date: /home/shdh/enpm663_ws/install/ariac_gazebo/share/ariac_gazebo/models/kit_tray/model.sdf
[5.603s] -- Up-to-date: /home/shdh/enpm663_ws/install/ariac_gazebo/share/ariac_gazebo/models/kit_tray/model.config
[5.604s] -- Up-to-date: /home/shdh/enpm663_ws/install/ariac_gazebo/share/ariac_gazebo/models/kit_tray/meshes
[5.604s] -- Up-to-date: /home/shdh/enpm663_ws/install/ariac_gazebo/share/ariac_gazebo/models/kit_tray/meshes/tray_collision.stl
[5.605s] -- Up-to-date: /home/shdh/enpm663_ws/install/ariac_gazebo/share/ariac_gazebo/models/kit_tray/meshes/tape.stl
[5.605s] -- Up-to-date: /home/shdh/enpm663_ws/install/ariac_gazebo/share/ariac_gazebo/models/kit_tray/meshes/tray_base.stl
[5.607s] -- Up-to-date: /home/shdh/enpm663_ws/install/ariac_gazebo/share/ariac_gazebo/models/kit_tray/meshes/markers
[5.607s] -- Up-to-date: /home/shdh/enpm663_ws/install/ariac_gazebo/share/ariac_gazebo/models/kit_tray/meshes/markers/id_04.png
[5.608s] -- Up-to-date: /home/shdh/enpm663_ws/install/ariac_gazebo/share/ariac_gazebo/models/kit_tray/meshes/markers/marker_09.dae
[5.608s] -- Up-to-date: /home/shdh/enpm663_ws/install/ariac_gazebo/share/ariac_gazebo/models/kit_tray/meshes/markers/id_06.png
[5.609s] -- Up-to-date: /home/shdh/enpm663_ws/install/ariac_gazebo/share/ariac_gazebo/models/kit_tray/meshes/markers/marker_03.dae
[5.609s] -- Up-to-date: /home/shdh/enpm663_ws/install/ariac_gazebo/share/ariac_gazebo/models/kit_tray/meshes/markers/id_09.png
[5.610s] -- Up-to-date: /home/shdh/enpm663_ws/install/ariac_gazebo/share/ariac_gazebo/models/kit_tray/meshes/markers/marker_06.dae
[5.610s] -- Up-to-date: /home/shdh/enpm663_ws/install/ariac_gazebo/share/ariac_gazebo/models/kit_tray/meshes/markers/marker_02.dae
[5.611s] -- Up-to-date: /home/shdh/enpm663_ws/install/ariac_gazebo/share/ariac_gazebo/models/kit_tray/meshes/markers/marker_01.dae
[5.612s] -- Up-to-date: /home/shdh/enpm663_ws/install/ariac_gazebo/share/ariac_gazebo/models/kit_tray/meshes/markers/id_07.png
[5.612s] -- Up-to-date: /home/shdh/enpm663_ws/install/ariac_gazebo/share/ariac_gazebo/models/kit_tray/meshes/markers/marker_05.dae
[5.613s] -- Up-to-date: /home/shdh/enpm663_ws/install/ariac_gazebo/share/ariac_gazebo/models/kit_tray/meshes/markers/id_05.png
[5.613s] -- Up-to-date: /home/shdh/enpm663_ws/install/ariac_gazebo/share/ariac_gazebo/models/kit_tray/meshes/markers/id_08.png
[5.613s] -- Up-to-date: /home/shdh/enpm663_ws/install/ariac_gazebo/share/ariac_gazebo/models/kit_tray/meshes/markers/marker_04.dae
[5.614s] -- Up-to-date: /home/shdh/enpm663_ws/install/ariac_gazebo/share/ariac_gazebo/models/kit_tray/meshes/markers/marker_08.dae
[5.614s] -- Up-to-date: /home/shdh/enpm663_ws/install/ariac_gazebo/share/ariac_gazebo/models/kit_tray/meshes/markers/marker_07.dae
[5.615s] -- Up-to-date: /home/shdh/enpm663_ws/install/ariac_gazebo/share/ariac_gazebo/models/kit_tray/meshes/markers/id_00.png
[5.615s] -- Up-to-date: /home/shdh/enpm663_ws/install/ariac_gazebo/share/ariac_gazebo/models/kit_tray/meshes/markers/marker_00.dae
[5.617s] -- Up-to-date: /home/shdh/enpm663_ws/install/ariac_gazebo/share/ariac_gazebo/models/kit_tray/meshes/markers/id_02.png
[5.618s] -- Up-to-date: /home/shdh/enpm663_ws/install/ariac_gazebo/share/ariac_gazebo/models/kit_tray/meshes/markers/id_03.png
[5.618s] -- Up-to-date: /home/shdh/enpm663_ws/install/ariac_gazebo/share/ariac_gazebo/models/kit_tray/meshes/markers/id_01.png
[5.619s] -- Up-to-date: /home/shdh/enpm663_ws/install/ariac_gazebo/share/ariac_gazebo/models/assembly_insert
[5.619s] -- Up-to-date: /home/shdh/enpm663_ws/install/ariac_gazebo/share/ariac_gazebo/models/assembly_insert/model.sdf
[5.620s] -- Up-to-date: /home/shdh/enpm663_ws/install/ariac_gazebo/share/ariac_gazebo/models/assembly_insert/model.config
[5.620s] -- Up-to-date: /home/shdh/enpm663_ws/install/ariac_gazebo/share/ariac_gazebo/models/assembly_insert/meshes
[5.621s] -- Up-to-date: /home/shdh/enpm663_ws/install/ariac_gazebo/share/ariac_gazebo/models/assembly_insert/meshes/pump_contact.stl
[5.621s] -- Up-to-date: /home/shdh/enpm663_ws/install/ariac_gazebo/share/ariac_gazebo/models/assembly_insert/meshes/battery_contact.stl
[5.622s] -- Up-to-date: /home/shdh/enpm663_ws/install/ariac_gazebo/share/ariac_gazebo/models/assembly_insert/meshes/insert_base.stl
[5.622s] -- Up-to-date: /home/shdh/enpm663_ws/install/ariac_gazebo/share/ariac_gazebo/models/assembly_insert/meshes/regulator_contact.stl
[5.623s] -- Up-to-date: /home/shdh/enpm663_ws/install/ariac_gazebo/share/ariac_gazebo/models/assembly_insert/meshes/insert_collision.stl
[5.623s] -- Up-to-date: /home/shdh/enpm663_ws/install/ariac_gazebo/share/ariac_gazebo/models/assembly_insert/meshes/hardware.stl
[5.623s] -- Up-to-date: /home/shdh/enpm663_ws/install/ariac_gazebo/share/ariac_gazebo/models/assembly_insert/meshes/screen.stl
[5.624s] -- Up-to-date: /home/shdh/enpm663_ws/install/ariac_gazebo/share/ariac_gazebo/models/assembly_insert/meshes/mounts.stl
[5.625s] -- Up-to-date: /home/shdh/enpm663_ws/install/ariac_gazebo/share/ariac_gazebo/models/assembly_insert/meshes/pipe_1.stl
[5.625s] -- Up-to-date: /home/shdh/enpm663_ws/install/ariac_gazebo/share/ariac_gazebo/models/assembly_insert/meshes/sensor_contact.stl
[5.625s] -- Up-to-date: /home/shdh/enpm663_ws/install/ariac_gazebo/share/ariac_gazebo/models/assembly_insert/meshes/pipe_2.stl
[5.626s] -- Up-to-date: /home/shdh/enpm663_ws/install/ariac_gazebo/share/ariac_gazebo/models/disposal_bin
[5.626s] -- Up-to-date: /home/shdh/enpm663_ws/install/ariac_gazebo/share/ariac_gazebo/models/disposal_bin/model.sdf
[5.626s] -- Up-to-date: /home/shdh/enpm663_ws/install/ariac_gazebo/share/ariac_gazebo/models/disposal_bin/model.config
[5.627s] -- Up-to-date: /home/shdh/enpm663_ws/install/ariac_gazebo/share/ariac_gazebo/models/disposal_bin/meshes
[5.628s] -- Up-to-date: /home/shdh/enpm663_ws/install/ariac_gazebo/share/ariac_gazebo/models/disposal_bin/meshes/disposal_bin.stl
[5.628s] -- Up-to-date: /home/shdh/enpm663_ws/install/ariac_gazebo/share/ariac_gazebo/worlds
[5.628s] -- Up-to-date: /home/shdh/enpm663_ws/install/ariac_gazebo/share/ariac_gazebo/worlds/ariac.world
[5.629s] -- Up-to-date: /home/shdh/enpm663_ws/install/ariac_gazebo/share/ariac_gazebo/environment/pythonpath.sh
[5.630s] -- Up-to-date: /home/shdh/enpm663_ws/install/ariac_gazebo/share/ariac_gazebo/environment/pythonpath.dsv
[5.630s] -- Up-to-date: /home/shdh/enpm663_ws/install/ariac_gazebo/lib/python3.8/site-packages//ariac_gazebo.egg-info
[5.630s] -- Installing: /home/shdh/enpm663_ws/install/ariac_gazebo/lib/python3.8/site-packages//ariac_gazebo.egg-info/PKG-INFO
[5.631s] -- Installing: /home/shdh/enpm663_ws/install/ariac_gazebo/lib/python3.8/site-packages//ariac_gazebo.egg-info/entry_points.txt
[5.631s] -- Installing: /home/shdh/enpm663_ws/install/ariac_gazebo/lib/python3.8/site-packages//ariac_gazebo.egg-info/top_level.txt
[5.631s] -- Installing: /home/shdh/enpm663_ws/install/ariac_gazebo/lib/python3.8/site-packages//ariac_gazebo.egg-info/SOURCES.txt
[5.631s] -- Installing: /home/shdh/enpm663_ws/install/ariac_gazebo/lib/python3.8/site-packages//ariac_gazebo.egg-info/dependency_links.txt
[5.632s] -- Up-to-date: /home/shdh/enpm663_ws/install/ariac_gazebo/lib/ariac_gazebo/
[5.632s] -- Installing: /home/shdh/enpm663_ws/install/ariac_gazebo/lib/ariac_gazebo//spawner
[5.632s] -- Up-to-date: /home/shdh/enpm663_ws/install/ariac_gazebo/lib/python3.8/site-packages/ariac_gazebo
[5.633s] -- Up-to-date: /home/shdh/enpm663_ws/install/ariac_gazebo/lib/python3.8/site-packages/ariac_gazebo/__init__.py
[5.633s] -- Up-to-date: /home/shdh/enpm663_ws/install/ariac_gazebo/lib/python3.8/site-packages/ariac_gazebo/environment_startup.py
[5.633s] -- Up-to-date: /home/shdh/enpm663_ws/install/ariac_gazebo/lib/python3.8/site-packages/ariac_gazebo/tf_broadcaster.py
[5.633s] -- Up-to-date: /home/shdh/enpm663_ws/install/ariac_gazebo/lib/python3.8/site-packages/ariac_gazebo/tf2_geometry_msgs.py
[5.634s] -- Up-to-date: /home/shdh/enpm663_ws/install/ariac_gazebo/lib/python3.8/site-packages/ariac_gazebo/utilities.py
[5.636s] -- Up-to-date: /home/shdh/enpm663_ws/install/ariac_gazebo/lib/python3.8/site-packages/ariac_gazebo/spawn_params.py
[5.650s] Listing '/home/shdh/enpm663_ws/install/ariac_gazebo/lib/python3.8/site-packages/ariac_gazebo'...
[5.651s] -- Up-to-date: /home/shdh/enpm663_ws/install/ariac_gazebo/lib/ariac_gazebo/environment_startup_node.py
[5.652s] -- Up-to-date: /home/shdh/enpm663_ws/install/ariac_gazebo/lib/ariac_gazebo/robot_controller_switcher_node.py
[5.652s] -- Up-to-date: /home/shdh/enpm663_ws/install/ariac_gazebo/lib/ariac_gazebo/sensor_tf_broadcaster.py
[5.655s] -- Up-to-date: /home/shdh/enpm663_ws/install/ariac_gazebo/lib/ariac_gazebo/object_tf_broadcaster.py
[5.656s] -- Up-to-date: /home/shdh/enpm663_ws/install/ariac_gazebo/lib/ariac_gazebo/part_spawner.py
[5.657s] -- Up-to-date: /home/shdh/enpm663_ws/install/ariac_gazebo/share/ament_index/resource_index/package_run_dependencies/ariac_gazebo
[5.657s] -- Up-to-date: /home/shdh/enpm663_ws/install/ariac_gazebo/share/ament_index/resource_index/parent_prefix_path/ariac_gazebo
[5.658s] -- Up-to-date: /home/shdh/enpm663_ws/install/ariac_gazebo/share/ariac_gazebo/environment/ament_prefix_path.sh
[5.659s] -- Up-to-date: /home/shdh/enpm663_ws/install/ariac_gazebo/share/ariac_gazebo/environment/ament_prefix_path.dsv
[5.660s] -- Up-to-date: /home/shdh/enpm663_ws/install/ariac_gazebo/share/ariac_gazebo/environment/path.sh
[5.660s] -- Up-to-date: /home/shdh/enpm663_ws/install/ariac_gazebo/share/ariac_gazebo/environment/path.dsv
[5.662s] -- Up-to-date: /home/shdh/enpm663_ws/install/ariac_gazebo/share/ariac_gazebo/local_setup.bash
[5.663s] -- Up-to-date: /home/shdh/enpm663_ws/install/ariac_gazebo/share/ariac_gazebo/local_setup.sh
[5.665s] -- Up-to-date: /home/shdh/enpm663_ws/install/ariac_gazebo/share/ariac_gazebo/local_setup.zsh
[5.666s] -- Up-to-date: /home/shdh/enpm663_ws/install/ariac_gazebo/share/ariac_gazebo/local_setup.dsv
[5.668s] -- Installing: /home/shdh/enpm663_ws/install/ariac_gazebo/share/ariac_gazebo/package.dsv
[5.670s] -- Up-to-date: /home/shdh/enpm663_ws/install/ariac_gazebo/share/ament_index/resource_index/packages/ariac_gazebo
[5.671s] -- Up-to-date: /home/shdh/enpm663_ws/install/ariac_gazebo/share/ariac_gazebo/cmake/ariac_gazeboConfig.cmake
[5.672s] -- Up-to-date: /home/shdh/enpm663_ws/install/ariac_gazebo/share/ariac_gazebo/cmake/ariac_gazeboConfig-version.cmake
[5.673s] -- Up-to-date: /home/shdh/enpm663_ws/install/ariac_gazebo/share/ariac_gazebo/package.xml
[6.270s] Invoked command in '/home/shdh/enpm663_ws/build/ariac_gazebo' returned '0': CMAKE_PREFIX_PATH=${CMAKE_PREFIX_PATH}:/home/shdh/enpm663_ws/install/exercise3:/home/shdh/enpm663_ws/install/exercise2:/home/shdh/enpm663_ws/install/exercise1:/home/shdh/enpm663_ws/install/ariac_gui:/opt/ros/galactic /usr/bin/cmake --install /home/shdh/enpm663_ws/build/ariac_gazebo
