[5.973s] DEBUG:colcon:Command line arguments: ['/usr/bin/colcon', 'build', '--packages-select', 'exercise3']
[5.973s] DEBUG:colcon:Parsed command line arguments: Namespace(allow_overriding=[], ament_cmake_args=None, base_paths=['.'], build_base='build', catkin_cmake_args=None, catkin_skip_building_tests=False, cmake_args=None, cmake_clean_cache=False, cmake_clean_first=False, cmake_force_configure=False, cmake_target=None, cmake_target_skip_unavailable=False, continue_on_error=False, event_handlers=None, executor='parallel', ignore_user_meta=False, install_base='install', log_base=None, log_level=None, main=<bound method BuildVerb.main of <colcon_core.verb.build.BuildVerb object at 0x7f76211bb910>>, merge_install=False, metas=['./colcon.meta'], packages_above=None, packages_above_and_dependencies=None, packages_above_depth=None, packages_end=None, packages_ignore=None, packages_ignore_regex=None, packages_select=['exercise3'], packages_select_build_failed=False, packages_select_by_dep=None, packages_select_regex=None, packages_select_test_failures=False, packages_skip=None, packages_skip_build_finished=False, packages_skip_by_dep=None, packages_skip_regex=None, packages_skip_test_passed=False, packages_skip_up_to=None, packages_start=None, packages_up_to=None, packages_up_to_regex=None, parallel_workers=12, paths=None, symlink_install=False, test_result_base=None, verb_extension=<colcon_core.verb.build.BuildVerb object at 0x7f76211bb910>, verb_name='build', verb_parser=<colcon_defaults.argument_parser.defaults.DefaultArgumentsDecorator object at 0x7f7620e54130>)
[6.208s] Level 1:colcon.colcon_core.package_discovery:discover_packages(colcon_meta) check parameters
[6.208s] Level 1:colcon.colcon_core.package_discovery:discover_packages(recursive) check parameters
[6.208s] Level 1:colcon.colcon_core.package_discovery:discover_packages(ignore) check parameters
[6.208s] Level 1:colcon.colcon_core.package_discovery:discover_packages(path) check parameters
[6.208s] Level 1:colcon.colcon_core.package_discovery:discover_packages(colcon_meta) discover
[6.208s] Level 1:colcon.colcon_core.package_discovery:discover_packages(recursive) discover
[6.208s] INFO:colcon.colcon_core.package_discovery:Crawling recursively for packages in '/home/shdh/enpm663_ws'
[6.208s] Level 1:colcon.colcon_core.package_identification:_identify(.) by extensions ['ignore', 'ignore_ament_install']
[6.209s] Level 1:colcon.colcon_core.package_identification:_identify(.) by extension 'ignore'
[6.209s] Level 1:colcon.colcon_core.package_identification:_identify(.) by extension 'ignore_ament_install'
[6.209s] Level 1:colcon.colcon_core.package_identification:_identify(.) by extensions ['colcon_pkg']
[6.209s] Level 1:colcon.colcon_core.package_identification:_identify(.) by extension 'colcon_pkg'
[6.209s] Level 1:colcon.colcon_core.package_identification:_identify(.) by extensions ['colcon_meta']
[6.209s] Level 1:colcon.colcon_core.package_identification:_identify(.) by extension 'colcon_meta'
[6.209s] Level 1:colcon.colcon_core.package_identification:_identify(.) by extensions ['ros']
[6.209s] Level 1:colcon.colcon_core.package_identification:_identify(.) by extension 'ros'
[6.217s] Level 1:colcon.colcon_core.package_identification:_identify(.) by extensions ['cmake', 'python']
[6.217s] Level 1:colcon.colcon_core.package_identification:_identify(.) by extension 'cmake'
[6.217s] Level 1:colcon.colcon_core.package_identification:_identify(.) by extension 'python'
[6.217s] Level 1:colcon.colcon_core.package_identification:_identify(.) by extensions ['python_setup_py']
[6.217s] Level 1:colcon.colcon_core.package_identification:_identify(.) by extension 'python_setup_py'
[6.218s] Level 1:colcon.colcon_core.package_identification:_identify(build) by extensions ['ignore', 'ignore_ament_install']
[6.218s] Level 1:colcon.colcon_core.package_identification:_identify(build) by extension 'ignore'
[6.218s] Level 1:colcon.colcon_core.package_identification:_identify(build) ignored
[6.218s] Level 1:colcon.colcon_core.package_identification:_identify(install) by extensions ['ignore', 'ignore_ament_install']
[6.218s] Level 1:colcon.colcon_core.package_identification:_identify(install) by extension 'ignore'
[6.218s] Level 1:colcon.colcon_core.package_identification:_identify(install) ignored
[6.218s] Level 1:colcon.colcon_core.package_identification:_identify(log) by extensions ['ignore', 'ignore_ament_install']
[6.218s] Level 1:colcon.colcon_core.package_identification:_identify(log) by extension 'ignore'
[6.218s] Level 1:colcon.colcon_core.package_identification:_identify(log) ignored
[6.218s] Level 1:colcon.colcon_core.package_identification:_identify(src) by extensions ['ignore', 'ignore_ament_install']
[6.218s] Level 1:colcon.colcon_core.package_identification:_identify(src) by extension 'ignore'
[6.218s] Level 1:colcon.colcon_core.package_identification:_identify(src) by extension 'ignore_ament_install'
[6.218s] Level 1:colcon.colcon_core.package_identification:_identify(src) by extensions ['colcon_pkg']
[6.218s] Level 1:colcon.colcon_core.package_identification:_identify(src) by extension 'colcon_pkg'
[6.218s] Level 1:colcon.colcon_core.package_identification:_identify(src) by extensions ['colcon_meta']
[6.218s] Level 1:colcon.colcon_core.package_identification:_identify(src) by extension 'colcon_meta'
[6.219s] Level 1:colcon.colcon_core.package_identification:_identify(src) by extensions ['ros']
[6.219s] Level 1:colcon.colcon_core.package_identification:_identify(src) by extension 'ros'
[6.219s] Level 1:colcon.colcon_core.package_identification:_identify(src) by extensions ['cmake', 'python']
[6.219s] Level 1:colcon.colcon_core.package_identification:_identify(src) by extension 'cmake'
[6.219s] Level 1:colcon.colcon_core.package_identification:_identify(src) by extension 'python'
[6.219s] Level 1:colcon.colcon_core.package_identification:_identify(src) by extensions ['python_setup_py']
[6.219s] Level 1:colcon.colcon_core.package_identification:_identify(src) by extension 'python_setup_py'
[6.219s] Level 1:colcon.colcon_core.package_identification:_identify(src/ariac) by extensions ['ignore', 'ignore_ament_install']
[6.219s] Level 1:colcon.colcon_core.package_identification:_identify(src/ariac) by extension 'ignore'
[6.219s] Level 1:colcon.colcon_core.package_identification:_identify(src/ariac) by extension 'ignore_ament_install'
[6.219s] Level 1:colcon.colcon_core.package_identification:_identify(src/ariac) by extensions ['colcon_pkg']
[6.219s] Level 1:colcon.colcon_core.package_identification:_identify(src/ariac) by extension 'colcon_pkg'
[6.219s] Level 1:colcon.colcon_core.package_identification:_identify(src/ariac) by extensions ['colcon_meta']
[6.219s] Level 1:colcon.colcon_core.package_identification:_identify(src/ariac) by extension 'colcon_meta'
[6.219s] Level 1:colcon.colcon_core.package_identification:_identify(src/ariac) by extensions ['ros']
[6.219s] Level 1:colcon.colcon_core.package_identification:_identify(src/ariac) by extension 'ros'
[6.219s] Level 1:colcon.colcon_core.package_identification:_identify(src/ariac) by extensions ['cmake', 'python']
[6.219s] Level 1:colcon.colcon_core.package_identification:_identify(src/ariac) by extension 'cmake'
[6.220s] Level 1:colcon.colcon_core.package_identification:_identify(src/ariac) by extension 'python'
[6.220s] Level 1:colcon.colcon_core.package_identification:_identify(src/ariac) by extensions ['python_setup_py']
[6.220s] Level 1:colcon.colcon_core.package_identification:_identify(src/ariac) by extension 'python_setup_py'
[6.220s] Level 1:colcon.colcon_core.package_identification:_identify(src/ariac/ariac_description) by extensions ['ignore', 'ignore_ament_install']
[6.220s] Level 1:colcon.colcon_core.package_identification:_identify(src/ariac/ariac_description) by extension 'ignore'
[6.220s] Level 1:colcon.colcon_core.package_identification:_identify(src/ariac/ariac_description) by extension 'ignore_ament_install'
[6.220s] Level 1:colcon.colcon_core.package_identification:_identify(src/ariac/ariac_description) by extensions ['colcon_pkg']
[6.220s] Level 1:colcon.colcon_core.package_identification:_identify(src/ariac/ariac_description) by extension 'colcon_pkg'
[6.220s] Level 1:colcon.colcon_core.package_identification:_identify(src/ariac/ariac_description) by extensions ['colcon_meta']
[6.220s] Level 1:colcon.colcon_core.package_identification:_identify(src/ariac/ariac_description) by extension 'colcon_meta'
[6.220s] Level 1:colcon.colcon_core.package_identification:_identify(src/ariac/ariac_description) by extensions ['ros']
[6.220s] Level 1:colcon.colcon_core.package_identification:_identify(src/ariac/ariac_description) by extension 'ros'
[6.222s] DEBUG:colcon.colcon_core.package_identification:Package 'src/ariac/ariac_description' with type 'ros.ament_cmake' and name 'ariac_description'
[6.222s] Level 1:colcon.colcon_core.package_identification:_identify(src/ariac/ariac_gazebo) by extensions ['ignore', 'ignore_ament_install']
[6.222s] Level 1:colcon.colcon_core.package_identification:_identify(src/ariac/ariac_gazebo) by extension 'ignore'
[6.222s] Level 1:colcon.colcon_core.package_identification:_identify(src/ariac/ariac_gazebo) by extension 'ignore_ament_install'
[6.222s] Level 1:colcon.colcon_core.package_identification:_identify(src/ariac/ariac_gazebo) by extensions ['colcon_pkg']
[6.222s] Level 1:colcon.colcon_core.package_identification:_identify(src/ariac/ariac_gazebo) by extension 'colcon_pkg'
[6.222s] Level 1:colcon.colcon_core.package_identification:_identify(src/ariac/ariac_gazebo) by extensions ['colcon_meta']
[6.222s] Level 1:colcon.colcon_core.package_identification:_identify(src/ariac/ariac_gazebo) by extension 'colcon_meta'
[6.222s] Level 1:colcon.colcon_core.package_identification:_identify(src/ariac/ariac_gazebo) by extensions ['ros']
[6.222s] Level 1:colcon.colcon_core.package_identification:_identify(src/ariac/ariac_gazebo) by extension 'ros'
[6.223s] DEBUG:colcon.colcon_core.package_identification:Package 'src/ariac/ariac_gazebo' with type 'ros.ament_cmake' and name 'ariac_gazebo'
[6.223s] Level 1:colcon.colcon_core.package_identification:_identify(src/ariac/ariac_gui) by extensions ['ignore', 'ignore_ament_install']
[6.223s] Level 1:colcon.colcon_core.package_identification:_identify(src/ariac/ariac_gui) by extension 'ignore'
[6.223s] Level 1:colcon.colcon_core.package_identification:_identify(src/ariac/ariac_gui) by extension 'ignore_ament_install'
[6.223s] Level 1:colcon.colcon_core.package_identification:_identify(src/ariac/ariac_gui) by extensions ['colcon_pkg']
[6.223s] Level 1:colcon.colcon_core.package_identification:_identify(src/ariac/ariac_gui) by extension 'colcon_pkg'
[6.223s] Level 1:colcon.colcon_core.package_identification:_identify(src/ariac/ariac_gui) by extensions ['colcon_meta']
[6.224s] Level 1:colcon.colcon_core.package_identification:_identify(src/ariac/ariac_gui) by extension 'colcon_meta'
[6.224s] Level 1:colcon.colcon_core.package_identification:_identify(src/ariac/ariac_gui) by extensions ['ros']
[6.224s] Level 1:colcon.colcon_core.package_identification:_identify(src/ariac/ariac_gui) by extension 'ros'
[6.224s] DEBUG:colcon.colcon_core.package_identification:Package 'src/ariac/ariac_gui' with type 'ros.ament_python' and name 'ariac_gui'
[6.224s] Level 1:colcon.colcon_core.package_identification:_identify(src/ariac/ariac_human) by extensions ['ignore', 'ignore_ament_install']
[6.224s] Level 1:colcon.colcon_core.package_identification:_identify(src/ariac/ariac_human) by extension 'ignore'
[6.224s] Level 1:colcon.colcon_core.package_identification:_identify(src/ariac/ariac_human) by extension 'ignore_ament_install'
[6.224s] Level 1:colcon.colcon_core.package_identification:_identify(src/ariac/ariac_human) by extensions ['colcon_pkg']
[6.224s] Level 1:colcon.colcon_core.package_identification:_identify(src/ariac/ariac_human) by extension 'colcon_pkg'
[6.224s] Level 1:colcon.colcon_core.package_identification:_identify(src/ariac/ariac_human) by extensions ['colcon_meta']
[6.224s] Level 1:colcon.colcon_core.package_identification:_identify(src/ariac/ariac_human) by extension 'colcon_meta'
[6.224s] Level 1:colcon.colcon_core.package_identification:_identify(src/ariac/ariac_human) by extensions ['ros']
[6.224s] Level 1:colcon.colcon_core.package_identification:_identify(src/ariac/ariac_human) by extension 'ros'
[6.225s] DEBUG:colcon.colcon_core.package_identification:Package 'src/ariac/ariac_human' with type 'ros.ament_cmake' and name 'ariac_human'
[6.226s] Level 1:colcon.colcon_core.package_identification:_identify(src/ariac/ariac_moveit_config) by extensions ['ignore', 'ignore_ament_install']
[6.226s] Level 1:colcon.colcon_core.package_identification:_identify(src/ariac/ariac_moveit_config) by extension 'ignore'
[6.226s] Level 1:colcon.colcon_core.package_identification:_identify(src/ariac/ariac_moveit_config) by extension 'ignore_ament_install'
[6.226s] Level 1:colcon.colcon_core.package_identification:_identify(src/ariac/ariac_moveit_config) by extensions ['colcon_pkg']
[6.226s] Level 1:colcon.colcon_core.package_identification:_identify(src/ariac/ariac_moveit_config) by extension 'colcon_pkg'
[6.226s] Level 1:colcon.colcon_core.package_identification:_identify(src/ariac/ariac_moveit_config) by extensions ['colcon_meta']
[6.226s] Level 1:colcon.colcon_core.package_identification:_identify(src/ariac/ariac_moveit_config) by extension 'colcon_meta'
[6.226s] Level 1:colcon.colcon_core.package_identification:_identify(src/ariac/ariac_moveit_config) by extensions ['ros']
[6.226s] Level 1:colcon.colcon_core.package_identification:_identify(src/ariac/ariac_moveit_config) by extension 'ros'
[6.227s] DEBUG:colcon.colcon_core.package_identification:Package 'src/ariac/ariac_moveit_config' with type 'ros.ament_cmake' and name 'ariac_moveit_config'
[6.227s] Level 1:colcon.colcon_core.package_identification:_identify(src/ariac/ariac_msgs) by extensions ['ignore', 'ignore_ament_install']
[6.227s] Level 1:colcon.colcon_core.package_identification:_identify(src/ariac/ariac_msgs) by extension 'ignore'
[6.227s] Level 1:colcon.colcon_core.package_identification:_identify(src/ariac/ariac_msgs) by extension 'ignore_ament_install'
[6.227s] Level 1:colcon.colcon_core.package_identification:_identify(src/ariac/ariac_msgs) by extensions ['colcon_pkg']
[6.227s] Level 1:colcon.colcon_core.package_identification:_identify(src/ariac/ariac_msgs) by extension 'colcon_pkg'
[6.227s] Level 1:colcon.colcon_core.package_identification:_identify(src/ariac/ariac_msgs) by extensions ['colcon_meta']
[6.227s] Level 1:colcon.colcon_core.package_identification:_identify(src/ariac/ariac_msgs) by extension 'colcon_meta'
[6.227s] Level 1:colcon.colcon_core.package_identification:_identify(src/ariac/ariac_msgs) by extensions ['ros']
[6.227s] Level 1:colcon.colcon_core.package_identification:_identify(src/ariac/ariac_msgs) by extension 'ros'
[6.228s] DEBUG:colcon.colcon_core.package_identification:Package 'src/ariac/ariac_msgs' with type 'ros.ament_cmake' and name 'ariac_msgs'
[6.228s] Level 1:colcon.colcon_core.package_identification:_identify(src/ariac/ariac_plugins) by extensions ['ignore', 'ignore_ament_install']
[6.228s] Level 1:colcon.colcon_core.package_identification:_identify(src/ariac/ariac_plugins) by extension 'ignore'
[6.228s] Level 1:colcon.colcon_core.package_identification:_identify(src/ariac/ariac_plugins) by extension 'ignore_ament_install'
[6.228s] Level 1:colcon.colcon_core.package_identification:_identify(src/ariac/ariac_plugins) by extensions ['colcon_pkg']
[6.228s] Level 1:colcon.colcon_core.package_identification:_identify(src/ariac/ariac_plugins) by extension 'colcon_pkg'
[6.228s] Level 1:colcon.colcon_core.package_identification:_identify(src/ariac/ariac_plugins) by extensions ['colcon_meta']
[6.228s] Level 1:colcon.colcon_core.package_identification:_identify(src/ariac/ariac_plugins) by extension 'colcon_meta'
[6.228s] Level 1:colcon.colcon_core.package_identification:_identify(src/ariac/ariac_plugins) by extensions ['ros']
[6.228s] Level 1:colcon.colcon_core.package_identification:_identify(src/ariac/ariac_plugins) by extension 'ros'
[6.229s] DEBUG:colcon.colcon_core.package_identification:Package 'src/ariac/ariac_plugins' with type 'ros.ament_cmake' and name 'ariac_plugins'
[6.229s] Level 1:colcon.colcon_core.package_identification:_identify(src/ariac/ariac_sensors) by extensions ['ignore', 'ignore_ament_install']
[6.229s] Level 1:colcon.colcon_core.package_identification:_identify(src/ariac/ariac_sensors) by extension 'ignore'
[6.229s] Level 1:colcon.colcon_core.package_identification:_identify(src/ariac/ariac_sensors) by extension 'ignore_ament_install'
[6.229s] Level 1:colcon.colcon_core.package_identification:_identify(src/ariac/ariac_sensors) by extensions ['colcon_pkg']
[6.229s] Level 1:colcon.colcon_core.package_identification:_identify(src/ariac/ariac_sensors) by extension 'colcon_pkg'
[6.229s] Level 1:colcon.colcon_core.package_identification:_identify(src/ariac/ariac_sensors) by extensions ['colcon_meta']
[6.229s] Level 1:colcon.colcon_core.package_identification:_identify(src/ariac/ariac_sensors) by extension 'colcon_meta'
[6.229s] Level 1:colcon.colcon_core.package_identification:_identify(src/ariac/ariac_sensors) by extensions ['ros']
[6.229s] Level 1:colcon.colcon_core.package_identification:_identify(src/ariac/ariac_sensors) by extension 'ros'
[6.235s] DEBUG:colcon.colcon_core.package_identification:Package 'src/ariac/ariac_sensors' with type 'ros.ament_cmake' and name 'ariac_sensors'
[6.236s] Level 1:colcon.colcon_core.package_identification:_identify(src/ariac/automated_evaluation) by extensions ['ignore', 'ignore_ament_install']
[6.236s] Level 1:colcon.colcon_core.package_identification:_identify(src/ariac/automated_evaluation) by extension 'ignore'
[6.236s] Level 1:colcon.colcon_core.package_identification:_identify(src/ariac/automated_evaluation) by extension 'ignore_ament_install'
[6.236s] Level 1:colcon.colcon_core.package_identification:_identify(src/ariac/automated_evaluation) by extensions ['colcon_pkg']
[6.236s] Level 1:colcon.colcon_core.package_identification:_identify(src/ariac/automated_evaluation) by extension 'colcon_pkg'
[6.236s] Level 1:colcon.colcon_core.package_identification:_identify(src/ariac/automated_evaluation) by extensions ['colcon_meta']
[6.236s] Level 1:colcon.colcon_core.package_identification:_identify(src/ariac/automated_evaluation) by extension 'colcon_meta'
[6.236s] Level 1:colcon.colcon_core.package_identification:_identify(src/ariac/automated_evaluation) by extensions ['ros']
[6.236s] Level 1:colcon.colcon_core.package_identification:_identify(src/ariac/automated_evaluation) by extension 'ros'
[6.236s] Level 1:colcon.colcon_core.package_identification:_identify(src/ariac/automated_evaluation) by extensions ['cmake', 'python']
[6.236s] Level 1:colcon.colcon_core.package_identification:_identify(src/ariac/automated_evaluation) by extension 'cmake'
[6.236s] Level 1:colcon.colcon_core.package_identification:_identify(src/ariac/automated_evaluation) by extension 'python'
[6.236s] Level 1:colcon.colcon_core.package_identification:_identify(src/ariac/automated_evaluation) by extensions ['python_setup_py']
[6.236s] Level 1:colcon.colcon_core.package_identification:_identify(src/ariac/automated_evaluation) by extension 'python_setup_py'
[6.236s] Level 1:colcon.colcon_core.package_identification:_identify(src/ariac/automated_evaluation/competitor_build_scripts) by extensions ['ignore', 'ignore_ament_install']
[6.236s] Level 1:colcon.colcon_core.package_identification:_identify(src/ariac/automated_evaluation/competitor_build_scripts) by extension 'ignore'
[6.236s] Level 1:colcon.colcon_core.package_identification:_identify(src/ariac/automated_evaluation/competitor_build_scripts) by extension 'ignore_ament_install'
[6.237s] Level 1:colcon.colcon_core.package_identification:_identify(src/ariac/automated_evaluation/competitor_build_scripts) by extensions ['colcon_pkg']
[6.237s] Level 1:colcon.colcon_core.package_identification:_identify(src/ariac/automated_evaluation/competitor_build_scripts) by extension 'colcon_pkg'
[6.237s] Level 1:colcon.colcon_core.package_identification:_identify(src/ariac/automated_evaluation/competitor_build_scripts) by extensions ['colcon_meta']
[6.237s] Level 1:colcon.colcon_core.package_identification:_identify(src/ariac/automated_evaluation/competitor_build_scripts) by extension 'colcon_meta'
[6.237s] Level 1:colcon.colcon_core.package_identification:_identify(src/ariac/automated_evaluation/competitor_build_scripts) by extensions ['ros']
[6.237s] Level 1:colcon.colcon_core.package_identification:_identify(src/ariac/automated_evaluation/competitor_build_scripts) by extension 'ros'
[6.237s] Level 1:colcon.colcon_core.package_identification:_identify(src/ariac/automated_evaluation/competitor_build_scripts) by extensions ['cmake', 'python']
[6.237s] Level 1:colcon.colcon_core.package_identification:_identify(src/ariac/automated_evaluation/competitor_build_scripts) by extension 'cmake'
[6.237s] Level 1:colcon.colcon_core.package_identification:_identify(src/ariac/automated_evaluation/competitor_build_scripts) by extension 'python'
[6.237s] Level 1:colcon.colcon_core.package_identification:_identify(src/ariac/automated_evaluation/competitor_build_scripts) by extensions ['python_setup_py']
[6.237s] Level 1:colcon.colcon_core.package_identification:_identify(src/ariac/automated_evaluation/competitor_build_scripts) by extension 'python_setup_py'
[6.237s] Level 1:colcon.colcon_core.package_identification:_identify(src/ariac/automated_evaluation/scripts) by extensions ['ignore', 'ignore_ament_install']
[6.237s] Level 1:colcon.colcon_core.package_identification:_identify(src/ariac/automated_evaluation/scripts) by extension 'ignore'
[6.237s] Level 1:colcon.colcon_core.package_identification:_identify(src/ariac/automated_evaluation/scripts) by extension 'ignore_ament_install'
[6.237s] Level 1:colcon.colcon_core.package_identification:_identify(src/ariac/automated_evaluation/scripts) by extensions ['colcon_pkg']
[6.237s] Level 1:colcon.colcon_core.package_identification:_identify(src/ariac/automated_evaluation/scripts) by extension 'colcon_pkg'
[6.237s] Level 1:colcon.colcon_core.package_identification:_identify(src/ariac/automated_evaluation/scripts) by extensions ['colcon_meta']
[6.237s] Level 1:colcon.colcon_core.package_identification:_identify(src/ariac/automated_evaluation/scripts) by extension 'colcon_meta'
[6.237s] Level 1:colcon.colcon_core.package_identification:_identify(src/ariac/automated_evaluation/scripts) by extensions ['ros']
[6.237s] Level 1:colcon.colcon_core.package_identification:_identify(src/ariac/automated_evaluation/scripts) by extension 'ros'
[6.238s] Level 1:colcon.colcon_core.package_identification:_identify(src/ariac/automated_evaluation/scripts) by extensions ['cmake', 'python']
[6.238s] Level 1:colcon.colcon_core.package_identification:_identify(src/ariac/automated_evaluation/scripts) by extension 'cmake'
[6.238s] Level 1:colcon.colcon_core.package_identification:_identify(src/ariac/automated_evaluation/scripts) by extension 'python'
[6.238s] Level 1:colcon.colcon_core.package_identification:_identify(src/ariac/automated_evaluation/scripts) by extensions ['python_setup_py']
[6.238s] Level 1:colcon.colcon_core.package_identification:_identify(src/ariac/automated_evaluation/scripts) by extension 'python_setup_py'
[6.238s] Level 1:colcon.colcon_core.package_identification:_identify(src/ariac/automated_evaluation/trials) by extensions ['ignore', 'ignore_ament_install']
[6.238s] Level 1:colcon.colcon_core.package_identification:_identify(src/ariac/automated_evaluation/trials) by extension 'ignore'
[6.238s] Level 1:colcon.colcon_core.package_identification:_identify(src/ariac/automated_evaluation/trials) by extension 'ignore_ament_install'
[6.238s] Level 1:colcon.colcon_core.package_identification:_identify(src/ariac/automated_evaluation/trials) by extensions ['colcon_pkg']
[6.238s] Level 1:colcon.colcon_core.package_identification:_identify(src/ariac/automated_evaluation/trials) by extension 'colcon_pkg'
[6.238s] Level 1:colcon.colcon_core.package_identification:_identify(src/ariac/automated_evaluation/trials) by extensions ['colcon_meta']
[6.238s] Level 1:colcon.colcon_core.package_identification:_identify(src/ariac/automated_evaluation/trials) by extension 'colcon_meta'
[6.238s] Level 1:colcon.colcon_core.package_identification:_identify(src/ariac/automated_evaluation/trials) by extensions ['ros']
[6.238s] Level 1:colcon.colcon_core.package_identification:_identify(src/ariac/automated_evaluation/trials) by extension 'ros'
[6.238s] Level 1:colcon.colcon_core.package_identification:_identify(src/ariac/automated_evaluation/trials) by extensions ['cmake', 'python']
[6.238s] Level 1:colcon.colcon_core.package_identification:_identify(src/ariac/automated_evaluation/trials) by extension 'cmake'
[6.238s] Level 1:colcon.colcon_core.package_identification:_identify(src/ariac/automated_evaluation/trials) by extension 'python'
[6.238s] Level 1:colcon.colcon_core.package_identification:_identify(src/ariac/automated_evaluation/trials) by extensions ['python_setup_py']
[6.238s] Level 1:colcon.colcon_core.package_identification:_identify(src/ariac/automated_evaluation/trials) by extension 'python_setup_py'
[6.238s] Level 1:colcon.colcon_core.package_identification:_identify(src/ariac/docs) by extensions ['ignore', 'ignore_ament_install']
[6.239s] Level 1:colcon.colcon_core.package_identification:_identify(src/ariac/docs) by extension 'ignore'
[6.239s] Level 1:colcon.colcon_core.package_identification:_identify(src/ariac/docs) by extension 'ignore_ament_install'
[6.239s] Level 1:colcon.colcon_core.package_identification:_identify(src/ariac/docs) by extensions ['colcon_pkg']
[6.239s] Level 1:colcon.colcon_core.package_identification:_identify(src/ariac/docs) by extension 'colcon_pkg'
[6.239s] Level 1:colcon.colcon_core.package_identification:_identify(src/ariac/docs) by extensions ['colcon_meta']
[6.239s] Level 1:colcon.colcon_core.package_identification:_identify(src/ariac/docs) by extension 'colcon_meta'
[6.239s] Level 1:colcon.colcon_core.package_identification:_identify(src/ariac/docs) by extensions ['ros']
[6.239s] Level 1:colcon.colcon_core.package_identification:_identify(src/ariac/docs) by extension 'ros'
[6.239s] Level 1:colcon.colcon_core.package_identification:_identify(src/ariac/docs) by extensions ['cmake', 'python']
[6.239s] Level 1:colcon.colcon_core.package_identification:_identify(src/ariac/docs) by extension 'cmake'
[6.239s] Level 1:colcon.colcon_core.package_identification:_identify(src/ariac/docs) by extension 'python'
[6.239s] Level 1:colcon.colcon_core.package_identification:_identify(src/ariac/docs) by extensions ['python_setup_py']
[6.239s] Level 1:colcon.colcon_core.package_identification:_identify(src/ariac/docs) by extension 'python_setup_py'
[6.239s] Level 1:colcon.colcon_core.package_identification:_identify(src/ariac/docs/automated_evaluation) by extensions ['ignore', 'ignore_ament_install']
[6.239s] Level 1:colcon.colcon_core.package_identification:_identify(src/ariac/docs/automated_evaluation) by extension 'ignore'
[6.239s] Level 1:colcon.colcon_core.package_identification:_identify(src/ariac/docs/automated_evaluation) by extension 'ignore_ament_install'
[6.239s] Level 1:colcon.colcon_core.package_identification:_identify(src/ariac/docs/automated_evaluation) by extensions ['colcon_pkg']
[6.239s] Level 1:colcon.colcon_core.package_identification:_identify(src/ariac/docs/automated_evaluation) by extension 'colcon_pkg'
[6.239s] Level 1:colcon.colcon_core.package_identification:_identify(src/ariac/docs/automated_evaluation) by extensions ['colcon_meta']
[6.239s] Level 1:colcon.colcon_core.package_identification:_identify(src/ariac/docs/automated_evaluation) by extension 'colcon_meta'
[6.239s] Level 1:colcon.colcon_core.package_identification:_identify(src/ariac/docs/automated_evaluation) by extensions ['ros']
[6.239s] Level 1:colcon.colcon_core.package_identification:_identify(src/ariac/docs/automated_evaluation) by extension 'ros'
[6.239s] Level 1:colcon.colcon_core.package_identification:_identify(src/ariac/docs/automated_evaluation) by extensions ['cmake', 'python']
[6.239s] Level 1:colcon.colcon_core.package_identification:_identify(src/ariac/docs/automated_evaluation) by extension 'cmake'
[6.239s] Level 1:colcon.colcon_core.package_identification:_identify(src/ariac/docs/automated_evaluation) by extension 'python'
[6.240s] Level 1:colcon.colcon_core.package_identification:_identify(src/ariac/docs/automated_evaluation) by extensions ['python_setup_py']
[6.240s] Level 1:colcon.colcon_core.package_identification:_identify(src/ariac/docs/automated_evaluation) by extension 'python_setup_py'
[6.240s] Level 1:colcon.colcon_core.package_identification:_identify(src/ariac/docs/competition) by extensions ['ignore', 'ignore_ament_install']
[6.240s] Level 1:colcon.colcon_core.package_identification:_identify(src/ariac/docs/competition) by extension 'ignore'
[6.240s] Level 1:colcon.colcon_core.package_identification:_identify(src/ariac/docs/competition) by extension 'ignore_ament_install'
[6.240s] Level 1:colcon.colcon_core.package_identification:_identify(src/ariac/docs/competition) by extensions ['colcon_pkg']
[6.240s] Level 1:colcon.colcon_core.package_identification:_identify(src/ariac/docs/competition) by extension 'colcon_pkg'
[6.240s] Level 1:colcon.colcon_core.package_identification:_identify(src/ariac/docs/competition) by extensions ['colcon_meta']
[6.240s] Level 1:colcon.colcon_core.package_identification:_identify(src/ariac/docs/competition) by extension 'colcon_meta'
[6.240s] Level 1:colcon.colcon_core.package_identification:_identify(src/ariac/docs/competition) by extensions ['ros']
[6.240s] Level 1:colcon.colcon_core.package_identification:_identify(src/ariac/docs/competition) by extension 'ros'
[6.240s] Level 1:colcon.colcon_core.package_identification:_identify(src/ariac/docs/competition) by extensions ['cmake', 'python']
[6.240s] Level 1:colcon.colcon_core.package_identification:_identify(src/ariac/docs/competition) by extension 'cmake'
[6.240s] Level 1:colcon.colcon_core.package_identification:_identify(src/ariac/docs/competition) by extension 'python'
[6.240s] Level 1:colcon.colcon_core.package_identification:_identify(src/ariac/docs/competition) by extensions ['python_setup_py']
[6.240s] Level 1:colcon.colcon_core.package_identification:_identify(src/ariac/docs/competition) by extension 'python_setup_py'
[6.240s] Level 1:colcon.colcon_core.package_identification:_identify(src/ariac/docs/custom) by extensions ['ignore', 'ignore_ament_install']
[6.240s] Level 1:colcon.colcon_core.package_identification:_identify(src/ariac/docs/custom) by extension 'ignore'
[6.240s] Level 1:colcon.colcon_core.package_identification:_identify(src/ariac/docs/custom) by extension 'ignore_ament_install'
[6.240s] Level 1:colcon.colcon_core.package_identification:_identify(src/ariac/docs/custom) by extensions ['colcon_pkg']
[6.240s] Level 1:colcon.colcon_core.package_identification:_identify(src/ariac/docs/custom) by extension 'colcon_pkg'
[6.240s] Level 1:colcon.colcon_core.package_identification:_identify(src/ariac/docs/custom) by extensions ['colcon_meta']
[6.240s] Level 1:colcon.colcon_core.package_identification:_identify(src/ariac/docs/custom) by extension 'colcon_meta'
[6.241s] Level 1:colcon.colcon_core.package_identification:_identify(src/ariac/docs/custom) by extensions ['ros']
[6.241s] Level 1:colcon.colcon_core.package_identification:_identify(src/ariac/docs/custom) by extension 'ros'
[6.241s] Level 1:colcon.colcon_core.package_identification:_identify(src/ariac/docs/custom) by extensions ['cmake', 'python']
[6.241s] Level 1:colcon.colcon_core.package_identification:_identify(src/ariac/docs/custom) by extension 'cmake'
[6.241s] Level 1:colcon.colcon_core.package_identification:_identify(src/ariac/docs/custom) by extension 'python'
[6.241s] Level 1:colcon.colcon_core.package_identification:_identify(src/ariac/docs/custom) by extensions ['python_setup_py']
[6.241s] Level 1:colcon.colcon_core.package_identification:_identify(src/ariac/docs/custom) by extension 'python_setup_py'
[6.241s] Level 1:colcon.colcon_core.package_identification:_identify(src/ariac/docs/custom/css) by extensions ['ignore', 'ignore_ament_install']
[6.241s] Level 1:colcon.colcon_core.package_identification:_identify(src/ariac/docs/custom/css) by extension 'ignore'
[6.241s] Level 1:colcon.colcon_core.package_identification:_identify(src/ariac/docs/custom/css) by extension 'ignore_ament_install'
[6.241s] Level 1:colcon.colcon_core.package_identification:_identify(src/ariac/docs/custom/css) by extensions ['colcon_pkg']
[6.241s] Level 1:colcon.colcon_core.package_identification:_identify(src/ariac/docs/custom/css) by extension 'colcon_pkg'
[6.241s] Level 1:colcon.colcon_core.package_identification:_identify(src/ariac/docs/custom/css) by extensions ['colcon_meta']
[6.241s] Level 1:colcon.colcon_core.package_identification:_identify(src/ariac/docs/custom/css) by extension 'colcon_meta'
[6.241s] Level 1:colcon.colcon_core.package_identification:_identify(src/ariac/docs/custom/css) by extensions ['ros']
[6.241s] Level 1:colcon.colcon_core.package_identification:_identify(src/ariac/docs/custom/css) by extension 'ros'
[6.241s] Level 1:colcon.colcon_core.package_identification:_identify(src/ariac/docs/custom/css) by extensions ['cmake', 'python']
[6.241s] Level 1:colcon.colcon_core.package_identification:_identify(src/ariac/docs/custom/css) by extension 'cmake'
[6.241s] Level 1:colcon.colcon_core.package_identification:_identify(src/ariac/docs/custom/css) by extension 'python'
[6.242s] Level 1:colcon.colcon_core.package_identification:_identify(src/ariac/docs/custom/css) by extensions ['python_setup_py']
[6.242s] Level 1:colcon.colcon_core.package_identification:_identify(src/ariac/docs/custom/css) by extension 'python_setup_py'
[6.242s] Level 1:colcon.colcon_core.package_identification:_identify(src/ariac/docs/custom/js) by extensions ['ignore', 'ignore_ament_install']
[6.242s] Level 1:colcon.colcon_core.package_identification:_identify(src/ariac/docs/custom/js) by extension 'ignore'
[6.242s] Level 1:colcon.colcon_core.package_identification:_identify(src/ariac/docs/custom/js) by extension 'ignore_ament_install'
[6.242s] Level 1:colcon.colcon_core.package_identification:_identify(src/ariac/docs/custom/js) by extensions ['colcon_pkg']
[6.242s] Level 1:colcon.colcon_core.package_identification:_identify(src/ariac/docs/custom/js) by extension 'colcon_pkg'
[6.242s] Level 1:colcon.colcon_core.package_identification:_identify(src/ariac/docs/custom/js) by extensions ['colcon_meta']
[6.242s] Level 1:colcon.colcon_core.package_identification:_identify(src/ariac/docs/custom/js) by extension 'colcon_meta'
[6.242s] Level 1:colcon.colcon_core.package_identification:_identify(src/ariac/docs/custom/js) by extensions ['ros']
[6.242s] Level 1:colcon.colcon_core.package_identification:_identify(src/ariac/docs/custom/js) by extension 'ros'
[6.242s] Level 1:colcon.colcon_core.package_identification:_identify(src/ariac/docs/custom/js) by extensions ['cmake', 'python']
[6.242s] Level 1:colcon.colcon_core.package_identification:_identify(src/ariac/docs/custom/js) by extension 'cmake'
[6.242s] Level 1:colcon.colcon_core.package_identification:_identify(src/ariac/docs/custom/js) by extension 'python'
[6.242s] Level 1:colcon.colcon_core.package_identification:_identify(src/ariac/docs/custom/js) by extensions ['python_setup_py']
[6.242s] Level 1:colcon.colcon_core.package_identification:_identify(src/ariac/docs/custom/js) by extension 'python_setup_py'
[6.242s] Level 1:colcon.colcon_core.package_identification:_identify(src/ariac/docs/getting_started) by extensions ['ignore', 'ignore_ament_install']
[6.242s] Level 1:colcon.colcon_core.package_identification:_identify(src/ariac/docs/getting_started) by extension 'ignore'
[6.242s] Level 1:colcon.colcon_core.package_identification:_identify(src/ariac/docs/getting_started) by extension 'ignore_ament_install'
[6.242s] Level 1:colcon.colcon_core.package_identification:_identify(src/ariac/docs/getting_started) by extensions ['colcon_pkg']
[6.242s] Level 1:colcon.colcon_core.package_identification:_identify(src/ariac/docs/getting_started) by extension 'colcon_pkg'
[6.242s] Level 1:colcon.colcon_core.package_identification:_identify(src/ariac/docs/getting_started) by extensions ['colcon_meta']
[6.242s] Level 1:colcon.colcon_core.package_identification:_identify(src/ariac/docs/getting_started) by extension 'colcon_meta'
[6.243s] Level 1:colcon.colcon_core.package_identification:_identify(src/ariac/docs/getting_started) by extensions ['ros']
[6.243s] Level 1:colcon.colcon_core.package_identification:_identify(src/ariac/docs/getting_started) by extension 'ros'
[6.243s] Level 1:colcon.colcon_core.package_identification:_identify(src/ariac/docs/getting_started) by extensions ['cmake', 'python']
[6.243s] Level 1:colcon.colcon_core.package_identification:_identify(src/ariac/docs/getting_started) by extension 'cmake'
[6.243s] Level 1:colcon.colcon_core.package_identification:_identify(src/ariac/docs/getting_started) by extension 'python'
[6.243s] Level 1:colcon.colcon_core.package_identification:_identify(src/ariac/docs/getting_started) by extensions ['python_setup_py']
[6.243s] Level 1:colcon.colcon_core.package_identification:_identify(src/ariac/docs/getting_started) by extension 'python_setup_py'
[6.243s] Level 1:colcon.colcon_core.package_identification:_identify(src/ariac/docs/images) by extensions ['ignore', 'ignore_ament_install']
[6.243s] Level 1:colcon.colcon_core.package_identification:_identify(src/ariac/docs/images) by extension 'ignore'
[6.243s] Level 1:colcon.colcon_core.package_identification:_identify(src/ariac/docs/images) by extension 'ignore_ament_install'
[6.243s] Level 1:colcon.colcon_core.package_identification:_identify(src/ariac/docs/images) by extensions ['colcon_pkg']
[6.243s] Level 1:colcon.colcon_core.package_identification:_identify(src/ariac/docs/images) by extension 'colcon_pkg'
[6.243s] Level 1:colcon.colcon_core.package_identification:_identify(src/ariac/docs/images) by extensions ['colcon_meta']
[6.243s] Level 1:colcon.colcon_core.package_identification:_identify(src/ariac/docs/images) by extension 'colcon_meta'
[6.243s] Level 1:colcon.colcon_core.package_identification:_identify(src/ariac/docs/images) by extensions ['ros']
[6.243s] Level 1:colcon.colcon_core.package_identification:_identify(src/ariac/docs/images) by extension 'ros'
[6.243s] Level 1:colcon.colcon_core.package_identification:_identify(src/ariac/docs/images) by extensions ['cmake', 'python']
[6.243s] Level 1:colcon.colcon_core.package_identification:_identify(src/ariac/docs/images) by extension 'cmake'
[6.243s] Level 1:colcon.colcon_core.package_identification:_identify(src/ariac/docs/images) by extension 'python'
[6.243s] Level 1:colcon.colcon_core.package_identification:_identify(src/ariac/docs/images) by extensions ['python_setup_py']
[6.244s] Level 1:colcon.colcon_core.package_identification:_identify(src/ariac/docs/images) by extension 'python_setup_py'
[6.244s] Level 1:colcon.colcon_core.package_identification:_identify(src/ariac/docs/tutorials) by extensions ['ignore', 'ignore_ament_install']
[6.244s] Level 1:colcon.colcon_core.package_identification:_identify(src/ariac/docs/tutorials) by extension 'ignore'
[6.244s] Level 1:colcon.colcon_core.package_identification:_identify(src/ariac/docs/tutorials) by extension 'ignore_ament_install'
[6.244s] Level 1:colcon.colcon_core.package_identification:_identify(src/ariac/docs/tutorials) by extensions ['colcon_pkg']
[6.244s] Level 1:colcon.colcon_core.package_identification:_identify(src/ariac/docs/tutorials) by extension 'colcon_pkg'
[6.244s] Level 1:colcon.colcon_core.package_identification:_identify(src/ariac/docs/tutorials) by extensions ['colcon_meta']
[6.244s] Level 1:colcon.colcon_core.package_identification:_identify(src/ariac/docs/tutorials) by extension 'colcon_meta'
[6.244s] Level 1:colcon.colcon_core.package_identification:_identify(src/ariac/docs/tutorials) by extensions ['ros']
[6.244s] Level 1:colcon.colcon_core.package_identification:_identify(src/ariac/docs/tutorials) by extension 'ros'
[6.244s] Level 1:colcon.colcon_core.package_identification:_identify(src/ariac/docs/tutorials) by extensions ['cmake', 'python']
[6.244s] Level 1:colcon.colcon_core.package_identification:_identify(src/ariac/docs/tutorials) by extension 'cmake'
[6.244s] Level 1:colcon.colcon_core.package_identification:_identify(src/ariac/docs/tutorials) by extension 'python'
[6.244s] Level 1:colcon.colcon_core.package_identification:_identify(src/ariac/docs/tutorials) by extensions ['python_setup_py']
[6.244s] Level 1:colcon.colcon_core.package_identification:_identify(src/ariac/docs/tutorials) by extension 'python_setup_py'
[6.244s] Level 1:colcon.colcon_core.package_identification:_identify(src/ariac/test_competitor) by extensions ['ignore', 'ignore_ament_install']
[6.244s] Level 1:colcon.colcon_core.package_identification:_identify(src/ariac/test_competitor) by extension 'ignore'
[6.244s] Level 1:colcon.colcon_core.package_identification:_identify(src/ariac/test_competitor) by extension 'ignore_ament_install'
[6.244s] Level 1:colcon.colcon_core.package_identification:_identify(src/ariac/test_competitor) by extensions ['colcon_pkg']
[6.244s] Level 1:colcon.colcon_core.package_identification:_identify(src/ariac/test_competitor) by extension 'colcon_pkg'
[6.244s] Level 1:colcon.colcon_core.package_identification:_identify(src/ariac/test_competitor) by extensions ['colcon_meta']
[6.244s] Level 1:colcon.colcon_core.package_identification:_identify(src/ariac/test_competitor) by extension 'colcon_meta'
[6.245s] Level 1:colcon.colcon_core.package_identification:_identify(src/ariac/test_competitor) by extensions ['ros']
[6.245s] Level 1:colcon.colcon_core.package_identification:_identify(src/ariac/test_competitor) by extension 'ros'
[6.245s] DEBUG:colcon.colcon_core.package_identification:Package 'src/ariac/test_competitor' with type 'ros.ament_cmake' and name 'test_competitor'
[6.245s] Level 1:colcon.colcon_core.package_identification:_identify(src/enpm663_spring2024) by extensions ['ignore', 'ignore_ament_install']
[6.245s] Level 1:colcon.colcon_core.package_identification:_identify(src/enpm663_spring2024) by extension 'ignore'
[6.245s] Level 1:colcon.colcon_core.package_identification:_identify(src/enpm663_spring2024) by extension 'ignore_ament_install'
[6.246s] Level 1:colcon.colcon_core.package_identification:_identify(src/enpm663_spring2024) by extensions ['colcon_pkg']
[6.246s] Level 1:colcon.colcon_core.package_identification:_identify(src/enpm663_spring2024) by extension 'colcon_pkg'
[6.246s] Level 1:colcon.colcon_core.package_identification:_identify(src/enpm663_spring2024) by extensions ['colcon_meta']
[6.246s] Level 1:colcon.colcon_core.package_identification:_identify(src/enpm663_spring2024) by extension 'colcon_meta'
[6.246s] Level 1:colcon.colcon_core.package_identification:_identify(src/enpm663_spring2024) by extensions ['ros']
[6.246s] Level 1:colcon.colcon_core.package_identification:_identify(src/enpm663_spring2024) by extension 'ros'
[6.246s] Level 1:colcon.colcon_core.package_identification:_identify(src/enpm663_spring2024) by extensions ['cmake', 'python']
[6.246s] Level 1:colcon.colcon_core.package_identification:_identify(src/enpm663_spring2024) by extension 'cmake'
[6.246s] Level 1:colcon.colcon_core.package_identification:_identify(src/enpm663_spring2024) by extension 'python'
[6.246s] Level 1:colcon.colcon_core.package_identification:_identify(src/enpm663_spring2024) by extensions ['python_setup_py']
[6.246s] Level 1:colcon.colcon_core.package_identification:_identify(src/enpm663_spring2024) by extension 'python_setup_py'
[6.246s] Level 1:colcon.colcon_core.package_identification:_identify(src/enpm663_spring2024/first_package) by extensions ['ignore', 'ignore_ament_install']
[6.246s] Level 1:colcon.colcon_core.package_identification:_identify(src/enpm663_spring2024/first_package) by extension 'ignore'
[6.246s] Level 1:colcon.colcon_core.package_identification:_identify(src/enpm663_spring2024/first_package) by extension 'ignore_ament_install'
[6.246s] Level 1:colcon.colcon_core.package_identification:_identify(src/enpm663_spring2024/first_package) by extensions ['colcon_pkg']
[6.246s] Level 1:colcon.colcon_core.package_identification:_identify(src/enpm663_spring2024/first_package) by extension 'colcon_pkg'
[6.246s] Level 1:colcon.colcon_core.package_identification:_identify(src/enpm663_spring2024/first_package) by extensions ['colcon_meta']
[6.246s] Level 1:colcon.colcon_core.package_identification:_identify(src/enpm663_spring2024/first_package) by extension 'colcon_meta'
[6.246s] Level 1:colcon.colcon_core.package_identification:_identify(src/enpm663_spring2024/first_package) by extensions ['ros']
[6.246s] Level 1:colcon.colcon_core.package_identification:_identify(src/enpm663_spring2024/first_package) by extension 'ros'
[6.247s] DEBUG:colcon.colcon_core.package_identification:Package 'src/enpm663_spring2024/first_package' with type 'ros.ament_cmake' and name 'first_package'
[6.247s] Level 1:colcon.colcon_core.package_identification:_identify(src/rwa1_sharma) by extensions ['ignore', 'ignore_ament_install']
[6.247s] Level 1:colcon.colcon_core.package_identification:_identify(src/rwa1_sharma) by extension 'ignore'
[6.247s] Level 1:colcon.colcon_core.package_identification:_identify(src/rwa1_sharma) by extension 'ignore_ament_install'
[6.247s] Level 1:colcon.colcon_core.package_identification:_identify(src/rwa1_sharma) by extensions ['colcon_pkg']
[6.247s] Level 1:colcon.colcon_core.package_identification:_identify(src/rwa1_sharma) by extension 'colcon_pkg'
[6.247s] Level 1:colcon.colcon_core.package_identification:_identify(src/rwa1_sharma) by extensions ['colcon_meta']
[6.247s] Level 1:colcon.colcon_core.package_identification:_identify(src/rwa1_sharma) by extension 'colcon_meta'
[6.247s] Level 1:colcon.colcon_core.package_identification:_identify(src/rwa1_sharma) by extensions ['ros']
[6.247s] Level 1:colcon.colcon_core.package_identification:_identify(src/rwa1_sharma) by extension 'ros'
[6.248s] Level 1:colcon.colcon_core.package_identification:_identify(src/rwa1_sharma) by extensions ['cmake', 'python']
[6.248s] Level 1:colcon.colcon_core.package_identification:_identify(src/rwa1_sharma) by extension 'cmake'
[6.248s] Level 1:colcon.colcon_core.package_identification:_identify(src/rwa1_sharma) by extension 'python'
[6.248s] Level 1:colcon.colcon_core.package_identification:_identify(src/rwa1_sharma) by extensions ['python_setup_py']
[6.248s] Level 1:colcon.colcon_core.package_identification:_identify(src/rwa1_sharma) by extension 'python_setup_py'
[6.248s] Level 1:colcon.colcon_core.package_identification:_identify(src/rwa1_sharma/exercise1) by extensions ['ignore', 'ignore_ament_install']
[6.248s] Level 1:colcon.colcon_core.package_identification:_identify(src/rwa1_sharma/exercise1) by extension 'ignore'
[6.248s] Level 1:colcon.colcon_core.package_identification:_identify(src/rwa1_sharma/exercise1) by extension 'ignore_ament_install'
[6.248s] Level 1:colcon.colcon_core.package_identification:_identify(src/rwa1_sharma/exercise1) by extensions ['colcon_pkg']
[6.248s] Level 1:colcon.colcon_core.package_identification:_identify(src/rwa1_sharma/exercise1) by extension 'colcon_pkg'
[6.248s] Level 1:colcon.colcon_core.package_identification:_identify(src/rwa1_sharma/exercise1) by extensions ['colcon_meta']
[6.248s] Level 1:colcon.colcon_core.package_identification:_identify(src/rwa1_sharma/exercise1) by extension 'colcon_meta'
[6.248s] Level 1:colcon.colcon_core.package_identification:_identify(src/rwa1_sharma/exercise1) by extensions ['ros']
[6.248s] Level 1:colcon.colcon_core.package_identification:_identify(src/rwa1_sharma/exercise1) by extension 'ros'
[6.249s] DEBUG:colcon.colcon_core.package_identification:Package 'src/rwa1_sharma/exercise1' with type 'ros.ament_python' and name 'exercise1'
[6.249s] Level 1:colcon.colcon_core.package_identification:_identify(src/rwa1_sharma/exercise2) by extensions ['ignore', 'ignore_ament_install']
[6.249s] Level 1:colcon.colcon_core.package_identification:_identify(src/rwa1_sharma/exercise2) by extension 'ignore'
[6.249s] Level 1:colcon.colcon_core.package_identification:_identify(src/rwa1_sharma/exercise2) by extension 'ignore_ament_install'
[6.249s] Level 1:colcon.colcon_core.package_identification:_identify(src/rwa1_sharma/exercise2) by extensions ['colcon_pkg']
[6.249s] Level 1:colcon.colcon_core.package_identification:_identify(src/rwa1_sharma/exercise2) by extension 'colcon_pkg'
[6.249s] Level 1:colcon.colcon_core.package_identification:_identify(src/rwa1_sharma/exercise2) by extensions ['colcon_meta']
[6.249s] Level 1:colcon.colcon_core.package_identification:_identify(src/rwa1_sharma/exercise2) by extension 'colcon_meta'
[6.249s] Level 1:colcon.colcon_core.package_identification:_identify(src/rwa1_sharma/exercise2) by extensions ['ros']
[6.249s] Level 1:colcon.colcon_core.package_identification:_identify(src/rwa1_sharma/exercise2) by extension 'ros'
[6.250s] DEBUG:colcon.colcon_core.package_identification:Package 'src/rwa1_sharma/exercise2' with type 'ros.ament_python' and name 'exercise2'
[6.250s] Level 1:colcon.colcon_core.package_identification:_identify(src/rwa1_sharma/exercise3) by extensions ['ignore', 'ignore_ament_install']
[6.250s] Level 1:colcon.colcon_core.package_identification:_identify(src/rwa1_sharma/exercise3) by extension 'ignore'
[6.250s] Level 1:colcon.colcon_core.package_identification:_identify(src/rwa1_sharma/exercise3) by extension 'ignore_ament_install'
[6.250s] Level 1:colcon.colcon_core.package_identification:_identify(src/rwa1_sharma/exercise3) by extensions ['colcon_pkg']
[6.250s] Level 1:colcon.colcon_core.package_identification:_identify(src/rwa1_sharma/exercise3) by extension 'colcon_pkg'
[6.250s] Level 1:colcon.colcon_core.package_identification:_identify(src/rwa1_sharma/exercise3) by extensions ['colcon_meta']
[6.250s] Level 1:colcon.colcon_core.package_identification:_identify(src/rwa1_sharma/exercise3) by extension 'colcon_meta'
[6.250s] Level 1:colcon.colcon_core.package_identification:_identify(src/rwa1_sharma/exercise3) by extensions ['ros']
[6.250s] Level 1:colcon.colcon_core.package_identification:_identify(src/rwa1_sharma/exercise3) by extension 'ros'
[6.251s] DEBUG:colcon.colcon_core.package_identification:Package 'src/rwa1_sharma/exercise3' with type 'ros.ament_python' and name 'exercise3'
[6.251s] Level 1:colcon.colcon_core.package_discovery:discover_packages(recursive) using defaults
[6.251s] Level 1:colcon.colcon_core.package_discovery:discover_packages(ignore) discover
[6.251s] Level 1:colcon.colcon_core.package_discovery:discover_packages(ignore) using defaults
[6.251s] Level 1:colcon.colcon_core.package_discovery:discover_packages(path) discover
[6.251s] Level 1:colcon.colcon_core.package_discovery:discover_packages(path) using defaults
[6.602s] INFO:colcon.colcon_core.package_selection:Skipping not selected package 'ariac_description' in 'src/ariac/ariac_description'
[6.602s] INFO:colcon.colcon_core.package_selection:Skipping not selected package 'ariac_gazebo' in 'src/ariac/ariac_gazebo'
[6.602s] INFO:colcon.colcon_core.package_selection:Skipping not selected package 'ariac_moveit_config' in 'src/ariac/ariac_moveit_config'
[6.602s] INFO:colcon.colcon_core.package_selection:Skipping not selected package 'ariac_msgs' in 'src/ariac/ariac_msgs'
[6.602s] INFO:colcon.colcon_core.package_selection:Skipping not selected package 'exercise1' in 'src/rwa1_sharma/exercise1'
[6.602s] INFO:colcon.colcon_core.package_selection:Skipping not selected package 'exercise2' in 'src/rwa1_sharma/exercise2'
[6.602s] INFO:colcon.colcon_core.package_selection:Skipping not selected package 'first_package' in 'src/enpm663_spring2024/first_package'
[6.602s] INFO:colcon.colcon_core.package_selection:Skipping not selected package 'ariac_gui' in 'src/ariac/ariac_gui'
[6.602s] INFO:colcon.colcon_core.package_selection:Skipping not selected package 'ariac_human' in 'src/ariac/ariac_human'
[6.603s] INFO:colcon.colcon_core.package_selection:Skipping not selected package 'ariac_plugins' in 'src/ariac/ariac_plugins'
[6.603s] INFO:colcon.colcon_core.package_selection:Skipping not selected package 'ariac_sensors' in 'src/ariac/ariac_sensors'
[6.603s] INFO:colcon.colcon_core.package_selection:Skipping not selected package 'test_competitor' in 'src/ariac/test_competitor'
[6.843s] Level 1:colcon.colcon_core.package_discovery:discover_packages(prefix_path) check parameters
[6.843s] Level 1:colcon.colcon_core.package_discovery:discover_packages(prefix_path) discover
[7.062s] DEBUG:colcon.colcon_installed_package_information.package_discovery:Found 13 installed packages in /home/shdh/enpm663_ws/install
[7.174s] DEBUG:colcon.colcon_installed_package_information.package_discovery:Found 388 installed packages in /opt/ros/galactic
[7.175s] Level 1:colcon.colcon_core.package_discovery:discover_packages(prefix_path) using defaults
[7.479s] Level 5:colcon.colcon_core.verb:set package 'exercise3' build argument 'cmake_args' from command line to 'None'
[7.479s] Level 5:colcon.colcon_core.verb:set package 'exercise3' build argument 'cmake_target' from command line to 'None'
[7.479s] Level 5:colcon.colcon_core.verb:set package 'exercise3' build argument 'cmake_target_skip_unavailable' from command line to 'False'
[7.479s] Level 5:colcon.colcon_core.verb:set package 'exercise3' build argument 'cmake_clean_cache' from command line to 'False'
[7.479s] Level 5:colcon.colcon_core.verb:set package 'exercise3' build argument 'cmake_clean_first' from command line to 'False'
[7.479s] Level 5:colcon.colcon_core.verb:set package 'exercise3' build argument 'cmake_force_configure' from command line to 'False'
[7.479s] Level 5:colcon.colcon_core.verb:set package 'exercise3' build argument 'ament_cmake_args' from command line to 'None'
[7.480s] Level 5:colcon.colcon_core.verb:set package 'exercise3' build argument 'catkin_cmake_args' from command line to 'None'
[7.480s] Level 5:colcon.colcon_core.verb:set package 'exercise3' build argument 'catkin_skip_building_tests' from command line to 'False'
[7.480s] DEBUG:colcon.colcon_core.verb:Building package 'exercise3' with the following arguments: {'ament_cmake_args': None, 'build_base': '/home/shdh/enpm663_ws/build/exercise3', 'catkin_cmake_args': None, 'catkin_skip_building_tests': False, 'cmake_args': None, 'cmake_clean_cache': False, 'cmake_clean_first': False, 'cmake_force_configure': False, 'cmake_target': None, 'cmake_target_skip_unavailable': False, 'install_base': '/home/shdh/enpm663_ws/install/exercise3', 'merge_install': False, 'path': '/home/shdh/enpm663_ws/src/rwa1_sharma/exercise3', 'symlink_install': False, 'test_result_base': None}
[7.589s] INFO:colcon.colcon_core.executor:Executing jobs using 'parallel' executor
[7.699s] DEBUG:colcon.colcon_parallel_executor.executor.parallel:run_until_complete
[7.699s] INFO:colcon.colcon_ros.task.ament_python.build:Building ROS package in '/home/shdh/enpm663_ws/src/rwa1_sharma/exercise3' with build type 'ament_python'
[7.699s] Level 1:colcon.colcon_core.shell:create_environment_hook('exercise3', 'ament_prefix_path')
[7.815s] INFO:colcon.colcon_core.plugin_system:Skipping extension 'colcon_core.shell.bat': Not used on non-Windows systems
[7.815s] INFO:colcon.colcon_core.shell:Creating environment hook '/home/shdh/enpm663_ws/install/exercise3/share/exercise3/hook/ament_prefix_path.ps1'
[7.816s] INFO:colcon.colcon_core.shell:Creating environment descriptor '/home/shdh/enpm663_ws/install/exercise3/share/exercise3/hook/ament_prefix_path.dsv'
[7.816s] INFO:colcon.colcon_core.shell:Creating environment hook '/home/shdh/enpm663_ws/install/exercise3/share/exercise3/hook/ament_prefix_path.sh'
[7.930s] INFO:colcon.colcon_core.shell:Skip shell extension 'powershell' for command environment: Not usable outside of PowerShell
[7.930s] DEBUG:colcon.colcon_core.shell:Skip shell extension 'dsv' for command environment
[8.497s] INFO:colcon.colcon_core.task.python.build:Building Python package in '/home/shdh/enpm663_ws/src/rwa1_sharma/exercise3'
[8.610s] INFO:colcon.colcon_core.shell:Skip shell extension 'powershell' for command environment: Not usable outside of PowerShell
[8.610s] DEBUG:colcon.colcon_core.shell:Skip shell extension 'dsv' for command environment
[9.304s] DEBUG:colcon.colcon_core.event_handler.log_command:Invoking command in '/home/shdh/enpm663_ws/src/rwa1_sharma/exercise3': PYTHONPATH=/home/shdh/enpm663_ws/build/exercise3/prefix_override:/home/shdh/enpm663_ws/install/exercise3/lib/python3.8/site-packages:${PYTHONPATH} /usr/bin/python3 setup.py egg_info --egg-base ../../../build/exercise3 build --build-base /home/shdh/enpm663_ws/build/exercise3/build install --record /home/shdh/enpm663_ws/build/exercise3/install.log --single-version-externally-managed
[9.580s] DEBUG:colcon.colcon_core.event_handler.log_command:Invoked command in '/home/shdh/enpm663_ws/src/rwa1_sharma/exercise3' returned '0': PYTHONPATH=/home/shdh/enpm663_ws/build/exercise3/prefix_override:/home/shdh/enpm663_ws/install/exercise3/lib/python3.8/site-packages:${PYTHONPATH} /usr/bin/python3 setup.py egg_info --egg-base ../../../build/exercise3 build --build-base /home/shdh/enpm663_ws/build/exercise3/build install --record /home/shdh/enpm663_ws/build/exercise3/install.log --single-version-externally-managed
[9.696s] Level 1:colcon.colcon_core.environment:checking '/home/shdh/enpm663_ws/install/exercise3' for CMake module files
[9.697s] Level 1:colcon.colcon_core.environment:checking '/home/shdh/enpm663_ws/install/exercise3' for CMake config files
[9.697s] Level 1:colcon.colcon_core.environment:checking '/home/shdh/enpm663_ws/install/exercise3/lib'
[9.698s] Level 1:colcon.colcon_core.environment:checking '/home/shdh/enpm663_ws/install/exercise3/bin'
[9.698s] Level 1:colcon.colcon_core.environment:checking '/home/shdh/enpm663_ws/install/exercise3/lib/pkgconfig/exercise3.pc'
[9.698s] Level 1:colcon.colcon_core.environment:checking '/home/shdh/enpm663_ws/install/exercise3/lib/python3.8/site-packages'
[9.698s] Level 1:colcon.colcon_core.shell:create_environment_hook('exercise3', 'pythonpath')
[9.811s] INFO:colcon.colcon_core.shell:Creating environment hook '/home/shdh/enpm663_ws/install/exercise3/share/exercise3/hook/pythonpath.ps1'
[9.812s] INFO:colcon.colcon_core.shell:Creating environment descriptor '/home/shdh/enpm663_ws/install/exercise3/share/exercise3/hook/pythonpath.dsv'
[9.812s] INFO:colcon.colcon_core.shell:Creating environment hook '/home/shdh/enpm663_ws/install/exercise3/share/exercise3/hook/pythonpath.sh'
[9.812s] Level 1:colcon.colcon_core.environment:checking '/home/shdh/enpm663_ws/install/exercise3/bin'
[9.812s] Level 1:colcon.colcon_core.environment:create_environment_scripts_only(exercise3)
[9.924s] INFO:colcon.colcon_core.shell:Creating package script '/home/shdh/enpm663_ws/install/exercise3/share/exercise3/package.ps1'
[9.924s] INFO:colcon.colcon_core.shell:Creating package descriptor '/home/shdh/enpm663_ws/install/exercise3/share/exercise3/package.dsv'
[9.925s] INFO:colcon.colcon_core.shell:Creating package script '/home/shdh/enpm663_ws/install/exercise3/share/exercise3/package.sh'
[9.925s] INFO:colcon.colcon_core.shell:Creating package script '/home/shdh/enpm663_ws/install/exercise3/share/exercise3/package.bash'
[9.926s] INFO:colcon.colcon_core.shell:Creating package script '/home/shdh/enpm663_ws/install/exercise3/share/exercise3/package.zsh'
[9.926s] Level 1:colcon.colcon_core.environment:create_file_with_runtime_dependencies(/home/shdh/enpm663_ws/install/exercise3/share/colcon-core/packages/exercise3)
[9.927s] DEBUG:colcon.colcon_parallel_executor.executor.parallel:closing loop
[9.927s] DEBUG:colcon.colcon_parallel_executor.executor.parallel:loop closed
[9.927s] DEBUG:colcon.colcon_parallel_executor.executor.parallel:run_until_complete finished with '0'
[9.927s] DEBUG:colcon.colcon_core.event_reactor:joining thread
[10.044s] INFO:colcon.colcon_core.plugin_system:Skipping extension 'colcon_notification.desktop_notification.terminal_notifier': Not used on non-Darwin systems
[10.044s] INFO:colcon.colcon_core.plugin_system:Skipping extension 'colcon_notification.desktop_notification.win32': Not used on non-Windows systems
[10.044s] INFO:colcon.colcon_notification.desktop_notification:Sending desktop notification using 'notify2'
[10.056s] DEBUG:colcon.colcon_core.event_reactor:joined thread
[10.173s] INFO:colcon.colcon_core.shell:Creating prefix script '/home/shdh/enpm663_ws/install/local_setup.ps1'
[10.173s] INFO:colcon.colcon_core.shell:Creating prefix util module '/home/shdh/enpm663_ws/install/_local_setup_util_ps1.py'
[10.175s] INFO:colcon.colcon_core.shell:Creating prefix chain script '/home/shdh/enpm663_ws/install/setup.ps1'
[10.290s] INFO:colcon.colcon_core.shell:Creating prefix script '/home/shdh/enpm663_ws/install/local_setup.sh'
[10.291s] INFO:colcon.colcon_core.shell:Creating prefix util module '/home/shdh/enpm663_ws/install/_local_setup_util_sh.py'
[10.291s] INFO:colcon.colcon_core.shell:Creating prefix chain script '/home/shdh/enpm663_ws/install/setup.sh'
[10.403s] INFO:colcon.colcon_core.shell:Creating prefix script '/home/shdh/enpm663_ws/install/local_setup.bash'
[10.403s] INFO:colcon.colcon_core.shell:Creating prefix chain script '/home/shdh/enpm663_ws/install/setup.bash'
[10.515s] INFO:colcon.colcon_core.shell:Creating prefix script '/home/shdh/enpm663_ws/install/local_setup.zsh'
[10.516s] INFO:colcon.colcon_core.shell:Creating prefix chain script '/home/shdh/enpm663_ws/install/setup.zsh'
