[2.971s] Invoking command in '/home/shdh/enpm663_ws/src/ariac/ariac_gui': AMENT_PREFIX_PATH=/home/shdh/enpm663_ws/install/ariac_msgs:${AMENT_PREFIX_PATH} CMAKE_PREFIX_PATH=/home/shdh/enpm663_ws/install/ariac_msgs LD_LIBRARY_PATH=/home/shdh/enpm663_ws/install/ariac_msgs/lib:${LD_LIBRARY_PATH} PYTHONPATH=/home/shdh/enpm663_ws/build/ariac_gui/prefix_override:/home/shdh/enpm663_ws/install/ariac_gui/lib/python3.8/site-packages:/home/shdh/enpm663_ws/install/ariac_msgs/lib/python3.8/site-packages:${PYTHONPATH} /usr/bin/python3 setup.py egg_info --egg-base ../../../build/ariac_gui build --build-base /home/shdh/enpm663_ws/build/ariac_gui/build install --record /home/shdh/enpm663_ws/build/ariac_gui/install.log --single-version-externally-managed
[3.332s] running egg_info
[3.333s] creating ../../../build/ariac_gui/ariac_gui.egg-info
[3.333s] writing ../../../build/ariac_gui/ariac_gui.egg-info/PKG-INFO
[3.333s] writing dependency_links to ../../../build/ariac_gui/ariac_gui.egg-info/dependency_links.txt
[3.334s] writing entry points to ../../../build/ariac_gui/ariac_gui.egg-info/entry_points.txt
[3.334s] writing requirements to ../../../build/ariac_gui/ariac_gui.egg-info/requires.txt
[3.334s] writing top-level names to ../../../build/ariac_gui/ariac_gui.egg-info/top_level.txt
[3.335s] writing manifest file '../../../build/ariac_gui/ariac_gui.egg-info/SOURCES.txt'
[3.375s] reading manifest file '../../../build/ariac_gui/ariac_gui.egg-info/SOURCES.txt'
[3.376s] writing manifest file '../../../build/ariac_gui/ariac_gui.egg-info/SOURCES.txt'
[3.376s] running build
[3.376s] running build_py
[3.376s] creating /home/shdh/enpm663_ws/build/ariac_gui/build
[3.377s] creating /home/shdh/enpm663_ws/build/ariac_gui/build/lib
[3.377s] creating /home/shdh/enpm663_ws/build/ariac_gui/build/lib/ariac_gui
[3.377s] copying ariac_gui/msgNames.py -> /home/shdh/enpm663_ws/build/ariac_gui/build/lib/ariac_gui
[3.384s] copying ariac_gui/gui_node.py -> /home/shdh/enpm663_ws/build/ariac_gui/build/lib/ariac_gui
[3.385s] copying ariac_gui/__init__.py -> /home/shdh/enpm663_ws/build/ariac_gui/build/lib/ariac_gui
[3.385s] copying ariac_gui/checkCancel.py -> /home/shdh/enpm663_ws/build/ariac_gui/build/lib/ariac_gui
[3.385s] copying ariac_gui/timeFunctions.py -> /home/shdh/enpm663_ws/build/ariac_gui/build/lib/ariac_gui
[3.385s] copying ariac_gui/newClasses.py -> /home/shdh/enpm663_ws/build/ariac_gui/build/lib/ariac_gui
[3.385s] copying ariac_gui/notebookConveyor.py -> /home/shdh/enpm663_ws/build/ariac_gui/build/lib/ariac_gui
[3.386s] copying ariac_gui/notebookBins.py -> /home/shdh/enpm663_ws/build/ariac_gui/build/lib/ariac_gui
[3.386s] copying ariac_gui/zeid_ariac_gui.py -> /home/shdh/enpm663_ws/build/ariac_gui/build/lib/ariac_gui
[3.386s] copying ariac_gui/notebookParts.py -> /home/shdh/enpm663_ws/build/ariac_gui/build/lib/ariac_gui
[3.387s] copying ariac_gui/newGui.py -> /home/shdh/enpm663_ws/build/ariac_gui/build/lib/ariac_gui
[3.387s] copying ariac_gui/notebookSetup.py -> /home/shdh/enpm663_ws/build/ariac_gui/build/lib/ariac_gui
[3.387s] copying ariac_gui/fileFunc.py -> /home/shdh/enpm663_ws/build/ariac_gui/build/lib/ariac_gui
[3.387s] copying ariac_gui/validationFunctions.py -> /home/shdh/enpm663_ws/build/ariac_gui/build/lib/ariac_gui
[3.388s] copying ariac_gui/notebookChallenges.py -> /home/shdh/enpm663_ws/build/ariac_gui/build/lib/ariac_gui
[3.388s] copying ariac_gui/updateRanges.py -> /home/shdh/enpm663_ws/build/ariac_gui/build/lib/ariac_gui
[3.388s] copying ariac_gui/notebookOrders.py -> /home/shdh/enpm663_ws/build/ariac_gui/build/lib/ariac_gui
[3.389s] running install
[3.390s] running install_lib
[3.391s] creating /home/shdh/enpm663_ws/install/ariac_gui/lib/python3.8/site-packages/ariac_gui
[3.391s] copying /home/shdh/enpm663_ws/build/ariac_gui/build/lib/ariac_gui/msgNames.py -> /home/shdh/enpm663_ws/install/ariac_gui/lib/python3.8/site-packages/ariac_gui
[3.391s] copying /home/shdh/enpm663_ws/build/ariac_gui/build/lib/ariac_gui/gui_node.py -> /home/shdh/enpm663_ws/install/ariac_gui/lib/python3.8/site-packages/ariac_gui
[3.391s] copying /home/shdh/enpm663_ws/build/ariac_gui/build/lib/ariac_gui/__init__.py -> /home/shdh/enpm663_ws/install/ariac_gui/lib/python3.8/site-packages/ariac_gui
[3.392s] copying /home/shdh/enpm663_ws/build/ariac_gui/build/lib/ariac_gui/checkCancel.py -> /home/shdh/enpm663_ws/install/ariac_gui/lib/python3.8/site-packages/ariac_gui
[3.392s] copying /home/shdh/enpm663_ws/build/ariac_gui/build/lib/ariac_gui/timeFunctions.py -> /home/shdh/enpm663_ws/install/ariac_gui/lib/python3.8/site-packages/ariac_gui
[3.392s] copying /home/shdh/enpm663_ws/build/ariac_gui/build/lib/ariac_gui/newClasses.py -> /home/shdh/enpm663_ws/install/ariac_gui/lib/python3.8/site-packages/ariac_gui
[3.392s] copying /home/shdh/enpm663_ws/build/ariac_gui/build/lib/ariac_gui/notebookConveyor.py -> /home/shdh/enpm663_ws/install/ariac_gui/lib/python3.8/site-packages/ariac_gui
[3.392s] copying /home/shdh/enpm663_ws/build/ariac_gui/build/lib/ariac_gui/notebookBins.py -> /home/shdh/enpm663_ws/install/ariac_gui/lib/python3.8/site-packages/ariac_gui
[3.392s] copying /home/shdh/enpm663_ws/build/ariac_gui/build/lib/ariac_gui/zeid_ariac_gui.py -> /home/shdh/enpm663_ws/install/ariac_gui/lib/python3.8/site-packages/ariac_gui
[3.392s] copying /home/shdh/enpm663_ws/build/ariac_gui/build/lib/ariac_gui/notebookParts.py -> /home/shdh/enpm663_ws/install/ariac_gui/lib/python3.8/site-packages/ariac_gui
[3.392s] copying /home/shdh/enpm663_ws/build/ariac_gui/build/lib/ariac_gui/newGui.py -> /home/shdh/enpm663_ws/install/ariac_gui/lib/python3.8/site-packages/ariac_gui
[3.393s] copying /home/shdh/enpm663_ws/build/ariac_gui/build/lib/ariac_gui/notebookSetup.py -> /home/shdh/enpm663_ws/install/ariac_gui/lib/python3.8/site-packages/ariac_gui
[3.393s] copying /home/shdh/enpm663_ws/build/ariac_gui/build/lib/ariac_gui/fileFunc.py -> /home/shdh/enpm663_ws/install/ariac_gui/lib/python3.8/site-packages/ariac_gui
[3.393s] copying /home/shdh/enpm663_ws/build/ariac_gui/build/lib/ariac_gui/validationFunctions.py -> /home/shdh/enpm663_ws/install/ariac_gui/lib/python3.8/site-packages/ariac_gui
[3.393s] copying /home/shdh/enpm663_ws/build/ariac_gui/build/lib/ariac_gui/notebookChallenges.py -> /home/shdh/enpm663_ws/install/ariac_gui/lib/python3.8/site-packages/ariac_gui
[3.393s] copying /home/shdh/enpm663_ws/build/ariac_gui/build/lib/ariac_gui/updateRanges.py -> /home/shdh/enpm663_ws/install/ariac_gui/lib/python3.8/site-packages/ariac_gui
[3.393s] copying /home/shdh/enpm663_ws/build/ariac_gui/build/lib/ariac_gui/notebookOrders.py -> /home/shdh/enpm663_ws/install/ariac_gui/lib/python3.8/site-packages/ariac_gui
[3.393s] byte-compiling /home/shdh/enpm663_ws/install/ariac_gui/lib/python3.8/site-packages/ariac_gui/msgNames.py to msgNames.cpython-38.pyc
[3.395s] byte-compiling /home/shdh/enpm663_ws/install/ariac_gui/lib/python3.8/site-packages/ariac_gui/gui_node.py to gui_node.cpython-38.pyc
[3.396s] byte-compiling /home/shdh/enpm663_ws/install/ariac_gui/lib/python3.8/site-packages/ariac_gui/__init__.py to __init__.cpython-38.pyc
[3.396s] byte-compiling /home/shdh/enpm663_ws/install/ariac_gui/lib/python3.8/site-packages/ariac_gui/checkCancel.py to checkCancel.cpython-38.pyc
[3.396s] byte-compiling /home/shdh/enpm663_ws/install/ariac_gui/lib/python3.8/site-packages/ariac_gui/timeFunctions.py to timeFunctions.cpython-38.pyc
[3.397s] byte-compiling /home/shdh/enpm663_ws/install/ariac_gui/lib/python3.8/site-packages/ariac_gui/newClasses.py to newClasses.cpython-38.pyc
[3.397s] byte-compiling /home/shdh/enpm663_ws/install/ariac_gui/lib/python3.8/site-packages/ariac_gui/notebookConveyor.py to notebookConveyor.cpython-38.pyc
[3.399s] byte-compiling /home/shdh/enpm663_ws/install/ariac_gui/lib/python3.8/site-packages/ariac_gui/notebookBins.py to notebookBins.cpython-38.pyc
[3.402s] byte-compiling /home/shdh/enpm663_ws/install/ariac_gui/lib/python3.8/site-packages/ariac_gui/zeid_ariac_gui.py to zeid_ariac_gui.cpython-38.pyc
[3.413s] byte-compiling /home/shdh/enpm663_ws/install/ariac_gui/lib/python3.8/site-packages/ariac_gui/notebookParts.py to notebookParts.cpython-38.pyc
[3.415s] byte-compiling /home/shdh/enpm663_ws/install/ariac_gui/lib/python3.8/site-packages/ariac_gui/newGui.py to newGui.cpython-38.pyc
[3.420s] byte-compiling /home/shdh/enpm663_ws/install/ariac_gui/lib/python3.8/site-packages/ariac_gui/notebookSetup.py to notebookSetup.cpython-38.pyc
[3.422s] byte-compiling /home/shdh/enpm663_ws/install/ariac_gui/lib/python3.8/site-packages/ariac_gui/fileFunc.py to fileFunc.cpython-38.pyc
[3.423s] byte-compiling /home/shdh/enpm663_ws/install/ariac_gui/lib/python3.8/site-packages/ariac_gui/validationFunctions.py to validationFunctions.cpython-38.pyc
[3.424s] byte-compiling /home/shdh/enpm663_ws/install/ariac_gui/lib/python3.8/site-packages/ariac_gui/notebookChallenges.py to notebookChallenges.cpython-38.pyc
[3.429s] byte-compiling /home/shdh/enpm663_ws/install/ariac_gui/lib/python3.8/site-packages/ariac_gui/updateRanges.py to updateRanges.cpython-38.pyc
[3.430s] byte-compiling /home/shdh/enpm663_ws/install/ariac_gui/lib/python3.8/site-packages/ariac_gui/notebookOrders.py to notebookOrders.cpython-38.pyc
[3.435s] running install_data
[3.436s] creating /home/shdh/enpm663_ws/install/ariac_gui/share/ament_index
[3.436s] creating /home/shdh/enpm663_ws/install/ariac_gui/share/ament_index/resource_index
[3.436s] creating /home/shdh/enpm663_ws/install/ariac_gui/share/ament_index/resource_index/packages
[3.436s] copying resource/ariac_gui -> /home/shdh/enpm663_ws/install/ariac_gui/share/ament_index/resource_index/packages
[3.436s] creating /home/shdh/enpm663_ws/install/ariac_gui/share/ariac_gui/resource
[3.437s] copying resource/NIST_logo.png -> /home/shdh/enpm663_ws/install/ariac_gui/share/ariac_gui/resource
[3.437s] copying package.xml -> /home/shdh/enpm663_ws/install/ariac_gui/share/ariac_gui
[3.437s] running install_egg_info
[3.438s] Copying ../../../build/ariac_gui/ariac_gui.egg-info to /home/shdh/enpm663_ws/install/ariac_gui/lib/python3.8/site-packages/ariac_gui-0.0.0-py3.8.egg-info
[3.439s] running install_scripts
[3.458s] Installing gui script to /home/shdh/enpm663_ws/install/ariac_gui/lib/ariac_gui
[3.458s] Installing zeid_gui script to /home/shdh/enpm663_ws/install/ariac_gui/lib/ariac_gui
[3.458s] writing list of installed files to '/home/shdh/enpm663_ws/build/ariac_gui/install.log'
[3.479s] Invoked command in '/home/shdh/enpm663_ws/src/ariac/ariac_gui' returned '0': AMENT_PREFIX_PATH=/home/shdh/enpm663_ws/install/ariac_msgs:${AMENT_PREFIX_PATH} CMAKE_PREFIX_PATH=/home/shdh/enpm663_ws/install/ariac_msgs LD_LIBRARY_PATH=/home/shdh/enpm663_ws/install/ariac_msgs/lib:${LD_LIBRARY_PATH} PYTHONPATH=/home/shdh/enpm663_ws/build/ariac_gui/prefix_override:/home/shdh/enpm663_ws/install/ariac_gui/lib/python3.8/site-packages:/home/shdh/enpm663_ws/install/ariac_msgs/lib/python3.8/site-packages:${PYTHONPATH} /usr/bin/python3 setup.py egg_info --egg-base ../../../build/ariac_gui build --build-base /home/shdh/enpm663_ws/build/ariac_gui/build install --record /home/shdh/enpm663_ws/build/ariac_gui/install.log --single-version-externally-managed
