[7.052s] DEBUG:colcon:Command line arguments: ['/usr/bin/colcon', 'build', '--packages-select', 'exercise3']
[7.052s] DEBUG:colcon:Parsed command line arguments: Namespace(allow_overriding=[], ament_cmake_args=None, base_paths=['.'], build_base='build', catkin_cmake_args=None, catkin_skip_building_tests=False, cmake_args=None, cmake_clean_cache=False, cmake_clean_first=False, cmake_force_configure=False, cmake_target=None, cmake_target_skip_unavailable=False, continue_on_error=False, event_handlers=None, executor='parallel', ignore_user_meta=False, install_base='install', log_base=None, log_level=None, main=<bound method BuildVerb.main of <colcon_core.verb.build.BuildVerb object at 0x7ff8489cb910>>, merge_install=False, metas=['./colcon.meta'], packages_above=None, packages_above_and_dependencies=None, packages_above_depth=None, packages_end=None, packages_ignore=None, packages_ignore_regex=None, packages_select=['exercise3'], packages_select_build_failed=False, packages_select_by_dep=None, packages_select_regex=None, packages_select_test_failures=False, packages_skip=None, packages_skip_build_finished=False, packages_skip_by_dep=None, packages_skip_regex=None, packages_skip_test_passed=False, packages_skip_up_to=None, packages_start=None, packages_up_to=None, packages_up_to_regex=None, parallel_workers=12, paths=None, symlink_install=False, test_result_base=None, verb_extension=<colcon_core.verb.build.BuildVerb object at 0x7ff8489cb910>, verb_name='build', verb_parser=<colcon_defaults.argument_parser.defaults.DefaultArgumentsDecorator object at 0x7ff848664e20>)
[7.325s] Level 1:colcon.colcon_core.package_discovery:discover_packages(colcon_meta) check parameters
[7.325s] Level 1:colcon.colcon_core.package_discovery:discover_packages(recursive) check parameters
[7.325s] Level 1:colcon.colcon_core.package_discovery:discover_packages(ignore) check parameters
[7.325s] Level 1:colcon.colcon_core.package_discovery:discover_packages(path) check parameters
[7.325s] Level 1:colcon.colcon_core.package_discovery:discover_packages(colcon_meta) discover
[7.325s] Level 1:colcon.colcon_core.package_discovery:discover_packages(recursive) discover
[7.325s] INFO:colcon.colcon_core.package_discovery:Crawling recursively for packages in '/home/shdh/enpm663_ws'
[7.325s] Level 1:colcon.colcon_core.package_identification:_identify(.) by extensions ['ignore', 'ignore_ament_install']
[7.325s] Level 1:colcon.colcon_core.package_identification:_identify(.) by extension 'ignore'
[7.325s] Level 1:colcon.colcon_core.package_identification:_identify(.) by extension 'ignore_ament_install'
[7.325s] Level 1:colcon.colcon_core.package_identification:_identify(.) by extensions ['colcon_pkg']
[7.325s] Level 1:colcon.colcon_core.package_identification:_identify(.) by extension 'colcon_pkg'
[7.325s] Level 1:colcon.colcon_core.package_identification:_identify(.) by extensions ['colcon_meta']
[7.325s] Level 1:colcon.colcon_core.package_identification:_identify(.) by extension 'colcon_meta'
[7.325s] Level 1:colcon.colcon_core.package_identification:_identify(.) by extensions ['ros']
[7.325s] Level 1:colcon.colcon_core.package_identification:_identify(.) by extension 'ros'
[7.336s] Level 1:colcon.colcon_core.package_identification:_identify(.) by extensions ['cmake', 'python']
[7.337s] Level 1:colcon.colcon_core.package_identification:_identify(.) by extension 'cmake'
[7.337s] Level 1:colcon.colcon_core.package_identification:_identify(.) by extension 'python'
[7.337s] Level 1:colcon.colcon_core.package_identification:_identify(.) by extensions ['python_setup_py']
[7.337s] Level 1:colcon.colcon_core.package_identification:_identify(.) by extension 'python_setup_py'
[7.337s] Level 1:colcon.colcon_core.package_identification:_identify(build) by extensions ['ignore', 'ignore_ament_install']
[7.337s] Level 1:colcon.colcon_core.package_identification:_identify(build) by extension 'ignore'
[7.337s] Level 1:colcon.colcon_core.package_identification:_identify(build) ignored
[7.337s] Level 1:colcon.colcon_core.package_identification:_identify(install) by extensions ['ignore', 'ignore_ament_install']
[7.337s] Level 1:colcon.colcon_core.package_identification:_identify(install) by extension 'ignore'
[7.337s] Level 1:colcon.colcon_core.package_identification:_identify(install) ignored
[7.337s] Level 1:colcon.colcon_core.package_identification:_identify(log) by extensions ['ignore', 'ignore_ament_install']
[7.337s] Level 1:colcon.colcon_core.package_identification:_identify(log) by extension 'ignore'
[7.337s] Level 1:colcon.colcon_core.package_identification:_identify(log) ignored
[7.338s] Level 1:colcon.colcon_core.package_identification:_identify(src) by extensions ['ignore', 'ignore_ament_install']
[7.338s] Level 1:colcon.colcon_core.package_identification:_identify(src) by extension 'ignore'
[7.338s] Level 1:colcon.colcon_core.package_identification:_identify(src) by extension 'ignore_ament_install'
[7.338s] Level 1:colcon.colcon_core.package_identification:_identify(src) by extensions ['colcon_pkg']
[7.338s] Level 1:colcon.colcon_core.package_identification:_identify(src) by extension 'colcon_pkg'
[7.338s] Level 1:colcon.colcon_core.package_identification:_identify(src) by extensions ['colcon_meta']
[7.338s] Level 1:colcon.colcon_core.package_identification:_identify(src) by extension 'colcon_meta'
[7.338s] Level 1:colcon.colcon_core.package_identification:_identify(src) by extensions ['ros']
[7.338s] Level 1:colcon.colcon_core.package_identification:_identify(src) by extension 'ros'
[7.338s] Level 1:colcon.colcon_core.package_identification:_identify(src) by extensions ['cmake', 'python']
[7.338s] Level 1:colcon.colcon_core.package_identification:_identify(src) by extension 'cmake'
[7.338s] Level 1:colcon.colcon_core.package_identification:_identify(src) by extension 'python'
[7.338s] Level 1:colcon.colcon_core.package_identification:_identify(src) by extensions ['python_setup_py']
[7.338s] Level 1:colcon.colcon_core.package_identification:_identify(src) by extension 'python_setup_py'
[7.338s] Level 1:colcon.colcon_core.package_identification:_identify(src/ariac) by extensions ['ignore', 'ignore_ament_install']
[7.338s] Level 1:colcon.colcon_core.package_identification:_identify(src/ariac) by extension 'ignore'
[7.338s] Level 1:colcon.colcon_core.package_identification:_identify(src/ariac) by extension 'ignore_ament_install'
[7.338s] Level 1:colcon.colcon_core.package_identification:_identify(src/ariac) by extensions ['colcon_pkg']
[7.338s] Level 1:colcon.colcon_core.package_identification:_identify(src/ariac) by extension 'colcon_pkg'
[7.339s] Level 1:colcon.colcon_core.package_identification:_identify(src/ariac) by extensions ['colcon_meta']
[7.339s] Level 1:colcon.colcon_core.package_identification:_identify(src/ariac) by extension 'colcon_meta'
[7.339s] Level 1:colcon.colcon_core.package_identification:_identify(src/ariac) by extensions ['ros']
[7.339s] Level 1:colcon.colcon_core.package_identification:_identify(src/ariac) by extension 'ros'
[7.339s] Level 1:colcon.colcon_core.package_identification:_identify(src/ariac) by extensions ['cmake', 'python']
[7.339s] Level 1:colcon.colcon_core.package_identification:_identify(src/ariac) by extension 'cmake'
[7.339s] Level 1:colcon.colcon_core.package_identification:_identify(src/ariac) by extension 'python'
[7.339s] Level 1:colcon.colcon_core.package_identification:_identify(src/ariac) by extensions ['python_setup_py']
[7.339s] Level 1:colcon.colcon_core.package_identification:_identify(src/ariac) by extension 'python_setup_py'
[7.339s] Level 1:colcon.colcon_core.package_identification:_identify(src/ariac/ariac_description) by extensions ['ignore', 'ignore_ament_install']
[7.339s] Level 1:colcon.colcon_core.package_identification:_identify(src/ariac/ariac_description) by extension 'ignore'
[7.339s] Level 1:colcon.colcon_core.package_identification:_identify(src/ariac/ariac_description) by extension 'ignore_ament_install'
[7.339s] Level 1:colcon.colcon_core.package_identification:_identify(src/ariac/ariac_description) by extensions ['colcon_pkg']
[7.339s] Level 1:colcon.colcon_core.package_identification:_identify(src/ariac/ariac_description) by extension 'colcon_pkg'
[7.339s] Level 1:colcon.colcon_core.package_identification:_identify(src/ariac/ariac_description) by extensions ['colcon_meta']
[7.339s] Level 1:colcon.colcon_core.package_identification:_identify(src/ariac/ariac_description) by extension 'colcon_meta'
[7.339s] Level 1:colcon.colcon_core.package_identification:_identify(src/ariac/ariac_description) by extensions ['ros']
[7.339s] Level 1:colcon.colcon_core.package_identification:_identify(src/ariac/ariac_description) by extension 'ros'
[7.342s] DEBUG:colcon.colcon_core.package_identification:Package 'src/ariac/ariac_description' with type 'ros.ament_cmake' and name 'ariac_description'
[7.342s] Level 1:colcon.colcon_core.package_identification:_identify(src/ariac/ariac_gazebo) by extensions ['ignore', 'ignore_ament_install']
[7.342s] Level 1:colcon.colcon_core.package_identification:_identify(src/ariac/ariac_gazebo) by extension 'ignore'
[7.342s] Level 1:colcon.colcon_core.package_identification:_identify(src/ariac/ariac_gazebo) by extension 'ignore_ament_install'
[7.342s] Level 1:colcon.colcon_core.package_identification:_identify(src/ariac/ariac_gazebo) by extensions ['colcon_pkg']
[7.342s] Level 1:colcon.colcon_core.package_identification:_identify(src/ariac/ariac_gazebo) by extension 'colcon_pkg'
[7.342s] Level 1:colcon.colcon_core.package_identification:_identify(src/ariac/ariac_gazebo) by extensions ['colcon_meta']
[7.342s] Level 1:colcon.colcon_core.package_identification:_identify(src/ariac/ariac_gazebo) by extension 'colcon_meta'
[7.342s] Level 1:colcon.colcon_core.package_identification:_identify(src/ariac/ariac_gazebo) by extensions ['ros']
[7.342s] Level 1:colcon.colcon_core.package_identification:_identify(src/ariac/ariac_gazebo) by extension 'ros'
[7.343s] DEBUG:colcon.colcon_core.package_identification:Package 'src/ariac/ariac_gazebo' with type 'ros.ament_cmake' and name 'ariac_gazebo'
[7.343s] Level 1:colcon.colcon_core.package_identification:_identify(src/ariac/ariac_gui) by extensions ['ignore', 'ignore_ament_install']
[7.343s] Level 1:colcon.colcon_core.package_identification:_identify(src/ariac/ariac_gui) by extension 'ignore'
[7.343s] Level 1:colcon.colcon_core.package_identification:_identify(src/ariac/ariac_gui) by extension 'ignore_ament_install'
[7.343s] Level 1:colcon.colcon_core.package_identification:_identify(src/ariac/ariac_gui) by extensions ['colcon_pkg']
[7.343s] Level 1:colcon.colcon_core.package_identification:_identify(src/ariac/ariac_gui) by extension 'colcon_pkg'
[7.343s] Level 1:colcon.colcon_core.package_identification:_identify(src/ariac/ariac_gui) by extensions ['colcon_meta']
[7.343s] Level 1:colcon.colcon_core.package_identification:_identify(src/ariac/ariac_gui) by extension 'colcon_meta'
[7.343s] Level 1:colcon.colcon_core.package_identification:_identify(src/ariac/ariac_gui) by extensions ['ros']
[7.343s] Level 1:colcon.colcon_core.package_identification:_identify(src/ariac/ariac_gui) by extension 'ros'
[7.343s] DEBUG:colcon.colcon_core.package_identification:Package 'src/ariac/ariac_gui' with type 'ros.ament_python' and name 'ariac_gui'
[7.344s] Level 1:colcon.colcon_core.package_identification:_identify(src/ariac/ariac_human) by extensions ['ignore', 'ignore_ament_install']
[7.344s] Level 1:colcon.colcon_core.package_identification:_identify(src/ariac/ariac_human) by extension 'ignore'
[7.344s] Level 1:colcon.colcon_core.package_identification:_identify(src/ariac/ariac_human) by extension 'ignore_ament_install'
[7.344s] Level 1:colcon.colcon_core.package_identification:_identify(src/ariac/ariac_human) by extensions ['colcon_pkg']
[7.344s] Level 1:colcon.colcon_core.package_identification:_identify(src/ariac/ariac_human) by extension 'colcon_pkg'
[7.344s] Level 1:colcon.colcon_core.package_identification:_identify(src/ariac/ariac_human) by extensions ['colcon_meta']
[7.344s] Level 1:colcon.colcon_core.package_identification:_identify(src/ariac/ariac_human) by extension 'colcon_meta'
[7.344s] Level 1:colcon.colcon_core.package_identification:_identify(src/ariac/ariac_human) by extensions ['ros']
[7.344s] Level 1:colcon.colcon_core.package_identification:_identify(src/ariac/ariac_human) by extension 'ros'
[7.345s] DEBUG:colcon.colcon_core.package_identification:Package 'src/ariac/ariac_human' with type 'ros.ament_cmake' and name 'ariac_human'
[7.345s] Level 1:colcon.colcon_core.package_identification:_identify(src/ariac/ariac_moveit_config) by extensions ['ignore', 'ignore_ament_install']
[7.346s] Level 1:colcon.colcon_core.package_identification:_identify(src/ariac/ariac_moveit_config) by extension 'ignore'
[7.346s] Level 1:colcon.colcon_core.package_identification:_identify(src/ariac/ariac_moveit_config) by extension 'ignore_ament_install'
[7.346s] Level 1:colcon.colcon_core.package_identification:_identify(src/ariac/ariac_moveit_config) by extensions ['colcon_pkg']
[7.346s] Level 1:colcon.colcon_core.package_identification:_identify(src/ariac/ariac_moveit_config) by extension 'colcon_pkg'
[7.346s] Level 1:colcon.colcon_core.package_identification:_identify(src/ariac/ariac_moveit_config) by extensions ['colcon_meta']
[7.346s] Level 1:colcon.colcon_core.package_identification:_identify(src/ariac/ariac_moveit_config) by extension 'colcon_meta'
[7.346s] Level 1:colcon.colcon_core.package_identification:_identify(src/ariac/ariac_moveit_config) by extensions ['ros']
[7.346s] Level 1:colcon.colcon_core.package_identification:_identify(src/ariac/ariac_moveit_config) by extension 'ros'
[7.346s] DEBUG:colcon.colcon_core.package_identification:Package 'src/ariac/ariac_moveit_config' with type 'ros.ament_cmake' and name 'ariac_moveit_config'
[7.347s] Level 1:colcon.colcon_core.package_identification:_identify(src/ariac/ariac_msgs) by extensions ['ignore', 'ignore_ament_install']
[7.347s] Level 1:colcon.colcon_core.package_identification:_identify(src/ariac/ariac_msgs) by extension 'ignore'
[7.347s] Level 1:colcon.colcon_core.package_identification:_identify(src/ariac/ariac_msgs) by extension 'ignore_ament_install'
[7.347s] Level 1:colcon.colcon_core.package_identification:_identify(src/ariac/ariac_msgs) by extensions ['colcon_pkg']
[7.347s] Level 1:colcon.colcon_core.package_identification:_identify(src/ariac/ariac_msgs) by extension 'colcon_pkg'
[7.347s] Level 1:colcon.colcon_core.package_identification:_identify(src/ariac/ariac_msgs) by extensions ['colcon_meta']
[7.347s] Level 1:colcon.colcon_core.package_identification:_identify(src/ariac/ariac_msgs) by extension 'colcon_meta'
[7.347s] Level 1:colcon.colcon_core.package_identification:_identify(src/ariac/ariac_msgs) by extensions ['ros']
[7.347s] Level 1:colcon.colcon_core.package_identification:_identify(src/ariac/ariac_msgs) by extension 'ros'
[7.347s] DEBUG:colcon.colcon_core.package_identification:Package 'src/ariac/ariac_msgs' with type 'ros.ament_cmake' and name 'ariac_msgs'
[7.348s] Level 1:colcon.colcon_core.package_identification:_identify(src/ariac/ariac_plugins) by extensions ['ignore', 'ignore_ament_install']
[7.348s] Level 1:colcon.colcon_core.package_identification:_identify(src/ariac/ariac_plugins) by extension 'ignore'
[7.348s] Level 1:colcon.colcon_core.package_identification:_identify(src/ariac/ariac_plugins) by extension 'ignore_ament_install'
[7.348s] Level 1:colcon.colcon_core.package_identification:_identify(src/ariac/ariac_plugins) by extensions ['colcon_pkg']
[7.348s] Level 1:colcon.colcon_core.package_identification:_identify(src/ariac/ariac_plugins) by extension 'colcon_pkg'
[7.348s] Level 1:colcon.colcon_core.package_identification:_identify(src/ariac/ariac_plugins) by extensions ['colcon_meta']
[7.348s] Level 1:colcon.colcon_core.package_identification:_identify(src/ariac/ariac_plugins) by extension 'colcon_meta'
[7.348s] Level 1:colcon.colcon_core.package_identification:_identify(src/ariac/ariac_plugins) by extensions ['ros']
[7.348s] Level 1:colcon.colcon_core.package_identification:_identify(src/ariac/ariac_plugins) by extension 'ros'
[7.349s] DEBUG:colcon.colcon_core.package_identification:Package 'src/ariac/ariac_plugins' with type 'ros.ament_cmake' and name 'ariac_plugins'
[7.349s] Level 1:colcon.colcon_core.package_identification:_identify(src/ariac/ariac_sensors) by extensions ['ignore', 'ignore_ament_install']
[7.349s] Level 1:colcon.colcon_core.package_identification:_identify(src/ariac/ariac_sensors) by extension 'ignore'
[7.349s] Level 1:colcon.colcon_core.package_identification:_identify(src/ariac/ariac_sensors) by extension 'ignore_ament_install'
[7.349s] Level 1:colcon.colcon_core.package_identification:_identify(src/ariac/ariac_sensors) by extensions ['colcon_pkg']
[7.349s] Level 1:colcon.colcon_core.package_identification:_identify(src/ariac/ariac_sensors) by extension 'colcon_pkg'
[7.349s] Level 1:colcon.colcon_core.package_identification:_identify(src/ariac/ariac_sensors) by extensions ['colcon_meta']
[7.349s] Level 1:colcon.colcon_core.package_identification:_identify(src/ariac/ariac_sensors) by extension 'colcon_meta'
[7.349s] Level 1:colcon.colcon_core.package_identification:_identify(src/ariac/ariac_sensors) by extensions ['ros']
[7.349s] Level 1:colcon.colcon_core.package_identification:_identify(src/ariac/ariac_sensors) by extension 'ros'
[7.359s] DEBUG:colcon.colcon_core.package_identification:Package 'src/ariac/ariac_sensors' with type 'ros.ament_cmake' and name 'ariac_sensors'
[7.359s] Level 1:colcon.colcon_core.package_identification:_identify(src/ariac/automated_evaluation) by extensions ['ignore', 'ignore_ament_install']
[7.359s] Level 1:colcon.colcon_core.package_identification:_identify(src/ariac/automated_evaluation) by extension 'ignore'
[7.359s] Level 1:colcon.colcon_core.package_identification:_identify(src/ariac/automated_evaluation) by extension 'ignore_ament_install'
[7.359s] Level 1:colcon.colcon_core.package_identification:_identify(src/ariac/automated_evaluation) by extensions ['colcon_pkg']
[7.359s] Level 1:colcon.colcon_core.package_identification:_identify(src/ariac/automated_evaluation) by extension 'colcon_pkg'
[7.359s] Level 1:colcon.colcon_core.package_identification:_identify(src/ariac/automated_evaluation) by extensions ['colcon_meta']
[7.359s] Level 1:colcon.colcon_core.package_identification:_identify(src/ariac/automated_evaluation) by extension 'colcon_meta'
[7.359s] Level 1:colcon.colcon_core.package_identification:_identify(src/ariac/automated_evaluation) by extensions ['ros']
[7.360s] Level 1:colcon.colcon_core.package_identification:_identify(src/ariac/automated_evaluation) by extension 'ros'
[7.360s] Level 1:colcon.colcon_core.package_identification:_identify(src/ariac/automated_evaluation) by extensions ['cmake', 'python']
[7.360s] Level 1:colcon.colcon_core.package_identification:_identify(src/ariac/automated_evaluation) by extension 'cmake'
[7.360s] Level 1:colcon.colcon_core.package_identification:_identify(src/ariac/automated_evaluation) by extension 'python'
[7.360s] Level 1:colcon.colcon_core.package_identification:_identify(src/ariac/automated_evaluation) by extensions ['python_setup_py']
[7.360s] Level 1:colcon.colcon_core.package_identification:_identify(src/ariac/automated_evaluation) by extension 'python_setup_py'
[7.360s] Level 1:colcon.colcon_core.package_identification:_identify(src/ariac/automated_evaluation/competitor_build_scripts) by extensions ['ignore', 'ignore_ament_install']
[7.360s] Level 1:colcon.colcon_core.package_identification:_identify(src/ariac/automated_evaluation/competitor_build_scripts) by extension 'ignore'
[7.360s] Level 1:colcon.colcon_core.package_identification:_identify(src/ariac/automated_evaluation/competitor_build_scripts) by extension 'ignore_ament_install'
[7.360s] Level 1:colcon.colcon_core.package_identification:_identify(src/ariac/automated_evaluation/competitor_build_scripts) by extensions ['colcon_pkg']
[7.360s] Level 1:colcon.colcon_core.package_identification:_identify(src/ariac/automated_evaluation/competitor_build_scripts) by extension 'colcon_pkg'
[7.360s] Level 1:colcon.colcon_core.package_identification:_identify(src/ariac/automated_evaluation/competitor_build_scripts) by extensions ['colcon_meta']
[7.360s] Level 1:colcon.colcon_core.package_identification:_identify(src/ariac/automated_evaluation/competitor_build_scripts) by extension 'colcon_meta'
[7.360s] Level 1:colcon.colcon_core.package_identification:_identify(src/ariac/automated_evaluation/competitor_build_scripts) by extensions ['ros']
[7.360s] Level 1:colcon.colcon_core.package_identification:_identify(src/ariac/automated_evaluation/competitor_build_scripts) by extension 'ros'
[7.360s] Level 1:colcon.colcon_core.package_identification:_identify(src/ariac/automated_evaluation/competitor_build_scripts) by extensions ['cmake', 'python']
[7.360s] Level 1:colcon.colcon_core.package_identification:_identify(src/ariac/automated_evaluation/competitor_build_scripts) by extension 'cmake'
[7.360s] Level 1:colcon.colcon_core.package_identification:_identify(src/ariac/automated_evaluation/competitor_build_scripts) by extension 'python'
[7.360s] Level 1:colcon.colcon_core.package_identification:_identify(src/ariac/automated_evaluation/competitor_build_scripts) by extensions ['python_setup_py']
[7.360s] Level 1:colcon.colcon_core.package_identification:_identify(src/ariac/automated_evaluation/competitor_build_scripts) by extension 'python_setup_py'
[7.360s] Level 1:colcon.colcon_core.package_identification:_identify(src/ariac/automated_evaluation/scripts) by extensions ['ignore', 'ignore_ament_install']
[7.361s] Level 1:colcon.colcon_core.package_identification:_identify(src/ariac/automated_evaluation/scripts) by extension 'ignore'
[7.361s] Level 1:colcon.colcon_core.package_identification:_identify(src/ariac/automated_evaluation/scripts) by extension 'ignore_ament_install'
[7.361s] Level 1:colcon.colcon_core.package_identification:_identify(src/ariac/automated_evaluation/scripts) by extensions ['colcon_pkg']
[7.361s] Level 1:colcon.colcon_core.package_identification:_identify(src/ariac/automated_evaluation/scripts) by extension 'colcon_pkg'
[7.361s] Level 1:colcon.colcon_core.package_identification:_identify(src/ariac/automated_evaluation/scripts) by extensions ['colcon_meta']
[7.361s] Level 1:colcon.colcon_core.package_identification:_identify(src/ariac/automated_evaluation/scripts) by extension 'colcon_meta'
[7.361s] Level 1:colcon.colcon_core.package_identification:_identify(src/ariac/automated_evaluation/scripts) by extensions ['ros']
[7.361s] Level 1:colcon.colcon_core.package_identification:_identify(src/ariac/automated_evaluation/scripts) by extension 'ros'
[7.361s] Level 1:colcon.colcon_core.package_identification:_identify(src/ariac/automated_evaluation/scripts) by extensions ['cmake', 'python']
[7.361s] Level 1:colcon.colcon_core.package_identification:_identify(src/ariac/automated_evaluation/scripts) by extension 'cmake'
[7.361s] Level 1:colcon.colcon_core.package_identification:_identify(src/ariac/automated_evaluation/scripts) by extension 'python'
[7.361s] Level 1:colcon.colcon_core.package_identification:_identify(src/ariac/automated_evaluation/scripts) by extensions ['python_setup_py']
[7.361s] Level 1:colcon.colcon_core.package_identification:_identify(src/ariac/automated_evaluation/scripts) by extension 'python_setup_py'
[7.361s] Level 1:colcon.colcon_core.package_identification:_identify(src/ariac/automated_evaluation/trials) by extensions ['ignore', 'ignore_ament_install']
[7.361s] Level 1:colcon.colcon_core.package_identification:_identify(src/ariac/automated_evaluation/trials) by extension 'ignore'
[7.362s] Level 1:colcon.colcon_core.package_identification:_identify(src/ariac/automated_evaluation/trials) by extension 'ignore_ament_install'
[7.362s] Level 1:colcon.colcon_core.package_identification:_identify(src/ariac/automated_evaluation/trials) by extensions ['colcon_pkg']
[7.362s] Level 1:colcon.colcon_core.package_identification:_identify(src/ariac/automated_evaluation/trials) by extension 'colcon_pkg'
[7.362s] Level 1:colcon.colcon_core.package_identification:_identify(src/ariac/automated_evaluation/trials) by extensions ['colcon_meta']
[7.362s] Level 1:colcon.colcon_core.package_identification:_identify(src/ariac/automated_evaluation/trials) by extension 'colcon_meta'
[7.362s] Level 1:colcon.colcon_core.package_identification:_identify(src/ariac/automated_evaluation/trials) by extensions ['ros']
[7.362s] Level 1:colcon.colcon_core.package_identification:_identify(src/ariac/automated_evaluation/trials) by extension 'ros'
[7.362s] Level 1:colcon.colcon_core.package_identification:_identify(src/ariac/automated_evaluation/trials) by extensions ['cmake', 'python']
[7.362s] Level 1:colcon.colcon_core.package_identification:_identify(src/ariac/automated_evaluation/trials) by extension 'cmake'
[7.362s] Level 1:colcon.colcon_core.package_identification:_identify(src/ariac/automated_evaluation/trials) by extension 'python'
[7.362s] Level 1:colcon.colcon_core.package_identification:_identify(src/ariac/automated_evaluation/trials) by extensions ['python_setup_py']
[7.362s] Level 1:colcon.colcon_core.package_identification:_identify(src/ariac/automated_evaluation/trials) by extension 'python_setup_py'
[7.362s] Level 1:colcon.colcon_core.package_identification:_identify(src/ariac/docs) by extensions ['ignore', 'ignore_ament_install']
[7.362s] Level 1:colcon.colcon_core.package_identification:_identify(src/ariac/docs) by extension 'ignore'
[7.362s] Level 1:colcon.colcon_core.package_identification:_identify(src/ariac/docs) by extension 'ignore_ament_install'
[7.362s] Level 1:colcon.colcon_core.package_identification:_identify(src/ariac/docs) by extensions ['colcon_pkg']
[7.362s] Level 1:colcon.colcon_core.package_identification:_identify(src/ariac/docs) by extension 'colcon_pkg'
[7.362s] Level 1:colcon.colcon_core.package_identification:_identify(src/ariac/docs) by extensions ['colcon_meta']
[7.363s] Level 1:colcon.colcon_core.package_identification:_identify(src/ariac/docs) by extension 'colcon_meta'
[7.363s] Level 1:colcon.colcon_core.package_identification:_identify(src/ariac/docs) by extensions ['ros']
[7.363s] Level 1:colcon.colcon_core.package_identification:_identify(src/ariac/docs) by extension 'ros'
[7.363s] Level 1:colcon.colcon_core.package_identification:_identify(src/ariac/docs) by extensions ['cmake', 'python']
[7.363s] Level 1:colcon.colcon_core.package_identification:_identify(src/ariac/docs) by extension 'cmake'
[7.363s] Level 1:colcon.colcon_core.package_identification:_identify(src/ariac/docs) by extension 'python'
[7.363s] Level 1:colcon.colcon_core.package_identification:_identify(src/ariac/docs) by extensions ['python_setup_py']
[7.363s] Level 1:colcon.colcon_core.package_identification:_identify(src/ariac/docs) by extension 'python_setup_py'
[7.363s] Level 1:colcon.colcon_core.package_identification:_identify(src/ariac/docs/automated_evaluation) by extensions ['ignore', 'ignore_ament_install']
[7.363s] Level 1:colcon.colcon_core.package_identification:_identify(src/ariac/docs/automated_evaluation) by extension 'ignore'
[7.363s] Level 1:colcon.colcon_core.package_identification:_identify(src/ariac/docs/automated_evaluation) by extension 'ignore_ament_install'
[7.363s] Level 1:colcon.colcon_core.package_identification:_identify(src/ariac/docs/automated_evaluation) by extensions ['colcon_pkg']
[7.363s] Level 1:colcon.colcon_core.package_identification:_identify(src/ariac/docs/automated_evaluation) by extension 'colcon_pkg'
[7.363s] Level 1:colcon.colcon_core.package_identification:_identify(src/ariac/docs/automated_evaluation) by extensions ['colcon_meta']
[7.363s] Level 1:colcon.colcon_core.package_identification:_identify(src/ariac/docs/automated_evaluation) by extension 'colcon_meta'
[7.363s] Level 1:colcon.colcon_core.package_identification:_identify(src/ariac/docs/automated_evaluation) by extensions ['ros']
[7.363s] Level 1:colcon.colcon_core.package_identification:_identify(src/ariac/docs/automated_evaluation) by extension 'ros'
[7.364s] Level 1:colcon.colcon_core.package_identification:_identify(src/ariac/docs/automated_evaluation) by extensions ['cmake', 'python']
[7.364s] Level 1:colcon.colcon_core.package_identification:_identify(src/ariac/docs/automated_evaluation) by extension 'cmake'
[7.364s] Level 1:colcon.colcon_core.package_identification:_identify(src/ariac/docs/automated_evaluation) by extension 'python'
[7.364s] Level 1:colcon.colcon_core.package_identification:_identify(src/ariac/docs/automated_evaluation) by extensions ['python_setup_py']
[7.364s] Level 1:colcon.colcon_core.package_identification:_identify(src/ariac/docs/automated_evaluation) by extension 'python_setup_py'
[7.364s] Level 1:colcon.colcon_core.package_identification:_identify(src/ariac/docs/competition) by extensions ['ignore', 'ignore_ament_install']
[7.364s] Level 1:colcon.colcon_core.package_identification:_identify(src/ariac/docs/competition) by extension 'ignore'
[7.364s] Level 1:colcon.colcon_core.package_identification:_identify(src/ariac/docs/competition) by extension 'ignore_ament_install'
[7.364s] Level 1:colcon.colcon_core.package_identification:_identify(src/ariac/docs/competition) by extensions ['colcon_pkg']
[7.364s] Level 1:colcon.colcon_core.package_identification:_identify(src/ariac/docs/competition) by extension 'colcon_pkg'
[7.364s] Level 1:colcon.colcon_core.package_identification:_identify(src/ariac/docs/competition) by extensions ['colcon_meta']
[7.364s] Level 1:colcon.colcon_core.package_identification:_identify(src/ariac/docs/competition) by extension 'colcon_meta'
[7.364s] Level 1:colcon.colcon_core.package_identification:_identify(src/ariac/docs/competition) by extensions ['ros']
[7.364s] Level 1:colcon.colcon_core.package_identification:_identify(src/ariac/docs/competition) by extension 'ros'
[7.364s] Level 1:colcon.colcon_core.package_identification:_identify(src/ariac/docs/competition) by extensions ['cmake', 'python']
[7.364s] Level 1:colcon.colcon_core.package_identification:_identify(src/ariac/docs/competition) by extension 'cmake'
[7.364s] Level 1:colcon.colcon_core.package_identification:_identify(src/ariac/docs/competition) by extension 'python'
[7.364s] Level 1:colcon.colcon_core.package_identification:_identify(src/ariac/docs/competition) by extensions ['python_setup_py']
[7.364s] Level 1:colcon.colcon_core.package_identification:_identify(src/ariac/docs/competition) by extension 'python_setup_py'
[7.365s] Level 1:colcon.colcon_core.package_identification:_identify(src/ariac/docs/custom) by extensions ['ignore', 'ignore_ament_install']
[7.365s] Level 1:colcon.colcon_core.package_identification:_identify(src/ariac/docs/custom) by extension 'ignore'
[7.365s] Level 1:colcon.colcon_core.package_identification:_identify(src/ariac/docs/custom) by extension 'ignore_ament_install'
[7.365s] Level 1:colcon.colcon_core.package_identification:_identify(src/ariac/docs/custom) by extensions ['colcon_pkg']
[7.365s] Level 1:colcon.colcon_core.package_identification:_identify(src/ariac/docs/custom) by extension 'colcon_pkg'
[7.365s] Level 1:colcon.colcon_core.package_identification:_identify(src/ariac/docs/custom) by extensions ['colcon_meta']
[7.365s] Level 1:colcon.colcon_core.package_identification:_identify(src/ariac/docs/custom) by extension 'colcon_meta'
[7.365s] Level 1:colcon.colcon_core.package_identification:_identify(src/ariac/docs/custom) by extensions ['ros']
[7.365s] Level 1:colcon.colcon_core.package_identification:_identify(src/ariac/docs/custom) by extension 'ros'
[7.365s] Level 1:colcon.colcon_core.package_identification:_identify(src/ariac/docs/custom) by extensions ['cmake', 'python']
[7.365s] Level 1:colcon.colcon_core.package_identification:_identify(src/ariac/docs/custom) by extension 'cmake'
[7.365s] Level 1:colcon.colcon_core.package_identification:_identify(src/ariac/docs/custom) by extension 'python'
[7.365s] Level 1:colcon.colcon_core.package_identification:_identify(src/ariac/docs/custom) by extensions ['python_setup_py']
[7.365s] Level 1:colcon.colcon_core.package_identification:_identify(src/ariac/docs/custom) by extension 'python_setup_py'
[7.365s] Level 1:colcon.colcon_core.package_identification:_identify(src/ariac/docs/custom/css) by extensions ['ignore', 'ignore_ament_install']
[7.366s] Level 1:colcon.colcon_core.package_identification:_identify(src/ariac/docs/custom/css) by extension 'ignore'
[7.366s] Level 1:colcon.colcon_core.package_identification:_identify(src/ariac/docs/custom/css) by extension 'ignore_ament_install'
[7.366s] Level 1:colcon.colcon_core.package_identification:_identify(src/ariac/docs/custom/css) by extensions ['colcon_pkg']
[7.366s] Level 1:colcon.colcon_core.package_identification:_identify(src/ariac/docs/custom/css) by extension 'colcon_pkg'
[7.366s] Level 1:colcon.colcon_core.package_identification:_identify(src/ariac/docs/custom/css) by extensions ['colcon_meta']
[7.366s] Level 1:colcon.colcon_core.package_identification:_identify(src/ariac/docs/custom/css) by extension 'colcon_meta'
[7.366s] Level 1:colcon.colcon_core.package_identification:_identify(src/ariac/docs/custom/css) by extensions ['ros']
[7.366s] Level 1:colcon.colcon_core.package_identification:_identify(src/ariac/docs/custom/css) by extension 'ros'
[7.366s] Level 1:colcon.colcon_core.package_identification:_identify(src/ariac/docs/custom/css) by extensions ['cmake', 'python']
[7.366s] Level 1:colcon.colcon_core.package_identification:_identify(src/ariac/docs/custom/css) by extension 'cmake'
[7.366s] Level 1:colcon.colcon_core.package_identification:_identify(src/ariac/docs/custom/css) by extension 'python'
[7.366s] Level 1:colcon.colcon_core.package_identification:_identify(src/ariac/docs/custom/css) by extensions ['python_setup_py']
[7.366s] Level 1:colcon.colcon_core.package_identification:_identify(src/ariac/docs/custom/css) by extension 'python_setup_py'
[7.366s] Level 1:colcon.colcon_core.package_identification:_identify(src/ariac/docs/custom/js) by extensions ['ignore', 'ignore_ament_install']
[7.366s] Level 1:colcon.colcon_core.package_identification:_identify(src/ariac/docs/custom/js) by extension 'ignore'
[7.366s] Level 1:colcon.colcon_core.package_identification:_identify(src/ariac/docs/custom/js) by extension 'ignore_ament_install'
[7.366s] Level 1:colcon.colcon_core.package_identification:_identify(src/ariac/docs/custom/js) by extensions ['colcon_pkg']
[7.366s] Level 1:colcon.colcon_core.package_identification:_identify(src/ariac/docs/custom/js) by extension 'colcon_pkg'
[7.366s] Level 1:colcon.colcon_core.package_identification:_identify(src/ariac/docs/custom/js) by extensions ['colcon_meta']
[7.366s] Level 1:colcon.colcon_core.package_identification:_identify(src/ariac/docs/custom/js) by extension 'colcon_meta'
[7.366s] Level 1:colcon.colcon_core.package_identification:_identify(src/ariac/docs/custom/js) by extensions ['ros']
[7.367s] Level 1:colcon.colcon_core.package_identification:_identify(src/ariac/docs/custom/js) by extension 'ros'
[7.367s] Level 1:colcon.colcon_core.package_identification:_identify(src/ariac/docs/custom/js) by extensions ['cmake', 'python']
[7.367s] Level 1:colcon.colcon_core.package_identification:_identify(src/ariac/docs/custom/js) by extension 'cmake'
[7.367s] Level 1:colcon.colcon_core.package_identification:_identify(src/ariac/docs/custom/js) by extension 'python'
[7.367s] Level 1:colcon.colcon_core.package_identification:_identify(src/ariac/docs/custom/js) by extensions ['python_setup_py']
[7.367s] Level 1:colcon.colcon_core.package_identification:_identify(src/ariac/docs/custom/js) by extension 'python_setup_py'
[7.367s] Level 1:colcon.colcon_core.package_identification:_identify(src/ariac/docs/getting_started) by extensions ['ignore', 'ignore_ament_install']
[7.367s] Level 1:colcon.colcon_core.package_identification:_identify(src/ariac/docs/getting_started) by extension 'ignore'
[7.367s] Level 1:colcon.colcon_core.package_identification:_identify(src/ariac/docs/getting_started) by extension 'ignore_ament_install'
[7.367s] Level 1:colcon.colcon_core.package_identification:_identify(src/ariac/docs/getting_started) by extensions ['colcon_pkg']
[7.367s] Level 1:colcon.colcon_core.package_identification:_identify(src/ariac/docs/getting_started) by extension 'colcon_pkg'
[7.367s] Level 1:colcon.colcon_core.package_identification:_identify(src/ariac/docs/getting_started) by extensions ['colcon_meta']
[7.367s] Level 1:colcon.colcon_core.package_identification:_identify(src/ariac/docs/getting_started) by extension 'colcon_meta'
[7.367s] Level 1:colcon.colcon_core.package_identification:_identify(src/ariac/docs/getting_started) by extensions ['ros']
[7.367s] Level 1:colcon.colcon_core.package_identification:_identify(src/ariac/docs/getting_started) by extension 'ros'
[7.367s] Level 1:colcon.colcon_core.package_identification:_identify(src/ariac/docs/getting_started) by extensions ['cmake', 'python']
[7.367s] Level 1:colcon.colcon_core.package_identification:_identify(src/ariac/docs/getting_started) by extension 'cmake'
[7.367s] Level 1:colcon.colcon_core.package_identification:_identify(src/ariac/docs/getting_started) by extension 'python'
[7.367s] Level 1:colcon.colcon_core.package_identification:_identify(src/ariac/docs/getting_started) by extensions ['python_setup_py']
[7.367s] Level 1:colcon.colcon_core.package_identification:_identify(src/ariac/docs/getting_started) by extension 'python_setup_py'
[7.367s] Level 1:colcon.colcon_core.package_identification:_identify(src/ariac/docs/images) by extensions ['ignore', 'ignore_ament_install']
[7.368s] Level 1:colcon.colcon_core.package_identification:_identify(src/ariac/docs/images) by extension 'ignore'
[7.368s] Level 1:colcon.colcon_core.package_identification:_identify(src/ariac/docs/images) by extension 'ignore_ament_install'
[7.368s] Level 1:colcon.colcon_core.package_identification:_identify(src/ariac/docs/images) by extensions ['colcon_pkg']
[7.368s] Level 1:colcon.colcon_core.package_identification:_identify(src/ariac/docs/images) by extension 'colcon_pkg'
[7.368s] Level 1:colcon.colcon_core.package_identification:_identify(src/ariac/docs/images) by extensions ['colcon_meta']
[7.368s] Level 1:colcon.colcon_core.package_identification:_identify(src/ariac/docs/images) by extension 'colcon_meta'
[7.368s] Level 1:colcon.colcon_core.package_identification:_identify(src/ariac/docs/images) by extensions ['ros']
[7.368s] Level 1:colcon.colcon_core.package_identification:_identify(src/ariac/docs/images) by extension 'ros'
[7.368s] Level 1:colcon.colcon_core.package_identification:_identify(src/ariac/docs/images) by extensions ['cmake', 'python']
[7.368s] Level 1:colcon.colcon_core.package_identification:_identify(src/ariac/docs/images) by extension 'cmake'
[7.368s] Level 1:colcon.colcon_core.package_identification:_identify(src/ariac/docs/images) by extension 'python'
[7.368s] Level 1:colcon.colcon_core.package_identification:_identify(src/ariac/docs/images) by extensions ['python_setup_py']
[7.368s] Level 1:colcon.colcon_core.package_identification:_identify(src/ariac/docs/images) by extension 'python_setup_py'
[7.368s] Level 1:colcon.colcon_core.package_identification:_identify(src/ariac/docs/tutorials) by extensions ['ignore', 'ignore_ament_install']
[7.368s] Level 1:colcon.colcon_core.package_identification:_identify(src/ariac/docs/tutorials) by extension 'ignore'
[7.368s] Level 1:colcon.colcon_core.package_identification:_identify(src/ariac/docs/tutorials) by extension 'ignore_ament_install'
[7.368s] Level 1:colcon.colcon_core.package_identification:_identify(src/ariac/docs/tutorials) by extensions ['colcon_pkg']
[7.368s] Level 1:colcon.colcon_core.package_identification:_identify(src/ariac/docs/tutorials) by extension 'colcon_pkg'
[7.368s] Level 1:colcon.colcon_core.package_identification:_identify(src/ariac/docs/tutorials) by extensions ['colcon_meta']
[7.368s] Level 1:colcon.colcon_core.package_identification:_identify(src/ariac/docs/tutorials) by extension 'colcon_meta'
[7.368s] Level 1:colcon.colcon_core.package_identification:_identify(src/ariac/docs/tutorials) by extensions ['ros']
[7.369s] Level 1:colcon.colcon_core.package_identification:_identify(src/ariac/docs/tutorials) by extension 'ros'
[7.369s] Level 1:colcon.colcon_core.package_identification:_identify(src/ariac/docs/tutorials) by extensions ['cmake', 'python']
[7.369s] Level 1:colcon.colcon_core.package_identification:_identify(src/ariac/docs/tutorials) by extension 'cmake'
[7.369s] Level 1:colcon.colcon_core.package_identification:_identify(src/ariac/docs/tutorials) by extension 'python'
[7.369s] Level 1:colcon.colcon_core.package_identification:_identify(src/ariac/docs/tutorials) by extensions ['python_setup_py']
[7.369s] Level 1:colcon.colcon_core.package_identification:_identify(src/ariac/docs/tutorials) by extension 'python_setup_py'
[7.369s] Level 1:colcon.colcon_core.package_identification:_identify(src/ariac/test_competitor) by extensions ['ignore', 'ignore_ament_install']
[7.369s] Level 1:colcon.colcon_core.package_identification:_identify(src/ariac/test_competitor) by extension 'ignore'
[7.369s] Level 1:colcon.colcon_core.package_identification:_identify(src/ariac/test_competitor) by extension 'ignore_ament_install'
[7.369s] Level 1:colcon.colcon_core.package_identification:_identify(src/ariac/test_competitor) by extensions ['colcon_pkg']
[7.369s] Level 1:colcon.colcon_core.package_identification:_identify(src/ariac/test_competitor) by extension 'colcon_pkg'
[7.369s] Level 1:colcon.colcon_core.package_identification:_identify(src/ariac/test_competitor) by extensions ['colcon_meta']
[7.369s] Level 1:colcon.colcon_core.package_identification:_identify(src/ariac/test_competitor) by extension 'colcon_meta'
[7.370s] Level 1:colcon.colcon_core.package_identification:_identify(src/ariac/test_competitor) by extensions ['ros']
[7.370s] Level 1:colcon.colcon_core.package_identification:_identify(src/ariac/test_competitor) by extension 'ros'
[7.370s] DEBUG:colcon.colcon_core.package_identification:Package 'src/ariac/test_competitor' with type 'ros.ament_cmake' and name 'test_competitor'
[7.370s] Level 1:colcon.colcon_core.package_identification:_identify(src/enpm663_spring2024) by extensions ['ignore', 'ignore_ament_install']
[7.370s] Level 1:colcon.colcon_core.package_identification:_identify(src/enpm663_spring2024) by extension 'ignore'
[7.370s] Level 1:colcon.colcon_core.package_identification:_identify(src/enpm663_spring2024) by extension 'ignore_ament_install'
[7.370s] Level 1:colcon.colcon_core.package_identification:_identify(src/enpm663_spring2024) by extensions ['colcon_pkg']
[7.371s] Level 1:colcon.colcon_core.package_identification:_identify(src/enpm663_spring2024) by extension 'colcon_pkg'
[7.371s] Level 1:colcon.colcon_core.package_identification:_identify(src/enpm663_spring2024) by extensions ['colcon_meta']
[7.371s] Level 1:colcon.colcon_core.package_identification:_identify(src/enpm663_spring2024) by extension 'colcon_meta'
[7.371s] Level 1:colcon.colcon_core.package_identification:_identify(src/enpm663_spring2024) by extensions ['ros']
[7.371s] Level 1:colcon.colcon_core.package_identification:_identify(src/enpm663_spring2024) by extension 'ros'
[7.371s] Level 1:colcon.colcon_core.package_identification:_identify(src/enpm663_spring2024) by extensions ['cmake', 'python']
[7.371s] Level 1:colcon.colcon_core.package_identification:_identify(src/enpm663_spring2024) by extension 'cmake'
[7.371s] Level 1:colcon.colcon_core.package_identification:_identify(src/enpm663_spring2024) by extension 'python'
[7.371s] Level 1:colcon.colcon_core.package_identification:_identify(src/enpm663_spring2024) by extensions ['python_setup_py']
[7.371s] Level 1:colcon.colcon_core.package_identification:_identify(src/enpm663_spring2024) by extension 'python_setup_py'
[7.371s] Level 1:colcon.colcon_core.package_identification:_identify(src/enpm663_spring2024/first_package) by extensions ['ignore', 'ignore_ament_install']
[7.371s] Level 1:colcon.colcon_core.package_identification:_identify(src/enpm663_spring2024/first_package) by extension 'ignore'
[7.371s] Level 1:colcon.colcon_core.package_identification:_identify(src/enpm663_spring2024/first_package) by extension 'ignore_ament_install'
[7.371s] Level 1:colcon.colcon_core.package_identification:_identify(src/enpm663_spring2024/first_package) by extensions ['colcon_pkg']
[7.371s] Level 1:colcon.colcon_core.package_identification:_identify(src/enpm663_spring2024/first_package) by extension 'colcon_pkg'
[7.371s] Level 1:colcon.colcon_core.package_identification:_identify(src/enpm663_spring2024/first_package) by extensions ['colcon_meta']
[7.372s] Level 1:colcon.colcon_core.package_identification:_identify(src/enpm663_spring2024/first_package) by extension 'colcon_meta'
[7.372s] Level 1:colcon.colcon_core.package_identification:_identify(src/enpm663_spring2024/first_package) by extensions ['ros']
[7.372s] Level 1:colcon.colcon_core.package_identification:_identify(src/enpm663_spring2024/first_package) by extension 'ros'
[7.372s] DEBUG:colcon.colcon_core.package_identification:Package 'src/enpm663_spring2024/first_package' with type 'ros.ament_cmake' and name 'first_package'
[7.372s] Level 1:colcon.colcon_core.package_identification:_identify(src/rwa1_sharma) by extensions ['ignore', 'ignore_ament_install']
[7.372s] Level 1:colcon.colcon_core.package_identification:_identify(src/rwa1_sharma) by extension 'ignore'
[7.372s] Level 1:colcon.colcon_core.package_identification:_identify(src/rwa1_sharma) by extension 'ignore_ament_install'
[7.373s] Level 1:colcon.colcon_core.package_identification:_identify(src/rwa1_sharma) by extensions ['colcon_pkg']
[7.373s] Level 1:colcon.colcon_core.package_identification:_identify(src/rwa1_sharma) by extension 'colcon_pkg'
[7.373s] Level 1:colcon.colcon_core.package_identification:_identify(src/rwa1_sharma) by extensions ['colcon_meta']
[7.373s] Level 1:colcon.colcon_core.package_identification:_identify(src/rwa1_sharma) by extension 'colcon_meta'
[7.373s] Level 1:colcon.colcon_core.package_identification:_identify(src/rwa1_sharma) by extensions ['ros']
[7.373s] Level 1:colcon.colcon_core.package_identification:_identify(src/rwa1_sharma) by extension 'ros'
[7.373s] Level 1:colcon.colcon_core.package_identification:_identify(src/rwa1_sharma) by extensions ['cmake', 'python']
[7.373s] Level 1:colcon.colcon_core.package_identification:_identify(src/rwa1_sharma) by extension 'cmake'
[7.373s] Level 1:colcon.colcon_core.package_identification:_identify(src/rwa1_sharma) by extension 'python'
[7.373s] Level 1:colcon.colcon_core.package_identification:_identify(src/rwa1_sharma) by extensions ['python_setup_py']
[7.373s] Level 1:colcon.colcon_core.package_identification:_identify(src/rwa1_sharma) by extension 'python_setup_py'
[7.373s] Level 1:colcon.colcon_core.package_identification:_identify(src/rwa1_sharma/exercise1) by extensions ['ignore', 'ignore_ament_install']
[7.373s] Level 1:colcon.colcon_core.package_identification:_identify(src/rwa1_sharma/exercise1) by extension 'ignore'
[7.373s] Level 1:colcon.colcon_core.package_identification:_identify(src/rwa1_sharma/exercise1) by extension 'ignore_ament_install'
[7.373s] Level 1:colcon.colcon_core.package_identification:_identify(src/rwa1_sharma/exercise1) by extensions ['colcon_pkg']
[7.373s] Level 1:colcon.colcon_core.package_identification:_identify(src/rwa1_sharma/exercise1) by extension 'colcon_pkg'
[7.373s] Level 1:colcon.colcon_core.package_identification:_identify(src/rwa1_sharma/exercise1) by extensions ['colcon_meta']
[7.373s] Level 1:colcon.colcon_core.package_identification:_identify(src/rwa1_sharma/exercise1) by extension 'colcon_meta'
[7.373s] Level 1:colcon.colcon_core.package_identification:_identify(src/rwa1_sharma/exercise1) by extensions ['ros']
[7.373s] Level 1:colcon.colcon_core.package_identification:_identify(src/rwa1_sharma/exercise1) by extension 'ros'
[7.374s] DEBUG:colcon.colcon_core.package_identification:Package 'src/rwa1_sharma/exercise1' with type 'ros.ament_python' and name 'exercise1'
[7.374s] Level 1:colcon.colcon_core.package_identification:_identify(src/rwa1_sharma/exercise2) by extensions ['ignore', 'ignore_ament_install']
[7.374s] Level 1:colcon.colcon_core.package_identification:_identify(src/rwa1_sharma/exercise2) by extension 'ignore'
[7.374s] Level 1:colcon.colcon_core.package_identification:_identify(src/rwa1_sharma/exercise2) by extension 'ignore_ament_install'
[7.374s] Level 1:colcon.colcon_core.package_identification:_identify(src/rwa1_sharma/exercise2) by extensions ['colcon_pkg']
[7.374s] Level 1:colcon.colcon_core.package_identification:_identify(src/rwa1_sharma/exercise2) by extension 'colcon_pkg'
[7.374s] Level 1:colcon.colcon_core.package_identification:_identify(src/rwa1_sharma/exercise2) by extensions ['colcon_meta']
[7.374s] Level 1:colcon.colcon_core.package_identification:_identify(src/rwa1_sharma/exercise2) by extension 'colcon_meta'
[7.374s] Level 1:colcon.colcon_core.package_identification:_identify(src/rwa1_sharma/exercise2) by extensions ['ros']
[7.374s] Level 1:colcon.colcon_core.package_identification:_identify(src/rwa1_sharma/exercise2) by extension 'ros'
[7.375s] DEBUG:colcon.colcon_core.package_identification:Package 'src/rwa1_sharma/exercise2' with type 'ros.ament_python' and name 'exercise2'
[7.375s] Level 1:colcon.colcon_core.package_identification:_identify(src/rwa1_sharma/exercise3) by extensions ['ignore', 'ignore_ament_install']
[7.375s] Level 1:colcon.colcon_core.package_identification:_identify(src/rwa1_sharma/exercise3) by extension 'ignore'
[7.375s] Level 1:colcon.colcon_core.package_identification:_identify(src/rwa1_sharma/exercise3) by extension 'ignore_ament_install'
[7.375s] Level 1:colcon.colcon_core.package_identification:_identify(src/rwa1_sharma/exercise3) by extensions ['colcon_pkg']
[7.375s] Level 1:colcon.colcon_core.package_identification:_identify(src/rwa1_sharma/exercise3) by extension 'colcon_pkg'
[7.375s] Level 1:colcon.colcon_core.package_identification:_identify(src/rwa1_sharma/exercise3) by extensions ['colcon_meta']
[7.375s] Level 1:colcon.colcon_core.package_identification:_identify(src/rwa1_sharma/exercise3) by extension 'colcon_meta'
[7.375s] Level 1:colcon.colcon_core.package_identification:_identify(src/rwa1_sharma/exercise3) by extensions ['ros']
[7.375s] Level 1:colcon.colcon_core.package_identification:_identify(src/rwa1_sharma/exercise3) by extension 'ros'
[7.376s] DEBUG:colcon.colcon_core.package_identification:Package 'src/rwa1_sharma/exercise3' with type 'ros.ament_python' and name 'exercise3'
[7.376s] Level 1:colcon.colcon_core.package_discovery:discover_packages(recursive) using defaults
[7.376s] Level 1:colcon.colcon_core.package_discovery:discover_packages(ignore) discover
[7.376s] Level 1:colcon.colcon_core.package_discovery:discover_packages(ignore) using defaults
[7.376s] Level 1:colcon.colcon_core.package_discovery:discover_packages(path) discover
[7.376s] Level 1:colcon.colcon_core.package_discovery:discover_packages(path) using defaults
[7.811s] INFO:colcon.colcon_core.package_selection:Skipping not selected package 'ariac_description' in 'src/ariac/ariac_description'
[7.811s] INFO:colcon.colcon_core.package_selection:Skipping not selected package 'ariac_gazebo' in 'src/ariac/ariac_gazebo'
[7.811s] INFO:colcon.colcon_core.package_selection:Skipping not selected package 'ariac_moveit_config' in 'src/ariac/ariac_moveit_config'
[7.811s] INFO:colcon.colcon_core.package_selection:Skipping not selected package 'ariac_msgs' in 'src/ariac/ariac_msgs'
[7.811s] INFO:colcon.colcon_core.package_selection:Skipping not selected package 'exercise1' in 'src/rwa1_sharma/exercise1'
[7.811s] INFO:colcon.colcon_core.package_selection:Skipping not selected package 'exercise2' in 'src/rwa1_sharma/exercise2'
[7.811s] INFO:colcon.colcon_core.package_selection:Skipping not selected package 'first_package' in 'src/enpm663_spring2024/first_package'
[7.811s] INFO:colcon.colcon_core.package_selection:Skipping not selected package 'ariac_gui' in 'src/ariac/ariac_gui'
[7.811s] INFO:colcon.colcon_core.package_selection:Skipping not selected package 'ariac_human' in 'src/ariac/ariac_human'
[7.811s] INFO:colcon.colcon_core.package_selection:Skipping not selected package 'ariac_plugins' in 'src/ariac/ariac_plugins'
[7.811s] INFO:colcon.colcon_core.package_selection:Skipping not selected package 'ariac_sensors' in 'src/ariac/ariac_sensors'
[7.812s] INFO:colcon.colcon_core.package_selection:Skipping not selected package 'test_competitor' in 'src/ariac/test_competitor'
[8.061s] Level 1:colcon.colcon_core.package_discovery:discover_packages(prefix_path) check parameters
[8.062s] Level 1:colcon.colcon_core.package_discovery:discover_packages(prefix_path) discover
[8.327s] DEBUG:colcon.colcon_installed_package_information.package_discovery:Found 13 installed packages in /home/shdh/enpm663_ws/install
[8.457s] DEBUG:colcon.colcon_installed_package_information.package_discovery:Found 388 installed packages in /opt/ros/galactic
[8.458s] Level 1:colcon.colcon_core.package_discovery:discover_packages(prefix_path) using defaults
[8.812s] Level 5:colcon.colcon_core.verb:set package 'exercise3' build argument 'cmake_args' from command line to 'None'
[8.812s] Level 5:colcon.colcon_core.verb:set package 'exercise3' build argument 'cmake_target' from command line to 'None'
[8.812s] Level 5:colcon.colcon_core.verb:set package 'exercise3' build argument 'cmake_target_skip_unavailable' from command line to 'False'
[8.812s] Level 5:colcon.colcon_core.verb:set package 'exercise3' build argument 'cmake_clean_cache' from command line to 'False'
[8.812s] Level 5:colcon.colcon_core.verb:set package 'exercise3' build argument 'cmake_clean_first' from command line to 'False'
[8.812s] Level 5:colcon.colcon_core.verb:set package 'exercise3' build argument 'cmake_force_configure' from command line to 'False'
[8.812s] Level 5:colcon.colcon_core.verb:set package 'exercise3' build argument 'ament_cmake_args' from command line to 'None'
[8.812s] Level 5:colcon.colcon_core.verb:set package 'exercise3' build argument 'catkin_cmake_args' from command line to 'None'
[8.812s] Level 5:colcon.colcon_core.verb:set package 'exercise3' build argument 'catkin_skip_building_tests' from command line to 'False'
[8.812s] DEBUG:colcon.colcon_core.verb:Building package 'exercise3' with the following arguments: {'ament_cmake_args': None, 'build_base': '/home/shdh/enpm663_ws/build/exercise3', 'catkin_cmake_args': None, 'catkin_skip_building_tests': False, 'cmake_args': None, 'cmake_clean_cache': False, 'cmake_clean_first': False, 'cmake_force_configure': False, 'cmake_target': None, 'cmake_target_skip_unavailable': False, 'install_base': '/home/shdh/enpm663_ws/install/exercise3', 'merge_install': False, 'path': '/home/shdh/enpm663_ws/src/rwa1_sharma/exercise3', 'symlink_install': False, 'test_result_base': None}
[8.944s] INFO:colcon.colcon_core.executor:Executing jobs using 'parallel' executor
[9.075s] DEBUG:colcon.colcon_parallel_executor.executor.parallel:run_until_complete
[9.075s] INFO:colcon.colcon_ros.task.ament_python.build:Building ROS package in '/home/shdh/enpm663_ws/src/rwa1_sharma/exercise3' with build type 'ament_python'
[9.075s] Level 1:colcon.colcon_core.shell:create_environment_hook('exercise3', 'ament_prefix_path')
[9.214s] INFO:colcon.colcon_core.plugin_system:Skipping extension 'colcon_core.shell.bat': Not used on non-Windows systems
[9.214s] INFO:colcon.colcon_core.shell:Creating environment hook '/home/shdh/enpm663_ws/install/exercise3/share/exercise3/hook/ament_prefix_path.ps1'
[9.214s] INFO:colcon.colcon_core.shell:Creating environment descriptor '/home/shdh/enpm663_ws/install/exercise3/share/exercise3/hook/ament_prefix_path.dsv'
[9.215s] INFO:colcon.colcon_core.shell:Creating environment hook '/home/shdh/enpm663_ws/install/exercise3/share/exercise3/hook/ament_prefix_path.sh'
[9.350s] INFO:colcon.colcon_core.shell:Skip shell extension 'powershell' for command environment: Not usable outside of PowerShell
[9.350s] DEBUG:colcon.colcon_core.shell:Skip shell extension 'dsv' for command environment
[9.993s] INFO:colcon.colcon_core.task.python.build:Building Python package in '/home/shdh/enpm663_ws/src/rwa1_sharma/exercise3'
[10.118s] INFO:colcon.colcon_core.shell:Skip shell extension 'powershell' for command environment: Not usable outside of PowerShell
[10.118s] DEBUG:colcon.colcon_core.shell:Skip shell extension 'dsv' for command environment
[10.916s] DEBUG:colcon.colcon_core.event_handler.log_command:Invoking command in '/home/shdh/enpm663_ws/src/rwa1_sharma/exercise3': PYTHONPATH=/home/shdh/enpm663_ws/build/exercise3/prefix_override:/home/shdh/enpm663_ws/install/exercise3/lib/python3.8/site-packages:${PYTHONPATH} /usr/bin/python3 setup.py egg_info --egg-base ../../../build/exercise3 build --build-base /home/shdh/enpm663_ws/build/exercise3/build install --record /home/shdh/enpm663_ws/build/exercise3/install.log --single-version-externally-managed
[11.212s] DEBUG:colcon.colcon_core.event_handler.log_command:Invoked command in '/home/shdh/enpm663_ws/src/rwa1_sharma/exercise3' returned '0': PYTHONPATH=/home/shdh/enpm663_ws/build/exercise3/prefix_override:/home/shdh/enpm663_ws/install/exercise3/lib/python3.8/site-packages:${PYTHONPATH} /usr/bin/python3 setup.py egg_info --egg-base ../../../build/exercise3 build --build-base /home/shdh/enpm663_ws/build/exercise3/build install --record /home/shdh/enpm663_ws/build/exercise3/install.log --single-version-externally-managed
[11.344s] Level 1:colcon.colcon_core.environment:checking '/home/shdh/enpm663_ws/install/exercise3' for CMake module files
[11.344s] Level 1:colcon.colcon_core.environment:checking '/home/shdh/enpm663_ws/install/exercise3' for CMake config files
[11.345s] Level 1:colcon.colcon_core.environment:checking '/home/shdh/enpm663_ws/install/exercise3/lib'
[11.345s] Level 1:colcon.colcon_core.environment:checking '/home/shdh/enpm663_ws/install/exercise3/bin'
[11.345s] Level 1:colcon.colcon_core.environment:checking '/home/shdh/enpm663_ws/install/exercise3/lib/pkgconfig/exercise3.pc'
[11.346s] Level 1:colcon.colcon_core.environment:checking '/home/shdh/enpm663_ws/install/exercise3/lib/python3.8/site-packages'
[11.346s] Level 1:colcon.colcon_core.shell:create_environment_hook('exercise3', 'pythonpath')
[11.475s] INFO:colcon.colcon_core.shell:Creating environment hook '/home/shdh/enpm663_ws/install/exercise3/share/exercise3/hook/pythonpath.ps1'
[11.475s] INFO:colcon.colcon_core.shell:Creating environment descriptor '/home/shdh/enpm663_ws/install/exercise3/share/exercise3/hook/pythonpath.dsv'
[11.476s] INFO:colcon.colcon_core.shell:Creating environment hook '/home/shdh/enpm663_ws/install/exercise3/share/exercise3/hook/pythonpath.sh'
[11.476s] Level 1:colcon.colcon_core.environment:checking '/home/shdh/enpm663_ws/install/exercise3/bin'
[11.476s] Level 1:colcon.colcon_core.environment:create_environment_scripts_only(exercise3)
[11.604s] INFO:colcon.colcon_core.shell:Creating package script '/home/shdh/enpm663_ws/install/exercise3/share/exercise3/package.ps1'
[11.605s] INFO:colcon.colcon_core.shell:Creating package descriptor '/home/shdh/enpm663_ws/install/exercise3/share/exercise3/package.dsv'
[11.605s] INFO:colcon.colcon_core.shell:Creating package script '/home/shdh/enpm663_ws/install/exercise3/share/exercise3/package.sh'
[11.606s] INFO:colcon.colcon_core.shell:Creating package script '/home/shdh/enpm663_ws/install/exercise3/share/exercise3/package.bash'
[11.606s] INFO:colcon.colcon_core.shell:Creating package script '/home/shdh/enpm663_ws/install/exercise3/share/exercise3/package.zsh'
[11.607s] Level 1:colcon.colcon_core.environment:create_file_with_runtime_dependencies(/home/shdh/enpm663_ws/install/exercise3/share/colcon-core/packages/exercise3)
[11.607s] DEBUG:colcon.colcon_parallel_executor.executor.parallel:closing loop
[11.607s] DEBUG:colcon.colcon_parallel_executor.executor.parallel:loop closed
[11.608s] DEBUG:colcon.colcon_parallel_executor.executor.parallel:run_until_complete finished with '0'
[11.608s] DEBUG:colcon.colcon_core.event_reactor:joining thread
[11.734s] INFO:colcon.colcon_core.plugin_system:Skipping extension 'colcon_notification.desktop_notification.terminal_notifier': Not used on non-Darwin systems
[11.734s] INFO:colcon.colcon_core.plugin_system:Skipping extension 'colcon_notification.desktop_notification.win32': Not used on non-Windows systems
[11.734s] INFO:colcon.colcon_notification.desktop_notification:Sending desktop notification using 'notify2'
[11.745s] DEBUG:colcon.colcon_core.event_reactor:joined thread
[11.879s] INFO:colcon.colcon_core.shell:Creating prefix script '/home/shdh/enpm663_ws/install/local_setup.ps1'
[11.880s] INFO:colcon.colcon_core.shell:Creating prefix util module '/home/shdh/enpm663_ws/install/_local_setup_util_ps1.py'
[11.881s] INFO:colcon.colcon_core.shell:Creating prefix chain script '/home/shdh/enpm663_ws/install/setup.ps1'
[12.015s] INFO:colcon.colcon_core.shell:Creating prefix script '/home/shdh/enpm663_ws/install/local_setup.sh'
[12.015s] INFO:colcon.colcon_core.shell:Creating prefix util module '/home/shdh/enpm663_ws/install/_local_setup_util_sh.py'
[12.016s] INFO:colcon.colcon_core.shell:Creating prefix chain script '/home/shdh/enpm663_ws/install/setup.sh'
[12.149s] INFO:colcon.colcon_core.shell:Creating prefix script '/home/shdh/enpm663_ws/install/local_setup.bash'
[12.150s] INFO:colcon.colcon_core.shell:Creating prefix chain script '/home/shdh/enpm663_ws/install/setup.bash'
[12.280s] INFO:colcon.colcon_core.shell:Creating prefix script '/home/shdh/enpm663_ws/install/local_setup.zsh'
[12.280s] INFO:colcon.colcon_core.shell:Creating prefix chain script '/home/shdh/enpm663_ws/install/setup.zsh'
