[6.039s] DEBUG:colcon:Command line arguments: ['/usr/bin/colcon', 'build']
[6.039s] DEBUG:colcon:Parsed command line arguments: Namespace(allow_overriding=[], ament_cmake_args=None, base_paths=['.'], build_base='build', catkin_cmake_args=None, catkin_skip_building_tests=False, cmake_args=None, cmake_clean_cache=False, cmake_clean_first=False, cmake_force_configure=False, cmake_target=None, cmake_target_skip_unavailable=False, continue_on_error=False, event_handlers=None, executor='parallel', ignore_user_meta=False, install_base='install', log_base=None, log_level=None, main=<bound method BuildVerb.main of <colcon_core.verb.build.BuildVerb object at 0x7fdea8b14910>>, merge_install=False, metas=['./colcon.meta'], packages_above=None, packages_above_and_dependencies=None, packages_above_depth=None, packages_end=None, packages_ignore=None, packages_ignore_regex=None, packages_select=None, packages_select_build_failed=False, packages_select_by_dep=None, packages_select_regex=None, packages_select_test_failures=False, packages_skip=None, packages_skip_build_finished=False, packages_skip_by_dep=None, packages_skip_regex=None, packages_skip_test_passed=False, packages_skip_up_to=None, packages_start=None, packages_up_to=None, packages_up_to_regex=None, parallel_workers=12, paths=None, symlink_install=False, test_result_base=None, verb_extension=<colcon_core.verb.build.BuildVerb object at 0x7fdea8b14910>, verb_name='build', verb_parser=<colcon_defaults.argument_parser.defaults.DefaultArgumentsDecorator object at 0x7fdea87ade20>)
[6.280s] Level 1:colcon.colcon_core.package_discovery:discover_packages(colcon_meta) check parameters
[6.280s] Level 1:colcon.colcon_core.package_discovery:discover_packages(recursive) check parameters
[6.280s] Level 1:colcon.colcon_core.package_discovery:discover_packages(ignore) check parameters
[6.280s] Level 1:colcon.colcon_core.package_discovery:discover_packages(path) check parameters
[6.280s] Level 1:colcon.colcon_core.package_discovery:discover_packages(colcon_meta) discover
[6.280s] Level 1:colcon.colcon_core.package_discovery:discover_packages(recursive) discover
[6.280s] INFO:colcon.colcon_core.package_discovery:Crawling recursively for packages in '/home/shdh/enpm663_ws'
[6.280s] Level 1:colcon.colcon_core.package_identification:_identify(.) by extensions ['ignore', 'ignore_ament_install']
[6.280s] Level 1:colcon.colcon_core.package_identification:_identify(.) by extension 'ignore'
[6.281s] Level 1:colcon.colcon_core.package_identification:_identify(.) by extension 'ignore_ament_install'
[6.281s] Level 1:colcon.colcon_core.package_identification:_identify(.) by extensions ['colcon_pkg']
[6.281s] Level 1:colcon.colcon_core.package_identification:_identify(.) by extension 'colcon_pkg'
[6.281s] Level 1:colcon.colcon_core.package_identification:_identify(.) by extensions ['colcon_meta']
[6.281s] Level 1:colcon.colcon_core.package_identification:_identify(.) by extension 'colcon_meta'
[6.281s] Level 1:colcon.colcon_core.package_identification:_identify(.) by extensions ['ros']
[6.281s] Level 1:colcon.colcon_core.package_identification:_identify(.) by extension 'ros'
[6.289s] Level 1:colcon.colcon_core.package_identification:_identify(.) by extensions ['cmake', 'python']
[6.289s] Level 1:colcon.colcon_core.package_identification:_identify(.) by extension 'cmake'
[6.289s] Level 1:colcon.colcon_core.package_identification:_identify(.) by extension 'python'
[6.289s] Level 1:colcon.colcon_core.package_identification:_identify(.) by extensions ['python_setup_py']
[6.289s] Level 1:colcon.colcon_core.package_identification:_identify(.) by extension 'python_setup_py'
[6.289s] Level 1:colcon.colcon_core.package_identification:_identify(build) by extensions ['ignore', 'ignore_ament_install']
[6.289s] Level 1:colcon.colcon_core.package_identification:_identify(build) by extension 'ignore'
[6.289s] Level 1:colcon.colcon_core.package_identification:_identify(build) ignored
[6.290s] Level 1:colcon.colcon_core.package_identification:_identify(install) by extensions ['ignore', 'ignore_ament_install']
[6.290s] Level 1:colcon.colcon_core.package_identification:_identify(install) by extension 'ignore'
[6.290s] Level 1:colcon.colcon_core.package_identification:_identify(install) ignored
[6.290s] Level 1:colcon.colcon_core.package_identification:_identify(log) by extensions ['ignore', 'ignore_ament_install']
[6.290s] Level 1:colcon.colcon_core.package_identification:_identify(log) by extension 'ignore'
[6.290s] Level 1:colcon.colcon_core.package_identification:_identify(log) ignored
[6.290s] Level 1:colcon.colcon_core.package_identification:_identify(src) by extensions ['ignore', 'ignore_ament_install']
[6.290s] Level 1:colcon.colcon_core.package_identification:_identify(src) by extension 'ignore'
[6.290s] Level 1:colcon.colcon_core.package_identification:_identify(src) by extension 'ignore_ament_install'
[6.290s] Level 1:colcon.colcon_core.package_identification:_identify(src) by extensions ['colcon_pkg']
[6.290s] Level 1:colcon.colcon_core.package_identification:_identify(src) by extension 'colcon_pkg'
[6.290s] Level 1:colcon.colcon_core.package_identification:_identify(src) by extensions ['colcon_meta']
[6.290s] Level 1:colcon.colcon_core.package_identification:_identify(src) by extension 'colcon_meta'
[6.290s] Level 1:colcon.colcon_core.package_identification:_identify(src) by extensions ['ros']
[6.290s] Level 1:colcon.colcon_core.package_identification:_identify(src) by extension 'ros'
[6.290s] Level 1:colcon.colcon_core.package_identification:_identify(src) by extensions ['cmake', 'python']
[6.290s] Level 1:colcon.colcon_core.package_identification:_identify(src) by extension 'cmake'
[6.290s] Level 1:colcon.colcon_core.package_identification:_identify(src) by extension 'python'
[6.290s] Level 1:colcon.colcon_core.package_identification:_identify(src) by extensions ['python_setup_py']
[6.290s] Level 1:colcon.colcon_core.package_identification:_identify(src) by extension 'python_setup_py'
[6.291s] Level 1:colcon.colcon_core.package_identification:_identify(src/ariac) by extensions ['ignore', 'ignore_ament_install']
[6.291s] Level 1:colcon.colcon_core.package_identification:_identify(src/ariac) by extension 'ignore'
[6.291s] Level 1:colcon.colcon_core.package_identification:_identify(src/ariac) by extension 'ignore_ament_install'
[6.291s] Level 1:colcon.colcon_core.package_identification:_identify(src/ariac) by extensions ['colcon_pkg']
[6.291s] Level 1:colcon.colcon_core.package_identification:_identify(src/ariac) by extension 'colcon_pkg'
[6.291s] Level 1:colcon.colcon_core.package_identification:_identify(src/ariac) by extensions ['colcon_meta']
[6.291s] Level 1:colcon.colcon_core.package_identification:_identify(src/ariac) by extension 'colcon_meta'
[6.291s] Level 1:colcon.colcon_core.package_identification:_identify(src/ariac) by extensions ['ros']
[6.291s] Level 1:colcon.colcon_core.package_identification:_identify(src/ariac) by extension 'ros'
[6.291s] Level 1:colcon.colcon_core.package_identification:_identify(src/ariac) by extensions ['cmake', 'python']
[6.291s] Level 1:colcon.colcon_core.package_identification:_identify(src/ariac) by extension 'cmake'
[6.291s] Level 1:colcon.colcon_core.package_identification:_identify(src/ariac) by extension 'python'
[6.291s] Level 1:colcon.colcon_core.package_identification:_identify(src/ariac) by extensions ['python_setup_py']
[6.291s] Level 1:colcon.colcon_core.package_identification:_identify(src/ariac) by extension 'python_setup_py'
[6.291s] Level 1:colcon.colcon_core.package_identification:_identify(src/ariac/ariac_description) by extensions ['ignore', 'ignore_ament_install']
[6.291s] Level 1:colcon.colcon_core.package_identification:_identify(src/ariac/ariac_description) by extension 'ignore'
[6.291s] Level 1:colcon.colcon_core.package_identification:_identify(src/ariac/ariac_description) by extension 'ignore_ament_install'
[6.291s] Level 1:colcon.colcon_core.package_identification:_identify(src/ariac/ariac_description) by extensions ['colcon_pkg']
[6.291s] Level 1:colcon.colcon_core.package_identification:_identify(src/ariac/ariac_description) by extension 'colcon_pkg'
[6.291s] Level 1:colcon.colcon_core.package_identification:_identify(src/ariac/ariac_description) by extensions ['colcon_meta']
[6.291s] Level 1:colcon.colcon_core.package_identification:_identify(src/ariac/ariac_description) by extension 'colcon_meta'
[6.291s] Level 1:colcon.colcon_core.package_identification:_identify(src/ariac/ariac_description) by extensions ['ros']
[6.291s] Level 1:colcon.colcon_core.package_identification:_identify(src/ariac/ariac_description) by extension 'ros'
[6.293s] DEBUG:colcon.colcon_core.package_identification:Package 'src/ariac/ariac_description' with type 'ros.ament_cmake' and name 'ariac_description'
[6.293s] Level 1:colcon.colcon_core.package_identification:_identify(src/ariac/ariac_gazebo) by extensions ['ignore', 'ignore_ament_install']
[6.293s] Level 1:colcon.colcon_core.package_identification:_identify(src/ariac/ariac_gazebo) by extension 'ignore'
[6.294s] Level 1:colcon.colcon_core.package_identification:_identify(src/ariac/ariac_gazebo) by extension 'ignore_ament_install'
[6.294s] Level 1:colcon.colcon_core.package_identification:_identify(src/ariac/ariac_gazebo) by extensions ['colcon_pkg']
[6.294s] Level 1:colcon.colcon_core.package_identification:_identify(src/ariac/ariac_gazebo) by extension 'colcon_pkg'
[6.294s] Level 1:colcon.colcon_core.package_identification:_identify(src/ariac/ariac_gazebo) by extensions ['colcon_meta']
[6.294s] Level 1:colcon.colcon_core.package_identification:_identify(src/ariac/ariac_gazebo) by extension 'colcon_meta'
[6.294s] Level 1:colcon.colcon_core.package_identification:_identify(src/ariac/ariac_gazebo) by extensions ['ros']
[6.294s] Level 1:colcon.colcon_core.package_identification:_identify(src/ariac/ariac_gazebo) by extension 'ros'
[6.294s] DEBUG:colcon.colcon_core.package_identification:Package 'src/ariac/ariac_gazebo' with type 'ros.ament_cmake' and name 'ariac_gazebo'
[6.294s] Level 1:colcon.colcon_core.package_identification:_identify(src/ariac/ariac_gui) by extensions ['ignore', 'ignore_ament_install']
[6.294s] Level 1:colcon.colcon_core.package_identification:_identify(src/ariac/ariac_gui) by extension 'ignore'
[6.294s] Level 1:colcon.colcon_core.package_identification:_identify(src/ariac/ariac_gui) by extension 'ignore_ament_install'
[6.295s] Level 1:colcon.colcon_core.package_identification:_identify(src/ariac/ariac_gui) by extensions ['colcon_pkg']
[6.295s] Level 1:colcon.colcon_core.package_identification:_identify(src/ariac/ariac_gui) by extension 'colcon_pkg'
[6.295s] Level 1:colcon.colcon_core.package_identification:_identify(src/ariac/ariac_gui) by extensions ['colcon_meta']
[6.295s] Level 1:colcon.colcon_core.package_identification:_identify(src/ariac/ariac_gui) by extension 'colcon_meta'
[6.295s] Level 1:colcon.colcon_core.package_identification:_identify(src/ariac/ariac_gui) by extensions ['ros']
[6.295s] Level 1:colcon.colcon_core.package_identification:_identify(src/ariac/ariac_gui) by extension 'ros'
[6.295s] DEBUG:colcon.colcon_core.package_identification:Package 'src/ariac/ariac_gui' with type 'ros.ament_python' and name 'ariac_gui'
[6.295s] Level 1:colcon.colcon_core.package_identification:_identify(src/ariac/ariac_human) by extensions ['ignore', 'ignore_ament_install']
[6.295s] Level 1:colcon.colcon_core.package_identification:_identify(src/ariac/ariac_human) by extension 'ignore'
[6.295s] Level 1:colcon.colcon_core.package_identification:_identify(src/ariac/ariac_human) by extension 'ignore_ament_install'
[6.295s] Level 1:colcon.colcon_core.package_identification:_identify(src/ariac/ariac_human) by extensions ['colcon_pkg']
[6.295s] Level 1:colcon.colcon_core.package_identification:_identify(src/ariac/ariac_human) by extension 'colcon_pkg'
[6.295s] Level 1:colcon.colcon_core.package_identification:_identify(src/ariac/ariac_human) by extensions ['colcon_meta']
[6.295s] Level 1:colcon.colcon_core.package_identification:_identify(src/ariac/ariac_human) by extension 'colcon_meta'
[6.295s] Level 1:colcon.colcon_core.package_identification:_identify(src/ariac/ariac_human) by extensions ['ros']
[6.295s] Level 1:colcon.colcon_core.package_identification:_identify(src/ariac/ariac_human) by extension 'ros'
[6.296s] DEBUG:colcon.colcon_core.package_identification:Package 'src/ariac/ariac_human' with type 'ros.ament_cmake' and name 'ariac_human'
[6.297s] Level 1:colcon.colcon_core.package_identification:_identify(src/ariac/ariac_moveit_config) by extensions ['ignore', 'ignore_ament_install']
[6.297s] Level 1:colcon.colcon_core.package_identification:_identify(src/ariac/ariac_moveit_config) by extension 'ignore'
[6.297s] Level 1:colcon.colcon_core.package_identification:_identify(src/ariac/ariac_moveit_config) by extension 'ignore_ament_install'
[6.297s] Level 1:colcon.colcon_core.package_identification:_identify(src/ariac/ariac_moveit_config) by extensions ['colcon_pkg']
[6.297s] Level 1:colcon.colcon_core.package_identification:_identify(src/ariac/ariac_moveit_config) by extension 'colcon_pkg'
[6.297s] Level 1:colcon.colcon_core.package_identification:_identify(src/ariac/ariac_moveit_config) by extensions ['colcon_meta']
[6.297s] Level 1:colcon.colcon_core.package_identification:_identify(src/ariac/ariac_moveit_config) by extension 'colcon_meta'
[6.297s] Level 1:colcon.colcon_core.package_identification:_identify(src/ariac/ariac_moveit_config) by extensions ['ros']
[6.297s] Level 1:colcon.colcon_core.package_identification:_identify(src/ariac/ariac_moveit_config) by extension 'ros'
[6.297s] DEBUG:colcon.colcon_core.package_identification:Package 'src/ariac/ariac_moveit_config' with type 'ros.ament_cmake' and name 'ariac_moveit_config'
[6.298s] Level 1:colcon.colcon_core.package_identification:_identify(src/ariac/ariac_msgs) by extensions ['ignore', 'ignore_ament_install']
[6.298s] Level 1:colcon.colcon_core.package_identification:_identify(src/ariac/ariac_msgs) by extension 'ignore'
[6.298s] Level 1:colcon.colcon_core.package_identification:_identify(src/ariac/ariac_msgs) by extension 'ignore_ament_install'
[6.298s] Level 1:colcon.colcon_core.package_identification:_identify(src/ariac/ariac_msgs) by extensions ['colcon_pkg']
[6.298s] Level 1:colcon.colcon_core.package_identification:_identify(src/ariac/ariac_msgs) by extension 'colcon_pkg'
[6.298s] Level 1:colcon.colcon_core.package_identification:_identify(src/ariac/ariac_msgs) by extensions ['colcon_meta']
[6.298s] Level 1:colcon.colcon_core.package_identification:_identify(src/ariac/ariac_msgs) by extension 'colcon_meta'
[6.298s] Level 1:colcon.colcon_core.package_identification:_identify(src/ariac/ariac_msgs) by extensions ['ros']
[6.298s] Level 1:colcon.colcon_core.package_identification:_identify(src/ariac/ariac_msgs) by extension 'ros'
[6.298s] DEBUG:colcon.colcon_core.package_identification:Package 'src/ariac/ariac_msgs' with type 'ros.ament_cmake' and name 'ariac_msgs'
[6.298s] Level 1:colcon.colcon_core.package_identification:_identify(src/ariac/ariac_plugins) by extensions ['ignore', 'ignore_ament_install']
[6.298s] Level 1:colcon.colcon_core.package_identification:_identify(src/ariac/ariac_plugins) by extension 'ignore'
[6.298s] Level 1:colcon.colcon_core.package_identification:_identify(src/ariac/ariac_plugins) by extension 'ignore_ament_install'
[6.299s] Level 1:colcon.colcon_core.package_identification:_identify(src/ariac/ariac_plugins) by extensions ['colcon_pkg']
[6.299s] Level 1:colcon.colcon_core.package_identification:_identify(src/ariac/ariac_plugins) by extension 'colcon_pkg'
[6.299s] Level 1:colcon.colcon_core.package_identification:_identify(src/ariac/ariac_plugins) by extensions ['colcon_meta']
[6.299s] Level 1:colcon.colcon_core.package_identification:_identify(src/ariac/ariac_plugins) by extension 'colcon_meta'
[6.299s] Level 1:colcon.colcon_core.package_identification:_identify(src/ariac/ariac_plugins) by extensions ['ros']
[6.299s] Level 1:colcon.colcon_core.package_identification:_identify(src/ariac/ariac_plugins) by extension 'ros'
[6.299s] DEBUG:colcon.colcon_core.package_identification:Package 'src/ariac/ariac_plugins' with type 'ros.ament_cmake' and name 'ariac_plugins'
[6.299s] Level 1:colcon.colcon_core.package_identification:_identify(src/ariac/ariac_sensors) by extensions ['ignore', 'ignore_ament_install']
[6.299s] Level 1:colcon.colcon_core.package_identification:_identify(src/ariac/ariac_sensors) by extension 'ignore'
[6.300s] Level 1:colcon.colcon_core.package_identification:_identify(src/ariac/ariac_sensors) by extension 'ignore_ament_install'
[6.300s] Level 1:colcon.colcon_core.package_identification:_identify(src/ariac/ariac_sensors) by extensions ['colcon_pkg']
[6.300s] Level 1:colcon.colcon_core.package_identification:_identify(src/ariac/ariac_sensors) by extension 'colcon_pkg'
[6.300s] Level 1:colcon.colcon_core.package_identification:_identify(src/ariac/ariac_sensors) by extensions ['colcon_meta']
[6.300s] Level 1:colcon.colcon_core.package_identification:_identify(src/ariac/ariac_sensors) by extension 'colcon_meta'
[6.300s] Level 1:colcon.colcon_core.package_identification:_identify(src/ariac/ariac_sensors) by extensions ['ros']
[6.300s] Level 1:colcon.colcon_core.package_identification:_identify(src/ariac/ariac_sensors) by extension 'ros'
[6.306s] DEBUG:colcon.colcon_core.package_identification:Package 'src/ariac/ariac_sensors' with type 'ros.ament_cmake' and name 'ariac_sensors'
[6.306s] Level 1:colcon.colcon_core.package_identification:_identify(src/ariac/automated_evaluation) by extensions ['ignore', 'ignore_ament_install']
[6.306s] Level 1:colcon.colcon_core.package_identification:_identify(src/ariac/automated_evaluation) by extension 'ignore'
[6.306s] Level 1:colcon.colcon_core.package_identification:_identify(src/ariac/automated_evaluation) by extension 'ignore_ament_install'
[6.306s] Level 1:colcon.colcon_core.package_identification:_identify(src/ariac/automated_evaluation) by extensions ['colcon_pkg']
[6.306s] Level 1:colcon.colcon_core.package_identification:_identify(src/ariac/automated_evaluation) by extension 'colcon_pkg'
[6.307s] Level 1:colcon.colcon_core.package_identification:_identify(src/ariac/automated_evaluation) by extensions ['colcon_meta']
[6.307s] Level 1:colcon.colcon_core.package_identification:_identify(src/ariac/automated_evaluation) by extension 'colcon_meta'
[6.307s] Level 1:colcon.colcon_core.package_identification:_identify(src/ariac/automated_evaluation) by extensions ['ros']
[6.307s] Level 1:colcon.colcon_core.package_identification:_identify(src/ariac/automated_evaluation) by extension 'ros'
[6.307s] Level 1:colcon.colcon_core.package_identification:_identify(src/ariac/automated_evaluation) by extensions ['cmake', 'python']
[6.307s] Level 1:colcon.colcon_core.package_identification:_identify(src/ariac/automated_evaluation) by extension 'cmake'
[6.307s] Level 1:colcon.colcon_core.package_identification:_identify(src/ariac/automated_evaluation) by extension 'python'
[6.307s] Level 1:colcon.colcon_core.package_identification:_identify(src/ariac/automated_evaluation) by extensions ['python_setup_py']
[6.307s] Level 1:colcon.colcon_core.package_identification:_identify(src/ariac/automated_evaluation) by extension 'python_setup_py'
[6.307s] Level 1:colcon.colcon_core.package_identification:_identify(src/ariac/automated_evaluation/competitor_build_scripts) by extensions ['ignore', 'ignore_ament_install']
[6.307s] Level 1:colcon.colcon_core.package_identification:_identify(src/ariac/automated_evaluation/competitor_build_scripts) by extension 'ignore'
[6.307s] Level 1:colcon.colcon_core.package_identification:_identify(src/ariac/automated_evaluation/competitor_build_scripts) by extension 'ignore_ament_install'
[6.307s] Level 1:colcon.colcon_core.package_identification:_identify(src/ariac/automated_evaluation/competitor_build_scripts) by extensions ['colcon_pkg']
[6.307s] Level 1:colcon.colcon_core.package_identification:_identify(src/ariac/automated_evaluation/competitor_build_scripts) by extension 'colcon_pkg'
[6.307s] Level 1:colcon.colcon_core.package_identification:_identify(src/ariac/automated_evaluation/competitor_build_scripts) by extensions ['colcon_meta']
[6.307s] Level 1:colcon.colcon_core.package_identification:_identify(src/ariac/automated_evaluation/competitor_build_scripts) by extension 'colcon_meta'
[6.307s] Level 1:colcon.colcon_core.package_identification:_identify(src/ariac/automated_evaluation/competitor_build_scripts) by extensions ['ros']
[6.307s] Level 1:colcon.colcon_core.package_identification:_identify(src/ariac/automated_evaluation/competitor_build_scripts) by extension 'ros'
[6.307s] Level 1:colcon.colcon_core.package_identification:_identify(src/ariac/automated_evaluation/competitor_build_scripts) by extensions ['cmake', 'python']
[6.307s] Level 1:colcon.colcon_core.package_identification:_identify(src/ariac/automated_evaluation/competitor_build_scripts) by extension 'cmake'
[6.308s] Level 1:colcon.colcon_core.package_identification:_identify(src/ariac/automated_evaluation/competitor_build_scripts) by extension 'python'
[6.308s] Level 1:colcon.colcon_core.package_identification:_identify(src/ariac/automated_evaluation/competitor_build_scripts) by extensions ['python_setup_py']
[6.308s] Level 1:colcon.colcon_core.package_identification:_identify(src/ariac/automated_evaluation/competitor_build_scripts) by extension 'python_setup_py'
[6.308s] Level 1:colcon.colcon_core.package_identification:_identify(src/ariac/automated_evaluation/scripts) by extensions ['ignore', 'ignore_ament_install']
[6.308s] Level 1:colcon.colcon_core.package_identification:_identify(src/ariac/automated_evaluation/scripts) by extension 'ignore'
[6.308s] Level 1:colcon.colcon_core.package_identification:_identify(src/ariac/automated_evaluation/scripts) by extension 'ignore_ament_install'
[6.308s] Level 1:colcon.colcon_core.package_identification:_identify(src/ariac/automated_evaluation/scripts) by extensions ['colcon_pkg']
[6.308s] Level 1:colcon.colcon_core.package_identification:_identify(src/ariac/automated_evaluation/scripts) by extension 'colcon_pkg'
[6.308s] Level 1:colcon.colcon_core.package_identification:_identify(src/ariac/automated_evaluation/scripts) by extensions ['colcon_meta']
[6.308s] Level 1:colcon.colcon_core.package_identification:_identify(src/ariac/automated_evaluation/scripts) by extension 'colcon_meta'
[6.308s] Level 1:colcon.colcon_core.package_identification:_identify(src/ariac/automated_evaluation/scripts) by extensions ['ros']
[6.308s] Level 1:colcon.colcon_core.package_identification:_identify(src/ariac/automated_evaluation/scripts) by extension 'ros'
[6.308s] Level 1:colcon.colcon_core.package_identification:_identify(src/ariac/automated_evaluation/scripts) by extensions ['cmake', 'python']
[6.308s] Level 1:colcon.colcon_core.package_identification:_identify(src/ariac/automated_evaluation/scripts) by extension 'cmake'
[6.308s] Level 1:colcon.colcon_core.package_identification:_identify(src/ariac/automated_evaluation/scripts) by extension 'python'
[6.308s] Level 1:colcon.colcon_core.package_identification:_identify(src/ariac/automated_evaluation/scripts) by extensions ['python_setup_py']
[6.308s] Level 1:colcon.colcon_core.package_identification:_identify(src/ariac/automated_evaluation/scripts) by extension 'python_setup_py'
[6.308s] Level 1:colcon.colcon_core.package_identification:_identify(src/ariac/automated_evaluation/trials) by extensions ['ignore', 'ignore_ament_install']
[6.308s] Level 1:colcon.colcon_core.package_identification:_identify(src/ariac/automated_evaluation/trials) by extension 'ignore'
[6.309s] Level 1:colcon.colcon_core.package_identification:_identify(src/ariac/automated_evaluation/trials) by extension 'ignore_ament_install'
[6.309s] Level 1:colcon.colcon_core.package_identification:_identify(src/ariac/automated_evaluation/trials) by extensions ['colcon_pkg']
[6.309s] Level 1:colcon.colcon_core.package_identification:_identify(src/ariac/automated_evaluation/trials) by extension 'colcon_pkg'
[6.309s] Level 1:colcon.colcon_core.package_identification:_identify(src/ariac/automated_evaluation/trials) by extensions ['colcon_meta']
[6.309s] Level 1:colcon.colcon_core.package_identification:_identify(src/ariac/automated_evaluation/trials) by extension 'colcon_meta'
[6.309s] Level 1:colcon.colcon_core.package_identification:_identify(src/ariac/automated_evaluation/trials) by extensions ['ros']
[6.309s] Level 1:colcon.colcon_core.package_identification:_identify(src/ariac/automated_evaluation/trials) by extension 'ros'
[6.309s] Level 1:colcon.colcon_core.package_identification:_identify(src/ariac/automated_evaluation/trials) by extensions ['cmake', 'python']
[6.309s] Level 1:colcon.colcon_core.package_identification:_identify(src/ariac/automated_evaluation/trials) by extension 'cmake'
[6.309s] Level 1:colcon.colcon_core.package_identification:_identify(src/ariac/automated_evaluation/trials) by extension 'python'
[6.309s] Level 1:colcon.colcon_core.package_identification:_identify(src/ariac/automated_evaluation/trials) by extensions ['python_setup_py']
[6.309s] Level 1:colcon.colcon_core.package_identification:_identify(src/ariac/automated_evaluation/trials) by extension 'python_setup_py'
[6.309s] Level 1:colcon.colcon_core.package_identification:_identify(src/ariac/docs) by extensions ['ignore', 'ignore_ament_install']
[6.309s] Level 1:colcon.colcon_core.package_identification:_identify(src/ariac/docs) by extension 'ignore'
[6.309s] Level 1:colcon.colcon_core.package_identification:_identify(src/ariac/docs) by extension 'ignore_ament_install'
[6.309s] Level 1:colcon.colcon_core.package_identification:_identify(src/ariac/docs) by extensions ['colcon_pkg']
[6.309s] Level 1:colcon.colcon_core.package_identification:_identify(src/ariac/docs) by extension 'colcon_pkg'
[6.309s] Level 1:colcon.colcon_core.package_identification:_identify(src/ariac/docs) by extensions ['colcon_meta']
[6.309s] Level 1:colcon.colcon_core.package_identification:_identify(src/ariac/docs) by extension 'colcon_meta'
[6.309s] Level 1:colcon.colcon_core.package_identification:_identify(src/ariac/docs) by extensions ['ros']
[6.309s] Level 1:colcon.colcon_core.package_identification:_identify(src/ariac/docs) by extension 'ros'
[6.310s] Level 1:colcon.colcon_core.package_identification:_identify(src/ariac/docs) by extensions ['cmake', 'python']
[6.310s] Level 1:colcon.colcon_core.package_identification:_identify(src/ariac/docs) by extension 'cmake'
[6.310s] Level 1:colcon.colcon_core.package_identification:_identify(src/ariac/docs) by extension 'python'
[6.310s] Level 1:colcon.colcon_core.package_identification:_identify(src/ariac/docs) by extensions ['python_setup_py']
[6.310s] Level 1:colcon.colcon_core.package_identification:_identify(src/ariac/docs) by extension 'python_setup_py'
[6.310s] Level 1:colcon.colcon_core.package_identification:_identify(src/ariac/docs/automated_evaluation) by extensions ['ignore', 'ignore_ament_install']
[6.310s] Level 1:colcon.colcon_core.package_identification:_identify(src/ariac/docs/automated_evaluation) by extension 'ignore'
[6.310s] Level 1:colcon.colcon_core.package_identification:_identify(src/ariac/docs/automated_evaluation) by extension 'ignore_ament_install'
[6.310s] Level 1:colcon.colcon_core.package_identification:_identify(src/ariac/docs/automated_evaluation) by extensions ['colcon_pkg']
[6.310s] Level 1:colcon.colcon_core.package_identification:_identify(src/ariac/docs/automated_evaluation) by extension 'colcon_pkg'
[6.310s] Level 1:colcon.colcon_core.package_identification:_identify(src/ariac/docs/automated_evaluation) by extensions ['colcon_meta']
[6.310s] Level 1:colcon.colcon_core.package_identification:_identify(src/ariac/docs/automated_evaluation) by extension 'colcon_meta'
[6.310s] Level 1:colcon.colcon_core.package_identification:_identify(src/ariac/docs/automated_evaluation) by extensions ['ros']
[6.310s] Level 1:colcon.colcon_core.package_identification:_identify(src/ariac/docs/automated_evaluation) by extension 'ros'
[6.310s] Level 1:colcon.colcon_core.package_identification:_identify(src/ariac/docs/automated_evaluation) by extensions ['cmake', 'python']
[6.310s] Level 1:colcon.colcon_core.package_identification:_identify(src/ariac/docs/automated_evaluation) by extension 'cmake'
[6.310s] Level 1:colcon.colcon_core.package_identification:_identify(src/ariac/docs/automated_evaluation) by extension 'python'
[6.310s] Level 1:colcon.colcon_core.package_identification:_identify(src/ariac/docs/automated_evaluation) by extensions ['python_setup_py']
[6.310s] Level 1:colcon.colcon_core.package_identification:_identify(src/ariac/docs/automated_evaluation) by extension 'python_setup_py'
[6.310s] Level 1:colcon.colcon_core.package_identification:_identify(src/ariac/docs/competition) by extensions ['ignore', 'ignore_ament_install']
[6.311s] Level 1:colcon.colcon_core.package_identification:_identify(src/ariac/docs/competition) by extension 'ignore'
[6.311s] Level 1:colcon.colcon_core.package_identification:_identify(src/ariac/docs/competition) by extension 'ignore_ament_install'
[6.311s] Level 1:colcon.colcon_core.package_identification:_identify(src/ariac/docs/competition) by extensions ['colcon_pkg']
[6.311s] Level 1:colcon.colcon_core.package_identification:_identify(src/ariac/docs/competition) by extension 'colcon_pkg'
[6.311s] Level 1:colcon.colcon_core.package_identification:_identify(src/ariac/docs/competition) by extensions ['colcon_meta']
[6.311s] Level 1:colcon.colcon_core.package_identification:_identify(src/ariac/docs/competition) by extension 'colcon_meta'
[6.311s] Level 1:colcon.colcon_core.package_identification:_identify(src/ariac/docs/competition) by extensions ['ros']
[6.311s] Level 1:colcon.colcon_core.package_identification:_identify(src/ariac/docs/competition) by extension 'ros'
[6.311s] Level 1:colcon.colcon_core.package_identification:_identify(src/ariac/docs/competition) by extensions ['cmake', 'python']
[6.311s] Level 1:colcon.colcon_core.package_identification:_identify(src/ariac/docs/competition) by extension 'cmake'
[6.311s] Level 1:colcon.colcon_core.package_identification:_identify(src/ariac/docs/competition) by extension 'python'
[6.311s] Level 1:colcon.colcon_core.package_identification:_identify(src/ariac/docs/competition) by extensions ['python_setup_py']
[6.311s] Level 1:colcon.colcon_core.package_identification:_identify(src/ariac/docs/competition) by extension 'python_setup_py'
[6.311s] Level 1:colcon.colcon_core.package_identification:_identify(src/ariac/docs/custom) by extensions ['ignore', 'ignore_ament_install']
[6.311s] Level 1:colcon.colcon_core.package_identification:_identify(src/ariac/docs/custom) by extension 'ignore'
[6.311s] Level 1:colcon.colcon_core.package_identification:_identify(src/ariac/docs/custom) by extension 'ignore_ament_install'
[6.311s] Level 1:colcon.colcon_core.package_identification:_identify(src/ariac/docs/custom) by extensions ['colcon_pkg']
[6.311s] Level 1:colcon.colcon_core.package_identification:_identify(src/ariac/docs/custom) by extension 'colcon_pkg'
[6.311s] Level 1:colcon.colcon_core.package_identification:_identify(src/ariac/docs/custom) by extensions ['colcon_meta']
[6.311s] Level 1:colcon.colcon_core.package_identification:_identify(src/ariac/docs/custom) by extension 'colcon_meta'
[6.312s] Level 1:colcon.colcon_core.package_identification:_identify(src/ariac/docs/custom) by extensions ['ros']
[6.312s] Level 1:colcon.colcon_core.package_identification:_identify(src/ariac/docs/custom) by extension 'ros'
[6.312s] Level 1:colcon.colcon_core.package_identification:_identify(src/ariac/docs/custom) by extensions ['cmake', 'python']
[6.312s] Level 1:colcon.colcon_core.package_identification:_identify(src/ariac/docs/custom) by extension 'cmake'
[6.312s] Level 1:colcon.colcon_core.package_identification:_identify(src/ariac/docs/custom) by extension 'python'
[6.312s] Level 1:colcon.colcon_core.package_identification:_identify(src/ariac/docs/custom) by extensions ['python_setup_py']
[6.312s] Level 1:colcon.colcon_core.package_identification:_identify(src/ariac/docs/custom) by extension 'python_setup_py'
[6.312s] Level 1:colcon.colcon_core.package_identification:_identify(src/ariac/docs/custom/css) by extensions ['ignore', 'ignore_ament_install']
[6.312s] Level 1:colcon.colcon_core.package_identification:_identify(src/ariac/docs/custom/css) by extension 'ignore'
[6.312s] Level 1:colcon.colcon_core.package_identification:_identify(src/ariac/docs/custom/css) by extension 'ignore_ament_install'
[6.312s] Level 1:colcon.colcon_core.package_identification:_identify(src/ariac/docs/custom/css) by extensions ['colcon_pkg']
[6.312s] Level 1:colcon.colcon_core.package_identification:_identify(src/ariac/docs/custom/css) by extension 'colcon_pkg'
[6.312s] Level 1:colcon.colcon_core.package_identification:_identify(src/ariac/docs/custom/css) by extensions ['colcon_meta']
[6.312s] Level 1:colcon.colcon_core.package_identification:_identify(src/ariac/docs/custom/css) by extension 'colcon_meta'
[6.312s] Level 1:colcon.colcon_core.package_identification:_identify(src/ariac/docs/custom/css) by extensions ['ros']
[6.312s] Level 1:colcon.colcon_core.package_identification:_identify(src/ariac/docs/custom/css) by extension 'ros'
[6.312s] Level 1:colcon.colcon_core.package_identification:_identify(src/ariac/docs/custom/css) by extensions ['cmake', 'python']
[6.312s] Level 1:colcon.colcon_core.package_identification:_identify(src/ariac/docs/custom/css) by extension 'cmake'
[6.312s] Level 1:colcon.colcon_core.package_identification:_identify(src/ariac/docs/custom/css) by extension 'python'
[6.312s] Level 1:colcon.colcon_core.package_identification:_identify(src/ariac/docs/custom/css) by extensions ['python_setup_py']
[6.312s] Level 1:colcon.colcon_core.package_identification:_identify(src/ariac/docs/custom/css) by extension 'python_setup_py'
[6.313s] Level 1:colcon.colcon_core.package_identification:_identify(src/ariac/docs/custom/js) by extensions ['ignore', 'ignore_ament_install']
[6.313s] Level 1:colcon.colcon_core.package_identification:_identify(src/ariac/docs/custom/js) by extension 'ignore'
[6.313s] Level 1:colcon.colcon_core.package_identification:_identify(src/ariac/docs/custom/js) by extension 'ignore_ament_install'
[6.313s] Level 1:colcon.colcon_core.package_identification:_identify(src/ariac/docs/custom/js) by extensions ['colcon_pkg']
[6.313s] Level 1:colcon.colcon_core.package_identification:_identify(src/ariac/docs/custom/js) by extension 'colcon_pkg'
[6.313s] Level 1:colcon.colcon_core.package_identification:_identify(src/ariac/docs/custom/js) by extensions ['colcon_meta']
[6.313s] Level 1:colcon.colcon_core.package_identification:_identify(src/ariac/docs/custom/js) by extension 'colcon_meta'
[6.313s] Level 1:colcon.colcon_core.package_identification:_identify(src/ariac/docs/custom/js) by extensions ['ros']
[6.313s] Level 1:colcon.colcon_core.package_identification:_identify(src/ariac/docs/custom/js) by extension 'ros'
[6.313s] Level 1:colcon.colcon_core.package_identification:_identify(src/ariac/docs/custom/js) by extensions ['cmake', 'python']
[6.313s] Level 1:colcon.colcon_core.package_identification:_identify(src/ariac/docs/custom/js) by extension 'cmake'
[6.313s] Level 1:colcon.colcon_core.package_identification:_identify(src/ariac/docs/custom/js) by extension 'python'
[6.313s] Level 1:colcon.colcon_core.package_identification:_identify(src/ariac/docs/custom/js) by extensions ['python_setup_py']
[6.313s] Level 1:colcon.colcon_core.package_identification:_identify(src/ariac/docs/custom/js) by extension 'python_setup_py'
[6.313s] Level 1:colcon.colcon_core.package_identification:_identify(src/ariac/docs/getting_started) by extensions ['ignore', 'ignore_ament_install']
[6.313s] Level 1:colcon.colcon_core.package_identification:_identify(src/ariac/docs/getting_started) by extension 'ignore'
[6.313s] Level 1:colcon.colcon_core.package_identification:_identify(src/ariac/docs/getting_started) by extension 'ignore_ament_install'
[6.313s] Level 1:colcon.colcon_core.package_identification:_identify(src/ariac/docs/getting_started) by extensions ['colcon_pkg']
[6.313s] Level 1:colcon.colcon_core.package_identification:_identify(src/ariac/docs/getting_started) by extension 'colcon_pkg'
[6.313s] Level 1:colcon.colcon_core.package_identification:_identify(src/ariac/docs/getting_started) by extensions ['colcon_meta']
[6.314s] Level 1:colcon.colcon_core.package_identification:_identify(src/ariac/docs/getting_started) by extension 'colcon_meta'
[6.314s] Level 1:colcon.colcon_core.package_identification:_identify(src/ariac/docs/getting_started) by extensions ['ros']
[6.314s] Level 1:colcon.colcon_core.package_identification:_identify(src/ariac/docs/getting_started) by extension 'ros'
[6.314s] Level 1:colcon.colcon_core.package_identification:_identify(src/ariac/docs/getting_started) by extensions ['cmake', 'python']
[6.314s] Level 1:colcon.colcon_core.package_identification:_identify(src/ariac/docs/getting_started) by extension 'cmake'
[6.314s] Level 1:colcon.colcon_core.package_identification:_identify(src/ariac/docs/getting_started) by extension 'python'
[6.314s] Level 1:colcon.colcon_core.package_identification:_identify(src/ariac/docs/getting_started) by extensions ['python_setup_py']
[6.314s] Level 1:colcon.colcon_core.package_identification:_identify(src/ariac/docs/getting_started) by extension 'python_setup_py'
[6.314s] Level 1:colcon.colcon_core.package_identification:_identify(src/ariac/docs/images) by extensions ['ignore', 'ignore_ament_install']
[6.314s] Level 1:colcon.colcon_core.package_identification:_identify(src/ariac/docs/images) by extension 'ignore'
[6.314s] Level 1:colcon.colcon_core.package_identification:_identify(src/ariac/docs/images) by extension 'ignore_ament_install'
[6.314s] Level 1:colcon.colcon_core.package_identification:_identify(src/ariac/docs/images) by extensions ['colcon_pkg']
[6.314s] Level 1:colcon.colcon_core.package_identification:_identify(src/ariac/docs/images) by extension 'colcon_pkg'
[6.314s] Level 1:colcon.colcon_core.package_identification:_identify(src/ariac/docs/images) by extensions ['colcon_meta']
[6.314s] Level 1:colcon.colcon_core.package_identification:_identify(src/ariac/docs/images) by extension 'colcon_meta'
[6.314s] Level 1:colcon.colcon_core.package_identification:_identify(src/ariac/docs/images) by extensions ['ros']
[6.314s] Level 1:colcon.colcon_core.package_identification:_identify(src/ariac/docs/images) by extension 'ros'
[6.314s] Level 1:colcon.colcon_core.package_identification:_identify(src/ariac/docs/images) by extensions ['cmake', 'python']
[6.314s] Level 1:colcon.colcon_core.package_identification:_identify(src/ariac/docs/images) by extension 'cmake'
[6.314s] Level 1:colcon.colcon_core.package_identification:_identify(src/ariac/docs/images) by extension 'python'
[6.314s] Level 1:colcon.colcon_core.package_identification:_identify(src/ariac/docs/images) by extensions ['python_setup_py']
[6.315s] Level 1:colcon.colcon_core.package_identification:_identify(src/ariac/docs/images) by extension 'python_setup_py'
[6.315s] Level 1:colcon.colcon_core.package_identification:_identify(src/ariac/docs/tutorials) by extensions ['ignore', 'ignore_ament_install']
[6.315s] Level 1:colcon.colcon_core.package_identification:_identify(src/ariac/docs/tutorials) by extension 'ignore'
[6.315s] Level 1:colcon.colcon_core.package_identification:_identify(src/ariac/docs/tutorials) by extension 'ignore_ament_install'
[6.315s] Level 1:colcon.colcon_core.package_identification:_identify(src/ariac/docs/tutorials) by extensions ['colcon_pkg']
[6.315s] Level 1:colcon.colcon_core.package_identification:_identify(src/ariac/docs/tutorials) by extension 'colcon_pkg'
[6.315s] Level 1:colcon.colcon_core.package_identification:_identify(src/ariac/docs/tutorials) by extensions ['colcon_meta']
[6.315s] Level 1:colcon.colcon_core.package_identification:_identify(src/ariac/docs/tutorials) by extension 'colcon_meta'
[6.315s] Level 1:colcon.colcon_core.package_identification:_identify(src/ariac/docs/tutorials) by extensions ['ros']
[6.315s] Level 1:colcon.colcon_core.package_identification:_identify(src/ariac/docs/tutorials) by extension 'ros'
[6.315s] Level 1:colcon.colcon_core.package_identification:_identify(src/ariac/docs/tutorials) by extensions ['cmake', 'python']
[6.315s] Level 1:colcon.colcon_core.package_identification:_identify(src/ariac/docs/tutorials) by extension 'cmake'
[6.315s] Level 1:colcon.colcon_core.package_identification:_identify(src/ariac/docs/tutorials) by extension 'python'
[6.315s] Level 1:colcon.colcon_core.package_identification:_identify(src/ariac/docs/tutorials) by extensions ['python_setup_py']
[6.315s] Level 1:colcon.colcon_core.package_identification:_identify(src/ariac/docs/tutorials) by extension 'python_setup_py'
[6.315s] Level 1:colcon.colcon_core.package_identification:_identify(src/ariac/test_competitor) by extensions ['ignore', 'ignore_ament_install']
[6.315s] Level 1:colcon.colcon_core.package_identification:_identify(src/ariac/test_competitor) by extension 'ignore'
[6.315s] Level 1:colcon.colcon_core.package_identification:_identify(src/ariac/test_competitor) by extension 'ignore_ament_install'
[6.315s] Level 1:colcon.colcon_core.package_identification:_identify(src/ariac/test_competitor) by extensions ['colcon_pkg']
[6.316s] Level 1:colcon.colcon_core.package_identification:_identify(src/ariac/test_competitor) by extension 'colcon_pkg'
[6.316s] Level 1:colcon.colcon_core.package_identification:_identify(src/ariac/test_competitor) by extensions ['colcon_meta']
[6.316s] Level 1:colcon.colcon_core.package_identification:_identify(src/ariac/test_competitor) by extension 'colcon_meta'
[6.316s] Level 1:colcon.colcon_core.package_identification:_identify(src/ariac/test_competitor) by extensions ['ros']
[6.316s] Level 1:colcon.colcon_core.package_identification:_identify(src/ariac/test_competitor) by extension 'ros'
[6.316s] DEBUG:colcon.colcon_core.package_identification:Package 'src/ariac/test_competitor' with type 'ros.ament_cmake' and name 'test_competitor'
[6.316s] Level 1:colcon.colcon_core.package_identification:_identify(src/enpm663_spring2024) by extensions ['ignore', 'ignore_ament_install']
[6.316s] Level 1:colcon.colcon_core.package_identification:_identify(src/enpm663_spring2024) by extension 'ignore'
[6.317s] Level 1:colcon.colcon_core.package_identification:_identify(src/enpm663_spring2024) by extension 'ignore_ament_install'
[6.317s] Level 1:colcon.colcon_core.package_identification:_identify(src/enpm663_spring2024) by extensions ['colcon_pkg']
[6.317s] Level 1:colcon.colcon_core.package_identification:_identify(src/enpm663_spring2024) by extension 'colcon_pkg'
[6.317s] Level 1:colcon.colcon_core.package_identification:_identify(src/enpm663_spring2024) by extensions ['colcon_meta']
[6.317s] Level 1:colcon.colcon_core.package_identification:_identify(src/enpm663_spring2024) by extension 'colcon_meta'
[6.317s] Level 1:colcon.colcon_core.package_identification:_identify(src/enpm663_spring2024) by extensions ['ros']
[6.317s] Level 1:colcon.colcon_core.package_identification:_identify(src/enpm663_spring2024) by extension 'ros'
[6.317s] Level 1:colcon.colcon_core.package_identification:_identify(src/enpm663_spring2024) by extensions ['cmake', 'python']
[6.317s] Level 1:colcon.colcon_core.package_identification:_identify(src/enpm663_spring2024) by extension 'cmake'
[6.317s] Level 1:colcon.colcon_core.package_identification:_identify(src/enpm663_spring2024) by extension 'python'
[6.317s] Level 1:colcon.colcon_core.package_identification:_identify(src/enpm663_spring2024) by extensions ['python_setup_py']
[6.317s] Level 1:colcon.colcon_core.package_identification:_identify(src/enpm663_spring2024) by extension 'python_setup_py'
[6.317s] Level 1:colcon.colcon_core.package_identification:_identify(src/enpm663_spring2024/first_package) by extensions ['ignore', 'ignore_ament_install']
[6.317s] Level 1:colcon.colcon_core.package_identification:_identify(src/enpm663_spring2024/first_package) by extension 'ignore'
[6.317s] Level 1:colcon.colcon_core.package_identification:_identify(src/enpm663_spring2024/first_package) by extension 'ignore_ament_install'
[6.317s] Level 1:colcon.colcon_core.package_identification:_identify(src/enpm663_spring2024/first_package) by extensions ['colcon_pkg']
[6.317s] Level 1:colcon.colcon_core.package_identification:_identify(src/enpm663_spring2024/first_package) by extension 'colcon_pkg'
[6.317s] Level 1:colcon.colcon_core.package_identification:_identify(src/enpm663_spring2024/first_package) by extensions ['colcon_meta']
[6.317s] Level 1:colcon.colcon_core.package_identification:_identify(src/enpm663_spring2024/first_package) by extension 'colcon_meta'
[6.317s] Level 1:colcon.colcon_core.package_identification:_identify(src/enpm663_spring2024/first_package) by extensions ['ros']
[6.317s] Level 1:colcon.colcon_core.package_identification:_identify(src/enpm663_spring2024/first_package) by extension 'ros'
[6.318s] DEBUG:colcon.colcon_core.package_identification:Package 'src/enpm663_spring2024/first_package' with type 'ros.ament_cmake' and name 'first_package'
[6.318s] Level 1:colcon.colcon_core.package_identification:_identify(src/rwa1_sharma) by extensions ['ignore', 'ignore_ament_install']
[6.318s] Level 1:colcon.colcon_core.package_identification:_identify(src/rwa1_sharma) by extension 'ignore'
[6.318s] Level 1:colcon.colcon_core.package_identification:_identify(src/rwa1_sharma) by extension 'ignore_ament_install'
[6.318s] Level 1:colcon.colcon_core.package_identification:_identify(src/rwa1_sharma) by extensions ['colcon_pkg']
[6.318s] Level 1:colcon.colcon_core.package_identification:_identify(src/rwa1_sharma) by extension 'colcon_pkg'
[6.318s] Level 1:colcon.colcon_core.package_identification:_identify(src/rwa1_sharma) by extensions ['colcon_meta']
[6.318s] Level 1:colcon.colcon_core.package_identification:_identify(src/rwa1_sharma) by extension 'colcon_meta'
[6.318s] Level 1:colcon.colcon_core.package_identification:_identify(src/rwa1_sharma) by extensions ['ros']
[6.318s] Level 1:colcon.colcon_core.package_identification:_identify(src/rwa1_sharma) by extension 'ros'
[6.319s] Level 1:colcon.colcon_core.package_identification:_identify(src/rwa1_sharma) by extensions ['cmake', 'python']
[6.319s] Level 1:colcon.colcon_core.package_identification:_identify(src/rwa1_sharma) by extension 'cmake'
[6.319s] Level 1:colcon.colcon_core.package_identification:_identify(src/rwa1_sharma) by extension 'python'
[6.319s] Level 1:colcon.colcon_core.package_identification:_identify(src/rwa1_sharma) by extensions ['python_setup_py']
[6.319s] Level 1:colcon.colcon_core.package_identification:_identify(src/rwa1_sharma) by extension 'python_setup_py'
[6.319s] Level 1:colcon.colcon_core.package_identification:_identify(src/rwa1_sharma/exercise1) by extensions ['ignore', 'ignore_ament_install']
[6.319s] Level 1:colcon.colcon_core.package_identification:_identify(src/rwa1_sharma/exercise1) by extension 'ignore'
[6.319s] Level 1:colcon.colcon_core.package_identification:_identify(src/rwa1_sharma/exercise1) by extension 'ignore_ament_install'
[6.319s] Level 1:colcon.colcon_core.package_identification:_identify(src/rwa1_sharma/exercise1) by extensions ['colcon_pkg']
[6.319s] Level 1:colcon.colcon_core.package_identification:_identify(src/rwa1_sharma/exercise1) by extension 'colcon_pkg'
[6.319s] Level 1:colcon.colcon_core.package_identification:_identify(src/rwa1_sharma/exercise1) by extensions ['colcon_meta']
[6.319s] Level 1:colcon.colcon_core.package_identification:_identify(src/rwa1_sharma/exercise1) by extension 'colcon_meta'
[6.319s] Level 1:colcon.colcon_core.package_identification:_identify(src/rwa1_sharma/exercise1) by extensions ['ros']
[6.319s] Level 1:colcon.colcon_core.package_identification:_identify(src/rwa1_sharma/exercise1) by extension 'ros'
[6.320s] DEBUG:colcon.colcon_core.package_identification:Package 'src/rwa1_sharma/exercise1' with type 'ros.ament_python' and name 'exercise1'
[6.320s] Level 1:colcon.colcon_core.package_identification:_identify(src/rwa1_sharma/exercise2) by extensions ['ignore', 'ignore_ament_install']
[6.320s] Level 1:colcon.colcon_core.package_identification:_identify(src/rwa1_sharma/exercise2) by extension 'ignore'
[6.320s] Level 1:colcon.colcon_core.package_identification:_identify(src/rwa1_sharma/exercise2) by extension 'ignore_ament_install'
[6.320s] Level 1:colcon.colcon_core.package_identification:_identify(src/rwa1_sharma/exercise2) by extensions ['colcon_pkg']
[6.320s] Level 1:colcon.colcon_core.package_identification:_identify(src/rwa1_sharma/exercise2) by extension 'colcon_pkg'
[6.320s] Level 1:colcon.colcon_core.package_identification:_identify(src/rwa1_sharma/exercise2) by extensions ['colcon_meta']
[6.320s] Level 1:colcon.colcon_core.package_identification:_identify(src/rwa1_sharma/exercise2) by extension 'colcon_meta'
[6.320s] Level 1:colcon.colcon_core.package_identification:_identify(src/rwa1_sharma/exercise2) by extensions ['ros']
[6.320s] Level 1:colcon.colcon_core.package_identification:_identify(src/rwa1_sharma/exercise2) by extension 'ros'
[6.321s] DEBUG:colcon.colcon_core.package_identification:Package 'src/rwa1_sharma/exercise2' with type 'ros.ament_python' and name 'exercise2'
[6.321s] Level 1:colcon.colcon_core.package_identification:_identify(src/rwa1_sharma/exercise3) by extensions ['ignore', 'ignore_ament_install']
[6.321s] Level 1:colcon.colcon_core.package_identification:_identify(src/rwa1_sharma/exercise3) by extension 'ignore'
[6.321s] Level 1:colcon.colcon_core.package_identification:_identify(src/rwa1_sharma/exercise3) by extension 'ignore_ament_install'
[6.321s] Level 1:colcon.colcon_core.package_identification:_identify(src/rwa1_sharma/exercise3) by extensions ['colcon_pkg']
[6.321s] Level 1:colcon.colcon_core.package_identification:_identify(src/rwa1_sharma/exercise3) by extension 'colcon_pkg'
[6.321s] Level 1:colcon.colcon_core.package_identification:_identify(src/rwa1_sharma/exercise3) by extensions ['colcon_meta']
[6.321s] Level 1:colcon.colcon_core.package_identification:_identify(src/rwa1_sharma/exercise3) by extension 'colcon_meta'
[6.321s] Level 1:colcon.colcon_core.package_identification:_identify(src/rwa1_sharma/exercise3) by extensions ['ros']
[6.321s] Level 1:colcon.colcon_core.package_identification:_identify(src/rwa1_sharma/exercise3) by extension 'ros'
[6.321s] DEBUG:colcon.colcon_core.package_identification:Package 'src/rwa1_sharma/exercise3' with type 'ros.ament_python' and name 'exercise3'
[6.322s] Level 1:colcon.colcon_core.package_discovery:discover_packages(recursive) using defaults
[6.322s] Level 1:colcon.colcon_core.package_discovery:discover_packages(ignore) discover
[6.322s] Level 1:colcon.colcon_core.package_discovery:discover_packages(ignore) using defaults
[6.322s] Level 1:colcon.colcon_core.package_discovery:discover_packages(path) discover
[6.322s] Level 1:colcon.colcon_core.package_discovery:discover_packages(path) using defaults
[6.918s] Level 1:colcon.colcon_core.package_discovery:discover_packages(prefix_path) check parameters
[6.918s] Level 1:colcon.colcon_core.package_discovery:discover_packages(prefix_path) discover
[7.139s] DEBUG:colcon.colcon_installed_package_information.package_discovery:Found 13 installed packages in /home/shdh/enpm663_ws/install
[7.252s] DEBUG:colcon.colcon_installed_package_information.package_discovery:Found 388 installed packages in /opt/ros/galactic
[7.253s] Level 1:colcon.colcon_core.package_discovery:discover_packages(prefix_path) using defaults
[7.560s] Level 5:colcon.colcon_core.verb:set package 'ariac_description' build argument 'cmake_args' from command line to 'None'
[7.560s] Level 5:colcon.colcon_core.verb:set package 'ariac_description' build argument 'cmake_target' from command line to 'None'
[7.560s] Level 5:colcon.colcon_core.verb:set package 'ariac_description' build argument 'cmake_target_skip_unavailable' from command line to 'False'
[7.560s] Level 5:colcon.colcon_core.verb:set package 'ariac_description' build argument 'cmake_clean_cache' from command line to 'False'
[7.560s] Level 5:colcon.colcon_core.verb:set package 'ariac_description' build argument 'cmake_clean_first' from command line to 'False'
[7.560s] Level 5:colcon.colcon_core.verb:set package 'ariac_description' build argument 'cmake_force_configure' from command line to 'False'
[7.560s] Level 5:colcon.colcon_core.verb:set package 'ariac_description' build argument 'ament_cmake_args' from command line to 'None'
[7.560s] Level 5:colcon.colcon_core.verb:set package 'ariac_description' build argument 'catkin_cmake_args' from command line to 'None'
[7.560s] Level 5:colcon.colcon_core.verb:set package 'ariac_description' build argument 'catkin_skip_building_tests' from command line to 'False'
[7.560s] DEBUG:colcon.colcon_core.verb:Building package 'ariac_description' with the following arguments: {'ament_cmake_args': None, 'build_base': '/home/shdh/enpm663_ws/build/ariac_description', 'catkin_cmake_args': None, 'catkin_skip_building_tests': False, 'cmake_args': None, 'cmake_clean_cache': False, 'cmake_clean_first': False, 'cmake_force_configure': False, 'cmake_target': None, 'cmake_target_skip_unavailable': False, 'install_base': '/home/shdh/enpm663_ws/install/ariac_description', 'merge_install': False, 'path': '/home/shdh/enpm663_ws/src/ariac/ariac_description', 'symlink_install': False, 'test_result_base': None}
[7.671s] Level 5:colcon.colcon_core.verb:set package 'ariac_gazebo' build argument 'cmake_args' from command line to 'None'
[7.671s] Level 5:colcon.colcon_core.verb:set package 'ariac_gazebo' build argument 'cmake_target' from command line to 'None'
[7.671s] Level 5:colcon.colcon_core.verb:set package 'ariac_gazebo' build argument 'cmake_target_skip_unavailable' from command line to 'False'
[7.671s] Level 5:colcon.colcon_core.verb:set package 'ariac_gazebo' build argument 'cmake_clean_cache' from command line to 'False'
[7.671s] Level 5:colcon.colcon_core.verb:set package 'ariac_gazebo' build argument 'cmake_clean_first' from command line to 'False'
[7.671s] Level 5:colcon.colcon_core.verb:set package 'ariac_gazebo' build argument 'cmake_force_configure' from command line to 'False'
[7.671s] Level 5:colcon.colcon_core.verb:set package 'ariac_gazebo' build argument 'ament_cmake_args' from command line to 'None'
[7.671s] Level 5:colcon.colcon_core.verb:set package 'ariac_gazebo' build argument 'catkin_cmake_args' from command line to 'None'
[7.671s] Level 5:colcon.colcon_core.verb:set package 'ariac_gazebo' build argument 'catkin_skip_building_tests' from command line to 'False'
[7.671s] DEBUG:colcon.colcon_core.verb:Building package 'ariac_gazebo' with the following arguments: {'ament_cmake_args': None, 'build_base': '/home/shdh/enpm663_ws/build/ariac_gazebo', 'catkin_cmake_args': None, 'catkin_skip_building_tests': False, 'cmake_args': None, 'cmake_clean_cache': False, 'cmake_clean_first': False, 'cmake_force_configure': False, 'cmake_target': None, 'cmake_target_skip_unavailable': False, 'install_base': '/home/shdh/enpm663_ws/install/ariac_gazebo', 'merge_install': False, 'path': '/home/shdh/enpm663_ws/src/ariac/ariac_gazebo', 'symlink_install': False, 'test_result_base': None}
[7.782s] Level 5:colcon.colcon_core.verb:set package 'ariac_moveit_config' build argument 'cmake_args' from command line to 'None'
[7.782s] Level 5:colcon.colcon_core.verb:set package 'ariac_moveit_config' build argument 'cmake_target' from command line to 'None'
[7.782s] Level 5:colcon.colcon_core.verb:set package 'ariac_moveit_config' build argument 'cmake_target_skip_unavailable' from command line to 'False'
[7.782s] Level 5:colcon.colcon_core.verb:set package 'ariac_moveit_config' build argument 'cmake_clean_cache' from command line to 'False'
[7.782s] Level 5:colcon.colcon_core.verb:set package 'ariac_moveit_config' build argument 'cmake_clean_first' from command line to 'False'
[7.782s] Level 5:colcon.colcon_core.verb:set package 'ariac_moveit_config' build argument 'cmake_force_configure' from command line to 'False'
[7.782s] Level 5:colcon.colcon_core.verb:set package 'ariac_moveit_config' build argument 'ament_cmake_args' from command line to 'None'
[7.782s] Level 5:colcon.colcon_core.verb:set package 'ariac_moveit_config' build argument 'catkin_cmake_args' from command line to 'None'
[7.782s] Level 5:colcon.colcon_core.verb:set package 'ariac_moveit_config' build argument 'catkin_skip_building_tests' from command line to 'False'
[7.782s] DEBUG:colcon.colcon_core.verb:Building package 'ariac_moveit_config' with the following arguments: {'ament_cmake_args': None, 'build_base': '/home/shdh/enpm663_ws/build/ariac_moveit_config', 'catkin_cmake_args': None, 'catkin_skip_building_tests': False, 'cmake_args': None, 'cmake_clean_cache': False, 'cmake_clean_first': False, 'cmake_force_configure': False, 'cmake_target': None, 'cmake_target_skip_unavailable': False, 'install_base': '/home/shdh/enpm663_ws/install/ariac_moveit_config', 'merge_install': False, 'path': '/home/shdh/enpm663_ws/src/ariac/ariac_moveit_config', 'symlink_install': False, 'test_result_base': None}
[7.892s] Level 5:colcon.colcon_core.verb:set package 'ariac_msgs' build argument 'cmake_args' from command line to 'None'
[7.892s] Level 5:colcon.colcon_core.verb:set package 'ariac_msgs' build argument 'cmake_target' from command line to 'None'
[7.892s] Level 5:colcon.colcon_core.verb:set package 'ariac_msgs' build argument 'cmake_target_skip_unavailable' from command line to 'False'
[7.892s] Level 5:colcon.colcon_core.verb:set package 'ariac_msgs' build argument 'cmake_clean_cache' from command line to 'False'
[7.892s] Level 5:colcon.colcon_core.verb:set package 'ariac_msgs' build argument 'cmake_clean_first' from command line to 'False'
[7.892s] Level 5:colcon.colcon_core.verb:set package 'ariac_msgs' build argument 'cmake_force_configure' from command line to 'False'
[7.892s] Level 5:colcon.colcon_core.verb:set package 'ariac_msgs' build argument 'ament_cmake_args' from command line to 'None'
[7.892s] Level 5:colcon.colcon_core.verb:set package 'ariac_msgs' build argument 'catkin_cmake_args' from command line to 'None'
[7.892s] Level 5:colcon.colcon_core.verb:set package 'ariac_msgs' build argument 'catkin_skip_building_tests' from command line to 'False'
[7.892s] DEBUG:colcon.colcon_core.verb:Building package 'ariac_msgs' with the following arguments: {'ament_cmake_args': None, 'build_base': '/home/shdh/enpm663_ws/build/ariac_msgs', 'catkin_cmake_args': None, 'catkin_skip_building_tests': False, 'cmake_args': None, 'cmake_clean_cache': False, 'cmake_clean_first': False, 'cmake_force_configure': False, 'cmake_target': None, 'cmake_target_skip_unavailable': False, 'install_base': '/home/shdh/enpm663_ws/install/ariac_msgs', 'merge_install': False, 'path': '/home/shdh/enpm663_ws/src/ariac/ariac_msgs', 'symlink_install': False, 'test_result_base': None}
[8.000s] Level 5:colcon.colcon_core.verb:set package 'exercise1' build argument 'cmake_args' from command line to 'None'
[8.000s] Level 5:colcon.colcon_core.verb:set package 'exercise1' build argument 'cmake_target' from command line to 'None'
[8.001s] Level 5:colcon.colcon_core.verb:set package 'exercise1' build argument 'cmake_target_skip_unavailable' from command line to 'False'
[8.001s] Level 5:colcon.colcon_core.verb:set package 'exercise1' build argument 'cmake_clean_cache' from command line to 'False'
[8.001s] Level 5:colcon.colcon_core.verb:set package 'exercise1' build argument 'cmake_clean_first' from command line to 'False'
[8.001s] Level 5:colcon.colcon_core.verb:set package 'exercise1' build argument 'cmake_force_configure' from command line to 'False'
[8.001s] Level 5:colcon.colcon_core.verb:set package 'exercise1' build argument 'ament_cmake_args' from command line to 'None'
[8.001s] Level 5:colcon.colcon_core.verb:set package 'exercise1' build argument 'catkin_cmake_args' from command line to 'None'
[8.001s] Level 5:colcon.colcon_core.verb:set package 'exercise1' build argument 'catkin_skip_building_tests' from command line to 'False'
[8.001s] DEBUG:colcon.colcon_core.verb:Building package 'exercise1' with the following arguments: {'ament_cmake_args': None, 'build_base': '/home/shdh/enpm663_ws/build/exercise1', 'catkin_cmake_args': None, 'catkin_skip_building_tests': False, 'cmake_args': None, 'cmake_clean_cache': False, 'cmake_clean_first': False, 'cmake_force_configure': False, 'cmake_target': None, 'cmake_target_skip_unavailable': False, 'install_base': '/home/shdh/enpm663_ws/install/exercise1', 'merge_install': False, 'path': '/home/shdh/enpm663_ws/src/rwa1_sharma/exercise1', 'symlink_install': False, 'test_result_base': None}
[8.112s] Level 5:colcon.colcon_core.verb:set package 'exercise2' build argument 'cmake_args' from command line to 'None'
[8.112s] Level 5:colcon.colcon_core.verb:set package 'exercise2' build argument 'cmake_target' from command line to 'None'
[8.112s] Level 5:colcon.colcon_core.verb:set package 'exercise2' build argument 'cmake_target_skip_unavailable' from command line to 'False'
[8.112s] Level 5:colcon.colcon_core.verb:set package 'exercise2' build argument 'cmake_clean_cache' from command line to 'False'
[8.112s] Level 5:colcon.colcon_core.verb:set package 'exercise2' build argument 'cmake_clean_first' from command line to 'False'
[8.112s] Level 5:colcon.colcon_core.verb:set package 'exercise2' build argument 'cmake_force_configure' from command line to 'False'
[8.112s] Level 5:colcon.colcon_core.verb:set package 'exercise2' build argument 'ament_cmake_args' from command line to 'None'
[8.112s] Level 5:colcon.colcon_core.verb:set package 'exercise2' build argument 'catkin_cmake_args' from command line to 'None'
[8.112s] Level 5:colcon.colcon_core.verb:set package 'exercise2' build argument 'catkin_skip_building_tests' from command line to 'False'
[8.112s] DEBUG:colcon.colcon_core.verb:Building package 'exercise2' with the following arguments: {'ament_cmake_args': None, 'build_base': '/home/shdh/enpm663_ws/build/exercise2', 'catkin_cmake_args': None, 'catkin_skip_building_tests': False, 'cmake_args': None, 'cmake_clean_cache': False, 'cmake_clean_first': False, 'cmake_force_configure': False, 'cmake_target': None, 'cmake_target_skip_unavailable': False, 'install_base': '/home/shdh/enpm663_ws/install/exercise2', 'merge_install': False, 'path': '/home/shdh/enpm663_ws/src/rwa1_sharma/exercise2', 'symlink_install': False, 'test_result_base': None}
[8.225s] Level 5:colcon.colcon_core.verb:set package 'exercise3' build argument 'cmake_args' from command line to 'None'
[8.225s] Level 5:colcon.colcon_core.verb:set package 'exercise3' build argument 'cmake_target' from command line to 'None'
[8.225s] Level 5:colcon.colcon_core.verb:set package 'exercise3' build argument 'cmake_target_skip_unavailable' from command line to 'False'
[8.225s] Level 5:colcon.colcon_core.verb:set package 'exercise3' build argument 'cmake_clean_cache' from command line to 'False'
[8.225s] Level 5:colcon.colcon_core.verb:set package 'exercise3' build argument 'cmake_clean_first' from command line to 'False'
[8.225s] Level 5:colcon.colcon_core.verb:set package 'exercise3' build argument 'cmake_force_configure' from command line to 'False'
[8.225s] Level 5:colcon.colcon_core.verb:set package 'exercise3' build argument 'ament_cmake_args' from command line to 'None'
[8.225s] Level 5:colcon.colcon_core.verb:set package 'exercise3' build argument 'catkin_cmake_args' from command line to 'None'
[8.225s] Level 5:colcon.colcon_core.verb:set package 'exercise3' build argument 'catkin_skip_building_tests' from command line to 'False'
[8.225s] DEBUG:colcon.colcon_core.verb:Building package 'exercise3' with the following arguments: {'ament_cmake_args': None, 'build_base': '/home/shdh/enpm663_ws/build/exercise3', 'catkin_cmake_args': None, 'catkin_skip_building_tests': False, 'cmake_args': None, 'cmake_clean_cache': False, 'cmake_clean_first': False, 'cmake_force_configure': False, 'cmake_target': None, 'cmake_target_skip_unavailable': False, 'install_base': '/home/shdh/enpm663_ws/install/exercise3', 'merge_install': False, 'path': '/home/shdh/enpm663_ws/src/rwa1_sharma/exercise3', 'symlink_install': False, 'test_result_base': None}
[8.336s] Level 5:colcon.colcon_core.verb:set package 'first_package' build argument 'cmake_args' from command line to 'None'
[8.336s] Level 5:colcon.colcon_core.verb:set package 'first_package' build argument 'cmake_target' from command line to 'None'
[8.337s] Level 5:colcon.colcon_core.verb:set package 'first_package' build argument 'cmake_target_skip_unavailable' from command line to 'False'
[8.337s] Level 5:colcon.colcon_core.verb:set package 'first_package' build argument 'cmake_clean_cache' from command line to 'False'
[8.337s] Level 5:colcon.colcon_core.verb:set package 'first_package' build argument 'cmake_clean_first' from command line to 'False'
[8.337s] Level 5:colcon.colcon_core.verb:set package 'first_package' build argument 'cmake_force_configure' from command line to 'False'
[8.337s] Level 5:colcon.colcon_core.verb:set package 'first_package' build argument 'ament_cmake_args' from command line to 'None'
[8.337s] Level 5:colcon.colcon_core.verb:set package 'first_package' build argument 'catkin_cmake_args' from command line to 'None'
[8.337s] Level 5:colcon.colcon_core.verb:set package 'first_package' build argument 'catkin_skip_building_tests' from command line to 'False'
[8.337s] DEBUG:colcon.colcon_core.verb:Building package 'first_package' with the following arguments: {'ament_cmake_args': None, 'build_base': '/home/shdh/enpm663_ws/build/first_package', 'catkin_cmake_args': None, 'catkin_skip_building_tests': False, 'cmake_args': None, 'cmake_clean_cache': False, 'cmake_clean_first': False, 'cmake_force_configure': False, 'cmake_target': None, 'cmake_target_skip_unavailable': False, 'install_base': '/home/shdh/enpm663_ws/install/first_package', 'merge_install': False, 'path': '/home/shdh/enpm663_ws/src/enpm663_spring2024/first_package', 'symlink_install': False, 'test_result_base': None}
[8.447s] Level 5:colcon.colcon_core.verb:set package 'ariac_gui' build argument 'cmake_args' from command line to 'None'
[8.447s] Level 5:colcon.colcon_core.verb:set package 'ariac_gui' build argument 'cmake_target' from command line to 'None'
[8.447s] Level 5:colcon.colcon_core.verb:set package 'ariac_gui' build argument 'cmake_target_skip_unavailable' from command line to 'False'
[8.447s] Level 5:colcon.colcon_core.verb:set package 'ariac_gui' build argument 'cmake_clean_cache' from command line to 'False'
[8.447s] Level 5:colcon.colcon_core.verb:set package 'ariac_gui' build argument 'cmake_clean_first' from command line to 'False'
[8.447s] Level 5:colcon.colcon_core.verb:set package 'ariac_gui' build argument 'cmake_force_configure' from command line to 'False'
[8.447s] Level 5:colcon.colcon_core.verb:set package 'ariac_gui' build argument 'ament_cmake_args' from command line to 'None'
[8.447s] Level 5:colcon.colcon_core.verb:set package 'ariac_gui' build argument 'catkin_cmake_args' from command line to 'None'
[8.447s] Level 5:colcon.colcon_core.verb:set package 'ariac_gui' build argument 'catkin_skip_building_tests' from command line to 'False'
[8.447s] DEBUG:colcon.colcon_core.verb:Building package 'ariac_gui' with the following arguments: {'ament_cmake_args': None, 'build_base': '/home/shdh/enpm663_ws/build/ariac_gui', 'catkin_cmake_args': None, 'catkin_skip_building_tests': False, 'cmake_args': None, 'cmake_clean_cache': False, 'cmake_clean_first': False, 'cmake_force_configure': False, 'cmake_target': None, 'cmake_target_skip_unavailable': False, 'install_base': '/home/shdh/enpm663_ws/install/ariac_gui', 'merge_install': False, 'path': '/home/shdh/enpm663_ws/src/ariac/ariac_gui', 'symlink_install': False, 'test_result_base': None}
[8.556s] Level 5:colcon.colcon_core.verb:set package 'ariac_human' build argument 'cmake_args' from command line to 'None'
[8.556s] Level 5:colcon.colcon_core.verb:set package 'ariac_human' build argument 'cmake_target' from command line to 'None'
[8.556s] Level 5:colcon.colcon_core.verb:set package 'ariac_human' build argument 'cmake_target_skip_unavailable' from command line to 'False'
[8.556s] Level 5:colcon.colcon_core.verb:set package 'ariac_human' build argument 'cmake_clean_cache' from command line to 'False'
[8.556s] Level 5:colcon.colcon_core.verb:set package 'ariac_human' build argument 'cmake_clean_first' from command line to 'False'
[8.556s] Level 5:colcon.colcon_core.verb:set package 'ariac_human' build argument 'cmake_force_configure' from command line to 'False'
[8.556s] Level 5:colcon.colcon_core.verb:set package 'ariac_human' build argument 'ament_cmake_args' from command line to 'None'
[8.556s] Level 5:colcon.colcon_core.verb:set package 'ariac_human' build argument 'catkin_cmake_args' from command line to 'None'
[8.556s] Level 5:colcon.colcon_core.verb:set package 'ariac_human' build argument 'catkin_skip_building_tests' from command line to 'False'
[8.556s] DEBUG:colcon.colcon_core.verb:Building package 'ariac_human' with the following arguments: {'ament_cmake_args': None, 'build_base': '/home/shdh/enpm663_ws/build/ariac_human', 'catkin_cmake_args': None, 'catkin_skip_building_tests': False, 'cmake_args': None, 'cmake_clean_cache': False, 'cmake_clean_first': False, 'cmake_force_configure': False, 'cmake_target': None, 'cmake_target_skip_unavailable': False, 'install_base': '/home/shdh/enpm663_ws/install/ariac_human', 'merge_install': False, 'path': '/home/shdh/enpm663_ws/src/ariac/ariac_human', 'symlink_install': False, 'test_result_base': None}
[8.665s] Level 5:colcon.colcon_core.verb:set package 'ariac_plugins' build argument 'cmake_args' from command line to 'None'
[8.665s] Level 5:colcon.colcon_core.verb:set package 'ariac_plugins' build argument 'cmake_target' from command line to 'None'
[8.665s] Level 5:colcon.colcon_core.verb:set package 'ariac_plugins' build argument 'cmake_target_skip_unavailable' from command line to 'False'
[8.665s] Level 5:colcon.colcon_core.verb:set package 'ariac_plugins' build argument 'cmake_clean_cache' from command line to 'False'
[8.665s] Level 5:colcon.colcon_core.verb:set package 'ariac_plugins' build argument 'cmake_clean_first' from command line to 'False'
[8.665s] Level 5:colcon.colcon_core.verb:set package 'ariac_plugins' build argument 'cmake_force_configure' from command line to 'False'
[8.665s] Level 5:colcon.colcon_core.verb:set package 'ariac_plugins' build argument 'ament_cmake_args' from command line to 'None'
[8.665s] Level 5:colcon.colcon_core.verb:set package 'ariac_plugins' build argument 'catkin_cmake_args' from command line to 'None'
[8.665s] Level 5:colcon.colcon_core.verb:set package 'ariac_plugins' build argument 'catkin_skip_building_tests' from command line to 'False'
[8.665s] DEBUG:colcon.colcon_core.verb:Building package 'ariac_plugins' with the following arguments: {'ament_cmake_args': None, 'build_base': '/home/shdh/enpm663_ws/build/ariac_plugins', 'catkin_cmake_args': None, 'catkin_skip_building_tests': False, 'cmake_args': None, 'cmake_clean_cache': False, 'cmake_clean_first': False, 'cmake_force_configure': False, 'cmake_target': None, 'cmake_target_skip_unavailable': False, 'install_base': '/home/shdh/enpm663_ws/install/ariac_plugins', 'merge_install': False, 'path': '/home/shdh/enpm663_ws/src/ariac/ariac_plugins', 'symlink_install': False, 'test_result_base': None}
[8.778s] Level 5:colcon.colcon_core.verb:set package 'ariac_sensors' build argument 'cmake_args' from command line to 'None'
[8.778s] Level 5:colcon.colcon_core.verb:set package 'ariac_sensors' build argument 'cmake_target' from command line to 'None'
[8.778s] Level 5:colcon.colcon_core.verb:set package 'ariac_sensors' build argument 'cmake_target_skip_unavailable' from command line to 'False'
[8.778s] Level 5:colcon.colcon_core.verb:set package 'ariac_sensors' build argument 'cmake_clean_cache' from command line to 'False'
[8.778s] Level 5:colcon.colcon_core.verb:set package 'ariac_sensors' build argument 'cmake_clean_first' from command line to 'False'
[8.778s] Level 5:colcon.colcon_core.verb:set package 'ariac_sensors' build argument 'cmake_force_configure' from command line to 'False'
[8.778s] Level 5:colcon.colcon_core.verb:set package 'ariac_sensors' build argument 'ament_cmake_args' from command line to 'None'
[8.778s] Level 5:colcon.colcon_core.verb:set package 'ariac_sensors' build argument 'catkin_cmake_args' from command line to 'None'
[8.778s] Level 5:colcon.colcon_core.verb:set package 'ariac_sensors' build argument 'catkin_skip_building_tests' from command line to 'False'
[8.778s] DEBUG:colcon.colcon_core.verb:Building package 'ariac_sensors' with the following arguments: {'ament_cmake_args': None, 'build_base': '/home/shdh/enpm663_ws/build/ariac_sensors', 'catkin_cmake_args': None, 'catkin_skip_building_tests': False, 'cmake_args': None, 'cmake_clean_cache': False, 'cmake_clean_first': False, 'cmake_force_configure': False, 'cmake_target': None, 'cmake_target_skip_unavailable': False, 'install_base': '/home/shdh/enpm663_ws/install/ariac_sensors', 'merge_install': False, 'path': '/home/shdh/enpm663_ws/src/ariac/ariac_sensors', 'symlink_install': False, 'test_result_base': None}
[8.889s] Level 5:colcon.colcon_core.verb:set package 'test_competitor' build argument 'cmake_args' from command line to 'None'
[8.889s] Level 5:colcon.colcon_core.verb:set package 'test_competitor' build argument 'cmake_target' from command line to 'None'
[8.889s] Level 5:colcon.colcon_core.verb:set package 'test_competitor' build argument 'cmake_target_skip_unavailable' from command line to 'False'
[8.889s] Level 5:colcon.colcon_core.verb:set package 'test_competitor' build argument 'cmake_clean_cache' from command line to 'False'
[8.889s] Level 5:colcon.colcon_core.verb:set package 'test_competitor' build argument 'cmake_clean_first' from command line to 'False'
[8.889s] Level 5:colcon.colcon_core.verb:set package 'test_competitor' build argument 'cmake_force_configure' from command line to 'False'
[8.889s] Level 5:colcon.colcon_core.verb:set package 'test_competitor' build argument 'ament_cmake_args' from command line to 'None'
[8.889s] Level 5:colcon.colcon_core.verb:set package 'test_competitor' build argument 'catkin_cmake_args' from command line to 'None'
[8.890s] Level 5:colcon.colcon_core.verb:set package 'test_competitor' build argument 'catkin_skip_building_tests' from command line to 'False'
[8.890s] DEBUG:colcon.colcon_core.verb:Building package 'test_competitor' with the following arguments: {'ament_cmake_args': None, 'build_base': '/home/shdh/enpm663_ws/build/test_competitor', 'catkin_cmake_args': None, 'catkin_skip_building_tests': False, 'cmake_args': None, 'cmake_clean_cache': False, 'cmake_clean_first': False, 'cmake_force_configure': False, 'cmake_target': None, 'cmake_target_skip_unavailable': False, 'install_base': '/home/shdh/enpm663_ws/install/test_competitor', 'merge_install': False, 'path': '/home/shdh/enpm663_ws/src/ariac/test_competitor', 'symlink_install': False, 'test_result_base': None}
[9.002s] INFO:colcon.colcon_core.executor:Executing jobs using 'parallel' executor
[9.113s] DEBUG:colcon.colcon_parallel_executor.executor.parallel:run_until_complete
[9.113s] INFO:colcon.colcon_ros.task.ament_cmake.build:Building ROS package in '/home/shdh/enpm663_ws/src/ariac/ariac_msgs' with build type 'ament_cmake'
[9.113s] INFO:colcon.colcon_cmake.task.cmake.build:Building CMake package in '/home/shdh/enpm663_ws/src/ariac/ariac_msgs'
[9.227s] INFO:colcon.colcon_core.plugin_system:Skipping extension 'colcon_core.shell.bat': Not used on non-Windows systems
[9.227s] INFO:colcon.colcon_core.shell:Skip shell extension 'powershell' for command environment: Not usable outside of PowerShell
[9.227s] DEBUG:colcon.colcon_core.shell:Skip shell extension 'dsv' for command environment
[9.576s] INFO:colcon.colcon_ros.task.ament_cmake.build:Building ROS package in '/home/shdh/enpm663_ws/src/ariac/ariac_description' with build type 'ament_cmake'
[9.576s] INFO:colcon.colcon_cmake.task.cmake.build:Building CMake package in '/home/shdh/enpm663_ws/src/ariac/ariac_description'
[9.693s] INFO:colcon.colcon_core.shell:Skip shell extension 'powershell' for command environment: Not usable outside of PowerShell
[9.693s] DEBUG:colcon.colcon_core.shell:Skip shell extension 'dsv' for command environment
[10.040s] INFO:colcon.colcon_ros.task.ament_cmake.build:Building ROS package in '/home/shdh/enpm663_ws/src/ariac/ariac_gazebo' with build type 'ament_cmake'
[10.040s] INFO:colcon.colcon_cmake.task.cmake.build:Building CMake package in '/home/shdh/enpm663_ws/src/ariac/ariac_gazebo'
[10.156s] INFO:colcon.colcon_core.shell:Skip shell extension 'powershell' for command environment: Not usable outside of PowerShell
[10.156s] DEBUG:colcon.colcon_core.shell:Skip shell extension 'dsv' for command environment
[10.501s] INFO:colcon.colcon_ros.task.ament_cmake.build:Building ROS package in '/home/shdh/enpm663_ws/src/ariac/ariac_moveit_config' with build type 'ament_cmake'
[10.502s] INFO:colcon.colcon_cmake.task.cmake.build:Building CMake package in '/home/shdh/enpm663_ws/src/ariac/ariac_moveit_config'
[10.617s] INFO:colcon.colcon_core.shell:Skip shell extension 'powershell' for command environment: Not usable outside of PowerShell
[10.617s] DEBUG:colcon.colcon_core.shell:Skip shell extension 'dsv' for command environment
[10.963s] INFO:colcon.colcon_ros.task.ament_python.build:Building ROS package in '/home/shdh/enpm663_ws/src/rwa1_sharma/exercise1' with build type 'ament_python'
[10.964s] Level 1:colcon.colcon_core.shell:create_environment_hook('exercise1', 'ament_prefix_path')
[11.079s] INFO:colcon.colcon_core.shell:Creating environment hook '/home/shdh/enpm663_ws/install/exercise1/share/exercise1/hook/ament_prefix_path.ps1'
[11.080s] INFO:colcon.colcon_core.shell:Creating environment descriptor '/home/shdh/enpm663_ws/install/exercise1/share/exercise1/hook/ament_prefix_path.dsv'
[11.080s] INFO:colcon.colcon_core.shell:Creating environment hook '/home/shdh/enpm663_ws/install/exercise1/share/exercise1/hook/ament_prefix_path.sh'
[11.193s] INFO:colcon.colcon_core.shell:Skip shell extension 'powershell' for command environment: Not usable outside of PowerShell
[11.193s] DEBUG:colcon.colcon_core.shell:Skip shell extension 'dsv' for command environment
[11.536s] INFO:colcon.colcon_ros.task.ament_python.build:Building ROS package in '/home/shdh/enpm663_ws/src/rwa1_sharma/exercise2' with build type 'ament_python'
[11.536s] Level 1:colcon.colcon_core.shell:create_environment_hook('exercise2', 'ament_prefix_path')
[11.655s] INFO:colcon.colcon_core.shell:Creating environment hook '/home/shdh/enpm663_ws/install/exercise2/share/exercise2/hook/ament_prefix_path.ps1'
[11.655s] INFO:colcon.colcon_core.shell:Creating environment descriptor '/home/shdh/enpm663_ws/install/exercise2/share/exercise2/hook/ament_prefix_path.dsv'
[11.655s] INFO:colcon.colcon_core.shell:Creating environment hook '/home/shdh/enpm663_ws/install/exercise2/share/exercise2/hook/ament_prefix_path.sh'
[11.770s] INFO:colcon.colcon_core.shell:Skip shell extension 'powershell' for command environment: Not usable outside of PowerShell
[11.770s] DEBUG:colcon.colcon_core.shell:Skip shell extension 'dsv' for command environment
[12.128s] INFO:colcon.colcon_ros.task.ament_python.build:Building ROS package in '/home/shdh/enpm663_ws/src/rwa1_sharma/exercise3' with build type 'ament_python'
[12.128s] Level 1:colcon.colcon_core.shell:create_environment_hook('exercise3', 'ament_prefix_path')
[12.244s] INFO:colcon.colcon_core.shell:Creating environment hook '/home/shdh/enpm663_ws/install/exercise3/share/exercise3/hook/ament_prefix_path.ps1'
[12.244s] INFO:colcon.colcon_core.shell:Creating environment descriptor '/home/shdh/enpm663_ws/install/exercise3/share/exercise3/hook/ament_prefix_path.dsv'
[12.245s] INFO:colcon.colcon_core.shell:Creating environment hook '/home/shdh/enpm663_ws/install/exercise3/share/exercise3/hook/ament_prefix_path.sh'
[12.358s] INFO:colcon.colcon_core.shell:Skip shell extension 'powershell' for command environment: Not usable outside of PowerShell
[12.358s] DEBUG:colcon.colcon_core.shell:Skip shell extension 'dsv' for command environment
[12.702s] INFO:colcon.colcon_ros.task.ament_cmake.build:Building ROS package in '/home/shdh/enpm663_ws/src/enpm663_spring2024/first_package' with build type 'ament_cmake'
[12.703s] INFO:colcon.colcon_cmake.task.cmake.build:Building CMake package in '/home/shdh/enpm663_ws/src/enpm663_spring2024/first_package'
[12.818s] INFO:colcon.colcon_core.shell:Skip shell extension 'powershell' for command environment: Not usable outside of PowerShell
[12.819s] DEBUG:colcon.colcon_core.shell:Skip shell extension 'dsv' for command environment
[13.175s] DEBUG:colcon.colcon_core.event_handler.log_command:Invoking command in '/home/shdh/enpm663_ws/build/ariac_msgs': CMAKE_PREFIX_PATH=${CMAKE_PREFIX_PATH}:/home/shdh/enpm663_ws/install/exercise3:/home/shdh/enpm663_ws/install/exercise2:/home/shdh/enpm663_ws/install/exercise1:/home/shdh/enpm663_ws/install/ariac_gui:/opt/ros/galactic /usr/bin/cmake --build /home/shdh/enpm663_ws/build/ariac_msgs -- -j12 -l12
[13.182s] DEBUG:colcon.colcon_core.event_handler.log_command:Invoking command in '/home/shdh/enpm663_ws/build/ariac_description': CMAKE_PREFIX_PATH=${CMAKE_PREFIX_PATH}:/home/shdh/enpm663_ws/install/exercise3:/home/shdh/enpm663_ws/install/exercise2:/home/shdh/enpm663_ws/install/exercise1:/home/shdh/enpm663_ws/install/ariac_gui:/opt/ros/galactic /usr/bin/cmake --build /home/shdh/enpm663_ws/build/ariac_description -- -j12 -l12
[13.186s] DEBUG:colcon.colcon_core.event_handler.log_command:Invoking command in '/home/shdh/enpm663_ws/build/ariac_gazebo': CMAKE_PREFIX_PATH=${CMAKE_PREFIX_PATH}:/home/shdh/enpm663_ws/install/exercise3:/home/shdh/enpm663_ws/install/exercise2:/home/shdh/enpm663_ws/install/exercise1:/home/shdh/enpm663_ws/install/ariac_gui:/opt/ros/galactic /usr/bin/cmake --build /home/shdh/enpm663_ws/build/ariac_gazebo -- -j12 -l12
[13.192s] DEBUG:colcon.colcon_core.event_handler.log_command:Invoking command in '/home/shdh/enpm663_ws/build/ariac_moveit_config': CMAKE_PREFIX_PATH=${CMAKE_PREFIX_PATH}:/home/shdh/enpm663_ws/install/exercise3:/home/shdh/enpm663_ws/install/exercise2:/home/shdh/enpm663_ws/install/exercise1:/home/shdh/enpm663_ws/install/ariac_gui:/opt/ros/galactic /usr/bin/cmake --build /home/shdh/enpm663_ws/build/ariac_moveit_config -- -j12 -l12
[13.967s] INFO:colcon.colcon_core.task.python.build:Building Python package in '/home/shdh/enpm663_ws/src/rwa1_sharma/exercise2'
[14.084s] INFO:colcon.colcon_core.shell:Skip shell extension 'powershell' for command environment: Not usable outside of PowerShell
[14.084s] DEBUG:colcon.colcon_core.shell:Skip shell extension 'dsv' for command environment
[14.655s] INFO:colcon.colcon_core.task.python.build:Building Python package in '/home/shdh/enpm663_ws/src/rwa1_sharma/exercise3'
[14.769s] INFO:colcon.colcon_core.shell:Skip shell extension 'powershell' for command environment: Not usable outside of PowerShell
[14.769s] DEBUG:colcon.colcon_core.shell:Skip shell extension 'dsv' for command environment
[15.124s] DEBUG:colcon.colcon_core.event_handler.log_command:Invoking command in '/home/shdh/enpm663_ws/build/first_package': CMAKE_PREFIX_PATH=${CMAKE_PREFIX_PATH}:/home/shdh/enpm663_ws/install/exercise3:/home/shdh/enpm663_ws/install/exercise2:/home/shdh/enpm663_ws/install/exercise1:/home/shdh/enpm663_ws/install/ariac_gui:/opt/ros/galactic /usr/bin/cmake --build /home/shdh/enpm663_ws/build/first_package -- -j12 -l12
[15.139s] DEBUG:colcon.colcon_parallel_executor.executor.parallel:closing loop
[15.140s] DEBUG:colcon.colcon_parallel_executor.executor.parallel:loop closed
[15.140s] DEBUG:colcon.colcon_parallel_executor.executor.parallel:run_until_complete finished with 'Command '['/usr/bin/python3', '-c', 'import sys;from contextlib import suppress;exec("with suppress(ImportError):    from setuptools.extern.packaging.specifiers    import SpecifierSet");exec("with suppress(ImportError):    from packaging.specifiers import SpecifierSet");from distutils.core import run_setup;dist = run_setup(    \'setup.py\', script_args=(\'--dry-run\',), stop_after=\'config\');skip_keys = (\'cmdclass\', \'distclass\', \'ext_modules\', \'metadata\');data = {    key: value for key, value in dist.__dict__.items()     if (        not key.startswith(\'_\') and         not callable(value) and         key not in skip_keys and         key not in dist.display_option_names    )};data[\'metadata\'] = {    k: v for k, v in dist.metadata.__dict__.items()     if k not in (\'license_files\', \'provides_extras\')};sys.stdout.buffer.write(repr(data).encode(\'utf-8\'))']' returned non-zero exit status 1.'
[15.140s] DEBUG:colcon.colcon_core.event_reactor:joining thread
[15.263s] INFO:colcon.colcon_core.plugin_system:Skipping extension 'colcon_notification.desktop_notification.terminal_notifier': Not used on non-Darwin systems
[15.263s] INFO:colcon.colcon_core.plugin_system:Skipping extension 'colcon_notification.desktop_notification.win32': Not used on non-Windows systems
[15.263s] INFO:colcon.colcon_notification.desktop_notification:Sending desktop notification using 'notify2'
[15.275s] DEBUG:colcon.colcon_core.event_reactor:joined thread
[15.394s] INFO:colcon.colcon_core.shell:Creating prefix script '/home/shdh/enpm663_ws/install/local_setup.ps1'
[15.395s] INFO:colcon.colcon_core.shell:Creating prefix util module '/home/shdh/enpm663_ws/install/_local_setup_util_ps1.py'
[15.396s] INFO:colcon.colcon_core.shell:Creating prefix chain script '/home/shdh/enpm663_ws/install/setup.ps1'
[15.512s] INFO:colcon.colcon_core.shell:Creating prefix script '/home/shdh/enpm663_ws/install/local_setup.sh'
[15.513s] INFO:colcon.colcon_core.shell:Creating prefix util module '/home/shdh/enpm663_ws/install/_local_setup_util_sh.py'
[15.513s] INFO:colcon.colcon_core.shell:Creating prefix chain script '/home/shdh/enpm663_ws/install/setup.sh'
[15.629s] INFO:colcon.colcon_core.shell:Creating prefix script '/home/shdh/enpm663_ws/install/local_setup.bash'
[15.629s] INFO:colcon.colcon_core.shell:Creating prefix chain script '/home/shdh/enpm663_ws/install/setup.bash'
[15.742s] INFO:colcon.colcon_core.shell:Creating prefix script '/home/shdh/enpm663_ws/install/local_setup.zsh'
[15.743s] INFO:colcon.colcon_core.shell:Creating prefix chain script '/home/shdh/enpm663_ws/install/setup.zsh'
