[3.013s] Invoking command in '/home/shdh/enpm663_ws/build/first_package': CMAKE_PREFIX_PATH=${CMAKE_PREFIX_PATH}:/home/shdh/enpm663_ws/install/exercise3:/home/shdh/enpm663_ws/install/exercise2:/home/shdh/enpm663_ws/install/exercise1:/home/shdh/enpm663_ws/install/ariac_gui:/opt/ros/galactic /usr/bin/cmake --build /home/shdh/enpm663_ws/build/first_package -- -j12 -l12
[3.107s] [ 25%] Built target minimal_demo_cpp
[3.108s] [ 50%] Built target advanced_demo_cpp
[3.109s] [ 50%] Built target ament_cmake_python_copy_first_package
[3.109s] [ 75%] Built target subscriber_demo_cpp
[3.109s] [100%] Built target publisher_demo_cpp
[3.580s] running egg_info
[3.582s] writing first_package.egg-info/PKG-INFO
[3.582s] running install_scripts
[3.582s] writing dependency_links to first_package.egg-info/dependency_links.txt
[3.583s] writing top-level names to first_package.egg-info/top_level.txt
[3.614s] running egg_info
[3.614s] writing first_package.egg-info/PKG-INFO
[3.615s] writing dependency_links to first_package.egg-info/dependency_links.txt
[3.616s] writing top-level names to first_package.egg-info/top_level.txt
[3.628s] reading manifest file 'first_package.egg-info/SOURCES.txt'
[3.629s] writing manifest file 'first_package.egg-info/SOURCES.txt'
[3.655s] reading manifest file 'first_package.egg-info/SOURCES.txt'
[3.656s] writing manifest file 'first_package.egg-info/SOURCES.txt'
[3.661s] [100%] Built target ament_cmake_python_build_first_package_egg
[3.690s] [100%] Built target ament_cmake_python_build_first_package_scripts
[4.989s] Invoked command in '/home/shdh/enpm663_ws/build/first_package' returned '0': CMAKE_PREFIX_PATH=${CMAKE_PREFIX_PATH}:/home/shdh/enpm663_ws/install/exercise3:/home/shdh/enpm663_ws/install/exercise2:/home/shdh/enpm663_ws/install/exercise1:/home/shdh/enpm663_ws/install/ariac_gui:/opt/ros/galactic /usr/bin/cmake --build /home/shdh/enpm663_ws/build/first_package -- -j12 -l12
[7.983s] Invoking command in '/home/shdh/enpm663_ws/build/first_package': CMAKE_PREFIX_PATH=${CMAKE_PREFIX_PATH}:/home/shdh/enpm663_ws/install/exercise3:/home/shdh/enpm663_ws/install/exercise2:/home/shdh/enpm663_ws/install/exercise1:/home/shdh/enpm663_ws/install/ariac_gui:/opt/ros/galactic /usr/bin/cmake --install /home/shdh/enpm663_ws/build/first_package
[7.990s] -- Install configuration: ""
[7.990s] -- Up-to-date: /home/shdh/enpm663_ws/install/first_package/lib/first_package/minimal_demo_cpp
[7.991s] -- Up-to-date: /home/shdh/enpm663_ws/install/first_package/lib/first_package/advanced_demo_cpp
[7.991s] -- Up-to-date: /home/shdh/enpm663_ws/install/first_package/lib/first_package/publisher_demo_cpp
[7.992s] -- Up-to-date: /home/shdh/enpm663_ws/install/first_package/lib/first_package/subscriber_demo_cpp
[7.992s] -- Up-to-date: /home/shdh/enpm663_ws/install/first_package/share/first_package/environment/pythonpath.sh
[7.993s] -- Up-to-date: /home/shdh/enpm663_ws/install/first_package/share/first_package/environment/pythonpath.dsv
[7.993s] -- Up-to-date: /home/shdh/enpm663_ws/install/first_package/lib/python3.8/site-packages//first_package.egg-info
[7.993s] -- Installing: /home/shdh/enpm663_ws/install/first_package/lib/python3.8/site-packages//first_package.egg-info/PKG-INFO
[7.994s] -- Installing: /home/shdh/enpm663_ws/install/first_package/lib/python3.8/site-packages//first_package.egg-info/top_level.txt
[7.994s] -- Installing: /home/shdh/enpm663_ws/install/first_package/lib/python3.8/site-packages//first_package.egg-info/SOURCES.txt
[7.994s] -- Installing: /home/shdh/enpm663_ws/install/first_package/lib/python3.8/site-packages//first_package.egg-info/dependency_links.txt
[7.995s] -- Up-to-date: /home/shdh/enpm663_ws/install/first_package/lib/first_package/
[7.995s] -- Up-to-date: /home/shdh/enpm663_ws/install/first_package/lib/python3.8/site-packages/first_package
[7.995s] -- Up-to-date: /home/shdh/enpm663_ws/install/first_package/lib/python3.8/site-packages/first_package/publisher_interface.py
[7.995s] -- Up-to-date: /home/shdh/enpm663_ws/install/first_package/lib/python3.8/site-packages/first_package/subscriber_interface.py
[7.995s] -- Up-to-date: /home/shdh/enpm663_ws/install/first_package/lib/python3.8/site-packages/first_package/__init__.py
[7.996s] -- Up-to-date: /home/shdh/enpm663_ws/install/first_package/lib/python3.8/site-packages/first_package/advanced_interface.py
[8.023s] Listing '/home/shdh/enpm663_ws/install/first_package/lib/python3.8/site-packages/first_package'...
[8.027s] -- Up-to-date: /home/shdh/enpm663_ws/install/first_package/lib/first_package/minimal_demo.py
[8.028s] -- Up-to-date: /home/shdh/enpm663_ws/install/first_package/lib/first_package/advanced_demo.py
[8.030s] -- Up-to-date: /home/shdh/enpm663_ws/install/first_package/lib/first_package/publisher_demo.py
[8.032s] -- Up-to-date: /home/shdh/enpm663_ws/install/first_package/lib/first_package/subscriber_demo.py
[8.034s] -- Up-to-date: /home/shdh/enpm663_ws/install/first_package/share/ament_index/resource_index/package_run_dependencies/first_package
[8.034s] -- Up-to-date: /home/shdh/enpm663_ws/install/first_package/share/ament_index/resource_index/parent_prefix_path/first_package
[8.034s] -- Up-to-date: /home/shdh/enpm663_ws/install/first_package/share/first_package/environment/ament_prefix_path.sh
[8.035s] -- Up-to-date: /home/shdh/enpm663_ws/install/first_package/share/first_package/environment/ament_prefix_path.dsv
[8.035s] -- Up-to-date: /home/shdh/enpm663_ws/install/first_package/share/first_package/environment/path.sh
[8.035s] -- Up-to-date: /home/shdh/enpm663_ws/install/first_package/share/first_package/environment/path.dsv
[8.036s] -- Up-to-date: /home/shdh/enpm663_ws/install/first_package/share/first_package/local_setup.bash
[8.036s] -- Up-to-date: /home/shdh/enpm663_ws/install/first_package/share/first_package/local_setup.sh
[8.036s] -- Up-to-date: /home/shdh/enpm663_ws/install/first_package/share/first_package/local_setup.zsh
[8.037s] -- Up-to-date: /home/shdh/enpm663_ws/install/first_package/share/first_package/local_setup.dsv
[8.037s] -- Installing: /home/shdh/enpm663_ws/install/first_package/share/first_package/package.dsv
[8.038s] -- Up-to-date: /home/shdh/enpm663_ws/install/first_package/share/ament_index/resource_index/packages/first_package
[8.038s] -- Up-to-date: /home/shdh/enpm663_ws/install/first_package/share/first_package/cmake/first_packageConfig.cmake
[8.038s] -- Up-to-date: /home/shdh/enpm663_ws/install/first_package/share/first_package/cmake/first_packageConfig-version.cmake
[8.039s] -- Up-to-date: /home/shdh/enpm663_ws/install/first_package/share/first_package/package.xml
[8.568s] Invoked command in '/home/shdh/enpm663_ws/build/first_package' returned '0': CMAKE_PREFIX_PATH=${CMAKE_PREFIX_PATH}:/home/shdh/enpm663_ws/install/exercise3:/home/shdh/enpm663_ws/install/exercise2:/home/shdh/enpm663_ws/install/exercise1:/home/shdh/enpm663_ws/install/ariac_gui:/opt/ros/galactic /usr/bin/cmake --install /home/shdh/enpm663_ws/build/first_package
