[2.757s] Invoking command in '/home/shdh/enpm663_ws/build/ariac_human': CMAKE_PREFIX_PATH=/home/shdh/enpm663_ws/install/ariac_msgs:/home/shdh/enpm663_ws/install/test_competitor:/home/shdh/enpm663_ws/install/first_package:/home/shdh/enpm663_ws/install/ariac_sensors:/home/shdh/enpm663_ws/install/ariac_plugins:/home/shdh/enpm663_ws/install/ariac_human:/home/shdh/enpm663_ws/install/ariac_moveit_config:/home/shdh/enpm663_ws/install/ariac_gazebo:/home/shdh/enpm663_ws/install/ariac_description:/home/shdh/enpm663_ws/install/exercise3:/home/shdh/enpm663_ws/install/exercise2:/home/shdh/enpm663_ws/install/exercise1:/home/shdh/enpm663_ws/install/ariac_gui:/opt/ros/galactic LD_LIBRARY_PATH=/home/shdh/enpm663_ws/install/ariac_msgs/lib:/home/shdh/enpm663_ws/install/test_competitor/lib:/home/shdh/enpm663_ws/install/ariac_sensors/lib:/home/shdh/enpm663_ws/install/ariac_plugins/lib:/usr/lib/x86_64-linux-gnu/gazebo-11/plugins:/opt/ros/galactic/opt/yaml_cpp_vendor/lib:/opt/ros/galactic/opt/rviz_ogre_vendor/lib:/opt/ros/galactic/lib/x86_64-linux-gnu:/opt/ros/galactic/lib PYTHONPATH=/home/shdh/enpm663_ws/install/ariac_msgs/lib/python3.8/site-packages:/home/shdh/enpm663_ws/install/first_package/lib/python3.8/site-packages:/home/shdh/enpm663_ws/install/exercise3/lib/python3.8/site-packages:/home/shdh/enpm663_ws/install/exercise2/lib/python3.8/site-packages:/home/shdh/enpm663_ws/install/exercise1/lib/python3.8/site-packages:/home/shdh/enpm663_ws/install/ariac_human/lib/python3.8/site-packages:/home/shdh/enpm663_ws/install/ariac_gui/lib/python3.8/site-packages:/home/shdh/enpm663_ws/install/ariac_moveit_config/lib/python3.8/site-packages:/home/shdh/enpm663_ws/install/ariac_gazebo/lib/python3.8/site-packages:/opt/ros/galactic/lib/python3.8/site-packages /usr/bin/cmake /home/shdh/enpm663_ws/src/ariac/ariac_human -DCMAKE_INSTALL_PREFIX=/home/shdh/enpm663_ws/install/ariac_human
[2.819s] -- The C compiler identification is GNU 10.5.0
[2.879s] -- The CXX compiler identification is GNU 10.5.0
[2.885s] -- Check for working C compiler: /usr/bin/cc
[2.965s] -- Check for working C compiler: /usr/bin/cc -- works
[2.967s] -- Detecting C compiler ABI info
[3.055s] -- Detecting C compiler ABI info - done
[3.083s] -- Detecting C compile features
[3.084s] -- Detecting C compile features - done
[3.089s] -- Check for working CXX compiler: /usr/bin/c++
[3.196s] -- Check for working CXX compiler: /usr/bin/c++ -- works
[3.197s] -- Detecting CXX compiler ABI info
[3.308s] -- Detecting CXX compiler ABI info - done
[3.334s] -- Detecting CXX compile features
[3.335s] -- Detecting CXX compile features - done
[3.341s] -- Found ament_cmake: 1.1.6 (/opt/ros/galactic/share/ament_cmake/cmake)
[3.384s] -- Found PythonInterp: /usr/bin/python3 (found suitable version "3.8.10", minimum required is "3") 
[3.385s] -- Using PYTHON_EXECUTABLE: /usr/bin/python3
[3.525s] -- Found PkgConfig: /usr/bin/pkg-config (found version "0.29.1") 
[3.537s] -- Checking for module 'bullet>=2.82'
[3.562s] --   Found bullet, version 2.88
[3.779s] -- Found ccd: /usr/include (found suitable version "2.0", minimum required is "2.0") 
[3.881s] -- Found fcl: /usr/include (found suitable version "0.6.1", minimum required is "0.3.2") 
[3.973s] -- Found assimp: /usr/include (found version "5.0.0") 
[4.025s] -- Found DART: /usr/include (Required is at least version "6.6") found components: dart 
[4.426s] -- Found Boost: /usr/lib/x86_64-linux-gnu/cmake/Boost-1.71.0/BoostConfig.cmake (found suitable version "1.71.0", minimum required is "1.40.0") found components: thread system filesystem program_options regex iostreams date_time 
[4.457s] -- Found Protobuf: /usr/lib/x86_64-linux-gnu/libprotobuf.so;-lpthread (found version "3.6.1") 
[4.470s] -- Looking for ignition-math6 -- found version 6.15.1
[4.477s] -- Searching for dependencies of ignition-math6
[4.480s] -- Looking for OGRE...
[4.481s] -- OGRE_PREFIX_WATCH changed.
[4.487s] -- Checking for module 'OGRE'
[4.510s] --   Found OGRE, version 1.9.0
[4.576s] -- Found Ogre Ghadamon (1.9.0)
[4.591s] -- Found OGRE: optimized;/usr/lib/x86_64-linux-gnu/libOgreMain.so;debug;/usr/lib/x86_64-linux-gnu/libOgreMain.so
[4.605s] -- Looking for OGRE_Paging...
[4.616s] -- Found OGRE_Paging: optimized;/usr/lib/x86_64-linux-gnu/libOgrePaging.so;debug;/usr/lib/x86_64-linux-gnu/libOgrePaging.so
[4.616s] -- Looking for OGRE_Terrain...
[4.625s] -- Found OGRE_Terrain: optimized;/usr/lib/x86_64-linux-gnu/libOgreTerrain.so;debug;/usr/lib/x86_64-linux-gnu/libOgreTerrain.so
[4.626s] -- Looking for OGRE_Property...
[4.635s] -- Found OGRE_Property: optimized;/usr/lib/x86_64-linux-gnu/libOgreProperty.so;debug;/usr/lib/x86_64-linux-gnu/libOgreProperty.so
[4.636s] -- Looking for OGRE_RTShaderSystem...
[4.646s] -- Found OGRE_RTShaderSystem: optimized;/usr/lib/x86_64-linux-gnu/libOgreRTShaderSystem.so;debug;/usr/lib/x86_64-linux-gnu/libOgreRTShaderSystem.so
[4.646s] -- Looking for OGRE_Volume...
[4.656s] -- Found OGRE_Volume: optimized;/usr/lib/x86_64-linux-gnu/libOgreVolume.so;debug;/usr/lib/x86_64-linux-gnu/libOgreVolume.so
[4.656s] -- Looking for OGRE_Overlay...
[4.666s] -- Found OGRE_Overlay: optimized;/usr/lib/x86_64-linux-gnu/libOgreOverlay.so;debug;/usr/lib/x86_64-linux-gnu/libOgreOverlay.so
[4.890s] -- Looking for ignition-math6 -- found version 6.15.1
[4.894s] -- Looking for ignition-transport8 -- found version 8.3.0
[4.895s] -- Searching for dependencies of ignition-transport8
[4.920s] -- Found Protobuf: /usr/lib/x86_64-linux-gnu/libprotobuf.so;-lpthread (found suitable version "3.6.1", minimum required is "3") 
[4.937s] -- Config-file not installed for ZeroMQ -- checking for pkg-config
[4.943s] -- Checking for module 'libzmq >= 4'
[4.965s] --   Found libzmq , version 4.3.2
[5.022s] -- Found ZeroMQ: TRUE (Required is at least version "4") 
[5.028s] -- Checking for module 'uuid'
[5.050s] --   Found uuid, version 2.34.0
[5.109s] -- Found UUID: TRUE  
[5.114s] -- Looking for ignition-msgs5 -- found version 5.10.0
[5.115s] -- Searching for dependencies of ignition-msgs5
[5.150s] -- Looking for ignition-math6 -- found version 6.15.1
[5.156s] -- Checking for module 'tinyxml2'
[5.177s] --   Found tinyxml2, version 6.2.0
[5.235s] -- Looking for ignition-msgs5 -- found version 5.10.0
[5.238s] -- Looking for ignition-common3 -- found version 3.14.2
[5.239s] -- Searching for dependencies of ignition-common3
[5.239s] -- Looking for dlfcn.h - found
[5.241s] -- Looking for libdl - found
[5.243s] -- Found DL: TRUE  
[5.254s] -- Searching for <ignition-common3> component [graphics]
[5.258s] -- Looking for ignition-common3-graphics -- found version 3.14.2
[5.259s] -- Searching for dependencies of ignition-common3-graphics
[5.259s] -- Looking for ignition-math6 -- found version 6.15.1
[5.264s] -- Looking for ignition-fuel_tools4 -- found version 4.6.0
[5.265s] -- Searching for dependencies of ignition-fuel_tools4
[5.371s] -- Found CURL: /usr/lib/x86_64-linux-gnu/libcurl.so (found version "7.68.0")  
[5.383s] -- Checking for module 'jsoncpp'
[5.408s] --   Found jsoncpp, version 1.7.4
[5.462s] -- Found JSONCPP: TRUE  
[5.470s] -- Checking for module 'libzip'
[5.491s] --   Found libzip, version 1.5.1
[5.545s] -- Found ZIP: TRUE  
[5.546s] -- Looking for ignition-common3 -- found version 3.14.2
[5.546s] -- Looking for ignition-math6 -- found version 6.15.1
[5.547s] -- Looking for ignition-msgs5 -- found version 5.10.0
[5.551s] -- Found gazebo_ros_pkgs: 3.5.2 (/opt/ros/galactic/share/gazebo_ros_pkgs/cmake)
[5.554s] -- Found nav2_bringup: 1.0.12 (/opt/ros/galactic/share/nav2_bringup/cmake)
[5.557s] -- Found nav2_controller: 1.0.12 (/opt/ros/galactic/share/nav2_controller/cmake)
[5.637s] -- Using all available rosidl_typesupport_c: rosidl_typesupport_fastrtps_c;rosidl_typesupport_introspection_c
[5.649s] -- Found rosidl_adapter: 2.2.3 (/opt/ros/galactic/share/rosidl_adapter/cmake)
[5.768s] -- Found OpenSSL: /usr/lib/x86_64-linux-gnu/libcrypto.so (found version "1.1.1f")  
[5.804s] -- Found FastRTPS: /opt/ros/galactic/include  
[5.919s] -- Using all available rosidl_typesupport_cpp: rosidl_typesupport_fastrtps_cpp;rosidl_typesupport_introspection_cpp
[6.008s] -- Found rmw_implementation_cmake: 3.3.1 (/opt/ros/galactic/share/rmw_implementation_cmake/cmake)
[6.013s] -- Found rmw_cyclonedds_cpp: 0.22.6 (/opt/ros/galactic/share/rmw_cyclonedds_cpp/cmake)
[6.041s] -- Using RMW implementation 'rmw_cyclonedds_cpp' as default
[6.043s] -- Found Threads: TRUE  
[7.088s] -- Found eigen3_cmake_module: 0.1.1 (/opt/ros/galactic/share/eigen3_cmake_module/cmake)
[7.090s] -- Found Eigen3: TRUE (found version "3.3.7") 
[19.888s] -- Found rosbridge_server: 1.3.1 (/opt/ros/galactic/share/rosbridge_server/cmake)
[20.420s] -- Configuring done
[20.445s] -- Generating done
[20.453s] -- Build files have been written to: /home/shdh/enpm663_ws/build/ariac_human
[20.503s] Invoked command in '/home/shdh/enpm663_ws/build/ariac_human' returned '0': CMAKE_PREFIX_PATH=/home/shdh/enpm663_ws/install/ariac_msgs:/home/shdh/enpm663_ws/install/test_competitor:/home/shdh/enpm663_ws/install/first_package:/home/shdh/enpm663_ws/install/ariac_sensors:/home/shdh/enpm663_ws/install/ariac_plugins:/home/shdh/enpm663_ws/install/ariac_human:/home/shdh/enpm663_ws/install/ariac_moveit_config:/home/shdh/enpm663_ws/install/ariac_gazebo:/home/shdh/enpm663_ws/install/ariac_description:/home/shdh/enpm663_ws/install/exercise3:/home/shdh/enpm663_ws/install/exercise2:/home/shdh/enpm663_ws/install/exercise1:/home/shdh/enpm663_ws/install/ariac_gui:/opt/ros/galactic LD_LIBRARY_PATH=/home/shdh/enpm663_ws/install/ariac_msgs/lib:/home/shdh/enpm663_ws/install/test_competitor/lib:/home/shdh/enpm663_ws/install/ariac_sensors/lib:/home/shdh/enpm663_ws/install/ariac_plugins/lib:/usr/lib/x86_64-linux-gnu/gazebo-11/plugins:/opt/ros/galactic/opt/yaml_cpp_vendor/lib:/opt/ros/galactic/opt/rviz_ogre_vendor/lib:/opt/ros/galactic/lib/x86_64-linux-gnu:/opt/ros/galactic/lib PYTHONPATH=/home/shdh/enpm663_ws/install/ariac_msgs/lib/python3.8/site-packages:/home/shdh/enpm663_ws/install/first_package/lib/python3.8/site-packages:/home/shdh/enpm663_ws/install/exercise3/lib/python3.8/site-packages:/home/shdh/enpm663_ws/install/exercise2/lib/python3.8/site-packages:/home/shdh/enpm663_ws/install/exercise1/lib/python3.8/site-packages:/home/shdh/enpm663_ws/install/ariac_human/lib/python3.8/site-packages:/home/shdh/enpm663_ws/install/ariac_gui/lib/python3.8/site-packages:/home/shdh/enpm663_ws/install/ariac_moveit_config/lib/python3.8/site-packages:/home/shdh/enpm663_ws/install/ariac_gazebo/lib/python3.8/site-packages:/opt/ros/galactic/lib/python3.8/site-packages /usr/bin/cmake /home/shdh/enpm663_ws/src/ariac/ariac_human -DCMAKE_INSTALL_PREFIX=/home/shdh/enpm663_ws/install/ariac_human
[20.505s] Invoking command in '/home/shdh/enpm663_ws/build/ariac_human': CMAKE_PREFIX_PATH=/home/shdh/enpm663_ws/install/ariac_msgs:/home/shdh/enpm663_ws/install/test_competitor:/home/shdh/enpm663_ws/install/first_package:/home/shdh/enpm663_ws/install/ariac_sensors:/home/shdh/enpm663_ws/install/ariac_plugins:/home/shdh/enpm663_ws/install/ariac_human:/home/shdh/enpm663_ws/install/ariac_moveit_config:/home/shdh/enpm663_ws/install/ariac_gazebo:/home/shdh/enpm663_ws/install/ariac_description:/home/shdh/enpm663_ws/install/exercise3:/home/shdh/enpm663_ws/install/exercise2:/home/shdh/enpm663_ws/install/exercise1:/home/shdh/enpm663_ws/install/ariac_gui:/opt/ros/galactic LD_LIBRARY_PATH=/home/shdh/enpm663_ws/install/ariac_msgs/lib:/home/shdh/enpm663_ws/install/test_competitor/lib:/home/shdh/enpm663_ws/install/ariac_sensors/lib:/home/shdh/enpm663_ws/install/ariac_plugins/lib:/usr/lib/x86_64-linux-gnu/gazebo-11/plugins:/opt/ros/galactic/opt/yaml_cpp_vendor/lib:/opt/ros/galactic/opt/rviz_ogre_vendor/lib:/opt/ros/galactic/lib/x86_64-linux-gnu:/opt/ros/galactic/lib PYTHONPATH=/home/shdh/enpm663_ws/install/ariac_msgs/lib/python3.8/site-packages:/home/shdh/enpm663_ws/install/first_package/lib/python3.8/site-packages:/home/shdh/enpm663_ws/install/exercise3/lib/python3.8/site-packages:/home/shdh/enpm663_ws/install/exercise2/lib/python3.8/site-packages:/home/shdh/enpm663_ws/install/exercise1/lib/python3.8/site-packages:/home/shdh/enpm663_ws/install/ariac_human/lib/python3.8/site-packages:/home/shdh/enpm663_ws/install/ariac_gui/lib/python3.8/site-packages:/home/shdh/enpm663_ws/install/ariac_moveit_config/lib/python3.8/site-packages:/home/shdh/enpm663_ws/install/ariac_gazebo/lib/python3.8/site-packages:/opt/ros/galactic/lib/python3.8/site-packages /usr/bin/cmake --build /home/shdh/enpm663_ws/build/ariac_human -- -j12 -l12
[20.809s] [35m[1mScanning dependencies of target ament_cmake_python_copy_ariac_human_setup[0m
[20.824s] [35m[1mScanning dependencies of target ament_cmake_python_copy_ariac_human[0m
[20.945s] Built target ament_cmake_python_copy_ariac_human_setup
[20.954s] Built target ament_cmake_python_copy_ariac_human
[21.034s] [35m[1mScanning dependencies of target ament_cmake_python_build_ariac_human_egg[0m
[21.038s] [35m[1mScanning dependencies of target ament_cmake_python_build_ariac_human_scripts[0m
[21.879s] running install_scripts
[21.957s] running egg_info
[21.958s] creating ariac_human.egg-info
[21.959s] writing ariac_human.egg-info/PKG-INFO
[21.959s] writing dependency_links to ariac_human.egg-info/dependency_links.txt
[21.960s] writing top-level names to ariac_human.egg-info/top_level.txt
[21.964s] writing manifest file 'ariac_human.egg-info/SOURCES.txt'
[21.991s] running egg_info
[21.993s] writing ariac_human.egg-info/PKG-INFO
[21.994s] writing dependency_links to ariac_human.egg-info/dependency_links.txt
[21.995s] writing top-level names to ariac_human.egg-info/top_level.txt
[22.072s] reading manifest file 'ariac_human.egg-info/SOURCES.txt'
[22.073s] writing manifest file 'ariac_human.egg-info/SOURCES.txt'
[22.097s] reading manifest file 'ariac_human.egg-info/SOURCES.txt'
[22.099s] writing manifest file 'ariac_human.egg-info/SOURCES.txt'
[22.185s] Built target ament_cmake_python_build_ariac_human_scripts
[22.202s] Built target ament_cmake_python_build_ariac_human_egg
[22.265s] Invoked command in '/home/shdh/enpm663_ws/build/ariac_human' returned '0': CMAKE_PREFIX_PATH=/home/shdh/enpm663_ws/install/ariac_msgs:/home/shdh/enpm663_ws/install/test_competitor:/home/shdh/enpm663_ws/install/first_package:/home/shdh/enpm663_ws/install/ariac_sensors:/home/shdh/enpm663_ws/install/ariac_plugins:/home/shdh/enpm663_ws/install/ariac_human:/home/shdh/enpm663_ws/install/ariac_moveit_config:/home/shdh/enpm663_ws/install/ariac_gazebo:/home/shdh/enpm663_ws/install/ariac_description:/home/shdh/enpm663_ws/install/exercise3:/home/shdh/enpm663_ws/install/exercise2:/home/shdh/enpm663_ws/install/exercise1:/home/shdh/enpm663_ws/install/ariac_gui:/opt/ros/galactic LD_LIBRARY_PATH=/home/shdh/enpm663_ws/install/ariac_msgs/lib:/home/shdh/enpm663_ws/install/test_competitor/lib:/home/shdh/enpm663_ws/install/ariac_sensors/lib:/home/shdh/enpm663_ws/install/ariac_plugins/lib:/usr/lib/x86_64-linux-gnu/gazebo-11/plugins:/opt/ros/galactic/opt/yaml_cpp_vendor/lib:/opt/ros/galactic/opt/rviz_ogre_vendor/lib:/opt/ros/galactic/lib/x86_64-linux-gnu:/opt/ros/galactic/lib PYTHONPATH=/home/shdh/enpm663_ws/install/ariac_msgs/lib/python3.8/site-packages:/home/shdh/enpm663_ws/install/first_package/lib/python3.8/site-packages:/home/shdh/enpm663_ws/install/exercise3/lib/python3.8/site-packages:/home/shdh/enpm663_ws/install/exercise2/lib/python3.8/site-packages:/home/shdh/enpm663_ws/install/exercise1/lib/python3.8/site-packages:/home/shdh/enpm663_ws/install/ariac_human/lib/python3.8/site-packages:/home/shdh/enpm663_ws/install/ariac_gui/lib/python3.8/site-packages:/home/shdh/enpm663_ws/install/ariac_moveit_config/lib/python3.8/site-packages:/home/shdh/enpm663_ws/install/ariac_gazebo/lib/python3.8/site-packages:/opt/ros/galactic/lib/python3.8/site-packages /usr/bin/cmake --build /home/shdh/enpm663_ws/build/ariac_human -- -j12 -l12
[22.644s] Invoking command in '/home/shdh/enpm663_ws/build/ariac_human': CMAKE_PREFIX_PATH=/home/shdh/enpm663_ws/install/ariac_msgs:/home/shdh/enpm663_ws/install/test_competitor:/home/shdh/enpm663_ws/install/first_package:/home/shdh/enpm663_ws/install/ariac_sensors:/home/shdh/enpm663_ws/install/ariac_plugins:/home/shdh/enpm663_ws/install/ariac_human:/home/shdh/enpm663_ws/install/ariac_moveit_config:/home/shdh/enpm663_ws/install/ariac_gazebo:/home/shdh/enpm663_ws/install/ariac_description:/home/shdh/enpm663_ws/install/exercise3:/home/shdh/enpm663_ws/install/exercise2:/home/shdh/enpm663_ws/install/exercise1:/home/shdh/enpm663_ws/install/ariac_gui:/opt/ros/galactic LD_LIBRARY_PATH=/home/shdh/enpm663_ws/install/ariac_msgs/lib:/home/shdh/enpm663_ws/install/test_competitor/lib:/home/shdh/enpm663_ws/install/ariac_sensors/lib:/home/shdh/enpm663_ws/install/ariac_plugins/lib:/usr/lib/x86_64-linux-gnu/gazebo-11/plugins:/opt/ros/galactic/opt/yaml_cpp_vendor/lib:/opt/ros/galactic/opt/rviz_ogre_vendor/lib:/opt/ros/galactic/lib/x86_64-linux-gnu:/opt/ros/galactic/lib PYTHONPATH=/home/shdh/enpm663_ws/install/ariac_msgs/lib/python3.8/site-packages:/home/shdh/enpm663_ws/install/first_package/lib/python3.8/site-packages:/home/shdh/enpm663_ws/install/exercise3/lib/python3.8/site-packages:/home/shdh/enpm663_ws/install/exercise2/lib/python3.8/site-packages:/home/shdh/enpm663_ws/install/exercise1/lib/python3.8/site-packages:/home/shdh/enpm663_ws/install/ariac_human/lib/python3.8/site-packages:/home/shdh/enpm663_ws/install/ariac_gui/lib/python3.8/site-packages:/home/shdh/enpm663_ws/install/ariac_moveit_config/lib/python3.8/site-packages:/home/shdh/enpm663_ws/install/ariac_gazebo/lib/python3.8/site-packages:/opt/ros/galactic/lib/python3.8/site-packages /usr/bin/cmake --install /home/shdh/enpm663_ws/build/ariac_human
[22.711s] -- Install configuration: ""
[22.712s] -- Installing: /home/shdh/enpm663_ws/install/ariac_human/share/ariac_human//agent
[22.713s] -- Installing: /home/shdh/enpm663_ws/install/ariac_human/share/ariac_human//agent/helpful.mas2j
[22.723s] -- Installing: /home/shdh/enpm663_ws/install/ariac_human/share/ariac_human//agent/build.gradle
[22.726s] -- Installing: /home/shdh/enpm663_ws/install/ariac_human/share/ariac_human//agent/gradlew.bat
[22.728s] -- Installing: /home/shdh/enpm663_ws/install/ariac_human/share/ariac_human//agent/gradle
[22.729s] -- Installing: /home/shdh/enpm663_ws/install/ariac_human/share/ariac_human//agent/gradle/wrapper
[22.730s] -- Installing: /home/shdh/enpm663_ws/install/ariac_human/share/ariac_human//agent/gradle/wrapper/gradle-wrapper.properties
[22.734s] -- Installing: /home/shdh/enpm663_ws/install/ariac_human/share/ariac_human//agent/gradle/wrapper/gradle-wrapper.jar
[22.741s] -- Installing: /home/shdh/enpm663_ws/install/ariac_human/share/ariac_human//agent/runAriac_Human.sh
[22.744s] -- Installing: /home/shdh/enpm663_ws/install/ariac_human/share/ariac_human//agent/lib
[22.745s] -- Installing: /home/shdh/enpm663_ws/install/ariac_human/share/ariac_human//agent/lib/java_rosbridge_all.jar
[22.778s] -- Installing: /home/shdh/enpm663_ws/install/ariac_human/share/ariac_human//agent/logging.properties
[22.781s] -- Installing: /home/shdh/enpm663_ws/install/ariac_human/share/ariac_human//agent/indifferent.mas2j
[22.783s] -- Installing: /home/shdh/enpm663_ws/install/ariac_human/share/ariac_human//agent/src
[22.785s] -- Installing: /home/shdh/enpm663_ws/install/ariac_human/share/ariac_human//agent/src/asl
[22.785s] -- Installing: /home/shdh/enpm663_ws/install/ariac_human/share/ariac_human//agent/src/asl/human.asl
[22.787s] -- Installing: /home/shdh/enpm663_ws/install/ariac_human/share/ariac_human//agent/src/asl/antagonistic.asl
[22.790s] -- Installing: /home/shdh/enpm663_ws/install/ariac_human/share/ariac_human//agent/src/asl/indifferent.asl
[22.803s] -- Installing: /home/shdh/enpm663_ws/install/ariac_human/share/ariac_human//agent/src/asl/helpful.asl
[22.805s] -- Installing: /home/shdh/enpm663_ws/install/ariac_human/share/ariac_human//agent/src/java
[22.806s] -- Installing: /home/shdh/enpm663_ws/install/ariac_human/share/ariac_human//agent/src/java/RosEnv.java
[22.809s] -- Installing: /home/shdh/enpm663_ws/install/ariac_human/share/ariac_human//agent/gradlew
[22.811s] -- Installing: /home/shdh/enpm663_ws/install/ariac_human/share/ariac_human//agent/antagonistic.mas2j
[22.814s] -- Installing: /home/shdh/enpm663_ws/install/ariac_human/share/ariac_human//launch
[22.814s] -- Installing: /home/shdh/enpm663_ws/install/ariac_human/share/ariac_human//launch/human.launch.py
[22.817s] -- Installing: /home/shdh/enpm663_ws/install/ariac_human/share/ariac_human//config
[22.818s] -- Installing: /home/shdh/enpm663_ws/install/ariac_human/share/ariac_human//config/human_params.yaml
[22.820s] -- Installing: /home/shdh/enpm663_ws/install/ariac_human/share/ariac_human//map
[22.821s] -- Installing: /home/shdh/enpm663_ws/install/ariac_human/share/ariac_human//map/ariac_map.pgm
[22.834s] -- Installing: /home/shdh/enpm663_ws/install/ariac_human/share/ariac_human//map/ariac_map.yaml
[22.834s] -- Installing: /home/shdh/enpm663_ws/install/ariac_human/share/ariac_human//rviz
[22.834s] -- Installing: /home/shdh/enpm663_ws/install/ariac_human/share/ariac_human//rviz/navigation.rviz
[22.835s] -- Up-to-date: /home/shdh/enpm663_ws/install/ariac_human/share/ariac_human/agent/gradlew
[22.835s] -- Installing: /home/shdh/enpm663_ws/install/ariac_human/share/ariac_human/environment/pythonpath.sh
[22.835s] -- Installing: /home/shdh/enpm663_ws/install/ariac_human/share/ariac_human/environment/pythonpath.dsv
[22.836s] -- Installing: /home/shdh/enpm663_ws/install/ariac_human/lib/python3.8/site-packages//ariac_human.egg-info
[22.836s] -- Installing: /home/shdh/enpm663_ws/install/ariac_human/lib/python3.8/site-packages//ariac_human.egg-info/PKG-INFO
[22.836s] -- Installing: /home/shdh/enpm663_ws/install/ariac_human/lib/python3.8/site-packages//ariac_human.egg-info/top_level.txt
[22.836s] -- Installing: /home/shdh/enpm663_ws/install/ariac_human/lib/python3.8/site-packages//ariac_human.egg-info/SOURCES.txt
[22.837s] -- Installing: /home/shdh/enpm663_ws/install/ariac_human/lib/python3.8/site-packages//ariac_human.egg-info/dependency_links.txt
[22.837s] -- Installing: /home/shdh/enpm663_ws/install/ariac_human/lib/ariac_human/
[22.837s] -- Installing: /home/shdh/enpm663_ws/install/ariac_human/lib/python3.8/site-packages/ariac_human
[22.837s] -- Installing: /home/shdh/enpm663_ws/install/ariac_human/lib/python3.8/site-packages/ariac_human/__init__.py
[22.838s] -- Installing: /home/shdh/enpm663_ws/install/ariac_human/lib/python3.8/site-packages/ariac_human/human_control.py
[22.954s] Listing '/home/shdh/enpm663_ws/install/ariac_human/lib/python3.8/site-packages/ariac_human'...
[22.954s] Compiling '/home/shdh/enpm663_ws/install/ariac_human/lib/python3.8/site-packages/ariac_human/__init__.py'...
[22.954s] Compiling '/home/shdh/enpm663_ws/install/ariac_human/lib/python3.8/site-packages/ariac_human/human_control.py'...
[22.963s] -- Installing: /home/shdh/enpm663_ws/install/ariac_human/lib/ariac_human/human_control_node.py
[22.963s] -- Installing: /home/shdh/enpm663_ws/install/ariac_human/share/ament_index/resource_index/package_run_dependencies/ariac_human
[22.964s] -- Installing: /home/shdh/enpm663_ws/install/ariac_human/share/ament_index/resource_index/parent_prefix_path/ariac_human
[22.964s] -- Installing: /home/shdh/enpm663_ws/install/ariac_human/share/ariac_human/environment/ament_prefix_path.sh
[22.964s] -- Installing: /home/shdh/enpm663_ws/install/ariac_human/share/ariac_human/environment/ament_prefix_path.dsv
[22.965s] -- Installing: /home/shdh/enpm663_ws/install/ariac_human/share/ariac_human/environment/path.sh
[22.965s] -- Installing: /home/shdh/enpm663_ws/install/ariac_human/share/ariac_human/environment/path.dsv
[22.965s] -- Installing: /home/shdh/enpm663_ws/install/ariac_human/share/ariac_human/local_setup.bash
[22.966s] -- Installing: /home/shdh/enpm663_ws/install/ariac_human/share/ariac_human/local_setup.sh
[22.967s] -- Installing: /home/shdh/enpm663_ws/install/ariac_human/share/ariac_human/local_setup.zsh
[22.967s] -- Installing: /home/shdh/enpm663_ws/install/ariac_human/share/ariac_human/local_setup.dsv
[22.968s] -- Installing: /home/shdh/enpm663_ws/install/ariac_human/share/ariac_human/package.dsv
[22.969s] -- Installing: /home/shdh/enpm663_ws/install/ariac_human/share/ament_index/resource_index/packages/ariac_human
[22.970s] -- Installing: /home/shdh/enpm663_ws/install/ariac_human/share/ariac_human/cmake/ariac_humanConfig.cmake
[22.970s] -- Installing: /home/shdh/enpm663_ws/install/ariac_human/share/ariac_human/cmake/ariac_humanConfig-version.cmake
[22.971s] -- Installing: /home/shdh/enpm663_ws/install/ariac_human/share/ariac_human/package.xml
[22.976s] Invoked command in '/home/shdh/enpm663_ws/build/ariac_human' returned '0': CMAKE_PREFIX_PATH=/home/shdh/enpm663_ws/install/ariac_msgs:/home/shdh/enpm663_ws/install/test_competitor:/home/shdh/enpm663_ws/install/first_package:/home/shdh/enpm663_ws/install/ariac_sensors:/home/shdh/enpm663_ws/install/ariac_plugins:/home/shdh/enpm663_ws/install/ariac_human:/home/shdh/enpm663_ws/install/ariac_moveit_config:/home/shdh/enpm663_ws/install/ariac_gazebo:/home/shdh/enpm663_ws/install/ariac_description:/home/shdh/enpm663_ws/install/exercise3:/home/shdh/enpm663_ws/install/exercise2:/home/shdh/enpm663_ws/install/exercise1:/home/shdh/enpm663_ws/install/ariac_gui:/opt/ros/galactic LD_LIBRARY_PATH=/home/shdh/enpm663_ws/install/ariac_msgs/lib:/home/shdh/enpm663_ws/install/test_competitor/lib:/home/shdh/enpm663_ws/install/ariac_sensors/lib:/home/shdh/enpm663_ws/install/ariac_plugins/lib:/usr/lib/x86_64-linux-gnu/gazebo-11/plugins:/opt/ros/galactic/opt/yaml_cpp_vendor/lib:/opt/ros/galactic/opt/rviz_ogre_vendor/lib:/opt/ros/galactic/lib/x86_64-linux-gnu:/opt/ros/galactic/lib PYTHONPATH=/home/shdh/enpm663_ws/install/ariac_msgs/lib/python3.8/site-packages:/home/shdh/enpm663_ws/install/first_package/lib/python3.8/site-packages:/home/shdh/enpm663_ws/install/exercise3/lib/python3.8/site-packages:/home/shdh/enpm663_ws/install/exercise2/lib/python3.8/site-packages:/home/shdh/enpm663_ws/install/exercise1/lib/python3.8/site-packages:/home/shdh/enpm663_ws/install/ariac_human/lib/python3.8/site-packages:/home/shdh/enpm663_ws/install/ariac_gui/lib/python3.8/site-packages:/home/shdh/enpm663_ws/install/ariac_moveit_config/lib/python3.8/site-packages:/home/shdh/enpm663_ws/install/ariac_gazebo/lib/python3.8/site-packages:/opt/ros/galactic/lib/python3.8/site-packages /usr/bin/cmake --install /home/shdh/enpm663_ws/build/ariac_human
