[3.247s] Invoking command in '/home/shdh/enpm663_ws/build/ariac_gazebo': CMAKE_PREFIX_PATH=${CMAKE_PREFIX_PATH}:/home/shdh/enpm663_ws/install/exercise3:/home/shdh/enpm663_ws/install/exercise2:/home/shdh/enpm663_ws/install/exercise1:/home/shdh/enpm663_ws/install/ariac_gui:/opt/ros/galactic /usr/bin/cmake --build /home/shdh/enpm663_ws/build/ariac_gazebo -- -j12 -l12
[5.668s] Built target ament_cmake_python_copy_ariac_gazebo_setup
[5.669s] Built target ament_cmake_python_copy_ariac_gazebo
[5.670s] running egg_info
[5.671s] writing ariac_gazebo.egg-info/PKG-INFO
[5.672s] writing dependency_links to ariac_gazebo.egg-info/dependency_links.txt
[5.673s] writing entry points to ariac_gazebo.egg-info/entry_points.txt
[5.674s] writing top-level names to ariac_gazebo.egg-info/top_level.txt
[5.676s] running install_scripts
[5.677s] reading manifest file 'ariac_gazebo.egg-info/SOURCES.txt'
[5.678s] writing manifest file 'ariac_gazebo.egg-info/SOURCES.txt'
[5.678s] running egg_info
[5.679s] writing ariac_gazebo.egg-info/PKG-INFO
[5.680s] writing dependency_links to ariac_gazebo.egg-info/dependency_links.txt
[5.680s] writing entry points to ariac_gazebo.egg-info/entry_points.txt
[5.682s] writing top-level names to ariac_gazebo.egg-info/top_level.txt
[5.683s] Built target ament_cmake_python_build_ariac_gazebo_egg
[5.685s] reading manifest file 'ariac_gazebo.egg-info/SOURCES.txt'
[5.685s] writing manifest file 'ariac_gazebo.egg-info/SOURCES.txt'
[5.686s] Installing spawner script to scripts
[5.686s] Built target ament_cmake_python_build_ariac_gazebo_scripts
[5.696s] Invoked command in '/home/shdh/enpm663_ws/build/ariac_gazebo' returned '0': CMAKE_PREFIX_PATH=${CMAKE_PREFIX_PATH}:/home/shdh/enpm663_ws/install/exercise3:/home/shdh/enpm663_ws/install/exercise2:/home/shdh/enpm663_ws/install/exercise1:/home/shdh/enpm663_ws/install/ariac_gui:/opt/ros/galactic /usr/bin/cmake --build /home/shdh/enpm663_ws/build/ariac_gazebo -- -j12 -l12
[5.752s] Invoking command in '/home/shdh/enpm663_ws/build/ariac_gazebo': CMAKE_PREFIX_PATH=${CMAKE_PREFIX_PATH}:/home/shdh/enpm663_ws/install/exercise3:/home/shdh/enpm663_ws/install/exercise2:/home/shdh/enpm663_ws/install/exercise1:/home/shdh/enpm663_ws/install/ariac_gui:/opt/ros/galactic /usr/bin/cmake --install /home/shdh/enpm663_ws/build/ariac_gazebo
[5.789s] -- Install configuration: ""
[5.789s] -- Up-to-date: /home/shdh/enpm663_ws/install/ariac_gazebo/share/ariac_gazebo/config
[5.789s] -- Up-to-date: /home/shdh/enpm663_ws/install/ariac_gazebo/share/ariac_gazebo/config/ariac.rviz
[5.789s] -- Up-to-date: /home/shdh/enpm663_ws/install/ariac_gazebo/share/ariac_gazebo/config/object_poses.yaml
[5.789s] -- Up-to-date: /home/shdh/enpm663_ws/install/ariac_gazebo/share/ariac_gazebo/config/trials
[5.789s] -- Up-to-date: /home/shdh/enpm663_ws/install/ariac_gazebo/share/ariac_gazebo/config/trials/human_assembly.yaml
[5.789s] -- Up-to-date: /home/shdh/enpm663_ws/install/ariac_gazebo/share/ariac_gazebo/config/trials/faulty_gripper_sample.yaml
[5.790s] -- Up-to-date: /home/shdh/enpm663_ws/install/ariac_gazebo/share/ariac_gazebo/config/trials/combined.yaml
[5.790s] -- Up-to-date: /home/shdh/enpm663_ws/install/ariac_gazebo/share/ariac_gazebo/config/trials/sample.yaml
[5.790s] -- Up-to-date: /home/shdh/enpm663_ws/install/ariac_gazebo/share/ariac_gazebo/config/trials/kitting.yaml
[5.790s] -- Up-to-date: /home/shdh/enpm663_ws/install/ariac_gazebo/share/ariac_gazebo/config/trials/drop_challenge.yaml
[5.790s] -- Up-to-date: /home/shdh/enpm663_ws/install/ariac_gazebo/share/ariac_gazebo/config/trials/tutorial.yaml
[5.790s] -- Up-to-date: /home/shdh/enpm663_ws/install/ariac_gazebo/share/ariac_gazebo/config/trials/assembly.yaml
[5.790s] -- Up-to-date: /home/shdh/enpm663_ws/install/ariac_gazebo/share/ariac_gazebo/config/trials/kitting_assembly.yaml
[5.790s] -- Up-to-date: /home/shdh/enpm663_ws/install/ariac_gazebo/share/ariac_gazebo/config/trials/human_kitting.yaml
[5.791s] -- Up-to-date: /home/shdh/enpm663_ws/install/ariac_gazebo/share/ariac_gazebo/config/trials/kitting_combined.yaml
[5.791s] -- Up-to-date: /home/shdh/enpm663_ws/install/ariac_gazebo/share/ariac_gazebo/launch
[5.791s] -- Up-to-date: /home/shdh/enpm663_ws/install/ariac_gazebo/share/ariac_gazebo/launch/ariac.launch.py
[5.791s] -- Up-to-date: /home/shdh/enpm663_ws/install/ariac_gazebo/share/ariac_gazebo/models
[5.791s] -- Up-to-date: /home/shdh/enpm663_ws/install/ariac_gazebo/share/ariac_gazebo/models/floor
[5.791s] -- Up-to-date: /home/shdh/enpm663_ws/install/ariac_gazebo/share/ariac_gazebo/models/floor/model.sdf
[5.792s] -- Up-to-date: /home/shdh/enpm663_ws/install/ariac_gazebo/share/ariac_gazebo/models/floor/model.config
[5.792s] -- Up-to-date: /home/shdh/enpm663_ws/install/ariac_gazebo/share/ariac_gazebo/models/floor/meshes
[5.792s] -- Up-to-date: /home/shdh/enpm663_ws/install/ariac_gazebo/share/ariac_gazebo/models/floor/meshes/floor.dae
[5.792s] -- Up-to-date: /home/shdh/enpm663_ws/install/ariac_gazebo/share/ariac_gazebo/models/floor/meshes/Suede_Blue.jpg
[5.792s] -- Up-to-date: /home/shdh/enpm663_ws/install/ariac_gazebo/share/ariac_gazebo/models/open_box_ariac
[5.792s] -- Up-to-date: /home/shdh/enpm663_ws/install/ariac_gazebo/share/ariac_gazebo/models/open_box_ariac/materials
[5.793s] -- Up-to-date: /home/shdh/enpm663_ws/install/ariac_gazebo/share/ariac_gazebo/models/open_box_ariac/materials/textures
[5.793s] -- Up-to-date: /home/shdh/enpm663_ws/install/ariac_gazebo/share/ariac_gazebo/models/open_box_ariac/materials/textures/open_box.png
[5.793s] -- Up-to-date: /home/shdh/enpm663_ws/install/ariac_gazebo/share/ariac_gazebo/models/open_box_ariac/model.sdf
[5.793s] -- Up-to-date: /home/shdh/enpm663_ws/install/ariac_gazebo/share/ariac_gazebo/models/open_box_ariac/model.config
[5.793s] -- Up-to-date: /home/shdh/enpm663_ws/install/ariac_gazebo/share/ariac_gazebo/models/open_box_ariac/meshes
[5.793s] -- Up-to-date: /home/shdh/enpm663_ws/install/ariac_gazebo/share/ariac_gazebo/models/open_box_ariac/meshes/open_box.mtl
[5.793s] -- Up-to-date: /home/shdh/enpm663_ws/install/ariac_gazebo/share/ariac_gazebo/models/computer
[5.794s] -- Up-to-date: /home/shdh/enpm663_ws/install/ariac_gazebo/share/ariac_gazebo/models/computer/model.sdf
[5.794s] -- Up-to-date: /home/shdh/enpm663_ws/install/ariac_gazebo/share/ariac_gazebo/models/computer/model.config
[5.794s] -- Up-to-date: /home/shdh/enpm663_ws/install/ariac_gazebo/share/ariac_gazebo/models/computer/meshes
[5.794s] -- Up-to-date: /home/shdh/enpm663_ws/install/ariac_gazebo/share/ariac_gazebo/models/computer/meshes/AM200_035_03_Diffuse.jpg
[5.794s] -- Up-to-date: /home/shdh/enpm663_ws/install/ariac_gazebo/share/ariac_gazebo/models/computer/meshes/computer.dae
[5.794s] -- Up-to-date: /home/shdh/enpm663_ws/install/ariac_gazebo/share/ariac_gazebo/models/computer/meshes/AM200_035_05_Diffuse.jpg
[5.794s] -- Up-to-date: /home/shdh/enpm663_ws/install/ariac_gazebo/share/ariac_gazebo/models/computer/meshes/AM200_035_04_Diffuse.jpg
[5.795s] -- Up-to-date: /home/shdh/enpm663_ws/install/ariac_gazebo/share/ariac_gazebo/models/computer/meshes/AM200_035_06_Diffuse.jpg
[5.795s] -- Up-to-date: /home/shdh/enpm663_ws/install/ariac_gazebo/share/ariac_gazebo/models/factory_shelf
[5.796s] -- Up-to-date: /home/shdh/enpm663_ws/install/ariac_gazebo/share/ariac_gazebo/models/factory_shelf/model.sdf
[5.796s] -- Up-to-date: /home/shdh/enpm663_ws/install/ariac_gazebo/share/ariac_gazebo/models/factory_shelf/model.config
[5.796s] -- Up-to-date: /home/shdh/enpm663_ws/install/ariac_gazebo/share/ariac_gazebo/models/factory_shelf/meshes
[5.797s] -- Up-to-date: /home/shdh/enpm663_ws/install/ariac_gazebo/share/ariac_gazebo/models/factory_shelf/meshes/factory_shelf.dae
[5.797s] -- Up-to-date: /home/shdh/enpm663_ws/install/ariac_gazebo/share/ariac_gazebo/models/factory_shelf/meshes/AM200_026_02_Diffuse.jpg
[5.797s] -- Up-to-date: /home/shdh/enpm663_ws/install/ariac_gazebo/share/ariac_gazebo/models/factory_shelf/meshes/AM200_026_03_Diffuse.jpg
[5.798s] -- Up-to-date: /home/shdh/enpm663_ws/install/ariac_gazebo/share/ariac_gazebo/models/factory_shelf/meshes/AM200_026_01_Diffuse.jpg
[5.798s] -- Up-to-date: /home/shdh/enpm663_ws/install/ariac_gazebo/share/ariac_gazebo/models/factory_shelf/meshes/AM200_026_04_Diffuse.jpg
[5.798s] -- Up-to-date: /home/shdh/enpm663_ws/install/ariac_gazebo/share/ariac_gazebo/models/box_pallets_3
[5.799s] -- Up-to-date: /home/shdh/enpm663_ws/install/ariac_gazebo/share/ariac_gazebo/models/box_pallets_3/model.sdf
[5.800s] -- Up-to-date: /home/shdh/enpm663_ws/install/ariac_gazebo/share/ariac_gazebo/models/box_pallets_3/model.config
[5.800s] -- Up-to-date: /home/shdh/enpm663_ws/install/ariac_gazebo/share/ariac_gazebo/models/box_pallets_3/meshes
[5.801s] -- Up-to-date: /home/shdh/enpm663_ws/install/ariac_gazebo/share/ariac_gazebo/models/box_pallets_3/meshes/AM200_029_08_Diffuse.jpg
[5.801s] -- Up-to-date: /home/shdh/enpm663_ws/install/ariac_gazebo/share/ariac_gazebo/models/box_pallets_3/meshes/box_pallet.dae
[5.801s] -- Up-to-date: /home/shdh/enpm663_ws/install/ariac_gazebo/share/ariac_gazebo/models/box_pallets_3/meshes/AM200_029_03_Diffuse.jpg
[5.801s] -- Up-to-date: /home/shdh/enpm663_ws/install/ariac_gazebo/share/ariac_gazebo/models/box_pallets_3/meshes/AM200_029_01_Diffuse.jpg
[5.801s] -- Up-to-date: /home/shdh/enpm663_ws/install/ariac_gazebo/share/ariac_gazebo/models/box_pallets_3/meshes/AM200_029_04_Diffuse.jpg
[5.802s] -- Up-to-date: /home/shdh/enpm663_ws/install/ariac_gazebo/share/ariac_gazebo/models/conveyor_belt
[5.802s] -- Up-to-date: /home/shdh/enpm663_ws/install/ariac_gazebo/share/ariac_gazebo/models/conveyor_belt/model.sdf
[5.802s] -- Up-to-date: /home/shdh/enpm663_ws/install/ariac_gazebo/share/ariac_gazebo/models/conveyor_belt/model.config
[5.803s] -- Up-to-date: /home/shdh/enpm663_ws/install/ariac_gazebo/share/ariac_gazebo/models/conveyor_belt/meshes
[5.804s] -- Up-to-date: /home/shdh/enpm663_ws/install/ariac_gazebo/share/ariac_gazebo/models/conveyor_belt/meshes/TilesPlain0213_1_S.jpg
[5.805s] -- Up-to-date: /home/shdh/enpm663_ws/install/ariac_gazebo/share/ariac_gazebo/models/conveyor_belt/meshes/conveyor.dae
[5.805s] -- Up-to-date: /home/shdh/enpm663_ws/install/ariac_gazebo/share/ariac_gazebo/models/conveyor_belt/meshes/HighVoltage.jpg.001.jpg
[5.805s] -- Up-to-date: /home/shdh/enpm663_ws/install/ariac_gazebo/share/ariac_gazebo/models/conveyor_belt/meshes/compressedAirWarning.png
[5.806s] -- Up-to-date: /home/shdh/enpm663_ws/install/ariac_gazebo/share/ariac_gazebo/models/conveyor_belt/meshes/conveyor.stl
[5.807s] -- Up-to-date: /home/shdh/enpm663_ws/install/ariac_gazebo/share/ariac_gazebo/models/conveyor_belt/meshes/MetalBareSpecularMap.png
[5.807s] -- Up-to-date: /home/shdh/enpm663_ws/install/ariac_gazebo/share/ariac_gazebo/models/conveyor_belt/meshes/conveyor_nobase.dae
[5.808s] -- Up-to-date: /home/shdh/enpm663_ws/install/ariac_gazebo/share/ariac_gazebo/models/dropped_part_bin
[5.808s] -- Up-to-date: /home/shdh/enpm663_ws/install/ariac_gazebo/share/ariac_gazebo/models/dropped_part_bin/model.sdf
[5.809s] -- Up-to-date: /home/shdh/enpm663_ws/install/ariac_gazebo/share/ariac_gazebo/models/dropped_part_bin/model.config
[5.809s] -- Up-to-date: /home/shdh/enpm663_ws/install/ariac_gazebo/share/ariac_gazebo/models/dropped_part_bin/meshes
[5.810s] -- Up-to-date: /home/shdh/enpm663_ws/install/ariac_gazebo/share/ariac_gazebo/models/dropped_part_bin/meshes/disposal_bin.stl
[5.810s] -- Up-to-date: /home/shdh/enpm663_ws/install/ariac_gazebo/share/ariac_gazebo/models/agv_path
[5.811s] -- Up-to-date: /home/shdh/enpm663_ws/install/ariac_gazebo/share/ariac_gazebo/models/agv_path/model.sdf
[5.811s] -- Up-to-date: /home/shdh/enpm663_ws/install/ariac_gazebo/share/ariac_gazebo/models/agv_path/model.config
[5.812s] -- Up-to-date: /home/shdh/enpm663_ws/install/ariac_gazebo/share/ariac_gazebo/models/agv_path/meshes
[5.812s] -- Up-to-date: /home/shdh/enpm663_ws/install/ariac_gazebo/share/ariac_gazebo/models/agv_path/meshes/path.dae
[5.813s] -- Up-to-date: /home/shdh/enpm663_ws/install/ariac_gazebo/share/ariac_gazebo/models/agv_path/meshes/__auto_.png
[5.813s] -- Up-to-date: /home/shdh/enpm663_ws/install/ariac_gazebo/share/ariac_gazebo/models/parts_bin
[5.813s] -- Up-to-date: /home/shdh/enpm663_ws/install/ariac_gazebo/share/ariac_gazebo/models/parts_bin/model.sdf
[5.814s] -- Up-to-date: /home/shdh/enpm663_ws/install/ariac_gazebo/share/ariac_gazebo/models/parts_bin/model.config
[5.815s] -- Up-to-date: /home/shdh/enpm663_ws/install/ariac_gazebo/share/ariac_gazebo/models/parts_bin/meshes
[5.816s] -- Up-to-date: /home/shdh/enpm663_ws/install/ariac_gazebo/share/ariac_gazebo/models/parts_bin/meshes/bin_exterior.stl
[5.816s] -- Up-to-date: /home/shdh/enpm663_ws/install/ariac_gazebo/share/ariac_gazebo/models/parts_bin/meshes/bin_exterior.dae
[5.817s] -- Up-to-date: /home/shdh/enpm663_ws/install/ariac_gazebo/share/ariac_gazebo/models/parts_bin/meshes/Metal_Rough.jpg.001.jpg
[5.817s] -- Up-to-date: /home/shdh/enpm663_ws/install/ariac_gazebo/share/ariac_gazebo/models/parts_bin/meshes/Steel_Brushed_Stainless.jpg.001.jpg
[5.818s] -- Up-to-date: /home/shdh/enpm663_ws/install/ariac_gazebo/share/ariac_gazebo/models/parts_bin/meshes/bin_interior.stl
[5.818s] -- Up-to-date: /home/shdh/enpm663_ws/install/ariac_gazebo/share/ariac_gazebo/models/box_pallets_2
[5.819s] -- Up-to-date: /home/shdh/enpm663_ws/install/ariac_gazebo/share/ariac_gazebo/models/box_pallets_2/model.sdf
[5.819s] -- Up-to-date: /home/shdh/enpm663_ws/install/ariac_gazebo/share/ariac_gazebo/models/box_pallets_2/model.config
[5.820s] -- Up-to-date: /home/shdh/enpm663_ws/install/ariac_gazebo/share/ariac_gazebo/models/box_pallets_2/meshes
[5.820s] -- Up-to-date: /home/shdh/enpm663_ws/install/ariac_gazebo/share/ariac_gazebo/models/box_pallets_2/meshes/box_pallet.dae
[5.820s] -- Up-to-date: /home/shdh/enpm663_ws/install/ariac_gazebo/share/ariac_gazebo/models/box_pallets_2/meshes/AM200_029_05_Diffuse.jpg
[5.821s] -- Up-to-date: /home/shdh/enpm663_ws/install/ariac_gazebo/share/ariac_gazebo/models/box_pallets_2/meshes/AM200_029_06_Diffuse.jpg
[5.821s] -- Up-to-date: /home/shdh/enpm663_ws/install/ariac_gazebo/share/ariac_gazebo/models/box_pallets_2/meshes/AM200_029_01_Diffuse.jpg
[5.822s] -- Up-to-date: /home/shdh/enpm663_ws/install/ariac_gazebo/share/ariac_gazebo/models/warehouse
[5.823s] -- Up-to-date: /home/shdh/enpm663_ws/install/ariac_gazebo/share/ariac_gazebo/models/warehouse/model.sdf
[5.823s] -- Up-to-date: /home/shdh/enpm663_ws/install/ariac_gazebo/share/ariac_gazebo/models/warehouse/model.config
[5.824s] -- Up-to-date: /home/shdh/enpm663_ws/install/ariac_gazebo/share/ariac_gazebo/models/warehouse/meshes
[5.824s] -- Up-to-date: /home/shdh/enpm663_ws/install/ariac_gazebo/share/ariac_gazebo/models/warehouse/meshes/warehouse.dae
[5.825s] -- Up-to-date: /home/shdh/enpm663_ws/install/ariac_gazebo/share/ariac_gazebo/models/warehouse/meshes/Brick_Tumbled.jpg
[5.825s] -- Up-to-date: /home/shdh/enpm663_ws/install/ariac_gazebo/share/ariac_gazebo/models/warehouse/meshes/roof.stl
[5.826s] -- Up-to-date: /home/shdh/enpm663_ws/install/ariac_gazebo/share/ariac_gazebo/models/warehouse/meshes/tape.stl
[5.826s] -- Up-to-date: /home/shdh/enpm663_ws/install/ariac_gazebo/share/ariac_gazebo/models/workcell_shelf
[5.827s] -- Up-to-date: /home/shdh/enpm663_ws/install/ariac_gazebo/share/ariac_gazebo/models/workcell_shelf/model.sdf
[5.832s] -- Up-to-date: /home/shdh/enpm663_ws/install/ariac_gazebo/share/ariac_gazebo/models/workcell_shelf/model.config
[5.832s] -- Up-to-date: /home/shdh/enpm663_ws/install/ariac_gazebo/share/ariac_gazebo/models/workcell_shelf/meshes
[5.833s] -- Up-to-date: /home/shdh/enpm663_ws/install/ariac_gazebo/share/ariac_gazebo/models/workcell_shelf/meshes/shelf.dae
[5.834s] -- Up-to-date: /home/shdh/enpm663_ws/install/ariac_gazebo/share/ariac_gazebo/models/kit_tray_table
[5.834s] -- Up-to-date: /home/shdh/enpm663_ws/install/ariac_gazebo/share/ariac_gazebo/models/kit_tray_table/model.sdf
[5.834s] -- Up-to-date: /home/shdh/enpm663_ws/install/ariac_gazebo/share/ariac_gazebo/models/kit_tray_table/model.config
[5.835s] -- Up-to-date: /home/shdh/enpm663_ws/install/ariac_gazebo/share/ariac_gazebo/models/kit_tray_table/meshes
[5.835s] -- Up-to-date: /home/shdh/enpm663_ws/install/ariac_gazebo/share/ariac_gazebo/models/kit_tray_table/meshes/kit_tray_table.dae
[5.836s] -- Up-to-date: /home/shdh/enpm663_ws/install/ariac_gazebo/share/ariac_gazebo/models/kit_tray_table/meshes/tool_changer_2.stl
[5.836s] -- Up-to-date: /home/shdh/enpm663_ws/install/ariac_gazebo/share/ariac_gazebo/models/kit_tray_table/meshes/tool_changer_1.stl
[5.838s] -- Up-to-date: /home/shdh/enpm663_ws/install/ariac_gazebo/share/ariac_gazebo/models/kit_tray_table/meshes/table_collision.stl
[5.838s] -- Up-to-date: /home/shdh/enpm663_ws/install/ariac_gazebo/share/ariac_gazebo/models/kit_tray_table/meshes/kit_tray_table.stl
[5.839s] -- Up-to-date: /home/shdh/enpm663_ws/install/ariac_gazebo/share/ariac_gazebo/models/kit_tray_table/meshes/Metal_Rough.jpg
[5.839s] -- Up-to-date: /home/shdh/enpm663_ws/install/ariac_gazebo/share/ariac_gazebo/models/human
[5.840s] -- Up-to-date: /home/shdh/enpm663_ws/install/ariac_gazebo/share/ariac_gazebo/models/human/materials
[5.840s] -- Up-to-date: /home/shdh/enpm663_ws/install/ariac_gazebo/share/ariac_gazebo/models/human/materials/textures
[5.841s] -- Up-to-date: /home/shdh/enpm663_ws/install/ariac_gazebo/share/ariac_gazebo/models/human/materials/textures/ariac_LOGO.png
[5.841s] -- Up-to-date: /home/shdh/enpm663_ws/install/ariac_gazebo/share/ariac_gazebo/models/human/materials/textures/bob.png
[5.842s] -- Up-to-date: /home/shdh/enpm663_ws/install/ariac_gazebo/share/ariac_gazebo/models/human/materials/textures/nist-logo.png
[5.842s] -- Up-to-date: /home/shdh/enpm663_ws/install/ariac_gazebo/share/ariac_gazebo/models/human/model.sdf
[5.843s] -- Up-to-date: /home/shdh/enpm663_ws/install/ariac_gazebo/share/ariac_gazebo/models/human/model.config
[5.843s] -- Up-to-date: /home/shdh/enpm663_ws/install/ariac_gazebo/share/ariac_gazebo/models/human/meshes
[5.843s] -- Up-to-date: /home/shdh/enpm663_ws/install/ariac_gazebo/share/ariac_gazebo/models/human/meshes/lds.dae
[5.844s] -- Up-to-date: /home/shdh/enpm663_ws/install/ariac_gazebo/share/ariac_gazebo/models/human/meshes/tire.dae
[5.845s] -- Up-to-date: /home/shdh/enpm663_ws/install/ariac_gazebo/share/ariac_gazebo/models/human/meshes/waffle_base.dae
[5.845s] -- Up-to-date: /home/shdh/enpm663_ws/install/ariac_gazebo/share/ariac_gazebo/models/human/meshes/ARIACPerson.dae
[5.845s] -- Up-to-date: /home/shdh/enpm663_ws/install/ariac_gazebo/share/ariac_gazebo/models/sensor
[5.847s] -- Up-to-date: /home/shdh/enpm663_ws/install/ariac_gazebo/share/ariac_gazebo/models/sensor/model.sdf
[5.847s] -- Up-to-date: /home/shdh/enpm663_ws/install/ariac_gazebo/share/ariac_gazebo/models/sensor/model.config
[5.848s] -- Up-to-date: /home/shdh/enpm663_ws/install/ariac_gazebo/share/ariac_gazebo/models/sensor/meshes
[5.848s] -- Up-to-date: /home/shdh/enpm663_ws/install/ariac_gazebo/share/ariac_gazebo/models/sensor/meshes/sensor_collision.stl
[5.848s] -- Up-to-date: /home/shdh/enpm663_ws/install/ariac_gazebo/share/ariac_gazebo/models/sensor/meshes/sensor_peg.stl
[5.849s] -- Up-to-date: /home/shdh/enpm663_ws/install/ariac_gazebo/share/ariac_gazebo/models/sensor/meshes/sensor_base.stl
[5.850s] -- Up-to-date: /home/shdh/enpm663_ws/install/ariac_gazebo/share/ariac_gazebo/models/battery
[5.850s] -- Up-to-date: /home/shdh/enpm663_ws/install/ariac_gazebo/share/ariac_gazebo/models/battery/model.sdf
[5.850s] -- Up-to-date: /home/shdh/enpm663_ws/install/ariac_gazebo/share/ariac_gazebo/models/battery/model.config
[5.851s] -- Up-to-date: /home/shdh/enpm663_ws/install/ariac_gazebo/share/ariac_gazebo/models/battery/meshes
[5.851s] -- Up-to-date: /home/shdh/enpm663_ws/install/ariac_gazebo/share/ariac_gazebo/models/battery/meshes/battery_cap.stl
[5.852s] -- Up-to-date: /home/shdh/enpm663_ws/install/ariac_gazebo/share/ariac_gazebo/models/battery/meshes/battery_collision.stl
[5.852s] -- Up-to-date: /home/shdh/enpm663_ws/install/ariac_gazebo/share/ariac_gazebo/models/battery/meshes/battery_pins.stl
[5.853s] -- Up-to-date: /home/shdh/enpm663_ws/install/ariac_gazebo/share/ariac_gazebo/models/battery/meshes/battery_base.stl
[5.853s] -- Up-to-date: /home/shdh/enpm663_ws/install/ariac_gazebo/share/ariac_gazebo/models/assembly_table
[5.854s] -- Up-to-date: /home/shdh/enpm663_ws/install/ariac_gazebo/share/ariac_gazebo/models/assembly_table/model.sdf
[5.854s] -- Up-to-date: /home/shdh/enpm663_ws/install/ariac_gazebo/share/ariac_gazebo/models/assembly_table/model.config
[5.854s] -- Up-to-date: /home/shdh/enpm663_ws/install/ariac_gazebo/share/ariac_gazebo/models/assembly_table/meshes
[5.855s] -- Up-to-date: /home/shdh/enpm663_ws/install/ariac_gazebo/share/ariac_gazebo/models/assembly_table/meshes/tape_outline.stl
[5.855s] -- Up-to-date: /home/shdh/enpm663_ws/install/ariac_gazebo/share/ariac_gazebo/models/assembly_table/meshes/leg4.stl
[5.856s] -- Up-to-date: /home/shdh/enpm663_ws/install/ariac_gazebo/share/ariac_gazebo/models/assembly_table/meshes/assembly_table_collision.stl
[5.856s] -- Up-to-date: /home/shdh/enpm663_ws/install/ariac_gazebo/share/ariac_gazebo/models/assembly_table/meshes/table_top.stl
[5.857s] -- Up-to-date: /home/shdh/enpm663_ws/install/ariac_gazebo/share/ariac_gazebo/models/assembly_table/meshes/leg3.stl
[5.857s] -- Up-to-date: /home/shdh/enpm663_ws/install/ariac_gazebo/share/ariac_gazebo/models/assembly_table/meshes/leg2.stl
[5.857s] -- Up-to-date: /home/shdh/enpm663_ws/install/ariac_gazebo/share/ariac_gazebo/models/assembly_table/meshes/leg1.stl
[5.858s] -- Up-to-date: /home/shdh/enpm663_ws/install/ariac_gazebo/share/ariac_gazebo/models/computer_2
[5.859s] -- Up-to-date: /home/shdh/enpm663_ws/install/ariac_gazebo/share/ariac_gazebo/models/computer_2/model.sdf
[5.860s] -- Up-to-date: /home/shdh/enpm663_ws/install/ariac_gazebo/share/ariac_gazebo/models/computer_2/model.config
[5.860s] -- Up-to-date: /home/shdh/enpm663_ws/install/ariac_gazebo/share/ariac_gazebo/models/computer_2/meshes
[5.861s] -- Up-to-date: /home/shdh/enpm663_ws/install/ariac_gazebo/share/ariac_gazebo/models/computer_2/meshes/AM200_035_02_Diffuse.jpg
[5.861s] -- Up-to-date: /home/shdh/enpm663_ws/install/ariac_gazebo/share/ariac_gazebo/models/computer_2/meshes/AM200_035_03_Diffuse.jpg
[5.862s] -- Up-to-date: /home/shdh/enpm663_ws/install/ariac_gazebo/share/ariac_gazebo/models/computer_2/meshes/computer.dae
[5.862s] -- Up-to-date: /home/shdh/enpm663_ws/install/ariac_gazebo/share/ariac_gazebo/models/computer_2/meshes/AM200_035_01_Diffuse.jpg
[5.863s] -- Up-to-date: /home/shdh/enpm663_ws/install/ariac_gazebo/share/ariac_gazebo/models/regulator
[5.863s] -- Up-to-date: /home/shdh/enpm663_ws/install/ariac_gazebo/share/ariac_gazebo/models/regulator/model.sdf
[5.864s] -- Up-to-date: /home/shdh/enpm663_ws/install/ariac_gazebo/share/ariac_gazebo/models/regulator/model.config
[5.864s] -- Up-to-date: /home/shdh/enpm663_ws/install/ariac_gazebo/share/ariac_gazebo/models/regulator/meshes
[5.865s] -- Up-to-date: /home/shdh/enpm663_ws/install/ariac_gazebo/share/ariac_gazebo/models/regulator/meshes/regulator_base.stl
[5.866s] -- Up-to-date: /home/shdh/enpm663_ws/install/ariac_gazebo/share/ariac_gazebo/models/regulator/meshes/regulator_collision.stl
[5.866s] -- Up-to-date: /home/shdh/enpm663_ws/install/ariac_gazebo/share/ariac_gazebo/models/regulator/meshes/regulator_long_peg.stl
[5.867s] -- Up-to-date: /home/shdh/enpm663_ws/install/ariac_gazebo/share/ariac_gazebo/models/regulator/meshes/regulator_short_peg.stl
[5.867s] -- Up-to-date: /home/shdh/enpm663_ws/install/ariac_gazebo/share/ariac_gazebo/models/box_pallets
[5.868s] -- Up-to-date: /home/shdh/enpm663_ws/install/ariac_gazebo/share/ariac_gazebo/models/box_pallets/model.sdf
[5.868s] -- Up-to-date: /home/shdh/enpm663_ws/install/ariac_gazebo/share/ariac_gazebo/models/box_pallets/model.config
[5.869s] -- Up-to-date: /home/shdh/enpm663_ws/install/ariac_gazebo/share/ariac_gazebo/models/box_pallets/meshes
[5.870s] -- Up-to-date: /home/shdh/enpm663_ws/install/ariac_gazebo/share/ariac_gazebo/models/box_pallets/meshes/AM200_029_07_Diffuse.jpg
[5.870s] -- Up-to-date: /home/shdh/enpm663_ws/install/ariac_gazebo/share/ariac_gazebo/models/box_pallets/meshes/box_pallet.dae
[5.870s] -- Up-to-date: /home/shdh/enpm663_ws/install/ariac_gazebo/share/ariac_gazebo/models/box_pallets/meshes/AM200_029_02_Diffuse.jpg
[5.871s] -- Up-to-date: /home/shdh/enpm663_ws/install/ariac_gazebo/share/ariac_gazebo/models/box_pallets/meshes/AM200_029_01_Diffuse.jpg
[5.871s] -- Up-to-date: /home/shdh/enpm663_ws/install/ariac_gazebo/share/ariac_gazebo/models/cage_factory
[5.872s] -- Up-to-date: /home/shdh/enpm663_ws/install/ariac_gazebo/share/ariac_gazebo/models/cage_factory/model.sdf
[5.872s] -- Up-to-date: /home/shdh/enpm663_ws/install/ariac_gazebo/share/ariac_gazebo/models/cage_factory/model.config
[5.873s] -- Up-to-date: /home/shdh/enpm663_ws/install/ariac_gazebo/share/ariac_gazebo/models/cage_factory/meshes
[5.873s] -- Up-to-date: /home/shdh/enpm663_ws/install/ariac_gazebo/share/ariac_gazebo/models/cage_factory/meshes/AM200_025_09_Diffuse.jpg
[5.874s] -- Up-to-date: /home/shdh/enpm663_ws/install/ariac_gazebo/share/ariac_gazebo/models/cage_factory/meshes/AM200_025_06_Diffuse.jpg
[5.874s] -- Up-to-date: /home/shdh/enpm663_ws/install/ariac_gazebo/share/ariac_gazebo/models/cage_factory/meshes/AM200_025_04_Diffuse.jpg
[5.875s] -- Up-to-date: /home/shdh/enpm663_ws/install/ariac_gazebo/share/ariac_gazebo/models/cage_factory/meshes/cage.dae
[5.875s] -- Up-to-date: /home/shdh/enpm663_ws/install/ariac_gazebo/share/ariac_gazebo/models/cage_factory/meshes/AM200_025_01_Diffuse.jpg
[5.876s] -- Up-to-date: /home/shdh/enpm663_ws/install/ariac_gazebo/share/ariac_gazebo/models/cage_factory/meshes/AM200_025_02_Diffuse.jpg
[5.877s] -- Up-to-date: /home/shdh/enpm663_ws/install/ariac_gazebo/share/ariac_gazebo/models/cage_factory/meshes/AM200_025_07_Diffuse.jpg
[5.877s] -- Up-to-date: /home/shdh/enpm663_ws/install/ariac_gazebo/share/ariac_gazebo/models/pump
[5.878s] -- Up-to-date: /home/shdh/enpm663_ws/install/ariac_gazebo/share/ariac_gazebo/models/pump/model.sdf
[5.878s] -- Up-to-date: /home/shdh/enpm663_ws/install/ariac_gazebo/share/ariac_gazebo/models/pump/model.config
[5.879s] -- Up-to-date: /home/shdh/enpm663_ws/install/ariac_gazebo/share/ariac_gazebo/models/pump/meshes
[5.879s] -- Up-to-date: /home/shdh/enpm663_ws/install/ariac_gazebo/share/ariac_gazebo/models/pump/meshes/pump_top_pane.stl
[5.880s] -- Up-to-date: /home/shdh/enpm663_ws/install/ariac_gazebo/share/ariac_gazebo/models/pump/meshes/pump_front_pane.stl
[5.880s] -- Up-to-date: /home/shdh/enpm663_ws/install/ariac_gazebo/share/ariac_gazebo/models/pump/meshes/pump_right_pane.stl
[5.881s] -- Up-to-date: /home/shdh/enpm663_ws/install/ariac_gazebo/share/ariac_gazebo/models/pump/meshes/pump_left_pane.stl
[5.881s] -- Up-to-date: /home/shdh/enpm663_ws/install/ariac_gazebo/share/ariac_gazebo/models/pump/meshes/pump_bottom_pane.stl
[5.882s] -- Up-to-date: /home/shdh/enpm663_ws/install/ariac_gazebo/share/ariac_gazebo/models/pump/meshes/pump_back_pane.stl
[5.882s] -- Up-to-date: /home/shdh/enpm663_ws/install/ariac_gazebo/share/ariac_gazebo/models/pump/meshes/pump_base.stl
[5.883s] -- Up-to-date: /home/shdh/enpm663_ws/install/ariac_gazebo/share/ariac_gazebo/models/pump/meshes/pump_collision.stl
[5.883s] -- Up-to-date: /home/shdh/enpm663_ws/install/ariac_gazebo/share/ariac_gazebo/models/pump/meshes/pump_enclosure.stl
[5.884s] -- Up-to-date: /home/shdh/enpm663_ws/install/ariac_gazebo/share/ariac_gazebo/models/kit_tray
[5.884s] -- Up-to-date: /home/shdh/enpm663_ws/install/ariac_gazebo/share/ariac_gazebo/models/kit_tray/model.sdf
[5.885s] -- Up-to-date: /home/shdh/enpm663_ws/install/ariac_gazebo/share/ariac_gazebo/models/kit_tray/model.config
[5.885s] -- Up-to-date: /home/shdh/enpm663_ws/install/ariac_gazebo/share/ariac_gazebo/models/kit_tray/meshes
[5.886s] -- Up-to-date: /home/shdh/enpm663_ws/install/ariac_gazebo/share/ariac_gazebo/models/kit_tray/meshes/tray_collision.stl
[5.886s] -- Up-to-date: /home/shdh/enpm663_ws/install/ariac_gazebo/share/ariac_gazebo/models/kit_tray/meshes/tape.stl
[5.887s] -- Up-to-date: /home/shdh/enpm663_ws/install/ariac_gazebo/share/ariac_gazebo/models/kit_tray/meshes/tray_base.stl
[5.888s] -- Up-to-date: /home/shdh/enpm663_ws/install/ariac_gazebo/share/ariac_gazebo/models/kit_tray/meshes/markers
[5.888s] -- Up-to-date: /home/shdh/enpm663_ws/install/ariac_gazebo/share/ariac_gazebo/models/kit_tray/meshes/markers/id_04.png
[5.889s] -- Up-to-date: /home/shdh/enpm663_ws/install/ariac_gazebo/share/ariac_gazebo/models/kit_tray/meshes/markers/marker_09.dae
[5.889s] -- Up-to-date: /home/shdh/enpm663_ws/install/ariac_gazebo/share/ariac_gazebo/models/kit_tray/meshes/markers/id_06.png
[5.889s] -- Up-to-date: /home/shdh/enpm663_ws/install/ariac_gazebo/share/ariac_gazebo/models/kit_tray/meshes/markers/marker_03.dae
[5.890s] -- Up-to-date: /home/shdh/enpm663_ws/install/ariac_gazebo/share/ariac_gazebo/models/kit_tray/meshes/markers/id_09.png
[5.890s] -- Up-to-date: /home/shdh/enpm663_ws/install/ariac_gazebo/share/ariac_gazebo/models/kit_tray/meshes/markers/marker_06.dae
[5.891s] -- Up-to-date: /home/shdh/enpm663_ws/install/ariac_gazebo/share/ariac_gazebo/models/kit_tray/meshes/markers/marker_02.dae
[5.892s] -- Up-to-date: /home/shdh/enpm663_ws/install/ariac_gazebo/share/ariac_gazebo/models/kit_tray/meshes/markers/marker_01.dae
[5.892s] -- Up-to-date: /home/shdh/enpm663_ws/install/ariac_gazebo/share/ariac_gazebo/models/kit_tray/meshes/markers/id_07.png
[5.893s] -- Up-to-date: /home/shdh/enpm663_ws/install/ariac_gazebo/share/ariac_gazebo/models/kit_tray/meshes/markers/marker_05.dae
[5.893s] -- Up-to-date: /home/shdh/enpm663_ws/install/ariac_gazebo/share/ariac_gazebo/models/kit_tray/meshes/markers/id_05.png
[5.894s] -- Up-to-date: /home/shdh/enpm663_ws/install/ariac_gazebo/share/ariac_gazebo/models/kit_tray/meshes/markers/id_08.png
[5.894s] -- Up-to-date: /home/shdh/enpm663_ws/install/ariac_gazebo/share/ariac_gazebo/models/kit_tray/meshes/markers/marker_04.dae
[5.895s] -- Up-to-date: /home/shdh/enpm663_ws/install/ariac_gazebo/share/ariac_gazebo/models/kit_tray/meshes/markers/marker_08.dae
[5.896s] -- Up-to-date: /home/shdh/enpm663_ws/install/ariac_gazebo/share/ariac_gazebo/models/kit_tray/meshes/markers/marker_07.dae
[5.896s] -- Up-to-date: /home/shdh/enpm663_ws/install/ariac_gazebo/share/ariac_gazebo/models/kit_tray/meshes/markers/id_00.png
[5.897s] -- Up-to-date: /home/shdh/enpm663_ws/install/ariac_gazebo/share/ariac_gazebo/models/kit_tray/meshes/markers/marker_00.dae
[5.898s] -- Up-to-date: /home/shdh/enpm663_ws/install/ariac_gazebo/share/ariac_gazebo/models/kit_tray/meshes/markers/id_02.png
[5.898s] -- Up-to-date: /home/shdh/enpm663_ws/install/ariac_gazebo/share/ariac_gazebo/models/kit_tray/meshes/markers/id_03.png
[5.898s] -- Up-to-date: /home/shdh/enpm663_ws/install/ariac_gazebo/share/ariac_gazebo/models/kit_tray/meshes/markers/id_01.png
[5.900s] -- Up-to-date: /home/shdh/enpm663_ws/install/ariac_gazebo/share/ariac_gazebo/models/assembly_insert
[5.901s] -- Up-to-date: /home/shdh/enpm663_ws/install/ariac_gazebo/share/ariac_gazebo/models/assembly_insert/model.sdf
[5.901s] -- Up-to-date: /home/shdh/enpm663_ws/install/ariac_gazebo/share/ariac_gazebo/models/assembly_insert/model.config
[5.901s] -- Up-to-date: /home/shdh/enpm663_ws/install/ariac_gazebo/share/ariac_gazebo/models/assembly_insert/meshes
[5.901s] -- Up-to-date: /home/shdh/enpm663_ws/install/ariac_gazebo/share/ariac_gazebo/models/assembly_insert/meshes/pump_contact.stl
[5.901s] -- Up-to-date: /home/shdh/enpm663_ws/install/ariac_gazebo/share/ariac_gazebo/models/assembly_insert/meshes/battery_contact.stl
[5.901s] -- Up-to-date: /home/shdh/enpm663_ws/install/ariac_gazebo/share/ariac_gazebo/models/assembly_insert/meshes/insert_base.stl
[5.902s] -- Up-to-date: /home/shdh/enpm663_ws/install/ariac_gazebo/share/ariac_gazebo/models/assembly_insert/meshes/regulator_contact.stl
[5.902s] -- Up-to-date: /home/shdh/enpm663_ws/install/ariac_gazebo/share/ariac_gazebo/models/assembly_insert/meshes/insert_collision.stl
[5.902s] -- Up-to-date: /home/shdh/enpm663_ws/install/ariac_gazebo/share/ariac_gazebo/models/assembly_insert/meshes/hardware.stl
[5.902s] -- Up-to-date: /home/shdh/enpm663_ws/install/ariac_gazebo/share/ariac_gazebo/models/assembly_insert/meshes/screen.stl
[5.902s] -- Up-to-date: /home/shdh/enpm663_ws/install/ariac_gazebo/share/ariac_gazebo/models/assembly_insert/meshes/mounts.stl
[5.902s] -- Up-to-date: /home/shdh/enpm663_ws/install/ariac_gazebo/share/ariac_gazebo/models/assembly_insert/meshes/pipe_1.stl
[5.902s] -- Up-to-date: /home/shdh/enpm663_ws/install/ariac_gazebo/share/ariac_gazebo/models/assembly_insert/meshes/sensor_contact.stl
[5.902s] -- Up-to-date: /home/shdh/enpm663_ws/install/ariac_gazebo/share/ariac_gazebo/models/assembly_insert/meshes/pipe_2.stl
[5.903s] -- Up-to-date: /home/shdh/enpm663_ws/install/ariac_gazebo/share/ariac_gazebo/models/disposal_bin
[5.903s] -- Up-to-date: /home/shdh/enpm663_ws/install/ariac_gazebo/share/ariac_gazebo/models/disposal_bin/model.sdf
[5.903s] -- Up-to-date: /home/shdh/enpm663_ws/install/ariac_gazebo/share/ariac_gazebo/models/disposal_bin/model.config
[5.903s] -- Up-to-date: /home/shdh/enpm663_ws/install/ariac_gazebo/share/ariac_gazebo/models/disposal_bin/meshes
[5.903s] -- Up-to-date: /home/shdh/enpm663_ws/install/ariac_gazebo/share/ariac_gazebo/models/disposal_bin/meshes/disposal_bin.stl
[5.904s] -- Up-to-date: /home/shdh/enpm663_ws/install/ariac_gazebo/share/ariac_gazebo/worlds
[5.904s] -- Up-to-date: /home/shdh/enpm663_ws/install/ariac_gazebo/share/ariac_gazebo/worlds/ariac.world
[5.904s] -- Up-to-date: /home/shdh/enpm663_ws/install/ariac_gazebo/share/ariac_gazebo/environment/pythonpath.sh
[5.905s] -- Up-to-date: /home/shdh/enpm663_ws/install/ariac_gazebo/share/ariac_gazebo/environment/pythonpath.dsv
[5.905s] -- Up-to-date: /home/shdh/enpm663_ws/install/ariac_gazebo/lib/python3.8/site-packages//ariac_gazebo.egg-info
[5.905s] -- Installing: /home/shdh/enpm663_ws/install/ariac_gazebo/lib/python3.8/site-packages//ariac_gazebo.egg-info/PKG-INFO
[5.906s] -- Installing: /home/shdh/enpm663_ws/install/ariac_gazebo/lib/python3.8/site-packages//ariac_gazebo.egg-info/entry_points.txt
[5.907s] -- Installing: /home/shdh/enpm663_ws/install/ariac_gazebo/lib/python3.8/site-packages//ariac_gazebo.egg-info/top_level.txt
[5.907s] -- Installing: /home/shdh/enpm663_ws/install/ariac_gazebo/lib/python3.8/site-packages//ariac_gazebo.egg-info/SOURCES.txt
[5.907s] -- Installing: /home/shdh/enpm663_ws/install/ariac_gazebo/lib/python3.8/site-packages//ariac_gazebo.egg-info/dependency_links.txt
[5.908s] -- Up-to-date: /home/shdh/enpm663_ws/install/ariac_gazebo/lib/ariac_gazebo/
[5.909s] -- Installing: /home/shdh/enpm663_ws/install/ariac_gazebo/lib/ariac_gazebo//spawner
[5.909s] -- Up-to-date: /home/shdh/enpm663_ws/install/ariac_gazebo/lib/python3.8/site-packages/ariac_gazebo
[5.910s] -- Up-to-date: /home/shdh/enpm663_ws/install/ariac_gazebo/lib/python3.8/site-packages/ariac_gazebo/__init__.py
[5.910s] -- Up-to-date: /home/shdh/enpm663_ws/install/ariac_gazebo/lib/python3.8/site-packages/ariac_gazebo/environment_startup.py
[5.911s] -- Up-to-date: /home/shdh/enpm663_ws/install/ariac_gazebo/lib/python3.8/site-packages/ariac_gazebo/tf_broadcaster.py
[5.912s] -- Up-to-date: /home/shdh/enpm663_ws/install/ariac_gazebo/lib/python3.8/site-packages/ariac_gazebo/tf2_geometry_msgs.py
[5.912s] -- Up-to-date: /home/shdh/enpm663_ws/install/ariac_gazebo/lib/python3.8/site-packages/ariac_gazebo/utilities.py
[5.913s] -- Up-to-date: /home/shdh/enpm663_ws/install/ariac_gazebo/lib/python3.8/site-packages/ariac_gazebo/spawn_params.py
[5.921s] Listing '/home/shdh/enpm663_ws/install/ariac_gazebo/lib/python3.8/site-packages/ariac_gazebo'...
[5.921s] -- Up-to-date: /home/shdh/enpm663_ws/install/ariac_gazebo/lib/ariac_gazebo/environment_startup_node.py
[5.922s] -- Up-to-date: /home/shdh/enpm663_ws/install/ariac_gazebo/lib/ariac_gazebo/robot_controller_switcher_node.py
[5.923s] -- Up-to-date: /home/shdh/enpm663_ws/install/ariac_gazebo/lib/ariac_gazebo/sensor_tf_broadcaster.py
[5.923s] -- Up-to-date: /home/shdh/enpm663_ws/install/ariac_gazebo/lib/ariac_gazebo/object_tf_broadcaster.py
[5.924s] -- Up-to-date: /home/shdh/enpm663_ws/install/ariac_gazebo/lib/ariac_gazebo/part_spawner.py
[5.924s] -- Up-to-date: /home/shdh/enpm663_ws/install/ariac_gazebo/share/ament_index/resource_index/package_run_dependencies/ariac_gazebo
[5.925s] -- Up-to-date: /home/shdh/enpm663_ws/install/ariac_gazebo/share/ament_index/resource_index/parent_prefix_path/ariac_gazebo
[5.925s] -- Up-to-date: /home/shdh/enpm663_ws/install/ariac_gazebo/share/ariac_gazebo/environment/ament_prefix_path.sh
[5.926s] -- Up-to-date: /home/shdh/enpm663_ws/install/ariac_gazebo/share/ariac_gazebo/environment/ament_prefix_path.dsv
[5.926s] -- Up-to-date: /home/shdh/enpm663_ws/install/ariac_gazebo/share/ariac_gazebo/environment/path.sh
[5.926s] -- Up-to-date: /home/shdh/enpm663_ws/install/ariac_gazebo/share/ariac_gazebo/environment/path.dsv
[5.927s] -- Up-to-date: /home/shdh/enpm663_ws/install/ariac_gazebo/share/ariac_gazebo/local_setup.bash
[5.927s] -- Up-to-date: /home/shdh/enpm663_ws/install/ariac_gazebo/share/ariac_gazebo/local_setup.sh
[5.927s] -- Up-to-date: /home/shdh/enpm663_ws/install/ariac_gazebo/share/ariac_gazebo/local_setup.zsh
[5.928s] -- Up-to-date: /home/shdh/enpm663_ws/install/ariac_gazebo/share/ariac_gazebo/local_setup.dsv
[5.929s] -- Installing: /home/shdh/enpm663_ws/install/ariac_gazebo/share/ariac_gazebo/package.dsv
[5.930s] -- Up-to-date: /home/shdh/enpm663_ws/install/ariac_gazebo/share/ament_index/resource_index/packages/ariac_gazebo
[5.931s] -- Up-to-date: /home/shdh/enpm663_ws/install/ariac_gazebo/share/ariac_gazebo/cmake/ariac_gazeboConfig.cmake
[5.932s] -- Up-to-date: /home/shdh/enpm663_ws/install/ariac_gazebo/share/ariac_gazebo/cmake/ariac_gazeboConfig-version.cmake
[5.933s] -- Up-to-date: /home/shdh/enpm663_ws/install/ariac_gazebo/share/ariac_gazebo/package.xml
[7.266s] Invoked command in '/home/shdh/enpm663_ws/build/ariac_gazebo' returned '0': CMAKE_PREFIX_PATH=${CMAKE_PREFIX_PATH}:/home/shdh/enpm663_ws/install/exercise3:/home/shdh/enpm663_ws/install/exercise2:/home/shdh/enpm663_ws/install/exercise1:/home/shdh/enpm663_ws/install/ariac_gui:/opt/ros/galactic /usr/bin/cmake --install /home/shdh/enpm663_ws/build/ariac_gazebo
