[2.740s] Invoking command in '/home/shdh/enpm663_ws/build/first_package': CMAKE_PREFIX_PATH=${CMAKE_PREFIX_PATH}:/home/shdh/enpm663_ws/install/exercise3:/home/shdh/enpm663_ws/install/exercise2:/home/shdh/enpm663_ws/install/exercise1:/home/shdh/enpm663_ws/install/ariac_gui:/opt/ros/galactic /usr/bin/cmake --build /home/shdh/enpm663_ws/build/first_package -- -j12 -l12
[2.826s] [  0%] Built target ament_cmake_python_copy_first_package
[2.831s] [ 25%] Built target minimal_demo_cpp
[2.831s] [ 50%] Built target publisher_demo_cpp
[2.921s] [ 75%] Built target subscriber_demo_cpp
[2.921s] [100%] Built target advanced_demo_cpp
[3.308s] running install_scripts
[3.330s] running egg_info
[3.330s] writing first_package.egg-info/PKG-INFO
[3.331s] writing dependency_links to first_package.egg-info/dependency_links.txt
[3.333s] writing top-level names to first_package.egg-info/top_level.txt
[3.343s] running egg_info
[3.345s] writing first_package.egg-info/PKG-INFO
[3.346s] writing dependency_links to first_package.egg-info/dependency_links.txt
[3.346s] writing top-level names to first_package.egg-info/top_level.txt
[3.385s] reading manifest file 'first_package.egg-info/SOURCES.txt'
[3.386s] writing manifest file 'first_package.egg-info/SOURCES.txt'
[3.404s] reading manifest file 'first_package.egg-info/SOURCES.txt'
[3.406s] writing manifest file 'first_package.egg-info/SOURCES.txt'
[3.424s] [100%] Built target ament_cmake_python_build_first_package_scripts
[3.443s] [100%] Built target ament_cmake_python_build_first_package_egg
[4.350s] Invoked command in '/home/shdh/enpm663_ws/build/first_package' returned '0': CMAKE_PREFIX_PATH=${CMAKE_PREFIX_PATH}:/home/shdh/enpm663_ws/install/exercise3:/home/shdh/enpm663_ws/install/exercise2:/home/shdh/enpm663_ws/install/exercise1:/home/shdh/enpm663_ws/install/ariac_gui:/opt/ros/galactic /usr/bin/cmake --build /home/shdh/enpm663_ws/build/first_package -- -j12 -l12
[7.110s] Invoking command in '/home/shdh/enpm663_ws/build/first_package': CMAKE_PREFIX_PATH=${CMAKE_PREFIX_PATH}:/home/shdh/enpm663_ws/install/exercise3:/home/shdh/enpm663_ws/install/exercise2:/home/shdh/enpm663_ws/install/exercise1:/home/shdh/enpm663_ws/install/ariac_gui:/opt/ros/galactic /usr/bin/cmake --install /home/shdh/enpm663_ws/build/first_package
[7.290s] -- Install configuration: ""
[7.309s] -- Up-to-date: /home/shdh/enpm663_ws/install/first_package/lib/first_package/minimal_demo_cpp
[7.309s] -- Up-to-date: /home/shdh/enpm663_ws/install/first_package/lib/first_package/advanced_demo_cpp
[7.309s] -- Up-to-date: /home/shdh/enpm663_ws/install/first_package/lib/first_package/publisher_demo_cpp
[7.309s] -- Up-to-date: /home/shdh/enpm663_ws/install/first_package/lib/first_package/subscriber_demo_cpp
[7.309s] -- Up-to-date: /home/shdh/enpm663_ws/install/first_package/share/first_package/environment/pythonpath.sh
[7.310s] -- Up-to-date: /home/shdh/enpm663_ws/install/first_package/share/first_package/environment/pythonpath.dsv
[7.315s] -- Up-to-date: /home/shdh/enpm663_ws/install/first_package/lib/python3.8/site-packages//first_package.egg-info
[7.315s] -- Installing: /home/shdh/enpm663_ws/install/first_package/lib/python3.8/site-packages//first_package.egg-info/PKG-INFO
[7.316s] -- Installing: /home/shdh/enpm663_ws/install/first_package/lib/python3.8/site-packages//first_package.egg-info/top_level.txt
[7.331s] -- Installing: /home/shdh/enpm663_ws/install/first_package/lib/python3.8/site-packages//first_package.egg-info/SOURCES.txt
[7.332s] -- Installing: /home/shdh/enpm663_ws/install/first_package/lib/python3.8/site-packages//first_package.egg-info/dependency_links.txt
[7.332s] -- Up-to-date: /home/shdh/enpm663_ws/install/first_package/lib/first_package/
[7.336s] -- Up-to-date: /home/shdh/enpm663_ws/install/first_package/lib/python3.8/site-packages/first_package
[7.337s] -- Up-to-date: /home/shdh/enpm663_ws/install/first_package/lib/python3.8/site-packages/first_package/publisher_interface.py
[7.337s] -- Up-to-date: /home/shdh/enpm663_ws/install/first_package/lib/python3.8/site-packages/first_package/subscriber_interface.py
[7.337s] -- Up-to-date: /home/shdh/enpm663_ws/install/first_package/lib/python3.8/site-packages/first_package/__init__.py
[7.338s] -- Up-to-date: /home/shdh/enpm663_ws/install/first_package/lib/python3.8/site-packages/first_package/advanced_interface.py
[7.364s] Listing '/home/shdh/enpm663_ws/install/first_package/lib/python3.8/site-packages/first_package'...
[7.364s] -- Up-to-date: /home/shdh/enpm663_ws/install/first_package/lib/first_package/minimal_demo.py
[7.365s] -- Up-to-date: /home/shdh/enpm663_ws/install/first_package/lib/first_package/advanced_demo.py
[7.365s] -- Up-to-date: /home/shdh/enpm663_ws/install/first_package/lib/first_package/publisher_demo.py
[7.365s] -- Up-to-date: /home/shdh/enpm663_ws/install/first_package/lib/first_package/subscriber_demo.py
[7.366s] -- Up-to-date: /home/shdh/enpm663_ws/install/first_package/share/ament_index/resource_index/package_run_dependencies/first_package
[7.366s] -- Up-to-date: /home/shdh/enpm663_ws/install/first_package/share/ament_index/resource_index/parent_prefix_path/first_package
[7.366s] -- Up-to-date: /home/shdh/enpm663_ws/install/first_package/share/first_package/environment/ament_prefix_path.sh
[7.367s] -- Up-to-date: /home/shdh/enpm663_ws/install/first_package/share/first_package/environment/ament_prefix_path.dsv
[7.367s] -- Up-to-date: /home/shdh/enpm663_ws/install/first_package/share/first_package/environment/path.sh
[7.367s] -- Up-to-date: /home/shdh/enpm663_ws/install/first_package/share/first_package/environment/path.dsv
[7.368s] -- Up-to-date: /home/shdh/enpm663_ws/install/first_package/share/first_package/local_setup.bash
[7.368s] -- Up-to-date: /home/shdh/enpm663_ws/install/first_package/share/first_package/local_setup.sh
[7.369s] -- Up-to-date: /home/shdh/enpm663_ws/install/first_package/share/first_package/local_setup.zsh
[7.369s] -- Up-to-date: /home/shdh/enpm663_ws/install/first_package/share/first_package/local_setup.dsv
[7.369s] -- Installing: /home/shdh/enpm663_ws/install/first_package/share/first_package/package.dsv
[7.370s] -- Up-to-date: /home/shdh/enpm663_ws/install/first_package/share/ament_index/resource_index/packages/first_package
[7.370s] -- Up-to-date: /home/shdh/enpm663_ws/install/first_package/share/first_package/cmake/first_packageConfig.cmake
[7.370s] -- Up-to-date: /home/shdh/enpm663_ws/install/first_package/share/first_package/cmake/first_packageConfig-version.cmake
[7.371s] -- Up-to-date: /home/shdh/enpm663_ws/install/first_package/share/first_package/package.xml
[8.392s] Invoked command in '/home/shdh/enpm663_ws/build/first_package' returned '0': CMAKE_PREFIX_PATH=${CMAKE_PREFIX_PATH}:/home/shdh/enpm663_ws/install/exercise3:/home/shdh/enpm663_ws/install/exercise2:/home/shdh/enpm663_ws/install/exercise1:/home/shdh/enpm663_ws/install/ariac_gui:/opt/ros/galactic /usr/bin/cmake --install /home/shdh/enpm663_ws/build/first_package
